#
# There is insufficient memory for the Java Runtime Environment to continue.
# Native memory allocation (mmap) failed to map 42991616 bytes for G1 virtual space
# Possible reasons:
#   The system is out of physical RAM or swap space
#   The process is running with CompressedOops enabled, and the Java Heap may be blocking the growth of the native heap
# Possible solutions:
#   Reduce memory load on the system
#   Increase physical memory or swap space
#   Check if swap backing store is full
#   Decrease Java heap size (-Xmx/-Xms)
#   Decrease number of Java threads
#   Decrease Java thread stack sizes (-Xss)
#   Set larger code cache with -XX:ReservedCodeCacheSize=
#   JVM is running with Unscaled Compressed Oops mode in which the Java heap is
#     placed in the first 4GB address space. The Java Heap base address is the
#     maximum limit for the native heap growth. Please use -XX:HeapBaseMinAddress
#     to set the Java Heap base and to place the Java Heap above 4GB virtual address.
# This output file may be truncated or incomplete.
#
#  Out of Memory Error (os_windows.cpp:3769), pid=13664, tid=24484
#
# JRE version: OpenJDK Runtime Environment (17.0.6) (build 17.0.6+0-b2043.56-10027231)
# Java VM: OpenJDK 64-Bit Server VM (17.0.6+0-b2043.56-10027231, mixed mode, tiered, compressed oops, compressed class ptrs, g1 gc, windows-amd64)
# No core dump will be written. Minidumps are not enabled by default on client versions of Windows
#

---------------  S U M M A R Y ------------

Command Line: --add-opens=java.base/java.util=ALL-UNNAMED --add-opens=java.base/java.lang=ALL-UNNAMED --add-opens=java.base/java.lang.invoke=ALL-UNNAMED --add-opens=java.prefs/java.util.prefs=ALL-UNNAMED --add-opens=java.base/java.nio.charset=ALL-UNNAMED --add-opens=java.base/java.net=ALL-UNNAMED --add-opens=java.base/java.util.concurrent.atomic=ALL-UNNAMED -Xmx2048m -Dfile.encoding=UTF-8 -Duser.country=CN -Duser.language=zh -Duser.variant org.gradle.launcher.daemon.bootstrap.GradleDaemon 8.0

Host: 11th Gen Intel(R) Core(TM) i7-1165G7 @ 2.80GHz, 8 cores, 15G,  Windows 10 , 64 bit Build 19041 (10.0.19041.2251)
Time: Tue Jan 16 16:03:58 2024  Windows 10 , 64 bit Build 19041 (10.0.19041.2251) elapsed time: 7.339302 seconds (0d 0h 0m 7s)

---------------  T H R E A D  ---------------

Current thread (0x000001bb719dc280):  VMThread "VM Thread" [stack: 0x0000004dfe100000,0x0000004dfe200000] [id=24484]

Stack: [0x0000004dfe100000,0x0000004dfe200000]
Native frames: (J=compiled Java code, j=interpreted, Vv=VM code, C=native code)
V  [jvm.dll+0x683c9a]
V  [jvm.dll+0x8427a4]
V  [jvm.dll+0x843f9e]
V  [jvm.dll+0x844603]
V  [jvm.dll+0x249b75]
V  [jvm.dll+0x680b69]
V  [jvm.dll+0x67505a]
V  [jvm.dll+0x309acb]
V  [jvm.dll+0x310f86]
V  [jvm.dll+0x3608ee]
V  [jvm.dll+0x360b1f]
V  [jvm.dll+0x2dfbf8]
V  [jvm.dll+0x2ddec4]
V  [jvm.dll+0x2dd4cc]
V  [jvm.dll+0x321f3b]
V  [jvm.dll+0x848ccb]
V  [jvm.dll+0x849a04]
V  [jvm.dll+0x849f1d]
V  [jvm.dll+0x84a2f4]
V  [jvm.dll+0x84a3c0]
V  [jvm.dll+0x7f274a]
V  [jvm.dll+0x682ad5]
C  [ucrtbase.dll+0x21bb2]
C  [KERNEL32.DLL+0x174b4]
C  [ntdll.dll+0x526a1]

VM_Operation (0x0000004d803fda20): G1CollectForAllocation, mode: safepoint, requested by thread 0x000001bb7317f6e0


---------------  P R O C E S S  ---------------

Threads class SMR info:
_java_thread_list=0x000001bb791938d0, length=126, elements={
0x000001bb55bcc180, 0x000001bb7242d6f0, 0x000001bb7242e2a0, 0x000001bb72474690,
0x000001bb72475150, 0x000001bb72479f20, 0x000001bb7247c8e0, 0x000001bb7247e290,
0x000001bb724ab410, 0x000001bb724b3d20, 0x000001bb72618af0, 0x000001bb7261fb10,
0x000001bb75271a60, 0x000001bb757b58d0, 0x000001bb753630a0, 0x000001bb758cea80,
0x000001bb754a5fe0, 0x000001bb73a6b340, 0x000001bb7378ea70, 0x000001bb73625550,
0x000001bb74c342b0, 0x000001bb75146780, 0x000001bb73180550, 0x000001bb7317e3a0,
0x000001bb7317f6e0, 0x000001bb73180ef0, 0x000001bb73181890, 0x000001bb73180080,
0x000001bb7317e870, 0x000001bb7317ed40, 0x000001bb731813c0, 0x000001bb7317f210,
0x000001bb7552af60, 0x000001bb7552bdd0, 0x000001bb75531e10, 0x000001bb7552c2a0,
0x000001bb7552dab0, 0x000001bb7552a5c0, 0x000001bb7552f2c0, 0x000001bb7552df80,
0x000001bb7552aa90, 0x000001bb7552e450, 0x000001bb7552fc60, 0x000001bb75530fa0,
0x000001bb75531940, 0x000001bb7317ded0, 0x000001bb7966aa20, 0x000001bb7966b890,
0x000001bb7966aef0, 0x000001bb7966da40, 0x000001bb7966d0a0, 0x000001bb7966c700,
0x000001bb7966bd60, 0x000001bb7966f250, 0x000001bb796700c0, 0x000001bb7966f720,
0x000001bb7966df10, 0x000001bb7966a550, 0x000001bb7966c230, 0x000001bb7966cbd0,
0x000001bb7966e3e0, 0x000001bb7966ed80, 0x000001bb7966fbf0, 0x000001bb79670590,
0x000001bb7966d570, 0x000001bb7966e8b0, 0x000001bb79670a60, 0x000001bb79670f30,
0x000001bb796696e0, 0x000001bb79669bb0, 0x000001bb7966a080, 0x000001bb7966b3c0,
0x000001bb78abe710, 0x000001bb78ab9540, 0x000001bb78abb220, 0x000001bb78abebe0,
0x000001bb78ab9070, 0x000001bb78ab8ba0, 0x000001bb78abb6f0, 0x000001bb78abf0b0,
0x000001bb78abbbc0, 0x000001bb78abd8a0, 0x000001bb78ab9a10, 0x000001bb78ab9ee0,
0x000001bb78aba880, 0x000001bb78abcf00, 0x000001bb78abad50, 0x000001bb78aba3b0,
0x000001bb78abc090, 0x000001bb78abdd70, 0x000001bb78ab86d0, 0x000001bb78abc560,
0x000001bb78abca30, 0x000001bb78abd3d0, 0x000001bb78abe240, 0x000001bb78abf580,
0x000001bb78abfa50, 0x000001bb78abff20, 0x000001bb790cc710, 0x000001bb790cbd70,
0x000001bb790ce3f0, 0x000001bb790d05a0, 0x000001bb790d00d0, 0x000001bb790cd580,
0x000001bb790cc240, 0x000001bb790d2c20, 0x000001bb790ccbe0, 0x000001bb790d1db0,
0x000001bb790cd0b0, 0x000001bb790cdf20, 0x000001bb790cda50, 0x000001bb790cf730,
0x000001bb790d1410, 0x000001bb790ce8c0, 0x000001bb790d2750, 0x000001bb790ced90,
0x000001bb790cf260, 0x000001bb790cfc00, 0x000001bb790d0a70, 0x000001bb790d0f40,
0x000001bb790d2280, 0x000001bb790d18e0, 0x000001bb790cb3d0, 0x000001bb790cb8a0,
0x000001bb72ac2d60, 0x000001bb728b7ec0
}

Java Threads: ( => current thread )
  0x000001bb55bcc180 JavaThread "main" [_thread_blocked, id=15956, stack(0x0000004dfdb00000,0x0000004dfdc00000)]
  0x000001bb7242d6f0 JavaThread "Reference Handler" daemon [_thread_blocked, id=23272, stack(0x0000004dfe200000,0x0000004dfe300000)]
  0x000001bb7242e2a0 JavaThread "Finalizer" daemon [_thread_blocked, id=15116, stack(0x0000004dfe300000,0x0000004dfe400000)]
  0x000001bb72474690 JavaThread "Signal Dispatcher" daemon [_thread_blocked, id=11156, stack(0x0000004dfe400000,0x0000004dfe500000)]
  0x000001bb72475150 JavaThread "Attach Listener" daemon [_thread_blocked, id=24508, stack(0x0000004dfe500000,0x0000004dfe600000)]
  0x000001bb72479f20 JavaThread "Service Thread" daemon [_thread_blocked, id=15540, stack(0x0000004dfe600000,0x0000004dfe700000)]
  0x000001bb7247c8e0 JavaThread "Monitor Deflation Thread" daemon [_thread_blocked, id=20652, stack(0x0000004dfe700000,0x0000004dfe800000)]
  0x000001bb7247e290 JavaThread "C2 CompilerThread0" daemon [_thread_blocked, id=3872, stack(0x0000004dfe800000,0x0000004dfe900000)]
  0x000001bb724ab410 JavaThread "C1 CompilerThread0" daemon [_thread_blocked, id=5236, stack(0x0000004dfe900000,0x0000004dfea00000)]
  0x000001bb724b3d20 JavaThread "Sweeper thread" daemon [_thread_blocked, id=17392, stack(0x0000004dfea00000,0x0000004dfeb00000)]
  0x000001bb72618af0 JavaThread "Common-Cleaner" daemon [_thread_blocked, id=18964, stack(0x0000004dfeb00000,0x0000004dfec00000)]
  0x000001bb7261fb10 JavaThread "Notification Thread" daemon [_thread_blocked, id=22928, stack(0x0000004dfec00000,0x0000004dfed00000)]
  0x000001bb75271a60 JavaThread "Daemon health stats" [_thread_blocked, id=3076, stack(0x0000004dff500000,0x0000004dff600000)]
  0x000001bb757b58d0 JavaThread "Incoming local TCP Connector on port 49840" [_thread_in_native, id=23756, stack(0x0000004dff400000,0x0000004dff500000)]
  0x000001bb753630a0 JavaThread "Daemon periodic checks" [_thread_blocked, id=22796, stack(0x0000004dff600000,0x0000004dff700000)]
  0x000001bb758cea80 JavaThread "Daemon" [_thread_blocked, id=15756, stack(0x0000004dff700000,0x0000004dff800000)]
  0x000001bb754a5fe0 JavaThread "Handler for socket connection from /127.0.0.1:49840 to /127.0.0.1:49841" [_thread_in_native, id=22716, stack(0x0000004dff800000,0x0000004dff900000)]
  0x000001bb73a6b340 JavaThread "Cancel handler" [_thread_blocked, id=15736, stack(0x0000004dff900000,0x0000004dffa00000)]
  0x000001bb7378ea70 JavaThread "Daemon worker" [_thread_blocked, id=7136, stack(0x0000004dffa00000,0x0000004dffb00000)]
  0x000001bb73625550 JavaThread "Asynchronous log dispatcher for DefaultDaemonConnection: socket connection from /127.0.0.1:49840 to /127.0.0.1:49841" [_thread_blocked, id=19960, stack(0x0000004dffb00000,0x0000004dffc00000)]
  0x000001bb74c342b0 JavaThread "Stdin handler" [_thread_blocked, id=15208, stack(0x0000004dffc00000,0x0000004dffd00000)]
  0x000001bb75146780 JavaThread "Daemon client event forwarder" [_thread_blocked, id=14160, stack(0x0000004dffd00000,0x0000004dffe00000)]
  0x000001bb73180550 JavaThread "Cache worker for journal cache (F:\MyApplication2\.gradle\caches\journal-1)" [_thread_blocked, id=21172, stack(0x0000004d80100000,0x0000004d80200000)]
  0x000001bb7317e3a0 JavaThread "File lock request listener" [_thread_in_native, id=18008, stack(0x0000004d80200000,0x0000004d80300000)]
  0x000001bb7317f6e0 JavaThread "Cache worker for file hash cache (F:\MyApplication2\.gradle\caches\8.0\fileHashes)" [_thread_blocked, id=23840, stack(0x0000004d80300000,0x0000004d80400000)]
  0x000001bb73180ef0 JavaThread "File watcher server" daemon [_thread_in_native, id=1996, stack(0x0000004d80500000,0x0000004d80600000)]
  0x000001bb73181890 JavaThread "File watcher consumer" daemon [_thread_blocked, id=16032, stack(0x0000004d80600000,0x0000004d80700000)]
  0x000001bb73180080 JavaThread "jar transforms" [_thread_blocked, id=9296, stack(0x0000004d80700000,0x0000004d80800000)]
  0x000001bb7317e870 JavaThread "jar transforms Thread 2" [_thread_blocked, id=22452, stack(0x0000004d80800000,0x0000004d80900000)]
  0x000001bb7317ed40 JavaThread "jar transforms Thread 3" [_thread_blocked, id=7320, stack(0x0000004d80900000,0x0000004d80a00000)]
  0x000001bb731813c0 JavaThread "jar transforms Thread 4" [_thread_blocked, id=19236, stack(0x0000004d80a00000,0x0000004d80b00000)]
  0x000001bb7317f210 JavaThread "jar transforms Thread 5" [_thread_blocked, id=20632, stack(0x0000004d80b00000,0x0000004d80c00000)]
  0x000001bb7552af60 JavaThread "jar transforms Thread 6" [_thread_blocked, id=9952, stack(0x0000004d80c00000,0x0000004d80d00000)]
  0x000001bb7552bdd0 JavaThread "jar transforms Thread 7" [_thread_blocked, id=20308, stack(0x0000004d80d00000,0x0000004d80e00000)]
  0x000001bb75531e10 JavaThread "jar transforms Thread 8" [_thread_blocked, id=2168, stack(0x0000004d80e00000,0x0000004d80f00000)]
  0x000001bb7552c2a0 JavaThread "Cache worker for checksums cache (F:\myapp\.gradle\8.0\checksums)" [_thread_blocked, id=24248, stack(0x0000004d80f00000,0x0000004d81000000)]
  0x000001bb7552dab0 JavaThread "Cache worker for cache directory md-rule (F:\MyApplication2\.gradle\caches\8.0\md-rule)" [_thread_blocked, id=12548, stack(0x0000004d81000000,0x0000004d81100000)]
  0x000001bb7552a5c0 JavaThread "Cache worker for file content cache (F:\MyApplication2\.gradle\caches\8.0\fileContent)" [_thread_blocked, id=13768, stack(0x0000004d81100000,0x0000004d81200000)]
  0x000001bb7552f2c0 JavaThread "Cache worker for file hash cache (F:\myapp\.gradle\8.0\fileHashes)" [_thread_blocked, id=11496, stack(0x0000004d81200000,0x0000004d81300000)]
  0x000001bb7552df80 JavaThread "Cache worker for cache directory md-supplier (F:\MyApplication2\.gradle\caches\8.0\md-supplier)" [_thread_blocked, id=17476, stack(0x0000004d81300000,0x0000004d81400000)]
  0x000001bb7552aa90 JavaThread "Cache worker for execution history cache (F:\MyApplication2\.gradle\caches\8.0\executionHistory)" [_thread_blocked, id=8532, stack(0x0000004d81400000,0x0000004d81500000)]
  0x000001bb7552e450 JavaThread "Cache worker for kotlin-dsl (F:\MyApplication2\.gradle\caches\8.0\kotlin-dsl)" [_thread_blocked, id=20916, stack(0x0000004d81500000,0x0000004d81600000)]
  0x000001bb7552fc60 JavaThread "Cache worker for dependencies-accessors (F:\myapp\.gradle\8.0\dependencies-accessors)" [_thread_blocked, id=18400, stack(0x0000004d81600000,0x0000004d81700000)]
  0x000001bb75530fa0 JavaThread "Cache worker for Build Output Cleanup Cache (F:\myapp\.gradle\buildOutputCleanup)" [_thread_blocked, id=19520, stack(0x0000004d81700000,0x0000004d81800000)]
  0x000001bb75531940 JavaThread "Unconstrained build operations" [_thread_blocked, id=1540, stack(0x0000004d81800000,0x0000004d81900000)]
  0x000001bb7317ded0 JavaThread "Unconstrained build operations Thread 2" [_thread_blocked, id=13876, stack(0x0000004d81900000,0x0000004d81a00000)]
  0x000001bb7966aa20 JavaThread "Unconstrained build operations Thread 3" [_thread_blocked, id=1696, stack(0x0000004d81a00000,0x0000004d81b00000)]
  0x000001bb7966b890 JavaThread "Unconstrained build operations Thread 4" [_thread_blocked, id=20432, stack(0x0000004d81b00000,0x0000004d81c00000)]
  0x000001bb7966aef0 JavaThread "Unconstrained build operations Thread 5" [_thread_blocked, id=21200, stack(0x0000004d81c00000,0x0000004d81d00000)]
  0x000001bb7966da40 JavaThread "Unconstrained build operations Thread 6" [_thread_blocked, id=11104, stack(0x0000004d81d00000,0x0000004d81e00000)]
  0x000001bb7966d0a0 JavaThread "Unconstrained build operations Thread 7" [_thread_blocked, id=19188, stack(0x0000004d81e00000,0x0000004d81f00000)]
  0x000001bb7966c700 JavaThread "Unconstrained build operations Thread 8" [_thread_blocked, id=19488, stack(0x0000004d81f00000,0x0000004d82000000)]
  0x000001bb7966bd60 JavaThread "Unconstrained build operations Thread 9" [_thread_blocked, id=6004, stack(0x0000004d82000000,0x0000004d82100000)]
  0x000001bb7966f250 JavaThread "Unconstrained build operations Thread 10" [_thread_blocked, id=21548, stack(0x0000004d82100000,0x0000004d82200000)]
  0x000001bb796700c0 JavaThread "Unconstrained build operations Thread 11" [_thread_blocked, id=24112, stack(0x0000004d82200000,0x0000004d82300000)]
  0x000001bb7966f720 JavaThread "Unconstrained build operations Thread 12" [_thread_blocked, id=22036, stack(0x0000004d82300000,0x0000004d82400000)]
  0x000001bb7966df10 JavaThread "Unconstrained build operations Thread 13" [_thread_blocked, id=7368, stack(0x0000004d82400000,0x0000004d82500000)]
  0x000001bb7966a550 JavaThread "Unconstrained build operations Thread 14" [_thread_blocked, id=19424, stack(0x0000004d82500000,0x0000004d82600000)]
  0x000001bb7966c230 JavaThread "Unconstrained build operations Thread 15" [_thread_blocked, id=9856, stack(0x0000004d82600000,0x0000004d82700000)]
  0x000001bb7966cbd0 JavaThread "Unconstrained build operations Thread 16" [_thread_blocked, id=9124, stack(0x0000004d82700000,0x0000004d82800000)]
  0x000001bb7966e3e0 JavaThread "Unconstrained build operations Thread 17" [_thread_blocked, id=8732, stack(0x0000004d82800000,0x0000004d82900000)]
  0x000001bb7966ed80 JavaThread "Unconstrained build operations Thread 18" [_thread_blocked, id=22812, stack(0x0000004d82900000,0x0000004d82a00000)]
  0x000001bb7966fbf0 JavaThread "Unconstrained build operations Thread 19" [_thread_blocked, id=24064, stack(0x0000004d82a00000,0x0000004d82b00000)]
  0x000001bb79670590 JavaThread "Unconstrained build operations Thread 20" [_thread_blocked, id=16460, stack(0x0000004d82b00000,0x0000004d82c00000)]
  0x000001bb7966d570 JavaThread "Unconstrained build operations Thread 21" [_thread_blocked, id=4720, stack(0x0000004d82c00000,0x0000004d82d00000)]
  0x000001bb7966e8b0 JavaThread "Unconstrained build operations Thread 22" [_thread_blocked, id=3644, stack(0x0000004d82d00000,0x0000004d82e00000)]
  0x000001bb79670a60 JavaThread "Unconstrained build operations Thread 23" [_thread_blocked, id=24400, stack(0x0000004d82e00000,0x0000004d82f00000)]
  0x000001bb79670f30 JavaThread "Unconstrained build operations Thread 24" [_thread_blocked, id=8048, stack(0x0000004d82f00000,0x0000004d83000000)]
  0x000001bb796696e0 JavaThread "Unconstrained build operations Thread 25" [_thread_blocked, id=15424, stack(0x0000004d83000000,0x0000004d83100000)]
  0x000001bb79669bb0 JavaThread "Unconstrained build operations Thread 26" [_thread_blocked, id=20932, stack(0x0000004d83100000,0x0000004d83200000)]
  0x000001bb7966a080 JavaThread "Unconstrained build operations Thread 27" [_thread_blocked, id=4024, stack(0x0000004d83200000,0x0000004d83300000)]
  0x000001bb7966b3c0 JavaThread "Unconstrained build operations Thread 28" [_thread_blocked, id=17992, stack(0x0000004d83300000,0x0000004d83400000)]
  0x000001bb78abe710 JavaThread "Unconstrained build operations Thread 29" [_thread_blocked, id=23164, stack(0x0000004d83400000,0x0000004d83500000)]
  0x000001bb78ab9540 JavaThread "Unconstrained build operations Thread 30" [_thread_blocked, id=20404, stack(0x0000004d83500000,0x0000004d83600000)]
  0x000001bb78abb220 JavaThread "Unconstrained build operations Thread 31" [_thread_blocked, id=16364, stack(0x0000004d83600000,0x0000004d83700000)]
  0x000001bb78abebe0 JavaThread "Unconstrained build operations Thread 32" [_thread_blocked, id=13736, stack(0x0000004d83700000,0x0000004d83800000)]
  0x000001bb78ab9070 JavaThread "Unconstrained build operations Thread 33" [_thread_blocked, id=8408, stack(0x0000004d83800000,0x0000004d83900000)]
  0x000001bb78ab8ba0 JavaThread "Unconstrained build operations Thread 34" [_thread_blocked, id=8220, stack(0x0000004d83900000,0x0000004d83a00000)]
  0x000001bb78abb6f0 JavaThread "Unconstrained build operations Thread 35" [_thread_blocked, id=17232, stack(0x0000004d83a00000,0x0000004d83b00000)]
  0x000001bb78abf0b0 JavaThread "Unconstrained build operations Thread 36" [_thread_blocked, id=7708, stack(0x0000004d83b00000,0x0000004d83c00000)]
  0x000001bb78abbbc0 JavaThread "Unconstrained build operations Thread 37" [_thread_blocked, id=11700, stack(0x0000004d83c00000,0x0000004d83d00000)]
  0x000001bb78abd8a0 JavaThread "Unconstrained build operations Thread 38" [_thread_blocked, id=23480, stack(0x0000004d83d00000,0x0000004d83e00000)]
  0x000001bb78ab9a10 JavaThread "Unconstrained build operations Thread 39" [_thread_blocked, id=20588, stack(0x0000004d83e00000,0x0000004d83f00000)]
  0x000001bb78ab9ee0 JavaThread "Unconstrained build operations Thread 40" [_thread_blocked, id=4636, stack(0x0000004d83f00000,0x0000004d84000000)]
  0x000001bb78aba880 JavaThread "Unconstrained build operations Thread 41" [_thread_blocked, id=16188, stack(0x0000004d84000000,0x0000004d84100000)]
  0x000001bb78abcf00 JavaThread "Unconstrained build operations Thread 42" [_thread_blocked, id=2860, stack(0x0000004d84100000,0x0000004d84200000)]
  0x000001bb78abad50 JavaThread "Unconstrained build operations Thread 43" [_thread_blocked, id=8144, stack(0x0000004d84200000,0x0000004d84300000)]
  0x000001bb78aba3b0 JavaThread "Unconstrained build operations Thread 44" [_thread_blocked, id=14256, stack(0x0000004d84300000,0x0000004d84400000)]
  0x000001bb78abc090 JavaThread "Unconstrained build operations Thread 45" [_thread_blocked, id=23376, stack(0x0000004d84400000,0x0000004d84500000)]
  0x000001bb78abdd70 JavaThread "Unconstrained build operations Thread 46" [_thread_blocked, id=21892, stack(0x0000004d84500000,0x0000004d84600000)]
  0x000001bb78ab86d0 JavaThread "Unconstrained build operations Thread 47" [_thread_blocked, id=23420, stack(0x0000004d84600000,0x0000004d84700000)]
  0x000001bb78abc560 JavaThread "Unconstrained build operations Thread 48" [_thread_blocked, id=10788, stack(0x0000004d84700000,0x0000004d84800000)]
  0x000001bb78abca30 JavaThread "Unconstrained build operations Thread 49" [_thread_blocked, id=19640, stack(0x0000004d84800000,0x0000004d84900000)]
  0x000001bb78abd3d0 JavaThread "Unconstrained build operations Thread 50" [_thread_blocked, id=18924, stack(0x0000004d84900000,0x0000004d84a00000)]
  0x000001bb78abe240 JavaThread "Unconstrained build operations Thread 51" [_thread_blocked, id=22116, stack(0x0000004d84a00000,0x0000004d84b00000)]
  0x000001bb78abf580 JavaThread "Unconstrained build operations Thread 52" [_thread_blocked, id=13756, stack(0x0000004d84b00000,0x0000004d84c00000)]
  0x000001bb78abfa50 JavaThread "Unconstrained build operations Thread 53" [_thread_blocked, id=1256, stack(0x0000004d84c00000,0x0000004d84d00000)]
  0x000001bb78abff20 JavaThread "Unconstrained build operations Thread 54" [_thread_blocked, id=11268, stack(0x0000004d84d00000,0x0000004d84e00000)]
  0x000001bb790cc710 JavaThread "Unconstrained build operations Thread 55" [_thread_blocked, id=6520, stack(0x0000004d84e00000,0x0000004d84f00000)]
  0x000001bb790cbd70 JavaThread "Unconstrained build operations Thread 56" [_thread_blocked, id=3136, stack(0x0000004d84f00000,0x0000004d85000000)]
  0x000001bb790ce3f0 JavaThread "Unconstrained build operations Thread 57" [_thread_blocked, id=5476, stack(0x0000004d85000000,0x0000004d85100000)]
  0x000001bb790d05a0 JavaThread "Unconstrained build operations Thread 58" [_thread_blocked, id=14996, stack(0x0000004d85100000,0x0000004d85200000)]
  0x000001bb790d00d0 JavaThread "Unconstrained build operations Thread 59" [_thread_blocked, id=24088, stack(0x0000004d85200000,0x0000004d85300000)]
  0x000001bb790cd580 JavaThread "Unconstrained build operations Thread 60" [_thread_blocked, id=21788, stack(0x0000004d85300000,0x0000004d85400000)]
  0x000001bb790cc240 JavaThread "Unconstrained build operations Thread 61" [_thread_blocked, id=24048, stack(0x0000004d85400000,0x0000004d85500000)]
  0x000001bb790d2c20 JavaThread "Unconstrained build operations Thread 62" [_thread_blocked, id=22552, stack(0x0000004d85500000,0x0000004d85600000)]
  0x000001bb790ccbe0 JavaThread "Unconstrained build operations Thread 63" [_thread_blocked, id=22720, stack(0x0000004d85600000,0x0000004d85700000)]
  0x000001bb790d1db0 JavaThread "Unconstrained build operations Thread 64" [_thread_blocked, id=17056, stack(0x0000004d85700000,0x0000004d85800000)]
  0x000001bb790cd0b0 JavaThread "Unconstrained build operations Thread 65" [_thread_blocked, id=16012, stack(0x0000004d85800000,0x0000004d85900000)]
  0x000001bb790cdf20 JavaThread "Unconstrained build operations Thread 66" [_thread_blocked, id=19692, stack(0x0000004d85900000,0x0000004d85a00000)]
  0x000001bb790cda50 JavaThread "Unconstrained build operations Thread 67" [_thread_blocked, id=22176, stack(0x0000004d85a00000,0x0000004d85b00000)]
  0x000001bb790cf730 JavaThread "Unconstrained build operations Thread 68" [_thread_blocked, id=8100, stack(0x0000004d85b00000,0x0000004d85c00000)]
  0x000001bb790d1410 JavaThread "Unconstrained build operations Thread 69" [_thread_blocked, id=22672, stack(0x0000004d85c00000,0x0000004d85d00000)]
  0x000001bb790ce8c0 JavaThread "Unconstrained build operations Thread 70" [_thread_blocked, id=24480, stack(0x0000004d85d00000,0x0000004d85e00000)]
  0x000001bb790d2750 JavaThread "Unconstrained build operations Thread 71" [_thread_blocked, id=744, stack(0x0000004d85e00000,0x0000004d85f00000)]
  0x000001bb790ced90 JavaThread "Unconstrained build operations Thread 72" [_thread_blocked, id=8680, stack(0x0000004d85f00000,0x0000004d86000000)]
  0x000001bb790cf260 JavaThread "Unconstrained build operations Thread 73" [_thread_blocked, id=23500, stack(0x0000004d86000000,0x0000004d86100000)]
  0x000001bb790cfc00 JavaThread "Unconstrained build operations Thread 74" [_thread_blocked, id=9604, stack(0x0000004d86100000,0x0000004d86200000)]
  0x000001bb790d0a70 JavaThread "Unconstrained build operations Thread 75" [_thread_blocked, id=22408, stack(0x0000004d86200000,0x0000004d86300000)]
  0x000001bb790d0f40 JavaThread "Unconstrained build operations Thread 76" [_thread_blocked, id=12920, stack(0x0000004d86300000,0x0000004d86400000)]
  0x000001bb790d2280 JavaThread "Unconstrained build operations Thread 77" [_thread_blocked, id=18260, stack(0x0000004d86400000,0x0000004d86500000)]
  0x000001bb790d18e0 JavaThread "Unconstrained build operations Thread 78" [_thread_blocked, id=21968, stack(0x0000004d86500000,0x0000004d86600000)]
  0x000001bb790cb3d0 JavaThread "Unconstrained build operations Thread 79" [_thread_blocked, id=9188, stack(0x0000004d86600000,0x0000004d86700000)]
  0x000001bb790cb8a0 JavaThread "Unconstrained build operations Thread 80" [_thread_blocked, id=10604, stack(0x0000004d86700000,0x0000004d86800000)]
  0x000001bb72ac2d60 JavaThread "Memory manager" [_thread_blocked, id=14676, stack(0x0000004d86800000,0x0000004d86900000)]
  0x000001bb728b7ec0 JavaThread "C2 CompilerThread1" daemon [_thread_blocked, id=24204, stack(0x0000004d80400000,0x0000004d80500000)]

Other Threads:
=>0x000001bb719dc280 VMThread "VM Thread" [stack: 0x0000004dfe100000,0x0000004dfe200000] [id=24484]
  0x000001bb72618360 WatcherThread [stack: 0x0000004dfed00000,0x0000004dfee00000] [id=23396]
  0x000001bb55c2be20 GCTaskThread "GC Thread#0" [stack: 0x0000004dfdc00000,0x0000004dfdd00000] [id=22828]
  0x000001bb73506970 GCTaskThread "GC Thread#1" [stack: 0x0000004dfef00000,0x0000004dff000000] [id=17960]
  0x000001bb73506c20 GCTaskThread "GC Thread#2" [stack: 0x0000004dff000000,0x0000004dff100000] [id=12776]
  0x000001bb73506ed0 GCTaskThread "GC Thread#3" [stack: 0x0000004dff100000,0x0000004dff200000] [id=18768]
  0x000001bb733858c0 GCTaskThread "GC Thread#4" [stack: 0x0000004dff200000,0x0000004dff300000] [id=5012]
  0x000001bb730c8030 GCTaskThread "GC Thread#5" [stack: 0x0000004dff300000,0x0000004dff400000] [id=18516]
  0x000001bb73ccddd0 GCTaskThread "GC Thread#6" [stack: 0x0000004dffe00000,0x0000004dfff00000] [id=14824]
  0x000001bb754b4fe0 GCTaskThread "GC Thread#7" [stack: 0x0000004dfff00000,0x0000004e00000000] [id=21436]
  0x000001bb55c3cd60 ConcurrentGCThread "G1 Main Marker" [stack: 0x0000004dfdd00000,0x0000004dfde00000] [id=16144]
  0x000001bb55c3e780 ConcurrentGCThread "G1 Conc#0" [stack: 0x0000004dfde00000,0x0000004dfdf00000] [id=24412]
  0x000001bb73a6b810 ConcurrentGCThread "G1 Conc#1" [stack: 0x0000004d80000000,0x0000004d80100000] [id=11492]
  0x000001bb7188e950 ConcurrentGCThread "G1 Refine#0" [stack: 0x0000004dfdf00000,0x0000004dfe000000] [id=17764]
  0x000001bb7188f180 ConcurrentGCThread "G1 Service" [stack: 0x0000004dfe000000,0x0000004dfe100000] [id=15672]

Threads with active compile tasks:
C2 CompilerThread0     7362 7921       4       org.gradle.cache.internal.btree.CachingBlockStore::read (56 bytes)
C2 CompilerThread1     7362 7920       4       java.util.concurrent.ConcurrentLinkedQueue::offer (120 bytes)

VM state: at safepoint (normal execution)

VM Mutex/Monitor currently owned by a thread:  ([mutex/lock_event])
[0x000001bb55bc82e0] Threads_lock - owner thread: 0x000001bb719dc280
[0x000001bb55bc7e60] Heap_lock - owner thread: 0x000001bb7317f6e0

Heap address: 0x0000000080000000, size: 2048 MB, Compressed Oops mode: 32-bit

CDS archive(s) not mapped
Compressed class space mapped at: 0x0000000100000000-0x0000000140000000, reserved size: 1073741824
Narrow klass base: 0x0000000000000000, Narrow klass shift: 3, Narrow klass range: 0x140000000

GC Precious Log:
 CPUs: 8 total, 8 available
 Memory: 16106M
 Large Page Support: Disabled
 NUMA Support: Disabled
 Compressed Oops: Enabled (32-bit)
 Heap Region Size: 1M
 Heap Min Capacity: 8M
 Heap Initial Capacity: 252M
 Heap Max Capacity: 2G
 Pre-touch: Disabled
 Parallel Workers: 8
 Concurrent Workers: 2
 Concurrent Refinement Workers: 8
 Periodic GC: Disabled

Heap:
 garbage-first heap   total 173056K, used 103302K [0x0000000080000000, 0x0000000100000000)
  region size 1024K, 1 young (1024K), 1 survivors (1024K)
 Metaspace       used 79057K, committed 79680K, reserved 1122304K
  class space    used 10505K, committed 10816K, reserved 1048576K

Heap Regions: E=young(eden), S=young(survivor), O=old, HS=humongous(starts), HC=humongous(continues), CS=collection set, F=free, OA=open archive, CA=closed archive, TAMS=top-at-mark-start (previous, next)
|   0|0x0000000080000000, 0x0000000080100000, 0x0000000080100000|100%|HS|  |TAMS 0x0000000080100000, 0x0000000080000000| Complete 
|   1|0x0000000080100000, 0x0000000080200000, 0x0000000080200000|100%|HC|  |TAMS 0x0000000080200000, 0x0000000080100000| Complete 
|   2|0x0000000080200000, 0x0000000080300000, 0x0000000080300000|100%|HC|  |TAMS 0x0000000080300000, 0x0000000080200000| Complete 
|   3|0x0000000080300000, 0x0000000080400000, 0x0000000080400000|100%|HC|  |TAMS 0x0000000080400000, 0x0000000080300000| Complete 
|   4|0x0000000080400000, 0x0000000080500000, 0x0000000080500000|100%| O|  |TAMS 0x0000000080400000, 0x0000000080400000| Untracked 
|   5|0x0000000080500000, 0x0000000080600000, 0x0000000080600000|100%| O|  |TAMS 0x0000000080600000, 0x0000000080500000| Untracked 
|   6|0x0000000080600000, 0x0000000080700000, 0x0000000080700000|100%| O|  |TAMS 0x0000000080700000, 0x0000000080600000| Untracked 
|   7|0x0000000080700000, 0x0000000080800000, 0x0000000080800000|100%| O|  |TAMS 0x0000000080800000, 0x0000000080700000| Untracked 
|   8|0x0000000080800000, 0x0000000080900000, 0x0000000080900000|100%| O|  |TAMS 0x0000000080900000, 0x0000000080800000| Untracked 
|   9|0x0000000080900000, 0x0000000080a00000, 0x0000000080a00000|100%| O|  |TAMS 0x0000000080a00000, 0x0000000080900000| Untracked 
|  10|0x0000000080a00000, 0x0000000080b00000, 0x0000000080b00000|100%| O|  |TAMS 0x0000000080b00000, 0x0000000080a00000| Untracked 
|  11|0x0000000080b00000, 0x0000000080c00000, 0x0000000080c00000|100%| O|  |TAMS 0x0000000080c00000, 0x0000000080b00000| Untracked 
|  12|0x0000000080c00000, 0x0000000080d00000, 0x0000000080d00000|100%| O|  |TAMS 0x0000000080d00000, 0x0000000080c00000| Untracked 
|  13|0x0000000080d00000, 0x0000000080e00000, 0x0000000080e00000|100%| O|  |TAMS 0x0000000080e00000, 0x0000000080d00000| Untracked 
|  14|0x0000000080e00000, 0x0000000080f00000, 0x0000000080f00000|100%| O|  |TAMS 0x0000000080f00000, 0x0000000080e00000| Untracked 
|  15|0x0000000080f00000, 0x0000000081000000, 0x0000000081000000|100%| O|  |TAMS 0x0000000081000000, 0x0000000080f00000| Untracked 
|  16|0x0000000081000000, 0x0000000081100000, 0x0000000081100000|100%| O|  |TAMS 0x0000000081100000, 0x0000000081000000| Untracked 
|  17|0x0000000081100000, 0x0000000081200000, 0x0000000081200000|100%| O|  |TAMS 0x0000000081200000, 0x0000000081100000| Untracked 
|  18|0x0000000081200000, 0x0000000081300000, 0x0000000081300000|100%| O|  |TAMS 0x0000000081300000, 0x0000000081200000| Untracked 
|  19|0x0000000081300000, 0x0000000081400000, 0x0000000081400000|100%|HS|  |TAMS 0x0000000081400000, 0x0000000081300000| Complete 
|  20|0x0000000081400000, 0x0000000081500000, 0x0000000081500000|100%|HC|  |TAMS 0x0000000081500000, 0x0000000081400000| Complete 
|  21|0x0000000081500000, 0x0000000081600000, 0x0000000081600000|100%|HS|  |TAMS 0x0000000081600000, 0x0000000081500000| Complete 
|  22|0x0000000081600000, 0x0000000081700000, 0x0000000081700000|100%|HC|  |TAMS 0x0000000081700000, 0x0000000081600000| Complete 
|  23|0x0000000081700000, 0x0000000081800000, 0x0000000081800000|100%|HC|  |TAMS 0x0000000081800000, 0x0000000081700000| Complete 
|  24|0x0000000081800000, 0x0000000081900000, 0x0000000081900000|100%| O|  |TAMS 0x0000000081900000, 0x0000000081800000| Untracked 
|  25|0x0000000081900000, 0x0000000081a00000, 0x0000000081a00000|100%| O|  |TAMS 0x0000000081a00000, 0x0000000081900000| Untracked 
|  26|0x0000000081a00000, 0x0000000081b00000, 0x0000000081b00000|100%| O|  |TAMS 0x0000000081b00000, 0x0000000081a00000| Untracked 
|  27|0x0000000081b00000, 0x0000000081c00000, 0x0000000081c00000|100%| O|  |TAMS 0x0000000081c00000, 0x0000000081b00000| Untracked 
|  28|0x0000000081c00000, 0x0000000081d00000, 0x0000000081d00000|100%|HS|  |TAMS 0x0000000081d00000, 0x0000000081c00000| Complete 
|  29|0x0000000081d00000, 0x0000000081e00000, 0x0000000081e00000|100%|HC|  |TAMS 0x0000000081e00000, 0x0000000081d00000| Complete 
|  30|0x0000000081e00000, 0x0000000081f00000, 0x0000000081f00000|100%|HC|  |TAMS 0x0000000081f00000, 0x0000000081e00000| Complete 
|  31|0x0000000081f00000, 0x0000000081f00000, 0x0000000082000000|  0%| F|  |TAMS 0x0000000081f00000, 0x0000000081f00000| Untracked 
|  32|0x0000000082000000, 0x0000000082100000, 0x0000000082100000|100%|HS|  |TAMS 0x0000000082100000, 0x0000000082000000| Complete 
|  33|0x0000000082100000, 0x0000000082200000, 0x0000000082200000|100%|HC|  |TAMS 0x0000000082200000, 0x0000000082100000| Complete 
|  34|0x0000000082200000, 0x0000000082300000, 0x0000000082300000|100%|HC|  |TAMS 0x0000000082300000, 0x0000000082200000| Complete 
|  35|0x0000000082300000, 0x0000000082400000, 0x0000000082400000|100%|HC|  |TAMS 0x0000000082400000, 0x0000000082300000| Complete 
|  36|0x0000000082400000, 0x0000000082500000, 0x0000000082500000|100%|HC|  |TAMS 0x0000000082500000, 0x0000000082400000| Complete 
|  37|0x0000000082500000, 0x0000000082600000, 0x0000000082600000|100%|HC|  |TAMS 0x0000000082600000, 0x0000000082500000| Complete 
|  38|0x0000000082600000, 0x0000000082700000, 0x0000000082700000|100%|HC|  |TAMS 0x0000000082700000, 0x0000000082600000| Complete 
|  39|0x0000000082700000, 0x0000000082800000, 0x0000000082800000|100%|HC|  |TAMS 0x0000000082800000, 0x0000000082700000| Complete 
|  40|0x0000000082800000, 0x0000000082900000, 0x0000000082900000|100%|HC|  |TAMS 0x0000000082900000, 0x0000000082800000| Complete 
|  41|0x0000000082900000, 0x0000000082a00000, 0x0000000082a00000|100%|HC|  |TAMS 0x0000000082a00000, 0x0000000082900000| Complete 
|  42|0x0000000082a00000, 0x0000000082b00000, 0x0000000082b00000|100%|HC|  |TAMS 0x0000000082b00000, 0x0000000082a00000| Complete 
|  43|0x0000000082b00000, 0x0000000082c00000, 0x0000000082c00000|100%|HC|  |TAMS 0x0000000082c00000, 0x0000000082b00000| Complete 
|  44|0x0000000082c00000, 0x0000000082d00000, 0x0000000082d00000|100%| O|  |TAMS 0x0000000082d00000, 0x0000000082c00000| Untracked 
|  45|0x0000000082d00000, 0x0000000082e00000, 0x0000000082e00000|100%|HS|  |TAMS 0x0000000082e00000, 0x0000000082d00000| Complete 
|  46|0x0000000082e00000, 0x0000000082f00000, 0x0000000082f00000|100%|HC|  |TAMS 0x0000000082f00000, 0x0000000082e00000| Complete 
|  47|0x0000000082f00000, 0x0000000083000000, 0x0000000083000000|100%| O|  |TAMS 0x0000000083000000, 0x0000000082f00000| Untracked 
|  48|0x0000000083000000, 0x0000000083100000, 0x0000000083100000|100%| O|  |TAMS 0x0000000083100000, 0x0000000083000000| Untracked 
|  49|0x0000000083100000, 0x0000000083200000, 0x0000000083200000|100%| O|  |TAMS 0x0000000083200000, 0x0000000083100000| Untracked 
|  50|0x0000000083200000, 0x0000000083300000, 0x0000000083300000|100%| O|  |TAMS 0x0000000083300000, 0x0000000083200000| Untracked 
|  51|0x0000000083300000, 0x0000000083400000, 0x0000000083400000|100%| O|  |TAMS 0x0000000083400000, 0x0000000083300000| Untracked 
|  52|0x0000000083400000, 0x0000000083500000, 0x0000000083500000|100%| O|  |TAMS 0x0000000083500000, 0x0000000083400000| Untracked 
|  53|0x0000000083500000, 0x0000000083600000, 0x0000000083600000|100%| O|  |TAMS 0x0000000083600000, 0x0000000083500000| Untracked 
|  54|0x0000000083600000, 0x0000000083700000, 0x0000000083700000|100%|HS|  |TAMS 0x0000000083700000, 0x0000000083600000| Complete 
|  55|0x0000000083700000, 0x0000000083800000, 0x0000000083800000|100%|HC|  |TAMS 0x0000000083800000, 0x0000000083700000| Complete 
|  56|0x0000000083800000, 0x0000000083900000, 0x0000000083900000|100%|HC|  |TAMS 0x0000000083900000, 0x0000000083800000| Complete 
|  57|0x0000000083900000, 0x0000000083a00000, 0x0000000083a00000|100%| O|  |TAMS 0x0000000083a00000, 0x0000000083900000| Untracked 
|  58|0x0000000083a00000, 0x0000000083b00000, 0x0000000083b00000|100%| O|  |TAMS 0x0000000083b00000, 0x0000000083a00000| Untracked 
|  59|0x0000000083b00000, 0x0000000083c00000, 0x0000000083c00000|100%|HS|  |TAMS 0x0000000083c00000, 0x0000000083b00000| Complete 
|  60|0x0000000083c00000, 0x0000000083d00000, 0x0000000083d00000|100%|HC|  |TAMS 0x0000000083d00000, 0x0000000083c00000| Complete 
|  61|0x0000000083d00000, 0x0000000083e00000, 0x0000000083e00000|100%|HC|  |TAMS 0x0000000083e00000, 0x0000000083d00000| Complete 
|  62|0x0000000083e00000, 0x0000000083f00000, 0x0000000083f00000|100%| O|  |TAMS 0x0000000083f00000, 0x0000000083e00000| Untracked 
|  63|0x0000000083f00000, 0x0000000084000000, 0x0000000084000000|100%| O|  |TAMS 0x0000000084000000, 0x0000000083f00000| Untracked 
|  64|0x0000000084000000, 0x0000000084100000, 0x0000000084100000|100%| O|  |TAMS 0x0000000084100000, 0x0000000084000000| Untracked 
|  65|0x0000000084100000, 0x0000000084200000, 0x0000000084200000|100%| O|  |TAMS 0x0000000084200000, 0x0000000084100000| Untracked 
|  66|0x0000000084200000, 0x0000000084300000, 0x0000000084300000|100%| O|  |TAMS 0x0000000084300000, 0x0000000084200000| Untracked 
|  67|0x0000000084300000, 0x0000000084400000, 0x0000000084400000|100%| O|  |TAMS 0x0000000084400000, 0x0000000084300000| Untracked 
|  68|0x0000000084400000, 0x0000000084500000, 0x0000000084500000|100%| O|  |TAMS 0x0000000084500000, 0x0000000084400000| Untracked 
|  69|0x0000000084500000, 0x0000000084600000, 0x0000000084600000|100%| O|  |TAMS 0x0000000084600000, 0x0000000084500000| Untracked 
|  70|0x0000000084600000, 0x0000000084700000, 0x0000000084700000|100%| O|  |TAMS 0x0000000084700000, 0x0000000084600000| Untracked 
|  71|0x0000000084700000, 0x0000000084800000, 0x0000000084800000|100%| O|  |TAMS 0x0000000084800000, 0x0000000084700000| Untracked 
|  72|0x0000000084800000, 0x0000000084900000, 0x0000000084900000|100%|HS|  |TAMS 0x0000000084900000, 0x0000000084800000| Complete 
|  73|0x0000000084900000, 0x0000000084a00000, 0x0000000084a00000|100%|HS|  |TAMS 0x0000000084a00000, 0x0000000084900000| Complete 
|  74|0x0000000084a00000, 0x0000000084b00000, 0x0000000084b00000|100%|HS|  |TAMS 0x0000000084b00000, 0x0000000084a00000| Complete 
|  75|0x0000000084b00000, 0x0000000084c00000, 0x0000000084c00000|100%|HC|  |TAMS 0x0000000084c00000, 0x0000000084b00000| Complete 
|  76|0x0000000084c00000, 0x0000000084d00000, 0x0000000084d00000|100%|HS|  |TAMS 0x0000000084d00000, 0x0000000084c00000| Complete 
|  77|0x0000000084d00000, 0x0000000084e00000, 0x0000000084e00000|100%|HS|  |TAMS 0x0000000084e00000, 0x0000000084d00000| Complete 
|  78|0x0000000084e00000, 0x0000000084f00000, 0x0000000084f00000|100%|HC|  |TAMS 0x0000000084f00000, 0x0000000084e00000| Complete 
|  79|0x0000000084f00000, 0x0000000085000000, 0x0000000085000000|100%|HC|  |TAMS 0x0000000085000000, 0x0000000084f00000| Complete 
|  80|0x0000000085000000, 0x0000000085100000, 0x0000000085100000|100%|HC|  |TAMS 0x0000000085100000, 0x0000000085000000| Complete 
|  81|0x0000000085100000, 0x0000000085200000, 0x0000000085200000|100%| O|  |TAMS 0x0000000085200000, 0x0000000085100000| Untracked 
|  82|0x0000000085200000, 0x0000000085300000, 0x0000000085300000|100%| O|  |TAMS 0x0000000085300000, 0x0000000085200000| Untracked 
|  83|0x0000000085300000, 0x0000000085400000, 0x0000000085400000|100%| O|  |TAMS 0x0000000085400000, 0x0000000085300000| Untracked 
|  84|0x0000000085400000, 0x0000000085500000, 0x0000000085500000|100%| O|  |TAMS 0x0000000085500000, 0x0000000085400000| Untracked 
|  85|0x0000000085500000, 0x0000000085600000, 0x0000000085600000|100%| O|  |TAMS 0x0000000085600000, 0x0000000085500000| Untracked 
|  86|0x0000000085600000, 0x0000000085700000, 0x0000000085700000|100%| O|  |TAMS 0x0000000085700000, 0x0000000085600000| Untracked 
|  87|0x0000000085700000, 0x0000000085800000, 0x0000000085800000|100%| O|  |TAMS 0x0000000085800000, 0x0000000085700000| Untracked 
|  88|0x0000000085800000, 0x0000000085900000, 0x0000000085900000|100%| O|  |TAMS 0x0000000085900000, 0x0000000085800000| Untracked 
|  89|0x0000000085900000, 0x0000000085a00000, 0x0000000085a00000|100%| O|  |TAMS 0x0000000085a00000, 0x0000000085900000| Untracked 
|  90|0x0000000085a00000, 0x0000000085b00000, 0x0000000085b00000|100%| O|  |TAMS 0x0000000085b00000, 0x0000000085a00000| Untracked 
|  91|0x0000000085b00000, 0x0000000085c00000, 0x0000000085c00000|100%| O|  |TAMS 0x0000000085c00000, 0x0000000085b00000| Untracked 
|  92|0x0000000085c00000, 0x0000000085d00000, 0x0000000085d00000|100%| O|  |TAMS 0x0000000085d00000, 0x0000000085c00000| Untracked 
|  93|0x0000000085d00000, 0x0000000085e00000, 0x0000000085e00000|100%| O|  |TAMS 0x0000000085e00000, 0x0000000085d00000| Untracked 
|  94|0x0000000085e00000, 0x0000000085f00000, 0x0000000085f00000|100%| O|  |TAMS 0x0000000085e99600, 0x0000000085e00000| Untracked 
|  95|0x0000000085f00000, 0x0000000086000000, 0x0000000086000000|100%| O|  |TAMS 0x0000000086000000, 0x0000000085f00000| Untracked 
|  96|0x0000000086000000, 0x0000000086100000, 0x0000000086100000|100%| O|  |TAMS 0x0000000086000000, 0x0000000086000000| Untracked 
|  97|0x0000000086100000, 0x0000000086200000, 0x0000000086200000|100%| O|  |TAMS 0x0000000086100000, 0x0000000086100000| Untracked 
|  98|0x0000000086200000, 0x0000000086300000, 0x0000000086300000|100%| O|  |TAMS 0x0000000086200000, 0x0000000086200000| Untracked 
|  99|0x0000000086300000, 0x0000000086400000, 0x0000000086400000|100%| O|  |TAMS 0x0000000086300000, 0x0000000086300000| Untracked 
| 100|0x0000000086400000, 0x00000000864e1800, 0x0000000086500000| 88%| O|  |TAMS 0x0000000086400000, 0x0000000086400000| Untracked 
| 101|0x0000000086500000, 0x0000000086500000, 0x0000000086600000|  0%| F|  |TAMS 0x0000000086500000, 0x0000000086500000| Untracked 
| 102|0x0000000086600000, 0x0000000086600000, 0x0000000086700000|  0%| F|  |TAMS 0x0000000086600000, 0x0000000086600000| Untracked 
| 103|0x0000000086700000, 0x0000000086700000, 0x0000000086800000|  0%| F|  |TAMS 0x0000000086700000, 0x0000000086700000| Untracked 
| 104|0x0000000086800000, 0x0000000086800000, 0x0000000086900000|  0%| F|  |TAMS 0x0000000086800000, 0x0000000086800000| Untracked 
| 105|0x0000000086900000, 0x0000000086900000, 0x0000000086a00000|  0%| F|  |TAMS 0x0000000086900000, 0x0000000086900000| Untracked 
| 106|0x0000000086a00000, 0x0000000086a00000, 0x0000000086b00000|  0%| F|  |TAMS 0x0000000086a00000, 0x0000000086a00000| Untracked 
| 107|0x0000000086b00000, 0x0000000086b00000, 0x0000000086c00000|  0%| F|  |TAMS 0x0000000086b00000, 0x0000000086b00000| Untracked 
| 108|0x0000000086c00000, 0x0000000086c00000, 0x0000000086d00000|  0%| F|  |TAMS 0x0000000086c00000, 0x0000000086c00000| Untracked 
| 109|0x0000000086d00000, 0x0000000086d00000, 0x0000000086e00000|  0%| F|  |TAMS 0x0000000086d00000, 0x0000000086d00000| Untracked 
| 110|0x0000000086e00000, 0x0000000086e00000, 0x0000000086f00000|  0%| F|  |TAMS 0x0000000086e00000, 0x0000000086e00000| Untracked 
| 111|0x0000000086f00000, 0x0000000086f00000, 0x0000000087000000|  0%| F|  |TAMS 0x0000000086f00000, 0x0000000086f00000| Untracked 
| 112|0x0000000087000000, 0x0000000087000000, 0x0000000087100000|  0%| F|  |TAMS 0x0000000087000000, 0x0000000087000000| Untracked 
| 113|0x0000000087100000, 0x0000000087100000, 0x0000000087200000|  0%| F|  |TAMS 0x0000000087100000, 0x0000000087100000| Untracked 
| 114|0x0000000087200000, 0x0000000087200000, 0x0000000087300000|  0%| F|  |TAMS 0x0000000087200000, 0x0000000087200000| Untracked 
| 115|0x0000000087300000, 0x0000000087300000, 0x0000000087400000|  0%| F|  |TAMS 0x0000000087300000, 0x0000000087300000| Untracked 
| 116|0x0000000087400000, 0x0000000087400000, 0x0000000087500000|  0%| F|  |TAMS 0x0000000087400000, 0x0000000087400000| Untracked 
| 117|0x0000000087500000, 0x0000000087500000, 0x0000000087600000|  0%| F|  |TAMS 0x0000000087500000, 0x0000000087500000| Untracked 
| 118|0x0000000087600000, 0x0000000087600000, 0x0000000087700000|  0%| F|  |TAMS 0x0000000087600000, 0x0000000087600000| Untracked 
| 119|0x0000000087700000, 0x0000000087700000, 0x0000000087800000|  0%| F|  |TAMS 0x0000000087700000, 0x0000000087700000| Untracked 
| 120|0x0000000087800000, 0x0000000087800000, 0x0000000087900000|  0%| F|  |TAMS 0x0000000087800000, 0x0000000087800000| Untracked 
| 121|0x0000000087900000, 0x0000000087900000, 0x0000000087a00000|  0%| F|  |TAMS 0x0000000087900000, 0x0000000087900000| Untracked 
| 122|0x0000000087a00000, 0x0000000087a00000, 0x0000000087b00000|  0%| F|  |TAMS 0x0000000087a00000, 0x0000000087a00000| Untracked 
| 123|0x0000000087b00000, 0x0000000087b00000, 0x0000000087c00000|  0%| F|  |TAMS 0x0000000087b00000, 0x0000000087b00000| Untracked 
| 124|0x0000000087c00000, 0x0000000087c00000, 0x0000000087d00000|  0%| F|  |TAMS 0x0000000087c00000, 0x0000000087c00000| Untracked 
| 125|0x0000000087d00000, 0x0000000087d00000, 0x0000000087e00000|  0%| F|  |TAMS 0x0000000087d00000, 0x0000000087d00000| Untracked 
| 126|0x0000000087e00000, 0x0000000087e00000, 0x0000000087f00000|  0%| F|  |TAMS 0x0000000087e00000, 0x0000000087e00000| Untracked 
| 127|0x0000000087f00000, 0x0000000087f00000, 0x0000000088000000|  0%| F|  |TAMS 0x0000000087f00000, 0x0000000087f00000| Untracked 
| 128|0x0000000088000000, 0x0000000088000000, 0x0000000088100000|  0%| F|  |TAMS 0x0000000088000000, 0x0000000088000000| Untracked 
| 129|0x0000000088100000, 0x0000000088100000, 0x0000000088200000|  0%| F|  |TAMS 0x0000000088100000, 0x0000000088100000| Untracked 
| 130|0x0000000088200000, 0x0000000088200000, 0x0000000088300000|  0%| F|  |TAMS 0x0000000088200000, 0x0000000088200000| Untracked 
| 131|0x0000000088300000, 0x0000000088300000, 0x0000000088400000|  0%| F|  |TAMS 0x0000000088300000, 0x0000000088300000| Untracked 
| 132|0x0000000088400000, 0x0000000088400000, 0x0000000088500000|  0%| F|  |TAMS 0x0000000088400000, 0x0000000088400000| Untracked 
| 133|0x0000000088500000, 0x0000000088500000, 0x0000000088600000|  0%| F|  |TAMS 0x0000000088500000, 0x0000000088500000| Untracked 
| 134|0x0000000088600000, 0x0000000088600000, 0x0000000088700000|  0%| F|  |TAMS 0x0000000088600000, 0x0000000088600000| Untracked 
| 135|0x0000000088700000, 0x0000000088700000, 0x0000000088800000|  0%| F|  |TAMS 0x0000000088700000, 0x0000000088700000| Untracked 
| 136|0x0000000088800000, 0x0000000088800000, 0x0000000088900000|  0%| F|  |TAMS 0x0000000088800000, 0x0000000088800000| Untracked 
| 137|0x0000000088900000, 0x0000000088900000, 0x0000000088a00000|  0%| F|  |TAMS 0x0000000088900000, 0x0000000088900000| Untracked 
| 138|0x0000000088a00000, 0x0000000088a00000, 0x0000000088b00000|  0%| F|  |TAMS 0x0000000088a00000, 0x0000000088a00000| Untracked 
| 139|0x0000000088b00000, 0x0000000088b00000, 0x0000000088c00000|  0%| F|  |TAMS 0x0000000088b00000, 0x0000000088b00000| Untracked 
| 140|0x0000000088c00000, 0x0000000088c00000, 0x0000000088d00000|  0%| F|  |TAMS 0x0000000088c00000, 0x0000000088c00000| Untracked 
| 141|0x0000000088d00000, 0x0000000088d00000, 0x0000000088e00000|  0%| F|  |TAMS 0x0000000088d00000, 0x0000000088d00000| Untracked 
| 142|0x0000000088e00000, 0x0000000088e00000, 0x0000000088f00000|  0%| F|  |TAMS 0x0000000088e00000, 0x0000000088e00000| Untracked 
| 143|0x0000000088f00000, 0x0000000088f00000, 0x0000000089000000|  0%| F|  |TAMS 0x0000000088f00000, 0x0000000088f00000| Untracked 
| 144|0x0000000089000000, 0x0000000089000000, 0x0000000089100000|  0%| F|  |TAMS 0x0000000089000000, 0x0000000089000000| Untracked 
| 145|0x0000000089100000, 0x0000000089100000, 0x0000000089200000|  0%| F|  |TAMS 0x0000000089100000, 0x0000000089100000| Untracked 
| 146|0x0000000089200000, 0x0000000089200000, 0x0000000089300000|  0%| F|  |TAMS 0x0000000089200000, 0x0000000089200000| Untracked 
| 147|0x0000000089300000, 0x0000000089300000, 0x0000000089400000|  0%| F|  |TAMS 0x0000000089300000, 0x0000000089300000| Untracked 
| 148|0x0000000089400000, 0x0000000089400000, 0x0000000089500000|  0%| F|  |TAMS 0x0000000089400000, 0x0000000089400000| Untracked 
| 149|0x0000000089500000, 0x0000000089500000, 0x0000000089600000|  0%| F|  |TAMS 0x0000000089500000, 0x0000000089500000| Untracked 
| 150|0x0000000089600000, 0x0000000089600000, 0x0000000089700000|  0%| F|  |TAMS 0x0000000089600000, 0x0000000089600000| Untracked 
| 151|0x0000000089700000, 0x0000000089700000, 0x0000000089800000|  0%| F|  |TAMS 0x0000000089700000, 0x0000000089700000| Untracked 
| 152|0x0000000089800000, 0x0000000089800000, 0x0000000089900000|  0%| F|  |TAMS 0x0000000089800000, 0x0000000089800000| Untracked 
| 153|0x0000000089900000, 0x0000000089900000, 0x0000000089a00000|  0%| F|  |TAMS 0x0000000089900000, 0x0000000089900000| Untracked 
| 154|0x0000000089a00000, 0x0000000089a00000, 0x0000000089b00000|  0%| F|  |TAMS 0x0000000089a00000, 0x0000000089a00000| Untracked 
| 155|0x0000000089b00000, 0x0000000089b00000, 0x0000000089c00000|  0%| F|  |TAMS 0x0000000089b00000, 0x0000000089b00000| Untracked 
| 156|0x0000000089c00000, 0x0000000089c00000, 0x0000000089d00000|  0%| F|  |TAMS 0x0000000089c00000, 0x0000000089c00000| Untracked 
| 157|0x0000000089d00000, 0x0000000089d00000, 0x0000000089e00000|  0%| F|  |TAMS 0x0000000089d00000, 0x0000000089d00000| Untracked 
| 158|0x0000000089e00000, 0x0000000089e00000, 0x0000000089f00000|  0%| F|  |TAMS 0x0000000089e00000, 0x0000000089e00000| Untracked 
| 200|0x000000008c800000, 0x000000008c800000, 0x000000008c900000|  0%| F|  |TAMS 0x000000008c800000, 0x000000008c800000| Untracked 
| 201|0x000000008c900000, 0x000000008c900000, 0x000000008ca00000|  0%| F|  |TAMS 0x000000008c900000, 0x000000008c900000| Untracked 
| 202|0x000000008ca00000, 0x000000008ca00000, 0x000000008cb00000|  0%| F|  |TAMS 0x000000008ca00000, 0x000000008ca00000| Untracked 
| 203|0x000000008cb00000, 0x000000008cb00000, 0x000000008cc00000|  0%| F|  |TAMS 0x000000008cb00000, 0x000000008cb00000| Untracked 
| 204|0x000000008cc00000, 0x000000008cc00000, 0x000000008cd00000|  0%| F|  |TAMS 0x000000008cc00000, 0x000000008cc00000| Untracked 
| 205|0x000000008cd00000, 0x000000008cd00000, 0x000000008ce00000|  0%| F|  |TAMS 0x000000008cd00000, 0x000000008cd00000| Untracked 
| 206|0x000000008ce00000, 0x000000008cf00000, 0x000000008cf00000|100%| S|CS|TAMS 0x000000008ce00000, 0x000000008ce00000| Complete 
| 207|0x000000008cf00000, 0x000000008cf00000, 0x000000008d000000|  0%| F|  |TAMS 0x000000008cf00000, 0x000000008cf00000| Untracked 
| 208|0x000000008d000000, 0x000000008d000000, 0x000000008d100000|  0%| F|  |TAMS 0x000000008d000000, 0x000000008d000000| Untracked 
| 251|0x000000008fb00000, 0x000000008fb00000, 0x000000008fc00000|  0%| F|  |TAMS 0x000000008fb00000, 0x000000008fb00000| Untracked 

Card table byte_map: [0x000001bb6a6f0000,0x000001bb6aaf0000] _byte_map_base: 0x000001bb6a2f0000

Marking Bits (Prev, Next): (CMBitMap*) 0x000001bb55c2c430, (CMBitMap*) 0x000001bb55c2c470
 Prev Bits: [0x000001bb6aef0000, 0x000001bb6cef0000)
 Next Bits: [0x000001bb6cef0000, 0x000001bb6eef0000)

Polling page: 0x000001bb55ca0000

Metaspace:

Usage:
  Non-class:     66.95 MB used.
      Class:     10.26 MB used.
       Both:     77.20 MB used.

Virtual space:
  Non-class space:       72.00 MB reserved,      67.25 MB ( 93%) committed,  9 nodes.
      Class space:        1.00 GB reserved,      10.56 MB (  1%) committed,  1 nodes.
             Both:        1.07 GB reserved,      77.81 MB (  7%) committed. 

Chunk freelists:
   Non-Class:  3.81 MB
       Class:  1.27 MB
        Both:  5.08 MB

MaxMetaspaceSize: unlimited
CompressedClassSpaceSize: 1.00 GB
Initial GC threshold: 21.00 MB
Current GC threshold: 122.81 MB
CDS: off
MetaspaceReclaimPolicy: balanced
 - commit_granule_bytes: 65536.
 - commit_granule_words: 8192.
 - virtual_space_node_default_size: 1048576.
 - enlarge_chunks_in_place: 1.
 - new_chunks_are_fully_committed: 0.
 - uncommit_free_chunks: 1.
 - use_allocation_guard: 0.
 - handle_deallocations: 1.


Internal statistics:

num_allocs_failed_limit: 3.
num_arena_births: 840.
num_arena_deaths: 0.
num_vsnodes_births: 10.
num_vsnodes_deaths: 0.
num_space_committed: 1245.
num_space_uncommitted: 0.
num_chunks_returned_to_freelist: 3.
num_chunks_taken_from_freelist: 3619.
num_chunk_merges: 3.
num_chunk_splits: 2418.
num_chunks_enlarged: 1635.
num_purges: 0.
num_inconsistent_stats: 0.

CodeHeap 'non-profiled nmethods': size=120000Kb used=4405Kb max_used=4405Kb free=115594Kb
 bounds [0x000001bb62340000, 0x000001bb62790000, 0x000001bb69870000]
CodeHeap 'profiled nmethods': size=120000Kb used=13978Kb max_used=13978Kb free=106021Kb
 bounds [0x000001bb5a870000, 0x000001bb5b620000, 0x000001bb61da0000]
CodeHeap 'non-nmethods': size=5760Kb used=2389Kb max_used=2445Kb free=3370Kb
 bounds [0x000001bb61da0000, 0x000001bb62010000, 0x000001bb62340000]
 total_blobs=8070 nmethods=7164 adapters=818
 compilation: enabled
              stopped_count=0, restarted_count=0
 full_count=0

Compilation events (20 events):
Event: 7.327 Thread 0x000001bb724ab410 7911       3       org.gradle.internal.snapshot.MerkleDirectorySnapshotBuilder::collectEntry (52 bytes)
Event: 7.327 Thread 0x000001bb728b7ec0 7912       4       java.util.Collections::indexedBinarySearch (83 bytes)
Event: 7.327 Thread 0x000001bb724ab410 nmethod 7911 0x000001bb5b612790 code [0x000001bb5b612960, 0x000001bb5b612e58]
Event: 7.328 Thread 0x000001bb724ab410 7913       3       org.gradle.internal.snapshot.impl.DirectorySnapshotter$PathVisitor::shouldVisit (92 bytes)
Event: 7.328 Thread 0x000001bb724ab410 nmethod 7913 0x000001bb5b613010 code [0x000001bb5b613280, 0x000001bb5b613d98]
Event: 7.328 Thread 0x000001bb724ab410 7914       3       sun.nio.fs.WindowsPath$WindowsPathWithAttributes::getFileSystem (5 bytes)
Event: 7.328 Thread 0x000001bb724ab410 nmethod 7914 0x000001bb5b614210 code [0x000001bb5b6143a0, 0x000001bb5b6144b8]
Event: 7.329 Thread 0x000001bb724ab410 7915       3       sun.nio.fs.WindowsFileAttributes::isRegularFile (27 bytes)
Event: 7.329 Thread 0x000001bb724ab410 nmethod 7915 0x000001bb5b614590 code [0x000001bb5b614780, 0x000001bb5b614dd8]
Event: 7.329 Thread 0x000001bb724ab410 7916       3       org.gradle.api.internal.changedetection.state.SplitFileHasher::hash (44 bytes)
Event: 7.329 Thread 0x000001bb724ab410 nmethod 7916 0x000001bb5b614f10 code [0x000001bb5b615100, 0x000001bb5b6155e8]
Event: 7.329 Thread 0x000001bb724ab410 7917       3       org.gradle.internal.snapshot.impl.DirectorySnapshotterStatistics$CollectingFileVisitor::visitFile (10 bytes)
Event: 7.329 Thread 0x000001bb724ab410 nmethod 7917 0x000001bb5b615810 code [0x000001bb5b6159e0, 0x000001bb5b615d78]
Event: 7.329 Thread 0x000001bb728b7ec0 nmethod 7912 0x000001bb6278d110 code [0x000001bb6278d2a0, 0x000001bb6278d498]
Event: 7.329 Thread 0x000001bb724ab410 7918       3       org.gradle.internal.snapshot.impl.DirectorySnapshotterStatistics$CollectingFileVisitor::visitFile (14 bytes)
Event: 7.329 Thread 0x000001bb724ab410 nmethod 7918 0x000001bb5b615f10 code [0x000001bb5b6160c0, 0x000001bb5b6162b8]
Event: 7.330 Thread 0x000001bb724ab410 7919       3       org.gradle.internal.snapshot.impl.FilteredTrackingMerkleDirectorySnapshotBuilder::visitLeafElement (11 bytes)
Event: 7.330 Thread 0x000001bb724ab410 nmethod 7919 0x000001bb5b616490 code [0x000001bb5b616640, 0x000001bb5b616808]
Event: 7.331 Thread 0x000001bb728b7ec0 7920       4       java.util.concurrent.ConcurrentLinkedQueue::offer (120 bytes)
Event: 7.333 Thread 0x000001bb7247e290 7921       4       org.gradle.cache.internal.btree.CachingBlockStore::read (56 bytes)

GC Heap History (20 events):
Event: 4.802 GC heap after
{Heap after GC invocations=25 (full 0):
 garbage-first heap   total 122880K, used 71374K [0x0000000080000000, 0x0000000100000000)
  region size 1024K, 3 young (3072K), 3 survivors (3072K)
 Metaspace       used 54255K, committed 54912K, reserved 1097728K
  class space    used 7308K, committed 7616K, reserved 1048576K
}
Event: 5.060 GC heap before
{Heap before GC invocations=25 (full 0):
 garbage-first heap   total 122880K, used 97998K [0x0000000080000000, 0x0000000100000000)
  region size 1024K, 29 young (29696K), 3 survivors (3072K)
 Metaspace       used 56133K, committed 56832K, reserved 1105920K
  class space    used 7569K, committed 7872K, reserved 1048576K
}
Event: 5.064 GC heap after
{Heap after GC invocations=26 (full 0):
 garbage-first heap   total 122880K, used 73708K [0x0000000080000000, 0x0000000100000000)
  region size 1024K, 4 young (4096K), 4 survivors (4096K)
 Metaspace       used 56133K, committed 56832K, reserved 1105920K
  class space    used 7569K, committed 7872K, reserved 1048576K
}
Event: 5.211 GC heap before
{Heap before GC invocations=27 (full 0):
 garbage-first heap   total 135168K, used 91116K [0x0000000080000000, 0x0000000100000000)
  region size 1024K, 23 young (23552K), 4 survivors (4096K)
 Metaspace       used 56449K, committed 57088K, reserved 1105920K
  class space    used 7595K, committed 7872K, reserved 1048576K
}
Event: 5.214 GC heap after
{Heap after GC invocations=28 (full 0):
 garbage-first heap   total 135168K, used 75275K [0x0000000080000000, 0x0000000100000000)
  region size 1024K, 3 young (3072K), 3 survivors (3072K)
 Metaspace       used 56449K, committed 57088K, reserved 1105920K
  class space    used 7595K, committed 7872K, reserved 1048576K
}
Event: 5.452 GC heap before
{Heap before GC invocations=29 (full 0):
 garbage-first heap   total 142336K, used 117259K [0x0000000080000000, 0x0000000100000000)
  region size 1024K, 35 young (35840K), 3 survivors (3072K)
 Metaspace       used 59648K, committed 60288K, reserved 1105920K
  class space    used 8040K, committed 8320K, reserved 1048576K
}
Event: 5.455 GC heap after
{Heap after GC invocations=30 (full 0):
 garbage-first heap   total 171008K, used 90819K [0x0000000080000000, 0x0000000100000000)
  region size 1024K, 5 young (5120K), 5 survivors (5120K)
 Metaspace       used 59648K, committed 60288K, reserved 1105920K
  class space    used 8040K, committed 8320K, reserved 1048576K
}
Event: 5.502 GC heap before
{Heap before GC invocations=30 (full 0):
 garbage-first heap   total 171008K, used 93891K [0x0000000080000000, 0x0000000100000000)
  region size 1024K, 8 young (8192K), 5 survivors (5120K)
 Metaspace       used 60040K, committed 60672K, reserved 1105920K
  class space    used 8095K, committed 8384K, reserved 1048576K
}
Event: 5.506 GC heap after
{Heap after GC invocations=31 (full 0):
 garbage-first heap   total 171008K, used 91579K [0x0000000080000000, 0x0000000100000000)
  region size 1024K, 1 young (1024K), 1 survivors (1024K)
 Metaspace       used 60040K, committed 60672K, reserved 1105920K
  class space    used 8095K, committed 8384K, reserved 1048576K
}
Event: 5.958 GC heap before
{Heap before GC invocations=31 (full 0):
 garbage-first heap   total 171008K, used 130491K [0x0000000080000000, 0x0000000100000000)
  region size 1024K, 39 young (39936K), 1 survivors (1024K)
 Metaspace       used 67289K, committed 68032K, reserved 1114112K
  class space    used 8956K, committed 9280K, reserved 1048576K
}
Event: 5.961 GC heap after
{Heap after GC invocations=32 (full 0):
 garbage-first heap   total 171008K, used 94049K [0x0000000080000000, 0x0000000100000000)
  region size 1024K, 3 young (3072K), 3 survivors (3072K)
 Metaspace       used 67289K, committed 68032K, reserved 1114112K
  class space    used 8956K, committed 9280K, reserved 1048576K
}
Event: 6.291 GC heap before
{Heap before GC invocations=33 (full 0):
 garbage-first heap   total 171008K, used 139105K [0x0000000080000000, 0x0000000100000000)
  region size 1024K, 41 young (41984K), 3 survivors (3072K)
 Metaspace       used 70243K, committed 70976K, reserved 1114112K
  class space    used 9339K, committed 9664K, reserved 1048576K
}
Event: 6.294 GC heap after
{Heap after GC invocations=34 (full 0):
 garbage-first heap   total 171008K, used 97321K [0x0000000080000000, 0x0000000100000000)
  region size 1024K, 6 young (6144K), 6 survivors (6144K)
 Metaspace       used 70243K, committed 70976K, reserved 1114112K
  class space    used 9339K, committed 9664K, reserved 1048576K
}
Event: 6.306 GC heap before
{Heap before GC invocations=34 (full 0):
 garbage-first heap   total 171008K, used 99369K [0x0000000080000000, 0x0000000100000000)
  region size 1024K, 8 young (8192K), 6 survivors (6144K)
 Metaspace       used 70403K, committed 71104K, reserved 1114112K
  class space    used 9366K, committed 9664K, reserved 1048576K
}
Event: 6.309 GC heap after
{Heap after GC invocations=35 (full 0):
 garbage-first heap   total 171008K, used 97866K [0x0000000080000000, 0x0000000100000000)
  region size 1024K, 1 young (1024K), 1 survivors (1024K)
 Metaspace       used 70403K, committed 71104K, reserved 1114112K
  class space    used 9366K, committed 9664K, reserved 1048576K
}
Event: 6.887 GC heap before
{Heap before GC invocations=35 (full 0):
 garbage-first heap   total 171008K, used 135754K [0x0000000080000000, 0x0000000100000000)
  region size 1024K, 38 young (38912K), 1 survivors (1024K)
 Metaspace       used 74569K, committed 75264K, reserved 1122304K
  class space    used 9902K, committed 10240K, reserved 1048576K
}
Event: 6.890 GC heap after
{Heap after GC invocations=36 (full 0):
 garbage-first heap   total 171008K, used 99381K [0x0000000080000000, 0x0000000100000000)
  region size 1024K, 3 young (3072K), 3 survivors (3072K)
 Metaspace       used 74569K, committed 75264K, reserved 1122304K
  class space    used 9902K, committed 10240K, reserved 1048576K
}
Event: 7.306 GC heap before
{Heap before GC invocations=37 (full 0):
 garbage-first heap   total 173056K, used 136245K [0x0000000080000000, 0x0000000100000000)
  region size 1024K, 40 young (40960K), 3 survivors (3072K)
 Metaspace       used 79048K, committed 79680K, reserved 1122304K
  class space    used 10505K, committed 10816K, reserved 1048576K
}
Event: 7.311 GC heap after
{Heap after GC invocations=38 (full 0):
 garbage-first heap   total 173056K, used 102706K [0x0000000080000000, 0x0000000100000000)
  region size 1024K, 5 young (5120K), 5 survivors (5120K)
 Metaspace       used 79048K, committed 79680K, reserved 1122304K
  class space    used 10505K, committed 10816K, reserved 1048576K
}
Event: 7.334 GC heap before
{Heap before GC invocations=38 (full 0):
 garbage-first heap   total 173056K, used 105778K [0x0000000080000000, 0x0000000100000000)
  region size 1024K, 8 young (8192K), 5 survivors (5120K)
 Metaspace       used 79057K, committed 79680K, reserved 1122304K
  class space    used 10505K, committed 10816K, reserved 1048576K
}

Dll operation events (2 events):
Event: 0.006 Loaded shared library C:\Program Files\Android\Android Studio\jbr\bin\java.dll
Event: 0.216 Loaded shared library C:\Program Files\Android\Android Studio\jbr\bin\verify.dll

Deoptimization events (20 events):
Event: 7.218 Thread 0x000001bb7378ea70 Uncommon trap: trap_request=0xffffffde fr.pc=0x000001bb6277870c relative=0x00000000000004ac
Event: 7.218 Thread 0x000001bb7378ea70 Uncommon trap: reason=class_check action=maybe_recompile pc=0x000001bb6277870c method=kotlin.reflect.jvm.internal.impl.protobuf.CodedInputStream.tryRefillBuffer(I)Z @ 175 c2
Event: 7.218 Thread 0x000001bb7378ea70 DEOPT PACKING pc=0x000001bb6277870c sp=0x0000004dffaf8040
Event: 7.218 Thread 0x000001bb7378ea70 DEOPT UNPACKING pc=0x000001bb61dfa1a3 sp=0x0000004dffaf7f28 mode 2
Event: 7.221 Thread 0x000001bb7378ea70 Uncommon trap: trap_request=0xffffffde fr.pc=0x000001bb6277870c relative=0x00000000000004ac
Event: 7.221 Thread 0x000001bb7378ea70 Uncommon trap: reason=class_check action=maybe_recompile pc=0x000001bb6277870c method=kotlin.reflect.jvm.internal.impl.protobuf.CodedInputStream.tryRefillBuffer(I)Z @ 175 c2
Event: 7.221 Thread 0x000001bb7378ea70 DEOPT PACKING pc=0x000001bb6277870c sp=0x0000004dffaf8040
Event: 7.221 Thread 0x000001bb7378ea70 DEOPT UNPACKING pc=0x000001bb61dfa1a3 sp=0x0000004dffaf7f28 mode 2
Event: 7.266 Thread 0x000001bb7378ea70 Uncommon trap: trap_request=0xffffff45 fr.pc=0x000001bb6277a60c relative=0x00000000000001ec
Event: 7.266 Thread 0x000001bb7378ea70 Uncommon trap: reason=unstable_if action=reinterpret pc=0x000001bb6277a60c method=kotlin.reflect.jvm.internal.impl.protobuf.CodedInputStream.readRawVarint32()I @ 69 c2
Event: 7.266 Thread 0x000001bb7378ea70 DEOPT PACKING pc=0x000001bb6277a60c sp=0x0000004dffaf7da0
Event: 7.266 Thread 0x000001bb7378ea70 DEOPT UNPACKING pc=0x000001bb61dfa1a3 sp=0x0000004dffaf7cd0 mode 2
Event: 7.281 Thread 0x000001bb7552e450 Uncommon trap: trap_request=0xffffffde fr.pc=0x000001bb624a2d94 relative=0x0000000000000974
Event: 7.282 Thread 0x000001bb7552e450 Uncommon trap: reason=class_check action=maybe_recompile pc=0x000001bb624a2d94 method=java.io.BufferedInputStream.read1([BII)I @ 39 c2
Event: 7.282 Thread 0x000001bb7552e450 DEOPT PACKING pc=0x000001bb624a2d94 sp=0x0000004d815fe1e0
Event: 7.282 Thread 0x000001bb7552e450 DEOPT UNPACKING pc=0x000001bb61dfa1a3 sp=0x0000004d815fe098 mode 2
Event: 7.282 Thread 0x000001bb7552e450 Uncommon trap: trap_request=0xffffff45 fr.pc=0x000001bb623b9f60 relative=0x0000000000000220
Event: 7.282 Thread 0x000001bb7552e450 Uncommon trap: reason=unstable_if action=reinterpret pc=0x000001bb623b9f60 method=com.esotericsoftware.kryo.io.Input.readVarInt(Z)I @ 42 c2
Event: 7.282 Thread 0x000001bb7552e450 DEOPT PACKING pc=0x000001bb623b9f60 sp=0x0000004d815fe3a0
Event: 7.282 Thread 0x000001bb7552e450 DEOPT UNPACKING pc=0x000001bb61dfa1a3 sp=0x0000004d815fe290 mode 2

Classes unloaded (0 events):
No events

Classes redefined (0 events):
No events

Internal exceptions (20 events):
Event: 6.690 Thread 0x000001bb7378ea70 Exception <a 'java/lang/ClassNotFoundException'{0x0000000088fcee28}: org/gradle/api/plugins/internal/DefaultBasePluginConventionCustomizer> (0x0000000088fcee28) 
thrown [s\src\hotspot\share\classfile\systemDictionary.cpp, line 256]
Event: 6.691 Thread 0x000001bb7378ea70 Exception <a 'java/lang/ClassNotFoundException'{0x0000000088ff7ab8}: org/gradle/api/plugins/internal/DefaultBasePluginConvention_DecoratedCustomizer> (0x0000000088ff7ab8) 
thrown [s\src\hotspot\share\classfile\systemDictionary.cpp, line 256]
Event: 6.696 Thread 0x000001bb7378ea70 Exception <a 'java/lang/ClassNotFoundException'{0x0000000088e67d70}: org/gradle/api/plugins/internal/DefaultJavaPluginConvention_DecoratedBeanInfo> (0x0000000088e67d70) 
thrown [s\src\hotspot\share\classfile\systemDictionary.cpp, line 256]
Event: 6.697 Thread 0x000001bb7378ea70 Exception <a 'java/lang/ClassNotFoundException'{0x0000000088e7f4c8}: org/gradle/api/plugins/internal/DefaultJavaPluginConventionBeanInfo> (0x0000000088e7f4c8) 
thrown [s\src\hotspot\share\classfile\systemDictionary.cpp, line 256]
Event: 6.698 Thread 0x000001bb7378ea70 Exception <a 'java/lang/ClassNotFoundException'{0x0000000088e96fe8}: org/gradle/api/plugins/JavaPluginConventionBeanInfo> (0x0000000088e96fe8) 
thrown [s\src\hotspot\share\classfile\systemDictionary.cpp, line 256]
Event: 6.699 Thread 0x000001bb7378ea70 Exception <a 'java/lang/ClassNotFoundException'{0x0000000088eae030}: org/gradle/api/plugins/JavaPluginConventionCustomizer> (0x0000000088eae030) 
thrown [s\src\hotspot\share\classfile\systemDictionary.cpp, line 256]
Event: 6.701 Thread 0x000001bb7378ea70 Exception <a 'java/lang/ClassNotFoundException'{0x0000000088ed8fb8}: org/gradle/api/plugins/internal/DefaultJavaPluginConventionCustomizer> (0x0000000088ed8fb8) 
thrown [s\src\hotspot\share\classfile\systemDictionary.cpp, line 256]
Event: 6.703 Thread 0x000001bb7378ea70 Exception <a 'java/lang/ClassNotFoundException'{0x0000000088d162c0}: org/gradle/api/plugins/internal/DefaultJavaPluginConvention_DecoratedCustomizer> (0x0000000088d162c0) 
thrown [s\src\hotspot\share\classfile\systemDictionary.cpp, line 256]
Event: 6.891 Thread 0x000001bb7378ea70 Exception <a 'java/lang/ClassNotFoundException'{0x000000008fb13010}: org/jetbrains/kotlin/gradle/targets/js/npm/DefaultNpmDependencyExtensionBeanInfo> (0x000000008fb13010) 
thrown [s\src\hotspot\share\classfile\systemDictionary.cpp, line 256]
Event: 6.891 Thread 0x000001bb7378ea70 Exception <a 'java/lang/ClassNotFoundException'{0x000000008fb1e680}: org/jetbrains/kotlin/gradle/targets/js/npm/DefaultNpmDependencyExtensionCustomizer> (0x000000008fb1e680) 
thrown [s\src\hotspot\share\classfile\systemDictionary.cpp, line 256]
Event: 6.896 Thread 0x000001bb7378ea70 Exception <a 'java/lang/ClassNotFoundException'{0x000000008fb8a5f8}: org/jetbrains/kotlin/gradle/targets/js/npm/NpmDependencyExtensionKt$defaultNpmDependencyDelegate$1BeanInfo> (0x000000008fb8a5f8) 
thrown [s\src\hotspot\share\classfile\systemDictionary.cpp, line 256]
Event: 6.897 Thread 0x000001bb7378ea70 Exception <a 'java/lang/ClassNotFoundException'{0x000000008fb95cb0}: org/jetbrains/kotlin/gradle/targets/js/npm/NpmDependencyExtensionDelegateBeanInfo> (0x000000008fb95cb0) 
thrown [s\src\hotspot\share\classfile\systemDictionary.cpp, line 256]
Event: 6.897 Thread 0x000001bb7378ea70 Exception <a 'java/lang/ClassNotFoundException'{0x000000008fba1330}: org/jetbrains/kotlin/gradle/targets/js/npm/NpmDependencyExtensionDelegateCustomizer> (0x000000008fba1330) 
thrown [s\src\hotspot\share\classfile\systemDictionary.cpp, line 256]
Event: 6.899 Thread 0x000001bb7378ea70 Exception <a 'java/lang/ClassNotFoundException'{0x000000008fbc46c8}: org/jetbrains/kotlin/gradle/targets/js/npm/NpmDependencyExtensionKt$defaultNpmDependencyDelegate$1Customizer> (0x000000008fbc46c8) 
thrown [s\src\hotspot\share\classfile\systemDictionary.cpp, line 256]
Event: 6.904 Thread 0x000001bb7378ea70 Exception <a 'java/lang/ClassNotFoundException'{0x000000008fbf9a78}: org/jetbrains/kotlin/gradle/targets/js/npm/DefaultDevNpmDependencyExtensionBeanInfo> (0x000000008fbf9a78) 
thrown [s\src\hotspot\share\classfile\systemDictionary.cpp, line 256]
Event: 6.904 Thread 0x000001bb7378ea70 Exception <a 'java/lang/ClassNotFoundException'{0x000000008d005b48}: org/jetbrains/kotlin/gradle/targets/js/npm/DefaultDevNpmDependencyExtensionCustomizer> (0x000000008d005b48) 
thrown [s\src\hotspot\share\classfile\systemDictionary.cpp, line 256]
Event: 6.906 Thread 0x000001bb7378ea70 Exception <a 'java/lang/ClassNotFoundException'{0x000000008d03f9f8}: org/jetbrains/kotlin/gradle/targets/js/npm/DefaultPeerNpmDependencyExtensionBeanInfo> (0x000000008d03f9f8) 
thrown [s\src\hotspot\share\classfile\systemDictionary.cpp, line 256]
Event: 6.907 Thread 0x000001bb7378ea70 Exception <a 'java/lang/ClassNotFoundException'{0x000000008d04b0b0}: org/jetbrains/kotlin/gradle/targets/js/npm/DefaultPeerNpmDependencyExtensionCustomizer> (0x000000008d04b0b0) 
thrown [s\src\hotspot\share\classfile\systemDictionary.cpp, line 256]
Event: 6.910 Thread 0x000001bb7378ea70 Exception <a 'java/lang/ClassNotFoundException'{0x000000008d08c1c8}: org/jetbrains/kotlin/gradle/targets/js/npm/DefaultPeerNpmDependencyExtension$delegate$1BeanInfo> (0x000000008d08c1c8) 
thrown [s\src\hotspot\share\classfile\systemDictionary.cpp, line 256]
Event: 6.910 Thread 0x000001bb7378ea70 Exception <a 'java/lang/ClassNotFoundException'{0x000000008d097a48}: org/jetbrains/kotlin/gradle/targets/js/npm/DefaultPeerNpmDependencyExtension$delegate$1Customizer> (0x000000008d097a48) 
thrown [s\src\hotspot\share\classfile\systemDictionary.cpp, line 256]

VM Operations (20 events):
Event: 6.294 Executing VM operation: G1CollectForAllocation done
Event: 6.306 Executing VM operation: G1CollectForAllocation
Event: 6.309 Executing VM operation: G1CollectForAllocation done
Event: 6.424 Executing VM operation: HandshakeAllThreads
Event: 6.437 Executing VM operation: HandshakeAllThreads done
Event: 6.490 Executing VM operation: HandshakeAllThreads
Event: 6.490 Executing VM operation: HandshakeAllThreads done
Event: 6.568 Executing VM operation: ICBufferFull
Event: 6.569 Executing VM operation: ICBufferFull done
Event: 6.680 Executing VM operation: HandshakeAllThreads
Event: 6.680 Executing VM operation: HandshakeAllThreads done
Event: 6.887 Executing VM operation: G1CollectForAllocation
Event: 6.890 Executing VM operation: G1CollectForAllocation done
Event: 6.932 Executing VM operation: G1Concurrent
Event: 6.935 Executing VM operation: G1Concurrent done
Event: 6.955 Executing VM operation: G1Concurrent
Event: 6.955 Executing VM operation: G1Concurrent done
Event: 7.306 Executing VM operation: G1CollectForAllocation
Event: 7.312 Executing VM operation: G1CollectForAllocation done
Event: 7.334 Executing VM operation: G1CollectForAllocation

Events (20 events):
Event: 6.510 loading class org/xml/sax/EntityResolver done
Event: 6.510 loading class org/xml/sax/DTDHandler
Event: 6.510 loading class org/xml/sax/DTDHandler done
Event: 6.516 loading class java/util/Spliterators$IntArraySpliterator
Event: 6.517 loading class java/util/Spliterators$IntArraySpliterator done
Event: 6.520 loading class java/text/ParsePosition
Event: 6.520 loading class java/text/ParsePosition done
Event: 6.527 loading class java/text/CharacterIterator
Event: 6.527 loading class java/text/CharacterIterator done
Event: 6.574 loading class java/time/format/DateTimeFormatterBuilder$WeekBasedFieldPrinterParser
Event: 6.575 loading class java/time/format/DateTimeFormatterBuilder$WeekBasedFieldPrinterParser done
Event: 6.589 loading class com/sun/jmx/mbeanserver/StandardMBeanSupport
Event: 6.589 loading class com/sun/jmx/mbeanserver/StandardMBeanSupport done
Event: 6.589 loading class com/sun/jmx/mbeanserver/StandardMBeanIntrospector
Event: 6.589 loading class com/sun/jmx/mbeanserver/StandardMBeanIntrospector done
Event: 7.021 Thread 0x000001bb75fa4210 Thread exited: 0x000001bb75fa4210
Event: 7.201 loading class java/util/ArrayList$SubList$1
Event: 7.201 loading class java/util/ArrayList$SubList$1 done
Event: 7.238 Thread 0x000001bb75ac8070 Thread exited: 0x000001bb75ac8070
Event: 7.279 Thread 0x000001bb728b7ec0 Thread added: 0x000001bb728b7ec0


Dynamic libraries:
0x00007ff605f90000 - 0x00007ff605f9a000 	C:\Program Files\Android\Android Studio\jbr\bin\java.exe
0x00007ffe36670000 - 0x00007ffe36868000 	C:\Windows\SYSTEM32\ntdll.dll
0x00007ffe348b0000 - 0x00007ffe3496f000 	C:\Windows\System32\KERNEL32.DLL
0x00007ffe33a50000 - 0x00007ffe33d22000 	C:\Windows\System32\KERNELBASE.dll
0x00007ffe33dd0000 - 0x00007ffe33ed0000 	C:\Windows\System32\ucrtbase.dll
0x00007ffe28c20000 - 0x00007ffe28c37000 	C:\Program Files\Android\Android Studio\jbr\bin\jli.dll
0x00007ffe16770000 - 0x00007ffe1678b000 	C:\Program Files\Android\Android Studio\jbr\bin\VCRUNTIME140.dll
0x00007ffe35670000 - 0x00007ffe3580d000 	C:\Windows\System32\USER32.dll
0x00007ffe34290000 - 0x00007ffe342b2000 	C:\Windows\System32\win32u.dll
0x00007ffe34f40000 - 0x00007ffe34f6b000 	C:\Windows\System32\GDI32.dll
0x00007ffe343d0000 - 0x00007ffe344df000 	C:\Windows\System32\gdi32full.dll
0x00007ffe19340000 - 0x00007ffe195da000 	C:\Windows\WinSxS\amd64_microsoft.windows.common-controls_6595b64144ccf1df_6.0.19041.1110_none_60b5254171f9507e\COMCTL32.dll
0x00007ffe33d30000 - 0x00007ffe33dcd000 	C:\Windows\System32\msvcp_win.dll
0x00007ffe35d20000 - 0x00007ffe35dbe000 	C:\Windows\System32\msvcrt.dll
0x00007ffe35bd0000 - 0x00007ffe35c02000 	C:\Windows\System32\IMM32.DLL
0x00007ffe1fbc0000 - 0x00007ffe1fbcc000 	C:\Program Files\Android\Android Studio\jbr\bin\vcruntime140_1.dll
0x00007ffde6260000 - 0x00007ffde62ed000 	C:\Program Files\Android\Android Studio\jbr\bin\msvcp140.dll
0x00007ffdde720000 - 0x00007ffddf38e000 	C:\Program Files\Android\Android Studio\jbr\bin\server\jvm.dll
0x00007ffe34ce0000 - 0x00007ffe34d8e000 	C:\Windows\System32\ADVAPI32.dll
0x00007ffe345a0000 - 0x00007ffe3463c000 	C:\Windows\System32\sechost.dll
0x00007ffe34a40000 - 0x00007ffe34b65000 	C:\Windows\System32\RPCRT4.dll
0x00007ffe163a0000 - 0x00007ffe163a9000 	C:\Windows\SYSTEM32\WSOCK32.dll
0x00007ffe35590000 - 0x00007ffe355fb000 	C:\Windows\System32\WS2_32.dll
0x00007ffe23e20000 - 0x00007ffe23e47000 	C:\Windows\SYSTEM32\WINMM.dll
0x00007ffe27190000 - 0x00007ffe2719a000 	C:\Windows\SYSTEM32\VERSION.dll
0x00007ffe344e0000 - 0x00007ffe344f2000 	C:\Windows\System32\kernel.appcore.dll
0x00007ffe2b310000 - 0x00007ffe2b31a000 	C:\Program Files\Android\Android Studio\jbr\bin\jimage.dll
0x00007ffe31ef0000 - 0x00007ffe320d4000 	C:\Windows\SYSTEM32\DBGHELP.DLL
0x00007ffe205a0000 - 0x00007ffe205cc000 	C:\Windows\SYSTEM32\dbgcore.DLL
0x00007ffe34340000 - 0x00007ffe343c2000 	C:\Windows\System32\bcryptPrimitives.dll
0x00007ffe293c0000 - 0x00007ffe293e5000 	C:\Program Files\Android\Android Studio\jbr\bin\java.dll
0x00007ffe2a010000 - 0x00007ffe2a028000 	C:\Program Files\Android\Android Studio\jbr\bin\zip.dll
0x00007ffe35dc0000 - 0x00007ffe36503000 	C:\Windows\System32\SHELL32.dll
0x00007ffe2d180000 - 0x00007ffe2d912000 	C:\Windows\SYSTEM32\windows.storage.dll
0x00007ffe35870000 - 0x00007ffe35bc4000 	C:\Windows\System32\combase.dll
0x00007ffe33460000 - 0x00007ffe33490000 	C:\Windows\SYSTEM32\Wldp.dll
0x00007ffe35c10000 - 0x00007ffe35cbd000 	C:\Windows\System32\SHCORE.dll
0x00007ffe34850000 - 0x00007ffe348a5000 	C:\Windows\System32\shlwapi.dll
0x00007ffe33940000 - 0x00007ffe3395f000 	C:\Windows\SYSTEM32\profapi.dll
0x00007ffe28d30000 - 0x00007ffe28d49000 	C:\Program Files\Android\Android Studio\jbr\bin\net.dll
0x00007ffe29f00000 - 0x00007ffe2a00c000 	C:\Windows\SYSTEM32\WINHTTP.dll
0x00007ffe331c0000 - 0x00007ffe3322a000 	C:\Windows\system32\mswsock.dll
0x00007ffe28ce0000 - 0x00007ffe28cf6000 	C:\Program Files\Android\Android Studio\jbr\bin\nio.dll
0x00007ffe29440000 - 0x00007ffe29450000 	C:\Program Files\Android\Android Studio\jbr\bin\verify.dll
0x00007ffdf7510000 - 0x00007ffdf7537000 	F:\MyApplication2\.gradle\native\68d5fa5c4cc2d200863cafc0d521ce42e7d3e7ee720ec0a83991735586a16f82\windows-amd64\native-platform.dll
0x00007ffde5990000 - 0x00007ffde5ad4000 	F:\MyApplication2\.gradle\native\e376f236ea51e6404a007f0833ffe2c6e607c4080706a723a18a27aeea778392\windows-amd64\native-platform-file-events.dll
0x00007ffe28c60000 - 0x00007ffe28c69000 	C:\Program Files\Android\Android Studio\jbr\bin\management.dll
0x00007ffe28c50000 - 0x00007ffe28c5b000 	C:\Program Files\Android\Android Studio\jbr\bin\management_ext.dll
0x00007ffe35600000 - 0x00007ffe35608000 	C:\Windows\System32\PSAPI.DLL
0x00007ffe333b0000 - 0x00007ffe333c8000 	C:\Windows\SYSTEM32\CRYPTSP.dll
0x00007ffe32ac0000 - 0x00007ffe32af4000 	C:\Windows\system32\rsaenh.dll
0x00007ffe34310000 - 0x00007ffe34337000 	C:\Windows\System32\bcrypt.dll
0x00007ffe33900000 - 0x00007ffe3392e000 	C:\Windows\SYSTEM32\USERENV.dll
0x00007ffe333d0000 - 0x00007ffe333dc000 	C:\Windows\SYSTEM32\CRYPTBASE.dll
0x00007ffe32eb0000 - 0x00007ffe32eeb000 	C:\Windows\SYSTEM32\IPHLPAPI.DLL
0x00007ffe35110000 - 0x00007ffe35118000 	C:\Windows\System32\NSI.dll
0x00007ffe27660000 - 0x00007ffe27677000 	C:\Windows\SYSTEM32\dhcpcsvc6.DLL
0x00007ffe271a0000 - 0x00007ffe271bd000 	C:\Windows\SYSTEM32\dhcpcsvc.DLL
0x00007ffe32f00000 - 0x00007ffe32fca000 	C:\Windows\SYSTEM32\DNSAPI.dll
0x00007ffdae180000 - 0x00007ffdae187000 	C:\Windows\system32\wshunix.dll

dbghelp: loaded successfully - version: 4.0.5 - missing functions: none
symbol engine: initialized successfully - sym options: 0x614 - pdb path: .;C:\Program Files\Android\Android Studio\jbr\bin;C:\Windows\SYSTEM32;C:\Windows\WinSxS\amd64_microsoft.windows.common-controls_6595b64144ccf1df_6.0.19041.1110_none_60b5254171f9507e;C:\Program Files\Android\Android Studio\jbr\bin\server;F:\MyApplication2\.gradle\native\68d5fa5c4cc2d200863cafc0d521ce42e7d3e7ee720ec0a83991735586a16f82\windows-amd64;F:\MyApplication2\.gradle\native\e376f236ea51e6404a007f0833ffe2c6e607c4080706a723a18a27aeea778392\windows-amd64

VM Arguments:
jvm_args: --add-opens=java.base/java.util=ALL-UNNAMED --add-opens=java.base/java.lang=ALL-UNNAMED --add-opens=java.base/java.lang.invoke=ALL-UNNAMED --add-opens=java.prefs/java.util.prefs=ALL-UNNAMED --add-opens=java.base/java.nio.charset=ALL-UNNAMED --add-opens=java.base/java.net=ALL-UNNAMED --add-opens=java.base/java.util.concurrent.atomic=ALL-UNNAMED -Xmx2048m -Dfile.encoding=UTF-8 -Duser.country=CN -Duser.language=zh -Duser.variant 
java_command: org.gradle.launcher.daemon.bootstrap.GradleDaemon 8.0
java_class_path (initial): F:\MyApplication2\.gradle\wrapper\dists\gradle-8.0-bin\ca5e32bp14vu59qr306oxotwh\gradle-8.0\lib\gradle-launcher-8.0.jar
Launcher Type: SUN_STANDARD

[Global flags]
     intx CICompilerCount                          = 4                                         {product} {ergonomic}
     uint ConcGCThreads                            = 2                                         {product} {ergonomic}
     uint G1ConcRefinementThreads                  = 8                                         {product} {ergonomic}
   size_t G1HeapRegionSize                         = 1048576                                   {product} {ergonomic}
    uintx GCDrainStackTargetSize                   = 64                                        {product} {ergonomic}
   size_t InitialHeapSize                          = 264241152                                 {product} {ergonomic}
   size_t MarkStackSize                            = 4194304                                   {product} {ergonomic}
   size_t MaxHeapSize                              = 2147483648                                {product} {command line}
   size_t MaxNewSize                               = 1287651328                                {product} {ergonomic}
   size_t MinHeapDeltaBytes                        = 1048576                                   {product} {ergonomic}
   size_t MinHeapSize                              = 8388608                                   {product} {ergonomic}
    uintx NonNMethodCodeHeapSize                   = 5839372                                {pd product} {ergonomic}
    uintx NonProfiledCodeHeapSize                  = 122909434                              {pd product} {ergonomic}
    uintx ProfiledCodeHeapSize                     = 122909434                              {pd product} {ergonomic}
    uintx ReservedCodeCacheSize                    = 251658240                              {pd product} {ergonomic}
     bool SegmentedCodeCache                       = true                                      {product} {ergonomic}
   size_t SoftMaxHeapSize                          = 2147483648                             {manageable} {ergonomic}
     bool UseCompressedClassPointers               = true                           {product lp64_product} {ergonomic}
     bool UseCompressedOops                        = true                           {product lp64_product} {ergonomic}
     bool UseG1GC                                  = true                                      {product} {ergonomic}
     bool UseLargePagesIndividualAllocation        = false                                  {pd product} {ergonomic}

Logging:
Log output configuration:
 #0: stdout all=warning uptime,level,tags
 #1: stderr all=off uptime,level,tags

Environment Variables:
JAVA_HOME=C:\Program Files\Java\jdk-17.0.1
CLASSPATH=C:\Program Files\Java\jdk-17.0.1\lib\dt.jar;C:\Program Files\Java\jdk-17.0.1\lib\tools.jar;
PATH=C:\Program Files\Java\jdk-17.0.1\bin;C:\Program Files\Java\jdk-17.0.1\jre\bin;;C:\Program Files\Common Files\Oracle\Java\javapath;D:\\Scripts\;D:\\;C:\Program Files\Microsoft MPI\Bin\;C:\Program Files (x86)\NVIDIA Corporation\PhysX\Common;C:\Windows\system32;C:\Windows;C:\Windows\System32\Wbem;C:\Windows\System32\WindowsPowerShell\v1.0\;C:\Windows\System32\OpenSSH\;C:\Program Files\NVIDIA Corporation\NVIDIA NvDLISR;C:\Program Files\dotnet\;D:\bin;C:\Strawberry\c\bin;C:\Strawberry\perl\site\bin;C:\Strawberry\perl\bin;D:\\Microsoft VS Code\;C:\Program Files\MySQL\MySQL Server 8.0\bin;D:\\160\Tools\Binn\;C:\Program Files\Microsoft SQL Server\160\Tools\Binn\;C:\Program Files\Microsoft SQL Server\Client SDK\ODBC\170\Tools\Binn\;C:\Program Files\Microsoft SQL Server\160\DTS\Binn\;D:\\160\DTS\Binn\;C:\Program Files\Azure Data Studio\bin;C:\Users\25599\matlab2016\runtime\win64;C:\Users\25599\matlab2016\bin;C:\Users\25599\matlab2016\polyspace\bin;C:\Program Files\MySQL\MySQL Shell 8.0\bin\;C:\Users\25599\AppData\Local\Microsoft\WindowsApps;%IntelliJ IDEA Community Edition%;D:\\Microsoft VS Code\bin;C:\Users\25599\AppData\Roaming\npm;%IntelliJ IDEA%;C:\Program Files\Azure Data Studio\bin;C:\ProgramData\25599\GitHubDesktop\bin;C:\intelFPGA\18.1\modelsim_ase\win32aloem;D:\inmodlesim\win64
USERNAME=25599
OS=Windows_NT
PROCESSOR_IDENTIFIER=Intel64 Family 6 Model 140 Stepping 1, GenuineIntel
TMP=C:\Users\25599\AppData\Local\Temp
TEMP=C:\Users\25599\AppData\Local\Temp


JNI global refs:
JNI global refs: 27, weak refs: 0

JNI global refs memory usage: 843, weak refs: 841


---------------  S Y S T E M  ---------------

OS:
 Windows 10 , 64 bit Build 19041 (10.0.19041.2251)
OS uptime: 0 days 1:48 hours
Hyper-V role detected

CPU: total 8 (initial active 8) (4 cores per cpu, 2 threads per core) family 6 model 140 stepping 1 microcode 0xac, cx8, cmov, fxsr, ht, mmx, 3dnowpref, sse, sse2, sse3, ssse3, sse4.1, sse4.2, popcnt, lzcnt, tsc, tscinvbit, avx, avx2, aes, erms, clmul, bmi1, bmi2, adx, avx512f, avx512dq, avx512cd, avx512bw, avx512vl, sha, fma, vzeroupper, avx512_vpopcntdq, avx512_vpclmulqdq, avx512_vaes, avx512_vnni, clflush, clflushopt, clwb, avx512_vbmi2, avx512_vbmi, hv

Memory: 4k page, system-wide physical 16106M (3283M free)
TotalPageFile size 16106M (AvailPageFile size 10M)
current process WorkingSet (physical memory assigned to process): 404M, peak: 404M
current process commit charge ("private bytes"): 441M, peak: 482M

vm_info: OpenJDK 64-Bit Server VM (17.0.6+0-b2043.56-10027231) for windows-amd64 JRE (17.0.6+0-b2043.56-10027231), built on Apr 28 2023 00:43:19 by "androidbuild" with MS VC++ 16.10 / 16.11 (VS2019)

END.
