#
# There is insufficient memory for the Java Runtime Environment to continue.
# Native memory allocation (mmap) failed to map 82837504 bytes for G1 virtual space
# Possible reasons:
#   The system is out of physical RAM or swap space
#   The process is running with CompressedOops enabled, and the Java Heap may be blocking the growth of the native heap
# Possible solutions:
#   Reduce memory load on the system
#   Increase physical memory or swap space
#   Check if swap backing store is full
#   Decrease Java heap size (-Xmx/-Xms)
#   Decrease number of Java threads
#   Decrease Java thread stack sizes (-Xss)
#   Set larger code cache with -XX:ReservedCodeCacheSize=
#   JVM is running with Unscaled Compressed Oops mode in which the Java heap is
#     placed in the first 4GB address space. The Java Heap base address is the
#     maximum limit for the native heap growth. Please use -XX:HeapBaseMinAddress
#     to set the Java Heap base and to place the Java Heap above 4GB virtual address.
# This output file may be truncated or incomplete.
#
#  Out of Memory Error (os_windows.cpp:3769), pid=21796, tid=21320
#
# JRE version: OpenJDK Runtime Environment (17.0.6) (build 17.0.6+0-b2043.56-10027231)
# Java VM: OpenJDK 64-Bit Server VM (17.0.6+0-b2043.56-10027231, mixed mode, tiered, compressed oops, compressed class ptrs, g1 gc, windows-amd64)
# No core dump will be written. Minidumps are not enabled by default on client versions of Windows
#

---------------  S U M M A R Y ------------

Command Line: --add-opens=java.base/java.util=ALL-UNNAMED --add-opens=java.base/java.lang=ALL-UNNAMED --add-opens=java.base/java.lang.invoke=ALL-UNNAMED --add-opens=java.prefs/java.util.prefs=ALL-UNNAMED --add-opens=java.base/java.nio.charset=ALL-UNNAMED --add-opens=java.base/java.net=ALL-UNNAMED --add-opens=java.base/java.util.concurrent.atomic=ALL-UNNAMED -Xmx2048m -Dfile.encoding=UTF-8 -Duser.country=CN -Duser.language=zh -Duser.variant org.gradle.launcher.daemon.bootstrap.GradleDaemon 8.0

Host: 11th Gen Intel(R) Core(TM) i7-1165G7 @ 2.80GHz, 8 cores, 15G,  Windows 10 , 64 bit Build 19041 (10.0.19041.2251)
Time: Tue Jan 16 16:05:26 2024  Windows 10 , 64 bit Build 19041 (10.0.19041.2251) elapsed time: 4.999567 seconds (0d 0h 0m 4s)

---------------  T H R E A D  ---------------

Current thread (0x000001641f842d00):  VMThread "VM Thread" [stack: 0x0000004d5d600000,0x0000004d5d700000] [id=21320]

Stack: [0x0000004d5d600000,0x0000004d5d700000]
Native frames: (J=compiled Java code, j=interpreted, Vv=VM code, C=native code)
V  [jvm.dll+0x683c9a]
V  [jvm.dll+0x8427a4]
V  [jvm.dll+0x843f9e]
V  [jvm.dll+0x844603]
V  [jvm.dll+0x249b75]
V  [jvm.dll+0x680b69]
V  [jvm.dll+0x67505a]
V  [jvm.dll+0x309acb]
V  [jvm.dll+0x310f86]
V  [jvm.dll+0x3608ee]
V  [jvm.dll+0x360b1f]
V  [jvm.dll+0x2dfbf8]
V  [jvm.dll+0x2ddec4]
V  [jvm.dll+0x2dd4cc]
V  [jvm.dll+0x322261]
V  [jvm.dll+0x848ccb]
V  [jvm.dll+0x849a04]
V  [jvm.dll+0x849f1d]
V  [jvm.dll+0x84a2f4]
V  [jvm.dll+0x84a3c0]
V  [jvm.dll+0x7f274a]
V  [jvm.dll+0x682ad5]
C  [ucrtbase.dll+0x21bb2]
C  [KERNEL32.DLL+0x174b4]
C  [ntdll.dll+0x526a1]

VM_Operation (0x0000004d5eff1dd0): G1TryInitiateConcMark, mode: safepoint, requested by thread 0x0000016420c88dc0


---------------  P R O C E S S  ---------------

Threads class SMR info:
_java_thread_list=0x0000016429620150, length=127, elements={
0x000001640508dbd0, 0x000001641f816cb0, 0x000001641f82c6c0, 0x000001641f87d640,
0x000001641f87df00, 0x000001641f868290, 0x000001641f87e7c0, 0x000001641f87f3b0,
0x000001641f8a3420, 0x000001641f8a3d20, 0x000001641fa086c0, 0x000001641fa08b90,
0x000001641fb422b0, 0x000001642271ff10, 0x000001641fe661c0, 0x0000016420d0e910,
0x0000016420de7710, 0x0000016421f7e030, 0x0000016420b6c2f0, 0x0000016420c88dc0,
0x00000164226fea10, 0x00000164226ffd50, 0x00000164226fd200, 0x00000164226ff880,
0x0000016422700220, 0x00000164226fe070, 0x0000016423893c60, 0x00000164226fc860,
0x00000164226feee0, 0x00000164226fdba0, 0x00000164226fe540, 0x00000164226fcd30,
0x00000164226ff3b0, 0x00000164226fd6d0, 0x000001642331e0b0, 0x000001642331c8a0,
0x000001642331cd70, 0x0000016423318070, 0x000001642331a6f0, 0x000001642331ea50,
0x000001642331c3d0, 0x0000016423318a10, 0x0000016423318ee0, 0x000001642331d710,
0x000001642331bf00, 0x000001642331dbe0, 0x000001642331f8c0, 0x000001642331b090,
0x0000016423318540, 0x000001642331b560, 0x0000016423319d50, 0x000001642331ba30,
0x000001642331a220, 0x0000016426423a00, 0x0000016426429f10, 0x0000016426426080,
0x0000016426428bd0, 0x0000016426423ed0, 0x0000016426429570, 0x000001642642a3e0,
0x00000164264290a0, 0x0000016426427890, 0x0000016426429a40, 0x0000016426426ef0,
0x0000016426425bb0, 0x000001642642a8b0, 0x0000016426423060, 0x00000164264256e0,
0x0000016426428700, 0x0000016426424d40, 0x0000016426427d60, 0x0000016426425210,
0x0000016426428230, 0x0000016426423530, 0x00000164264243a0, 0x0000016426424870,
0x0000016426426550, 0x0000016426426a20, 0x00000164264273c0, 0x00000164268bbb20,
0x00000164268bd800, 0x00000164268c2ea0, 0x00000164268bdcd0, 0x00000164268c3370,
0x00000164268c0cf0, 0x00000164268c2030, 0x00000164268bbff0, 0x00000164268bc990,
0x00000164268bce60, 0x00000164268c29d0, 0x00000164268c11c0, 0x00000164268be1a0,
0x00000164268be670, 0x00000164268bc4c0, 0x00000164268beb40, 0x00000164268bf010,
0x00000164268c1b60, 0x00000164268c1690, 0x00000164268bd330, 0x00000164268bf4e0,
0x00000164268bf9b0, 0x00000164268bfe80, 0x00000164268c0350, 0x00000164268c2500,
0x00000164268c0820, 0x00000164263d57a0, 0x00000164263d3ac0, 0x00000164263d4e00,
0x00000164263d4930, 0x00000164263d6610, 0x00000164263d5c70, 0x00000164263d6140,
0x00000164263d3f90, 0x00000164263d6ae0, 0x00000164263d3120, 0x00000164263d35f0,
0x00000164263d4460, 0x00000164263d52d0, 0x0000016428b79db0, 0x0000016428b798e0,
0x0000016428b76d90, 0x0000016428b7a280, 0x0000016428b785a0, 0x0000016428b78f40,
0x0000016428b780d0, 0x0000016428b77730, 0x0000016428b7a750
}

Java Threads: ( => current thread )
  0x000001640508dbd0 JavaThread "main" [_thread_blocked, id=1652, stack(0x0000004d5d000000,0x0000004d5d100000)]
  0x000001641f816cb0 JavaThread "Reference Handler" daemon [_thread_blocked, id=20960, stack(0x0000004d5d700000,0x0000004d5d800000)]
  0x000001641f82c6c0 JavaThread "Finalizer" daemon [_thread_blocked, id=18608, stack(0x0000004d5d800000,0x0000004d5d900000)]
  0x000001641f87d640 JavaThread "Signal Dispatcher" daemon [_thread_blocked, id=8072, stack(0x0000004d5d900000,0x0000004d5da00000)]
  0x000001641f87df00 JavaThread "Attach Listener" daemon [_thread_blocked, id=6272, stack(0x0000004d5da00000,0x0000004d5db00000)]
  0x000001641f868290 JavaThread "Service Thread" daemon [_thread_blocked, id=13204, stack(0x0000004d5db00000,0x0000004d5dc00000)]
  0x000001641f87e7c0 JavaThread "Monitor Deflation Thread" daemon [_thread_blocked, id=24304, stack(0x0000004d5dc00000,0x0000004d5dd00000)]
  0x000001641f87f3b0 JavaThread "C2 CompilerThread0" daemon [_thread_blocked, id=16088, stack(0x0000004d5dd00000,0x0000004d5de00000)]
  0x000001641f8a3420 JavaThread "C1 CompilerThread0" daemon [_thread_blocked, id=20896, stack(0x0000004d5de00000,0x0000004d5df00000)]
  0x000001641f8a3d20 JavaThread "Sweeper thread" daemon [_thread_blocked, id=24540, stack(0x0000004d5df00000,0x0000004d5e000000)]
  0x000001641fa086c0 JavaThread "Common-Cleaner" daemon [_thread_blocked, id=19060, stack(0x0000004d5e000000,0x0000004d5e100000)]
  0x000001641fa08b90 JavaThread "Notification Thread" daemon [_thread_blocked, id=15492, stack(0x0000004d5e100000,0x0000004d5e200000)]
  0x000001641fb422b0 JavaThread "C2 CompilerThread1" daemon [_thread_blocked, id=4200, stack(0x0000004d5e300000,0x0000004d5e400000)]
  0x000001642271ff10 JavaThread "Daemon health stats" [_thread_blocked, id=3228, stack(0x0000004d5ea00000,0x0000004d5eb00000)]
  0x000001641fe661c0 JavaThread "Incoming local TCP Connector on port 49891" [_thread_in_native, id=15800, stack(0x0000004d5e400000,0x0000004d5e500000)]
  0x0000016420d0e910 JavaThread "Daemon periodic checks" [_thread_blocked, id=21792, stack(0x0000004d5eb00000,0x0000004d5ec00000)]
  0x0000016420de7710 JavaThread "Daemon" [_thread_blocked, id=19212, stack(0x0000004d5ec00000,0x0000004d5ed00000)]
  0x0000016421f7e030 JavaThread "Handler for socket connection from /127.0.0.1:49891 to /127.0.0.1:49892" [_thread_in_native, id=2424, stack(0x0000004d5ed00000,0x0000004d5ee00000)]
  0x0000016420b6c2f0 JavaThread "Cancel handler" [_thread_blocked, id=15444, stack(0x0000004d5ee00000,0x0000004d5ef00000)]
  0x0000016420c88dc0 JavaThread "Daemon worker" [_thread_blocked, id=17668, stack(0x0000004d5ef00000,0x0000004d5f000000)]
  0x00000164226fea10 JavaThread "Asynchronous log dispatcher for DefaultDaemonConnection: socket connection from /127.0.0.1:49891 to /127.0.0.1:49892" [_thread_blocked, id=13292, stack(0x0000004d5f000000,0x0000004d5f100000)]
  0x00000164226ffd50 JavaThread "Stdin handler" [_thread_blocked, id=7444, stack(0x0000004d5f100000,0x0000004d5f200000)]
  0x00000164226fd200 JavaThread "Daemon client event forwarder" [_thread_blocked, id=18556, stack(0x0000004d5f200000,0x0000004d5f300000)]
  0x00000164226ff880 JavaThread "Cache worker for journal cache (F:\MyApplication2\.gradle\caches\journal-1)" [_thread_blocked, id=20032, stack(0x0000004d5f600000,0x0000004d5f700000)]
  0x0000016422700220 JavaThread "File lock request listener" [_thread_in_native, id=22728, stack(0x0000004d5f700000,0x0000004d5f800000)]
  0x00000164226fe070 JavaThread "Cache worker for file hash cache (F:\MyApplication2\.gradle\caches\8.0\fileHashes)" [_thread_blocked, id=9592, stack(0x0000004d5f800000,0x0000004d5f900000)]
  0x0000016423893c60 JavaThread "C2 CompilerThread2" daemon [_thread_blocked, id=1780, stack(0x0000004d5f900000,0x0000004d5fa00000)]
  0x00000164226fc860 JavaThread "File watcher server" daemon [_thread_in_native, id=17116, stack(0x0000004d5fa00000,0x0000004d5fb00000)]
  0x00000164226feee0 JavaThread "File watcher consumer" daemon [_thread_blocked, id=22952, stack(0x0000004d5fb00000,0x0000004d5fc00000)]
  0x00000164226fdba0 JavaThread "jar transforms" [_thread_blocked, id=18012, stack(0x0000004d5fc00000,0x0000004d5fd00000)]
  0x00000164226fe540 JavaThread "jar transforms Thread 2" [_thread_blocked, id=21312, stack(0x0000004d5fd00000,0x0000004d5fe00000)]
  0x00000164226fcd30 JavaThread "jar transforms Thread 3" [_thread_blocked, id=18580, stack(0x0000004d5fe00000,0x0000004d5ff00000)]
  0x00000164226ff3b0 JavaThread "jar transforms Thread 4" [_thread_blocked, id=13916, stack(0x0000004d5ff00000,0x0000004d60000000)]
  0x00000164226fd6d0 JavaThread "jar transforms Thread 5" [_thread_blocked, id=6444, stack(0x0000004d60000000,0x0000004d60100000)]
  0x000001642331e0b0 JavaThread "jar transforms Thread 6" [_thread_blocked, id=4092, stack(0x0000004d60100000,0x0000004d60200000)]
  0x000001642331c8a0 JavaThread "jar transforms Thread 7" [_thread_blocked, id=15096, stack(0x0000004d60200000,0x0000004d60300000)]
  0x000001642331cd70 JavaThread "jar transforms Thread 8" [_thread_blocked, id=15864, stack(0x0000004d60300000,0x0000004d60400000)]
  0x0000016423318070 JavaThread "Cache worker for checksums cache (F:\myapp\.gradle\8.0\checksums)" [_thread_blocked, id=9152, stack(0x0000004d60500000,0x0000004d60600000)]
  0x000001642331a6f0 JavaThread "Cache worker for cache directory md-rule (F:\MyApplication2\.gradle\caches\8.0\md-rule)" [_thread_blocked, id=5500, stack(0x0000004d60600000,0x0000004d60700000)]
  0x000001642331ea50 JavaThread "Cache worker for file content cache (F:\MyApplication2\.gradle\caches\8.0\fileContent)" [_thread_blocked, id=15828, stack(0x0000004d60700000,0x0000004d60800000)]
  0x000001642331c3d0 JavaThread "Cache worker for file hash cache (F:\myapp\.gradle\8.0\fileHashes)" [_thread_blocked, id=17996, stack(0x0000004d60800000,0x0000004d60900000)]
  0x0000016423318a10 JavaThread "Cache worker for cache directory md-supplier (F:\MyApplication2\.gradle\caches\8.0\md-supplier)" [_thread_blocked, id=16372, stack(0x0000004d60900000,0x0000004d60a00000)]
  0x0000016423318ee0 JavaThread "Cache worker for execution history cache (F:\MyApplication2\.gradle\caches\8.0\executionHistory)" [_thread_blocked, id=24368, stack(0x0000004d60a00000,0x0000004d60b00000)]
  0x000001642331d710 JavaThread "Cache worker for kotlin-dsl (F:\MyApplication2\.gradle\caches\8.0\kotlin-dsl)" [_thread_blocked, id=13016, stack(0x0000004d60b00000,0x0000004d60c00000)]
  0x000001642331bf00 JavaThread "Cache worker for dependencies-accessors (F:\myapp\.gradle\8.0\dependencies-accessors)" [_thread_blocked, id=17924, stack(0x0000004d60c00000,0x0000004d60d00000)]
  0x000001642331dbe0 JavaThread "Cache worker for Build Output Cleanup Cache (F:\myapp\.gradle\buildOutputCleanup)" [_thread_blocked, id=17956, stack(0x0000004d60d00000,0x0000004d60e00000)]
  0x000001642331f8c0 JavaThread "Unconstrained build operations" [_thread_blocked, id=23472, stack(0x0000004d60e00000,0x0000004d60f00000)]
  0x000001642331b090 JavaThread "Unconstrained build operations Thread 2" [_thread_blocked, id=16900, stack(0x0000004d60f00000,0x0000004d61000000)]
  0x0000016423318540 JavaThread "Unconstrained build operations Thread 3" [_thread_blocked, id=8096, stack(0x0000004d61000000,0x0000004d61100000)]
  0x000001642331b560 JavaThread "Unconstrained build operations Thread 4" [_thread_blocked, id=10352, stack(0x0000004d61100000,0x0000004d61200000)]
  0x0000016423319d50 JavaThread "Unconstrained build operations Thread 5" [_thread_blocked, id=23340, stack(0x0000004d61200000,0x0000004d61300000)]
  0x000001642331ba30 JavaThread "Unconstrained build operations Thread 6" [_thread_blocked, id=10576, stack(0x0000004d61300000,0x0000004d61400000)]
  0x000001642331a220 JavaThread "Unconstrained build operations Thread 7" [_thread_blocked, id=17192, stack(0x0000004d61400000,0x0000004d61500000)]
  0x0000016426423a00 JavaThread "Unconstrained build operations Thread 8" [_thread_blocked, id=21492, stack(0x0000004d61500000,0x0000004d61600000)]
  0x0000016426429f10 JavaThread "Unconstrained build operations Thread 9" [_thread_blocked, id=14308, stack(0x0000004d61600000,0x0000004d61700000)]
  0x0000016426426080 JavaThread "Unconstrained build operations Thread 10" [_thread_blocked, id=17948, stack(0x0000004d61700000,0x0000004d61800000)]
  0x0000016426428bd0 JavaThread "Unconstrained build operations Thread 11" [_thread_blocked, id=19304, stack(0x0000004d61800000,0x0000004d61900000)]
  0x0000016426423ed0 JavaThread "Unconstrained build operations Thread 12" [_thread_blocked, id=11668, stack(0x0000004d61900000,0x0000004d61a00000)]
  0x0000016426429570 JavaThread "Unconstrained build operations Thread 13" [_thread_blocked, id=20924, stack(0x0000004d61a00000,0x0000004d61b00000)]
  0x000001642642a3e0 JavaThread "Unconstrained build operations Thread 14" [_thread_blocked, id=6772, stack(0x0000004d61b00000,0x0000004d61c00000)]
  0x00000164264290a0 JavaThread "Unconstrained build operations Thread 15" [_thread_blocked, id=22140, stack(0x0000004d61c00000,0x0000004d61d00000)]
  0x0000016426427890 JavaThread "Unconstrained build operations Thread 16" [_thread_blocked, id=3940, stack(0x0000004d61d00000,0x0000004d61e00000)]
  0x0000016426429a40 JavaThread "Unconstrained build operations Thread 17" [_thread_blocked, id=18536, stack(0x0000004d61e00000,0x0000004d61f00000)]
  0x0000016426426ef0 JavaThread "Unconstrained build operations Thread 18" [_thread_blocked, id=4936, stack(0x0000004d61f00000,0x0000004d62000000)]
  0x0000016426425bb0 JavaThread "Unconstrained build operations Thread 19" [_thread_blocked, id=23364, stack(0x0000004d62000000,0x0000004d62100000)]
  0x000001642642a8b0 JavaThread "Unconstrained build operations Thread 20" [_thread_blocked, id=9268, stack(0x0000004d62100000,0x0000004d62200000)]
  0x0000016426423060 JavaThread "Unconstrained build operations Thread 21" [_thread_blocked, id=8464, stack(0x0000004d62200000,0x0000004d62300000)]
  0x00000164264256e0 JavaThread "Unconstrained build operations Thread 22" [_thread_blocked, id=13176, stack(0x0000004d62300000,0x0000004d62400000)]
  0x0000016426428700 JavaThread "Unconstrained build operations Thread 23" [_thread_blocked, id=22868, stack(0x0000004d62400000,0x0000004d62500000)]
  0x0000016426424d40 JavaThread "Unconstrained build operations Thread 24" [_thread_blocked, id=9864, stack(0x0000004d62500000,0x0000004d62600000)]
  0x0000016426427d60 JavaThread "Unconstrained build operations Thread 25" [_thread_blocked, id=23516, stack(0x0000004d62600000,0x0000004d62700000)]
  0x0000016426425210 JavaThread "Unconstrained build operations Thread 26" [_thread_blocked, id=21120, stack(0x0000004d62700000,0x0000004d62800000)]
  0x0000016426428230 JavaThread "Unconstrained build operations Thread 27" [_thread_blocked, id=7392, stack(0x0000004d62800000,0x0000004d62900000)]
  0x0000016426423530 JavaThread "Unconstrained build operations Thread 28" [_thread_blocked, id=21596, stack(0x0000004d62900000,0x0000004d62a00000)]
  0x00000164264243a0 JavaThread "Unconstrained build operations Thread 29" [_thread_blocked, id=8472, stack(0x0000004d62a00000,0x0000004d62b00000)]
  0x0000016426424870 JavaThread "Unconstrained build operations Thread 30" [_thread_blocked, id=20112, stack(0x0000004d62b00000,0x0000004d62c00000)]
  0x0000016426426550 JavaThread "Unconstrained build operations Thread 31" [_thread_blocked, id=22280, stack(0x0000004d62c00000,0x0000004d62d00000)]
  0x0000016426426a20 JavaThread "Unconstrained build operations Thread 32" [_thread_blocked, id=14396, stack(0x0000004d62d00000,0x0000004d62e00000)]
  0x00000164264273c0 JavaThread "Unconstrained build operations Thread 33" [_thread_blocked, id=17064, stack(0x0000004d62e00000,0x0000004d62f00000)]
  0x00000164268bbb20 JavaThread "Unconstrained build operations Thread 34" [_thread_blocked, id=22168, stack(0x0000004d62f00000,0x0000004d63000000)]
  0x00000164268bd800 JavaThread "Unconstrained build operations Thread 35" [_thread_blocked, id=11744, stack(0x0000004d63000000,0x0000004d63100000)]
  0x00000164268c2ea0 JavaThread "Unconstrained build operations Thread 36" [_thread_blocked, id=10064, stack(0x0000004d63100000,0x0000004d63200000)]
  0x00000164268bdcd0 JavaThread "Unconstrained build operations Thread 37" [_thread_blocked, id=8244, stack(0x0000004d63200000,0x0000004d63300000)]
  0x00000164268c3370 JavaThread "Unconstrained build operations Thread 38" [_thread_blocked, id=17856, stack(0x0000004d63300000,0x0000004d63400000)]
  0x00000164268c0cf0 JavaThread "Unconstrained build operations Thread 39" [_thread_blocked, id=10944, stack(0x0000004d63400000,0x0000004d63500000)]
  0x00000164268c2030 JavaThread "Unconstrained build operations Thread 40" [_thread_blocked, id=448, stack(0x0000004d63500000,0x0000004d63600000)]
  0x00000164268bbff0 JavaThread "Unconstrained build operations Thread 41" [_thread_blocked, id=8860, stack(0x0000004d63600000,0x0000004d63700000)]
  0x00000164268bc990 JavaThread "Unconstrained build operations Thread 42" [_thread_blocked, id=10500, stack(0x0000004d63700000,0x0000004d63800000)]
  0x00000164268bce60 JavaThread "Unconstrained build operations Thread 43" [_thread_blocked, id=20688, stack(0x0000004d63800000,0x0000004d63900000)]
  0x00000164268c29d0 JavaThread "Unconstrained build operations Thread 44" [_thread_blocked, id=13392, stack(0x0000004d63900000,0x0000004d63a00000)]
  0x00000164268c11c0 JavaThread "Unconstrained build operations Thread 45" [_thread_blocked, id=6280, stack(0x0000004d63a00000,0x0000004d63b00000)]
  0x00000164268be1a0 JavaThread "Unconstrained build operations Thread 46" [_thread_blocked, id=17156, stack(0x0000004d63b00000,0x0000004d63c00000)]
  0x00000164268be670 JavaThread "Unconstrained build operations Thread 47" [_thread_blocked, id=2844, stack(0x0000004d63c00000,0x0000004d63d00000)]
  0x00000164268bc4c0 JavaThread "Unconstrained build operations Thread 48" [_thread_blocked, id=20512, stack(0x0000004d63d00000,0x0000004d63e00000)]
  0x00000164268beb40 JavaThread "Unconstrained build operations Thread 49" [_thread_blocked, id=20704, stack(0x0000004d63e00000,0x0000004d63f00000)]
  0x00000164268bf010 JavaThread "Unconstrained build operations Thread 50" [_thread_blocked, id=7352, stack(0x0000004d63f00000,0x0000004d64000000)]
  0x00000164268c1b60 JavaThread "Unconstrained build operations Thread 51" [_thread_blocked, id=3904, stack(0x0000004d64000000,0x0000004d64100000)]
  0x00000164268c1690 JavaThread "Unconstrained build operations Thread 52" [_thread_blocked, id=15236, stack(0x0000004d64100000,0x0000004d64200000)]
  0x00000164268bd330 JavaThread "Unconstrained build operations Thread 53" [_thread_blocked, id=12036, stack(0x0000004d64200000,0x0000004d64300000)]
  0x00000164268bf4e0 JavaThread "Unconstrained build operations Thread 54" [_thread_blocked, id=21560, stack(0x0000004d64300000,0x0000004d64400000)]
  0x00000164268bf9b0 JavaThread "Unconstrained build operations Thread 55" [_thread_blocked, id=704, stack(0x0000004d64400000,0x0000004d64500000)]
  0x00000164268bfe80 JavaThread "Unconstrained build operations Thread 56" [_thread_blocked, id=16524, stack(0x0000004d64500000,0x0000004d64600000)]
  0x00000164268c0350 JavaThread "Unconstrained build operations Thread 57" [_thread_blocked, id=24492, stack(0x0000004d64600000,0x0000004d64700000)]
  0x00000164268c2500 JavaThread "Unconstrained build operations Thread 58" [_thread_blocked, id=21180, stack(0x0000004d64700000,0x0000004d64800000)]
  0x00000164268c0820 JavaThread "Unconstrained build operations Thread 59" [_thread_blocked, id=13520, stack(0x0000004d64800000,0x0000004d64900000)]
  0x00000164263d57a0 JavaThread "Unconstrained build operations Thread 60" [_thread_blocked, id=21704, stack(0x0000004d64900000,0x0000004d64a00000)]
  0x00000164263d3ac0 JavaThread "Unconstrained build operations Thread 61" [_thread_blocked, id=24256, stack(0x0000004d64a00000,0x0000004d64b00000)]
  0x00000164263d4e00 JavaThread "Unconstrained build operations Thread 62" [_thread_blocked, id=23724, stack(0x0000004d64b00000,0x0000004d64c00000)]
  0x00000164263d4930 JavaThread "Unconstrained build operations Thread 63" [_thread_blocked, id=24220, stack(0x0000004d64c00000,0x0000004d64d00000)]
  0x00000164263d6610 JavaThread "Unconstrained build operations Thread 64" [_thread_blocked, id=18880, stack(0x0000004d64d00000,0x0000004d64e00000)]
  0x00000164263d5c70 JavaThread "Unconstrained build operations Thread 65" [_thread_blocked, id=10192, stack(0x0000004d64e00000,0x0000004d64f00000)]
  0x00000164263d6140 JavaThread "Unconstrained build operations Thread 66" [_thread_blocked, id=13816, stack(0x0000004d64f00000,0x0000004d65000000)]
  0x00000164263d3f90 JavaThread "Unconstrained build operations Thread 67" [_thread_blocked, id=15108, stack(0x0000004d65000000,0x0000004d65100000)]
  0x00000164263d6ae0 JavaThread "Unconstrained build operations Thread 68" [_thread_blocked, id=22516, stack(0x0000004d65100000,0x0000004d65200000)]
  0x00000164263d3120 JavaThread "Unconstrained build operations Thread 69" [_thread_blocked, id=23580, stack(0x0000004d65200000,0x0000004d65300000)]
  0x00000164263d35f0 JavaThread "Unconstrained build operations Thread 70" [_thread_blocked, id=21220, stack(0x0000004d65300000,0x0000004d65400000)]
  0x00000164263d4460 JavaThread "Unconstrained build operations Thread 71" [_thread_blocked, id=23484, stack(0x0000004d65400000,0x0000004d65500000)]
  0x00000164263d52d0 JavaThread "Unconstrained build operations Thread 72" [_thread_blocked, id=2076, stack(0x0000004d65500000,0x0000004d65600000)]
  0x0000016428b79db0 JavaThread "Unconstrained build operations Thread 73" [_thread_blocked, id=22604, stack(0x0000004d65600000,0x0000004d65700000)]
  0x0000016428b798e0 JavaThread "Unconstrained build operations Thread 74" [_thread_blocked, id=18740, stack(0x0000004d65700000,0x0000004d65800000)]
  0x0000016428b76d90 JavaThread "Unconstrained build operations Thread 75" [_thread_blocked, id=4612, stack(0x0000004d65800000,0x0000004d65900000)]
  0x0000016428b7a280 JavaThread "Unconstrained build operations Thread 76" [_thread_blocked, id=1892, stack(0x0000004d65900000,0x0000004d65a00000)]
  0x0000016428b785a0 JavaThread "Unconstrained build operations Thread 77" [_thread_blocked, id=11788, stack(0x0000004d65a00000,0x0000004d65b00000)]
  0x0000016428b78f40 JavaThread "Unconstrained build operations Thread 78" [_thread_blocked, id=14344, stack(0x0000004d65b00000,0x0000004d65c00000)]
  0x0000016428b780d0 JavaThread "Unconstrained build operations Thread 79" [_thread_blocked, id=7656, stack(0x0000004d65c00000,0x0000004d65d00000)]
  0x0000016428b77730 JavaThread "Unconstrained build operations Thread 80" [_thread_blocked, id=18860, stack(0x0000004d65d00000,0x0000004d65e00000)]
  0x0000016428b7a750 JavaThread "Memory manager" [_thread_blocked, id=10540, stack(0x0000004d65e00000,0x0000004d65f00000)]

Other Threads:
=>0x000001641f842d00 VMThread "VM Thread" [stack: 0x0000004d5d600000,0x0000004d5d700000] [id=21320]
  0x0000016405111db0 WatcherThread [stack: 0x0000004d5e200000,0x0000004d5e300000] [id=17464]
  0x00000164050ead70 GCTaskThread "GC Thread#0" [stack: 0x0000004d5d100000,0x0000004d5d200000] [id=4296]
  0x0000016420731b20 GCTaskThread "GC Thread#1" [stack: 0x0000004d5e500000,0x0000004d5e600000] [id=16220]
  0x00000164202d3ad0 GCTaskThread "GC Thread#2" [stack: 0x0000004d5e600000,0x0000004d5e700000] [id=14832]
  0x0000016420b84f70 GCTaskThread "GC Thread#3" [stack: 0x0000004d5e700000,0x0000004d5e800000] [id=2116]
  0x000001641ff17ff0 GCTaskThread "GC Thread#4" [stack: 0x0000004d5e800000,0x0000004d5e900000] [id=11196]
  0x00000164207e1b00 GCTaskThread "GC Thread#5" [stack: 0x0000004d5e900000,0x0000004d5ea00000] [id=19112]
  0x00000164211be590 GCTaskThread "GC Thread#6" [stack: 0x0000004d5f300000,0x0000004d5f400000] [id=18180]
  0x00000164213c8cc0 GCTaskThread "GC Thread#7" [stack: 0x0000004d5f400000,0x0000004d5f500000] [id=19252]
  0x00000164050fbbc0 ConcurrentGCThread "G1 Main Marker" [stack: 0x0000004d5d200000,0x0000004d5d300000] [id=21508]
  0x00000164050fd4f0 ConcurrentGCThread "G1 Conc#0" [stack: 0x0000004d5d300000,0x0000004d5d400000] [id=20148]
  0x0000016420999c40 ConcurrentGCThread "G1 Conc#1" [stack: 0x0000004d5f500000,0x0000004d5f600000] [id=1488]
  0x000001641ed90160 ConcurrentGCThread "G1 Refine#0" [stack: 0x0000004d5d400000,0x0000004d5d500000] [id=24012]
  0x00000164224b7f00 ConcurrentGCThread "G1 Refine#1" [stack: 0x0000004d60400000,0x0000004d60500000] [id=18812]
  0x000001641ed90a90 ConcurrentGCThread "G1 Service" [stack: 0x0000004d5d500000,0x0000004d5d600000] [id=19532]

Threads with active compile tasks:
C2 CompilerThread0     5026 6888       4       java.math.BigInteger::implSquareToLen (154 bytes)
C2 CompilerThread1     5026 6881   !   4       java.util.jar.Attributes::read (494 bytes)
C2 CompilerThread2     5026 6886 %     4       java.math.BigInteger::montReduce @ 9 (99 bytes)

VM state: at safepoint (normal execution)

VM Mutex/Monitor currently owned by a thread:  ([mutex/lock_event])
[0x0000016405088fb0] Threads_lock - owner thread: 0x000001641f842d00
[0x0000016405088d70] Heap_lock - owner thread: 0x0000016420c88dc0

Heap address: 0x0000000080000000, size: 2048 MB, Compressed Oops mode: 32-bit

CDS archive(s) not mapped
Compressed class space mapped at: 0x0000000100000000-0x0000000140000000, reserved size: 1073741824
Narrow klass base: 0x0000000000000000, Narrow klass shift: 3, Narrow klass range: 0x140000000

GC Precious Log:
 CPUs: 8 total, 8 available
 Memory: 16106M
 Large Page Support: Disabled
 NUMA Support: Disabled
 Compressed Oops: Enabled (32-bit)
 Heap Region Size: 1M
 Heap Min Capacity: 8M
 Heap Initial Capacity: 252M
 Heap Max Capacity: 2G
 Pre-touch: Disabled
 Parallel Workers: 8
 Concurrent Workers: 2
 Concurrent Refinement Workers: 8
 Periodic GC: Disabled

Heap:
 garbage-first heap   total 258048K, used 100640K [0x0000000080000000, 0x0000000100000000)
  region size 1024K, 2 young (2048K), 2 survivors (2048K)
 Metaspace       used 67817K, committed 68480K, reserved 1114112K
  class space    used 9032K, committed 9344K, reserved 1048576K

Heap Regions: E=young(eden), S=young(survivor), O=old, HS=humongous(starts), HC=humongous(continues), CS=collection set, F=free, OA=open archive, CA=closed archive, TAMS=top-at-mark-start (previous, next)
|   0|0x0000000080000000, 0x0000000080100000, 0x0000000080100000|100%|HS|  |TAMS 0x0000000080100000, 0x0000000080100000| Complete 
|   1|0x0000000080100000, 0x0000000080200000, 0x0000000080200000|100%|HC|  |TAMS 0x0000000080200000, 0x0000000080200000| Complete 
|   2|0x0000000080200000, 0x0000000080300000, 0x0000000080300000|100%|HC|  |TAMS 0x0000000080300000, 0x0000000080300000| Complete 
|   3|0x0000000080300000, 0x0000000080400000, 0x0000000080400000|100%|HC|  |TAMS 0x0000000080400000, 0x0000000080400000| Complete 
|   4|0x0000000080400000, 0x0000000080500000, 0x0000000080500000|100%| O|  |TAMS 0x0000000080500000, 0x0000000080500000| Untracked 
|   5|0x0000000080500000, 0x0000000080600000, 0x0000000080600000|100%| O|  |TAMS 0x0000000080600000, 0x0000000080600000| Untracked 
|   6|0x0000000080600000, 0x0000000080700000, 0x0000000080700000|100%| O|  |TAMS 0x0000000080700000, 0x0000000080700000| Untracked 
|   7|0x0000000080700000, 0x0000000080800000, 0x0000000080800000|100%| O|  |TAMS 0x0000000080800000, 0x0000000080800000| Untracked 
|   8|0x0000000080800000, 0x0000000080900000, 0x0000000080900000|100%| O|  |TAMS 0x0000000080900000, 0x0000000080900000| Untracked 
|   9|0x0000000080900000, 0x0000000080a00000, 0x0000000080a00000|100%| O|  |TAMS 0x0000000080a00000, 0x0000000080a00000| Untracked 
|  10|0x0000000080a00000, 0x0000000080b00000, 0x0000000080b00000|100%| O|  |TAMS 0x0000000080b00000, 0x0000000080b00000| Untracked 
|  11|0x0000000080b00000, 0x0000000080c00000, 0x0000000080c00000|100%|HS|  |TAMS 0x0000000080b00000, 0x0000000080c00000| Complete 
|  12|0x0000000080c00000, 0x0000000080d00000, 0x0000000080d00000|100%| O|  |TAMS 0x0000000080d00000, 0x0000000080d00000| Untracked 
|  13|0x0000000080d00000, 0x0000000080e00000, 0x0000000080e00000|100%| O|  |TAMS 0x0000000080e00000, 0x0000000080e00000| Untracked 
|  14|0x0000000080e00000, 0x0000000080f00000, 0x0000000080f00000|100%| O|  |TAMS 0x0000000080f00000, 0x0000000080f00000| Untracked 
|  15|0x0000000080f00000, 0x0000000081000000, 0x0000000081000000|100%| O|  |TAMS 0x0000000081000000, 0x0000000081000000| Untracked 
|  16|0x0000000081000000, 0x0000000081100000, 0x0000000081100000|100%| O|  |TAMS 0x0000000081100000, 0x0000000081100000| Untracked 
|  17|0x0000000081100000, 0x0000000081200000, 0x0000000081200000|100%| O|  |TAMS 0x0000000081200000, 0x0000000081200000| Untracked 
|  18|0x0000000081200000, 0x0000000081300000, 0x0000000081300000|100%| O|  |TAMS 0x0000000081300000, 0x0000000081300000| Untracked 
|  19|0x0000000081300000, 0x0000000081400000, 0x0000000081400000|100%|HS|  |TAMS 0x0000000081400000, 0x0000000081400000| Complete 
|  20|0x0000000081400000, 0x0000000081500000, 0x0000000081500000|100%|HC|  |TAMS 0x0000000081500000, 0x0000000081500000| Complete 
|  21|0x0000000081500000, 0x0000000081600000, 0x0000000081600000|100%|HS|  |TAMS 0x0000000081600000, 0x0000000081600000| Complete 
|  22|0x0000000081600000, 0x0000000081700000, 0x0000000081700000|100%|HC|  |TAMS 0x0000000081700000, 0x0000000081700000| Complete 
|  23|0x0000000081700000, 0x0000000081800000, 0x0000000081800000|100%|HC|  |TAMS 0x0000000081800000, 0x0000000081800000| Complete 
|  24|0x0000000081800000, 0x0000000081900000, 0x0000000081900000|100%| O|  |TAMS 0x0000000081900000, 0x0000000081900000| Untracked 
|  25|0x0000000081900000, 0x0000000081a00000, 0x0000000081a00000|100%| O|  |TAMS 0x0000000081a00000, 0x0000000081a00000| Untracked 
|  26|0x0000000081a00000, 0x0000000081b00000, 0x0000000081b00000|100%| O|  |TAMS 0x0000000081b00000, 0x0000000081b00000| Untracked 
|  27|0x0000000081b00000, 0x0000000081c00000, 0x0000000081c00000|100%|HS|  |TAMS 0x0000000081c00000, 0x0000000081c00000| Complete 
|  28|0x0000000081c00000, 0x0000000081d00000, 0x0000000081d00000|100%|HC|  |TAMS 0x0000000081d00000, 0x0000000081d00000| Complete 
|  29|0x0000000081d00000, 0x0000000081e00000, 0x0000000081e00000|100%|HC|  |TAMS 0x0000000081e00000, 0x0000000081e00000| Complete 
|  30|0x0000000081e00000, 0x0000000081f00000, 0x0000000081f00000|100%| O|  |TAMS 0x0000000081f00000, 0x0000000081f00000| Untracked 
|  31|0x0000000081f00000, 0x0000000082000000, 0x0000000082000000|100%| O|  |TAMS 0x0000000082000000, 0x0000000082000000| Untracked 
|  32|0x0000000082000000, 0x0000000082100000, 0x0000000082100000|100%| O|  |TAMS 0x0000000082100000, 0x0000000082100000| Untracked 
|  33|0x0000000082100000, 0x0000000082200000, 0x0000000082200000|100%|HS|  |TAMS 0x0000000082200000, 0x0000000082200000| Complete 
|  34|0x0000000082200000, 0x0000000082300000, 0x0000000082300000|100%|HC|  |TAMS 0x0000000082300000, 0x0000000082300000| Complete 
|  35|0x0000000082300000, 0x0000000082400000, 0x0000000082400000|100%| O|  |TAMS 0x0000000082400000, 0x0000000082400000| Untracked 
|  36|0x0000000082400000, 0x0000000082500000, 0x0000000082500000|100%| O|  |TAMS 0x0000000082500000, 0x0000000082500000| Untracked 
|  37|0x0000000082500000, 0x0000000082600000, 0x0000000082600000|100%| O|  |TAMS 0x0000000082600000, 0x0000000082600000| Untracked 
|  38|0x0000000082600000, 0x0000000082700000, 0x0000000082700000|100%| O|  |TAMS 0x0000000082700000, 0x0000000082700000| Untracked 
|  39|0x0000000082700000, 0x0000000082800000, 0x0000000082800000|100%| O|  |TAMS 0x0000000082800000, 0x0000000082800000| Untracked 
|  40|0x0000000082800000, 0x0000000082900000, 0x0000000082900000|100%| O|  |TAMS 0x0000000082900000, 0x0000000082900000| Untracked 
|  41|0x0000000082900000, 0x0000000082a00000, 0x0000000082a00000|100%| O|  |TAMS 0x0000000082a00000, 0x0000000082a00000| Untracked 
|  42|0x0000000082a00000, 0x0000000082b00000, 0x0000000082b00000|100%|HS|  |TAMS 0x0000000082b00000, 0x0000000082b00000| Complete 
|  43|0x0000000082b00000, 0x0000000082c00000, 0x0000000082c00000|100%|HC|  |TAMS 0x0000000082c00000, 0x0000000082c00000| Complete 
|  44|0x0000000082c00000, 0x0000000082d00000, 0x0000000082d00000|100%|HC|  |TAMS 0x0000000082d00000, 0x0000000082d00000| Complete 
|  45|0x0000000082d00000, 0x0000000082e00000, 0x0000000082e00000|100%| O|  |TAMS 0x0000000082e00000, 0x0000000082e00000| Untracked 
|  46|0x0000000082e00000, 0x0000000082f00000, 0x0000000082f00000|100%|HS|  |TAMS 0x0000000082f00000, 0x0000000082f00000| Complete 
|  47|0x0000000082f00000, 0x0000000083000000, 0x0000000083000000|100%|HC|  |TAMS 0x0000000083000000, 0x0000000083000000| Complete 
|  48|0x0000000083000000, 0x0000000083100000, 0x0000000083100000|100%|HC|  |TAMS 0x0000000083100000, 0x0000000083100000| Complete 
|  49|0x0000000083100000, 0x0000000083200000, 0x0000000083200000|100%|HC|  |TAMS 0x0000000083200000, 0x0000000083200000| Complete 
|  50|0x0000000083200000, 0x0000000083300000, 0x0000000083300000|100%|HC|  |TAMS 0x0000000083300000, 0x0000000083300000| Complete 
|  51|0x0000000083300000, 0x0000000083400000, 0x0000000083400000|100%|HC|  |TAMS 0x0000000083400000, 0x0000000083400000| Complete 
|  52|0x0000000083400000, 0x0000000083500000, 0x0000000083500000|100%|HC|  |TAMS 0x0000000083500000, 0x0000000083500000| Complete 
|  53|0x0000000083500000, 0x0000000083600000, 0x0000000083600000|100%|HC|  |TAMS 0x0000000083600000, 0x0000000083600000| Complete 
|  54|0x0000000083600000, 0x0000000083700000, 0x0000000083700000|100%|HC|  |TAMS 0x0000000083700000, 0x0000000083700000| Complete 
|  55|0x0000000083700000, 0x0000000083800000, 0x0000000083800000|100%|HC|  |TAMS 0x0000000083800000, 0x0000000083800000| Complete 
|  56|0x0000000083800000, 0x0000000083900000, 0x0000000083900000|100%|HC|  |TAMS 0x0000000083900000, 0x0000000083900000| Complete 
|  57|0x0000000083900000, 0x0000000083a00000, 0x0000000083a00000|100%|HC|  |TAMS 0x0000000083a00000, 0x0000000083a00000| Complete 
|  58|0x0000000083a00000, 0x0000000083b00000, 0x0000000083b00000|100%|HS|  |TAMS 0x0000000083b00000, 0x0000000083b00000| Complete 
|  59|0x0000000083b00000, 0x0000000083c00000, 0x0000000083c00000|100%|HC|  |TAMS 0x0000000083c00000, 0x0000000083c00000| Complete 
|  60|0x0000000083c00000, 0x0000000083d00000, 0x0000000083d00000|100%|HC|  |TAMS 0x0000000083d00000, 0x0000000083d00000| Complete 
|  61|0x0000000083d00000, 0x0000000083e00000, 0x0000000083e00000|100%| O|  |TAMS 0x0000000083e00000, 0x0000000083e00000| Untracked 
|  62|0x0000000083e00000, 0x0000000083f00000, 0x0000000083f00000|100%| O|  |TAMS 0x0000000083f00000, 0x0000000083f00000| Untracked 
|  63|0x0000000083f00000, 0x0000000084000000, 0x0000000084000000|100%| O|  |TAMS 0x0000000084000000, 0x0000000084000000| Untracked 
|  64|0x0000000084000000, 0x0000000084100000, 0x0000000084100000|100%| O|  |TAMS 0x0000000084100000, 0x0000000084100000| Untracked 
|  65|0x0000000084100000, 0x0000000084200000, 0x0000000084200000|100%| O|  |TAMS 0x0000000084200000, 0x0000000084200000| Untracked 
|  66|0x0000000084200000, 0x0000000084300000, 0x0000000084300000|100%| O|  |TAMS 0x0000000084300000, 0x0000000084300000| Untracked 
|  67|0x0000000084300000, 0x0000000084300000, 0x0000000084400000|  0%| F|  |TAMS 0x0000000084300000, 0x0000000084300000| Untracked 
|  68|0x0000000084400000, 0x0000000084500000, 0x0000000084500000|100%| O|  |TAMS 0x0000000084500000, 0x0000000084500000| Untracked 
|  69|0x0000000084500000, 0x0000000084600000, 0x0000000084600000|100%| O|  |TAMS 0x0000000084600000, 0x0000000084600000| Untracked 
|  70|0x0000000084600000, 0x0000000084700000, 0x0000000084700000|100%| O|  |TAMS 0x0000000084700000, 0x0000000084700000| Untracked 
|  71|0x0000000084700000, 0x0000000084800000, 0x0000000084800000|100%| O|  |TAMS 0x0000000084800000, 0x0000000084800000| Untracked 
|  72|0x0000000084800000, 0x0000000084900000, 0x0000000084900000|100%|HS|  |TAMS 0x0000000084900000, 0x0000000084900000| Complete 
|  73|0x0000000084900000, 0x0000000084a00000, 0x0000000084a00000|100%|HS|  |TAMS 0x0000000084a00000, 0x0000000084a00000| Complete 
|  74|0x0000000084a00000, 0x0000000084b00000, 0x0000000084b00000|100%|HS|  |TAMS 0x0000000084b00000, 0x0000000084b00000| Complete 
|  75|0x0000000084b00000, 0x0000000084c00000, 0x0000000084c00000|100%|HC|  |TAMS 0x0000000084c00000, 0x0000000084c00000| Complete 
|  76|0x0000000084c00000, 0x0000000084d00000, 0x0000000084d00000|100%|HS|  |TAMS 0x0000000084d00000, 0x0000000084d00000| Complete 
|  77|0x0000000084d00000, 0x0000000084e00000, 0x0000000084e00000|100%|HS|  |TAMS 0x0000000084e00000, 0x0000000084e00000| Complete 
|  78|0x0000000084e00000, 0x0000000084f00000, 0x0000000084f00000|100%|HC|  |TAMS 0x0000000084f00000, 0x0000000084f00000| Complete 
|  79|0x0000000084f00000, 0x0000000085000000, 0x0000000085000000|100%|HC|  |TAMS 0x0000000085000000, 0x0000000085000000| Complete 
|  80|0x0000000085000000, 0x0000000085100000, 0x0000000085100000|100%|HC|  |TAMS 0x0000000085100000, 0x0000000085100000| Complete 
|  81|0x0000000085100000, 0x0000000085200000, 0x0000000085200000|100%| O|  |TAMS 0x0000000085200000, 0x0000000085200000| Untracked 
|  82|0x0000000085200000, 0x0000000085300000, 0x0000000085300000|100%| O|  |TAMS 0x0000000085300000, 0x0000000085300000| Untracked 
|  83|0x0000000085300000, 0x0000000085400000, 0x0000000085400000|100%| O|  |TAMS 0x0000000085400000, 0x0000000085400000| Untracked 
|  84|0x0000000085400000, 0x0000000085500000, 0x0000000085500000|100%| O|  |TAMS 0x0000000085500000, 0x0000000085500000| Untracked 
|  85|0x0000000085500000, 0x0000000085600000, 0x0000000085600000|100%| O|  |TAMS 0x0000000085600000, 0x0000000085600000| Untracked 
|  86|0x0000000085600000, 0x0000000085700000, 0x0000000085700000|100%| O|  |TAMS 0x0000000085700000, 0x0000000085700000| Untracked 
|  87|0x0000000085700000, 0x0000000085800000, 0x0000000085800000|100%| O|  |TAMS 0x0000000085800000, 0x0000000085800000| Untracked 
|  88|0x0000000085800000, 0x0000000085900000, 0x0000000085900000|100%| O|  |TAMS 0x0000000085900000, 0x0000000085900000| Untracked 
|  89|0x0000000085900000, 0x0000000085a00000, 0x0000000085a00000|100%| O|  |TAMS 0x000000008598f400, 0x0000000085a00000| Untracked 
|  90|0x0000000085a00000, 0x0000000085b00000, 0x0000000085b00000|100%| O|  |TAMS 0x0000000085a00000, 0x0000000085b00000| Untracked 
|  91|0x0000000085b00000, 0x0000000085c00000, 0x0000000085c00000|100%|HS|  |TAMS 0x0000000085b00000, 0x0000000085c00000| Complete 
|  92|0x0000000085c00000, 0x0000000085d00000, 0x0000000085d00000|100%|HS|  |TAMS 0x0000000085c00000, 0x0000000085d00000| Complete 
|  93|0x0000000085d00000, 0x0000000085e00000, 0x0000000085e00000|100%| O|  |TAMS 0x0000000085d00000, 0x0000000085e00000| Untracked 
|  94|0x0000000085e00000, 0x0000000085f00000, 0x0000000085f00000|100%| O|  |TAMS 0x0000000085e00000, 0x0000000085f00000| Untracked 
|  95|0x0000000085f00000, 0x0000000086000000, 0x0000000086000000|100%| O|  |TAMS 0x0000000085f00000, 0x0000000086000000| Untracked 
|  96|0x0000000086000000, 0x0000000086100000, 0x0000000086100000|100%| O|  |TAMS 0x0000000086000000, 0x0000000086100000| Untracked 
|  97|0x0000000086100000, 0x00000000861f0a00, 0x0000000086200000| 93%| O|  |TAMS 0x0000000086100000, 0x00000000861f0a00| Untracked 
|  98|0x0000000086200000, 0x0000000086200000, 0x0000000086300000|  0%| F|  |TAMS 0x0000000086200000, 0x0000000086200000| Untracked 
|  99|0x0000000086300000, 0x0000000086300000, 0x0000000086400000|  0%| F|  |TAMS 0x0000000086300000, 0x0000000086300000| Untracked 
| 100|0x0000000086400000, 0x0000000086400000, 0x0000000086500000|  0%| F|  |TAMS 0x0000000086400000, 0x0000000086400000| Untracked 
| 101|0x0000000086500000, 0x0000000086500000, 0x0000000086600000|  0%| F|  |TAMS 0x0000000086500000, 0x0000000086500000| Untracked 
| 102|0x0000000086600000, 0x0000000086600000, 0x0000000086700000|  0%| F|  |TAMS 0x0000000086600000, 0x0000000086600000| Untracked 
| 103|0x0000000086700000, 0x0000000086700000, 0x0000000086800000|  0%| F|  |TAMS 0x0000000086700000, 0x0000000086700000| Untracked 
| 104|0x0000000086800000, 0x0000000086800000, 0x0000000086900000|  0%| F|  |TAMS 0x0000000086800000, 0x0000000086800000| Untracked 
| 105|0x0000000086900000, 0x0000000086900000, 0x0000000086a00000|  0%| F|  |TAMS 0x0000000086900000, 0x0000000086900000| Untracked 
| 106|0x0000000086a00000, 0x0000000086a00000, 0x0000000086b00000|  0%| F|  |TAMS 0x0000000086a00000, 0x0000000086a00000| Untracked 
| 107|0x0000000086b00000, 0x0000000086b00000, 0x0000000086c00000|  0%| F|  |TAMS 0x0000000086b00000, 0x0000000086b00000| Untracked 
| 108|0x0000000086c00000, 0x0000000086c00000, 0x0000000086d00000|  0%| F|  |TAMS 0x0000000086c00000, 0x0000000086c00000| Untracked 
| 109|0x0000000086d00000, 0x0000000086d00000, 0x0000000086e00000|  0%| F|  |TAMS 0x0000000086d00000, 0x0000000086d00000| Untracked 
| 110|0x0000000086e00000, 0x0000000086e00000, 0x0000000086f00000|  0%| F|  |TAMS 0x0000000086e00000, 0x0000000086e00000| Untracked 
| 111|0x0000000086f00000, 0x0000000086f00000, 0x0000000087000000|  0%| F|  |TAMS 0x0000000086f00000, 0x0000000086f00000| Untracked 
| 112|0x0000000087000000, 0x0000000087000000, 0x0000000087100000|  0%| F|  |TAMS 0x0000000087000000, 0x0000000087000000| Untracked 
| 113|0x0000000087100000, 0x0000000087100000, 0x0000000087200000|  0%| F|  |TAMS 0x0000000087100000, 0x0000000087100000| Untracked 
| 114|0x0000000087200000, 0x0000000087200000, 0x0000000087300000|  0%| F|  |TAMS 0x0000000087200000, 0x0000000087200000| Untracked 
| 115|0x0000000087300000, 0x0000000087300000, 0x0000000087400000|  0%| F|  |TAMS 0x0000000087300000, 0x0000000087300000| Untracked 
| 116|0x0000000087400000, 0x0000000087400000, 0x0000000087500000|  0%| F|  |TAMS 0x0000000087400000, 0x0000000087400000| Untracked 
| 117|0x0000000087500000, 0x0000000087500000, 0x0000000087600000|  0%| F|  |TAMS 0x0000000087500000, 0x0000000087500000| Untracked 
| 118|0x0000000087600000, 0x0000000087600000, 0x0000000087700000|  0%| F|  |TAMS 0x0000000087600000, 0x0000000087600000| Untracked 
| 119|0x0000000087700000, 0x0000000087700000, 0x0000000087800000|  0%| F|  |TAMS 0x0000000087700000, 0x0000000087700000| Untracked 
| 120|0x0000000087800000, 0x0000000087800000, 0x0000000087900000|  0%| F|  |TAMS 0x0000000087800000, 0x0000000087800000| Untracked 
| 121|0x0000000087900000, 0x0000000087900000, 0x0000000087a00000|  0%| F|  |TAMS 0x0000000087900000, 0x0000000087900000| Untracked 
| 122|0x0000000087a00000, 0x0000000087a00000, 0x0000000087b00000|  0%| F|  |TAMS 0x0000000087a00000, 0x0000000087a00000| Untracked 
| 123|0x0000000087b00000, 0x0000000087b00000, 0x0000000087c00000|  0%| F|  |TAMS 0x0000000087b00000, 0x0000000087b00000| Untracked 
| 124|0x0000000087c00000, 0x0000000087c00000, 0x0000000087d00000|  0%| F|  |TAMS 0x0000000087c00000, 0x0000000087c00000| Untracked 
| 125|0x0000000087d00000, 0x0000000087d00000, 0x0000000087e00000|  0%| F|  |TAMS 0x0000000087d00000, 0x0000000087d00000| Untracked 
| 126|0x0000000087e00000, 0x0000000087e00000, 0x0000000087f00000|  0%| F|  |TAMS 0x0000000087e00000, 0x0000000087e00000| Untracked 
| 127|0x0000000087f00000, 0x0000000087f00000, 0x0000000088000000|  0%| F|  |TAMS 0x0000000087f00000, 0x0000000087f00000| Untracked 
| 128|0x0000000088000000, 0x0000000088000000, 0x0000000088100000|  0%| F|  |TAMS 0x0000000088000000, 0x0000000088000000| Untracked 
| 129|0x0000000088100000, 0x0000000088100000, 0x0000000088200000|  0%| F|  |TAMS 0x0000000088100000, 0x0000000088100000| Untracked 
| 130|0x0000000088200000, 0x0000000088200000, 0x0000000088300000|  0%| F|  |TAMS 0x0000000088200000, 0x0000000088200000| Untracked 
| 131|0x0000000088300000, 0x0000000088300000, 0x0000000088400000|  0%| F|  |TAMS 0x0000000088300000, 0x0000000088300000| Untracked 
| 132|0x0000000088400000, 0x0000000088400000, 0x0000000088500000|  0%| F|  |TAMS 0x0000000088400000, 0x0000000088400000| Untracked 
| 133|0x0000000088500000, 0x0000000088500000, 0x0000000088600000|  0%| F|  |TAMS 0x0000000088500000, 0x0000000088500000| Untracked 
| 134|0x0000000088600000, 0x0000000088600000, 0x0000000088700000|  0%| F|  |TAMS 0x0000000088600000, 0x0000000088600000| Untracked 
| 135|0x0000000088700000, 0x0000000088700000, 0x0000000088800000|  0%| F|  |TAMS 0x0000000088700000, 0x0000000088700000| Untracked 
| 136|0x0000000088800000, 0x0000000088800000, 0x0000000088900000|  0%| F|  |TAMS 0x0000000088800000, 0x0000000088800000| Untracked 
| 137|0x0000000088900000, 0x0000000088900000, 0x0000000088a00000|  0%| F|  |TAMS 0x0000000088900000, 0x0000000088900000| Untracked 
| 138|0x0000000088a00000, 0x0000000088a00000, 0x0000000088b00000|  0%| F|  |TAMS 0x0000000088a00000, 0x0000000088a00000| Untracked 
| 139|0x0000000088b00000, 0x0000000088b00000, 0x0000000088c00000|  0%| F|  |TAMS 0x0000000088b00000, 0x0000000088b00000| Untracked 
| 140|0x0000000088c00000, 0x0000000088c00000, 0x0000000088d00000|  0%| F|  |TAMS 0x0000000088c00000, 0x0000000088c00000| Untracked 
| 141|0x0000000088d00000, 0x0000000088d00000, 0x0000000088e00000|  0%| F|  |TAMS 0x0000000088d00000, 0x0000000088d00000| Untracked 
| 142|0x0000000088e00000, 0x0000000088e00000, 0x0000000088f00000|  0%| F|  |TAMS 0x0000000088e00000, 0x0000000088e00000| Untracked 
| 143|0x0000000088f00000, 0x0000000088f00000, 0x0000000089000000|  0%| F|  |TAMS 0x0000000088f00000, 0x0000000088f00000| Untracked 
| 144|0x0000000089000000, 0x0000000089000000, 0x0000000089100000|  0%| F|  |TAMS 0x0000000089000000, 0x0000000089000000| Untracked 
| 145|0x0000000089100000, 0x0000000089100000, 0x0000000089200000|  0%| F|  |TAMS 0x0000000089100000, 0x0000000089100000| Untracked 
| 146|0x0000000089200000, 0x0000000089200000, 0x0000000089300000|  0%| F|  |TAMS 0x0000000089200000, 0x0000000089200000| Untracked 
| 147|0x0000000089300000, 0x0000000089300000, 0x0000000089400000|  0%| F|  |TAMS 0x0000000089300000, 0x0000000089300000| Untracked 
| 148|0x0000000089400000, 0x0000000089400000, 0x0000000089500000|  0%| F|  |TAMS 0x0000000089400000, 0x0000000089400000| Untracked 
| 149|0x0000000089500000, 0x0000000089500000, 0x0000000089600000|  0%| F|  |TAMS 0x0000000089500000, 0x0000000089500000| Untracked 
| 150|0x0000000089600000, 0x0000000089600000, 0x0000000089700000|  0%| F|  |TAMS 0x0000000089600000, 0x0000000089600000| Untracked 
| 151|0x0000000089700000, 0x0000000089700000, 0x0000000089800000|  0%| F|  |TAMS 0x0000000089700000, 0x0000000089700000| Untracked 
| 152|0x0000000089800000, 0x0000000089800000, 0x0000000089900000|  0%| F|  |TAMS 0x0000000089800000, 0x0000000089800000| Untracked 
| 153|0x0000000089900000, 0x0000000089900000, 0x0000000089a00000|  0%| F|  |TAMS 0x0000000089900000, 0x0000000089900000| Untracked 
| 154|0x0000000089a00000, 0x0000000089a00000, 0x0000000089b00000|  0%| F|  |TAMS 0x0000000089a00000, 0x0000000089a00000| Untracked 
| 155|0x0000000089b00000, 0x0000000089b00000, 0x0000000089c00000|  0%| F|  |TAMS 0x0000000089b00000, 0x0000000089b00000| Untracked 
| 156|0x0000000089c00000, 0x0000000089c00000, 0x0000000089d00000|  0%| F|  |TAMS 0x0000000089c00000, 0x0000000089c00000| Untracked 
| 157|0x0000000089d00000, 0x0000000089d00000, 0x0000000089e00000|  0%| F|  |TAMS 0x0000000089d00000, 0x0000000089d00000| Untracked 
| 158|0x0000000089e00000, 0x0000000089e00000, 0x0000000089f00000|  0%| F|  |TAMS 0x0000000089e00000, 0x0000000089e00000| Untracked 
| 159|0x0000000089f00000, 0x0000000089f00000, 0x000000008a000000|  0%| F|  |TAMS 0x0000000089f00000, 0x0000000089f00000| Untracked 
| 160|0x000000008a000000, 0x000000008a000000, 0x000000008a100000|  0%| F|  |TAMS 0x000000008a000000, 0x000000008a000000| Untracked 
| 161|0x000000008a100000, 0x000000008a100000, 0x000000008a200000|  0%| F|  |TAMS 0x000000008a100000, 0x000000008a100000| Untracked 
| 162|0x000000008a200000, 0x000000008a200000, 0x000000008a300000|  0%| F|  |TAMS 0x000000008a200000, 0x000000008a200000| Untracked 
| 163|0x000000008a300000, 0x000000008a300000, 0x000000008a400000|  0%| F|  |TAMS 0x000000008a300000, 0x000000008a300000| Untracked 
| 164|0x000000008a400000, 0x000000008a400000, 0x000000008a500000|  0%| F|  |TAMS 0x000000008a400000, 0x000000008a400000| Untracked 
| 165|0x000000008a500000, 0x000000008a500000, 0x000000008a600000|  0%| F|  |TAMS 0x000000008a500000, 0x000000008a500000| Untracked 
| 166|0x000000008a600000, 0x000000008a600000, 0x000000008a700000|  0%| F|  |TAMS 0x000000008a600000, 0x000000008a600000| Untracked 
| 167|0x000000008a700000, 0x000000008a700000, 0x000000008a800000|  0%| F|  |TAMS 0x000000008a700000, 0x000000008a700000| Untracked 
| 168|0x000000008a800000, 0x000000008a800000, 0x000000008a900000|  0%| F|  |TAMS 0x000000008a800000, 0x000000008a800000| Untracked 
| 169|0x000000008a900000, 0x000000008a900000, 0x000000008aa00000|  0%| F|  |TAMS 0x000000008a900000, 0x000000008a900000| Untracked 
| 170|0x000000008aa00000, 0x000000008aa00000, 0x000000008ab00000|  0%| F|  |TAMS 0x000000008aa00000, 0x000000008aa00000| Untracked 
| 171|0x000000008ab00000, 0x000000008ab00000, 0x000000008ac00000|  0%| F|  |TAMS 0x000000008ab00000, 0x000000008ab00000| Untracked 
| 172|0x000000008ac00000, 0x000000008ac00000, 0x000000008ad00000|  0%| F|  |TAMS 0x000000008ac00000, 0x000000008ac00000| Untracked 
| 173|0x000000008ad00000, 0x000000008ad00000, 0x000000008ae00000|  0%| F|  |TAMS 0x000000008ad00000, 0x000000008ad00000| Untracked 
| 174|0x000000008ae00000, 0x000000008ae00000, 0x000000008af00000|  0%| F|  |TAMS 0x000000008ae00000, 0x000000008ae00000| Untracked 
| 175|0x000000008af00000, 0x000000008af00000, 0x000000008b000000|  0%| F|  |TAMS 0x000000008af00000, 0x000000008af00000| Untracked 
| 176|0x000000008b000000, 0x000000008b000000, 0x000000008b100000|  0%| F|  |TAMS 0x000000008b000000, 0x000000008b000000| Untracked 
| 177|0x000000008b100000, 0x000000008b100000, 0x000000008b200000|  0%| F|  |TAMS 0x000000008b100000, 0x000000008b100000| Untracked 
| 178|0x000000008b200000, 0x000000008b200000, 0x000000008b300000|  0%| F|  |TAMS 0x000000008b200000, 0x000000008b200000| Untracked 
| 179|0x000000008b300000, 0x000000008b300000, 0x000000008b400000|  0%| F|  |TAMS 0x000000008b300000, 0x000000008b300000| Untracked 
| 180|0x000000008b400000, 0x000000008b400000, 0x000000008b500000|  0%| F|  |TAMS 0x000000008b400000, 0x000000008b400000| Untracked 
| 181|0x000000008b500000, 0x000000008b500000, 0x000000008b600000|  0%| F|  |TAMS 0x000000008b500000, 0x000000008b500000| Untracked 
| 182|0x000000008b600000, 0x000000008b600000, 0x000000008b700000|  0%| F|  |TAMS 0x000000008b600000, 0x000000008b600000| Untracked 
| 183|0x000000008b700000, 0x000000008b700000, 0x000000008b800000|  0%| F|  |TAMS 0x000000008b700000, 0x000000008b700000| Untracked 
| 184|0x000000008b800000, 0x000000008b800000, 0x000000008b900000|  0%| F|  |TAMS 0x000000008b800000, 0x000000008b800000| Untracked 
| 185|0x000000008b900000, 0x000000008b900000, 0x000000008ba00000|  0%| F|  |TAMS 0x000000008b900000, 0x000000008b900000| Untracked 
| 186|0x000000008ba00000, 0x000000008ba00000, 0x000000008bb00000|  0%| F|  |TAMS 0x000000008ba00000, 0x000000008ba00000| Untracked 
| 187|0x000000008bb00000, 0x000000008bb00000, 0x000000008bc00000|  0%| F|  |TAMS 0x000000008bb00000, 0x000000008bb00000| Untracked 
| 188|0x000000008bc00000, 0x000000008bc00000, 0x000000008bd00000|  0%| F|  |TAMS 0x000000008bc00000, 0x000000008bc00000| Untracked 
| 189|0x000000008bd00000, 0x000000008bd00000, 0x000000008be00000|  0%| F|  |TAMS 0x000000008bd00000, 0x000000008bd00000| Untracked 
| 190|0x000000008be00000, 0x000000008be00000, 0x000000008bf00000|  0%| F|  |TAMS 0x000000008be00000, 0x000000008be00000| Untracked 
| 191|0x000000008bf00000, 0x000000008bf00000, 0x000000008c000000|  0%| F|  |TAMS 0x000000008bf00000, 0x000000008bf00000| Untracked 
| 192|0x000000008c000000, 0x000000008c000000, 0x000000008c100000|  0%| F|  |TAMS 0x000000008c000000, 0x000000008c000000| Untracked 
| 193|0x000000008c100000, 0x000000008c100000, 0x000000008c200000|  0%| F|  |TAMS 0x000000008c100000, 0x000000008c100000| Untracked 
| 194|0x000000008c200000, 0x000000008c200000, 0x000000008c300000|  0%| F|  |TAMS 0x000000008c200000, 0x000000008c200000| Untracked 
| 195|0x000000008c300000, 0x000000008c300000, 0x000000008c400000|  0%| F|  |TAMS 0x000000008c300000, 0x000000008c300000| Untracked 
| 196|0x000000008c400000, 0x000000008c400000, 0x000000008c500000|  0%| F|  |TAMS 0x000000008c400000, 0x000000008c400000| Untracked 
| 197|0x000000008c500000, 0x000000008c500000, 0x000000008c600000|  0%| F|  |TAMS 0x000000008c500000, 0x000000008c500000| Untracked 
| 198|0x000000008c600000, 0x000000008c600000, 0x000000008c700000|  0%| F|  |TAMS 0x000000008c600000, 0x000000008c600000| Untracked 
| 199|0x000000008c700000, 0x000000008c700000, 0x000000008c800000|  0%| F|  |TAMS 0x000000008c700000, 0x000000008c700000| Untracked 
| 200|0x000000008c800000, 0x000000008c800000, 0x000000008c900000|  0%| F|  |TAMS 0x000000008c800000, 0x000000008c800000| Untracked 
| 201|0x000000008c900000, 0x000000008c900000, 0x000000008ca00000|  0%| F|  |TAMS 0x000000008c900000, 0x000000008c900000| Untracked 
| 202|0x000000008ca00000, 0x000000008ca00000, 0x000000008cb00000|  0%| F|  |TAMS 0x000000008ca00000, 0x000000008ca00000| Untracked 
| 203|0x000000008cb00000, 0x000000008cb00000, 0x000000008cc00000|  0%| F|  |TAMS 0x000000008cb00000, 0x000000008cb00000| Untracked 
| 204|0x000000008cc00000, 0x000000008cc00000, 0x000000008cd00000|  0%| F|  |TAMS 0x000000008cc00000, 0x000000008cc00000| Untracked 
| 205|0x000000008cd00000, 0x000000008cd00000, 0x000000008ce00000|  0%| F|  |TAMS 0x000000008cd00000, 0x000000008cd00000| Untracked 
| 206|0x000000008ce00000, 0x000000008ce57660, 0x000000008cf00000| 34%| S|CS|TAMS 0x000000008ce00000, 0x000000008ce00000| Complete 
| 207|0x000000008cf00000, 0x000000008cf00000, 0x000000008d000000|  0%| F|  |TAMS 0x000000008cf00000, 0x000000008cf00000| Untracked 
| 208|0x000000008d000000, 0x000000008d100000, 0x000000008d100000|100%| S|CS|TAMS 0x000000008d000000, 0x000000008d000000| Complete 
| 209|0x000000008d100000, 0x000000008d100000, 0x000000008d200000|  0%| F|  |TAMS 0x000000008d100000, 0x000000008d100000| Untracked 
| 210|0x000000008d200000, 0x000000008d200000, 0x000000008d300000|  0%| F|  |TAMS 0x000000008d200000, 0x000000008d200000| Untracked 
| 211|0x000000008d300000, 0x000000008d300000, 0x000000008d400000|  0%| F|  |TAMS 0x000000008d300000, 0x000000008d300000| Untracked 
| 212|0x000000008d400000, 0x000000008d400000, 0x000000008d500000|  0%| F|  |TAMS 0x000000008d400000, 0x000000008d400000| Untracked 
| 213|0x000000008d500000, 0x000000008d500000, 0x000000008d600000|  0%| F|  |TAMS 0x000000008d500000, 0x000000008d500000| Untracked 
| 214|0x000000008d600000, 0x000000008d600000, 0x000000008d700000|  0%| F|  |TAMS 0x000000008d600000, 0x000000008d600000| Untracked 
| 215|0x000000008d700000, 0x000000008d700000, 0x000000008d800000|  0%| F|  |TAMS 0x000000008d700000, 0x000000008d700000| Untracked 
| 216|0x000000008d800000, 0x000000008d800000, 0x000000008d900000|  0%| F|  |TAMS 0x000000008d800000, 0x000000008d800000| Untracked 
| 217|0x000000008d900000, 0x000000008d900000, 0x000000008da00000|  0%| F|  |TAMS 0x000000008d900000, 0x000000008d900000| Untracked 
| 218|0x000000008da00000, 0x000000008da00000, 0x000000008db00000|  0%| F|  |TAMS 0x000000008da00000, 0x000000008da00000| Untracked 
| 219|0x000000008db00000, 0x000000008db00000, 0x000000008dc00000|  0%| F|  |TAMS 0x000000008db00000, 0x000000008db00000| Untracked 
| 220|0x000000008dc00000, 0x000000008dc00000, 0x000000008dd00000|  0%| F|  |TAMS 0x000000008dc00000, 0x000000008dc00000| Untracked 
| 221|0x000000008dd00000, 0x000000008dd00000, 0x000000008de00000|  0%| F|  |TAMS 0x000000008dd00000, 0x000000008dd00000| Untracked 
| 222|0x000000008de00000, 0x000000008de00000, 0x000000008df00000|  0%| F|  |TAMS 0x000000008de00000, 0x000000008de00000| Untracked 
| 223|0x000000008df00000, 0x000000008df00000, 0x000000008e000000|  0%| F|  |TAMS 0x000000008df00000, 0x000000008df00000| Untracked 
| 224|0x000000008e000000, 0x000000008e000000, 0x000000008e100000|  0%| F|  |TAMS 0x000000008e000000, 0x000000008e000000| Untracked 
| 225|0x000000008e100000, 0x000000008e100000, 0x000000008e200000|  0%| F|  |TAMS 0x000000008e100000, 0x000000008e100000| Untracked 
| 226|0x000000008e200000, 0x000000008e200000, 0x000000008e300000|  0%| F|  |TAMS 0x000000008e200000, 0x000000008e200000| Untracked 
| 227|0x000000008e300000, 0x000000008e300000, 0x000000008e400000|  0%| F|  |TAMS 0x000000008e300000, 0x000000008e300000| Untracked 
| 228|0x000000008e400000, 0x000000008e400000, 0x000000008e500000|  0%| F|  |TAMS 0x000000008e400000, 0x000000008e400000| Untracked 
| 229|0x000000008e500000, 0x000000008e500000, 0x000000008e600000|  0%| F|  |TAMS 0x000000008e500000, 0x000000008e500000| Untracked 
| 230|0x000000008e600000, 0x000000008e600000, 0x000000008e700000|  0%| F|  |TAMS 0x000000008e600000, 0x000000008e600000| Untracked 
| 231|0x000000008e700000, 0x000000008e700000, 0x000000008e800000|  0%| F|  |TAMS 0x000000008e700000, 0x000000008e700000| Untracked 
| 232|0x000000008e800000, 0x000000008e800000, 0x000000008e900000|  0%| F|  |TAMS 0x000000008e800000, 0x000000008e800000| Untracked 
| 233|0x000000008e900000, 0x000000008e900000, 0x000000008ea00000|  0%| F|  |TAMS 0x000000008e900000, 0x000000008e900000| Untracked 
| 234|0x000000008ea00000, 0x000000008ea00000, 0x000000008eb00000|  0%| F|  |TAMS 0x000000008ea00000, 0x000000008ea00000| Untracked 
| 235|0x000000008eb00000, 0x000000008eb00000, 0x000000008ec00000|  0%| F|  |TAMS 0x000000008eb00000, 0x000000008eb00000| Untracked 
| 236|0x000000008ec00000, 0x000000008ec00000, 0x000000008ed00000|  0%| F|  |TAMS 0x000000008ec00000, 0x000000008ec00000| Untracked 
| 237|0x000000008ed00000, 0x000000008ed00000, 0x000000008ee00000|  0%| F|  |TAMS 0x000000008ed00000, 0x000000008ed00000| Untracked 
| 238|0x000000008ee00000, 0x000000008ee00000, 0x000000008ef00000|  0%| F|  |TAMS 0x000000008ee00000, 0x000000008ee00000| Untracked 
| 239|0x000000008ef00000, 0x000000008ef00000, 0x000000008f000000|  0%| F|  |TAMS 0x000000008ef00000, 0x000000008ef00000| Untracked 
| 240|0x000000008f000000, 0x000000008f000000, 0x000000008f100000|  0%| F|  |TAMS 0x000000008f000000, 0x000000008f000000| Untracked 
| 241|0x000000008f100000, 0x000000008f100000, 0x000000008f200000|  0%| F|  |TAMS 0x000000008f100000, 0x000000008f100000| Untracked 
| 242|0x000000008f200000, 0x000000008f200000, 0x000000008f300000|  0%| F|  |TAMS 0x000000008f200000, 0x000000008f200000| Untracked 
| 243|0x000000008f300000, 0x000000008f300000, 0x000000008f400000|  0%| F|  |TAMS 0x000000008f300000, 0x000000008f300000| Untracked 
| 244|0x000000008f400000, 0x000000008f400000, 0x000000008f500000|  0%| F|  |TAMS 0x000000008f400000, 0x000000008f400000| Untracked 
| 245|0x000000008f500000, 0x000000008f500000, 0x000000008f600000|  0%| F|  |TAMS 0x000000008f500000, 0x000000008f500000| Untracked 
| 246|0x000000008f600000, 0x000000008f600000, 0x000000008f700000|  0%| F|  |TAMS 0x000000008f600000, 0x000000008f600000| Untracked 
| 247|0x000000008f700000, 0x000000008f700000, 0x000000008f800000|  0%| F|  |TAMS 0x000000008f700000, 0x000000008f700000| Untracked 
| 248|0x000000008f800000, 0x000000008f800000, 0x000000008f900000|  0%| F|  |TAMS 0x000000008f800000, 0x000000008f800000| Untracked 
| 249|0x000000008f900000, 0x000000008f900000, 0x000000008fa00000|  0%| F|  |TAMS 0x000000008f900000, 0x000000008f900000| Untracked 
| 250|0x000000008fa00000, 0x000000008fa00000, 0x000000008fb00000|  0%| F|  |TAMS 0x000000008fa00000, 0x000000008fa00000| Untracked 
| 251|0x000000008fb00000, 0x000000008fb00000, 0x000000008fc00000|  0%| F|  |TAMS 0x000000008fb00000, 0x000000008fb00000| Untracked 

Card table byte_map: [0x0000016417c90000,0x0000016418090000] _byte_map_base: 0x0000016417890000

Marking Bits (Prev, Next): (CMBitMap*) 0x00000164050eb2d0, (CMBitMap*) 0x00000164050eb290
 Prev Bits: [0x000001641a490000, 0x000001641c490000)
 Next Bits: [0x0000016418490000, 0x000001641a490000)

Polling page: 0x0000016402fd0000

Metaspace:

Usage:
  Non-class:     57.41 MB used.
      Class:      8.82 MB used.
       Both:     66.23 MB used.

Virtual space:
  Non-class space:       64.00 MB reserved,      57.75 MB ( 90%) committed,  8 nodes.
      Class space:        1.00 GB reserved,       9.12 MB ( <1%) committed,  1 nodes.
             Both:        1.06 GB reserved,      66.88 MB (  6%) committed. 

Chunk freelists:
   Non-Class:  2.14 MB
       Class:  2.70 MB
        Both:  4.84 MB

MaxMetaspaceSize: unlimited
CompressedClassSpaceSize: 1.00 GB
Initial GC threshold: 21.00 MB
Current GC threshold: 105.44 MB
CDS: off
MetaspaceReclaimPolicy: balanced
 - commit_granule_bytes: 65536.
 - commit_granule_words: 8192.
 - virtual_space_node_default_size: 1048576.
 - enlarge_chunks_in_place: 1.
 - new_chunks_are_fully_committed: 0.
 - uncommit_free_chunks: 1.
 - use_allocation_guard: 0.
 - handle_deallocations: 1.


Internal statistics:

num_allocs_failed_limit: 3.
num_arena_births: 792.
num_arena_deaths: 0.
num_vsnodes_births: 9.
num_vsnodes_deaths: 0.
num_space_committed: 1070.
num_space_uncommitted: 0.
num_chunks_returned_to_freelist: 3.
num_chunks_taken_from_freelist: 3072.
num_chunk_merges: 3.
num_chunk_splits: 2040.
num_chunks_enlarged: 1361.
num_purges: 0.
num_inconsistent_stats: 0.

CodeHeap 'non-profiled nmethods': size=120000Kb used=3633Kb max_used=3633Kb free=116366Kb
 bounds [0x0000016410030000, 0x00000164103c0000, 0x0000016417560000]
CodeHeap 'profiled nmethods': size=120000Kb used=11755Kb max_used=11755Kb free=108244Kb
 bounds [0x0000016408560000, 0x00000164090e0000, 0x000001640fa90000]
CodeHeap 'non-nmethods': size=5760Kb used=2368Kb max_used=2441Kb free=3391Kb
 bounds [0x000001640fa90000, 0x000001640fd00000, 0x0000016410030000]
 total_blobs=6964 nmethods=6078 adapters=798
 compilation: enabled
              stopped_count=0, restarted_count=0
 full_count=0

Compilation events (20 events):
Event: 4.990 Thread 0x000001641f8a3420 6884       3       sun.security.util.ObjectIdentifier::<init> (39 bytes)
Event: 4.990 Thread 0x000001641f8a3420 nmethod 6884 0x00000164090d8390 code [0x00000164090d8540, 0x00000164090d87f8]
Event: 4.990 Thread 0x0000016423893c60 nmethod 6885 0x00000164101d2010 code [0x00000164101d21a0, 0x00000164101d22d8]
Event: 4.990 Thread 0x0000016423893c60 6886 %     4       java.math.BigInteger::montReduce @ 9 (99 bytes)
Event: 4.990 Thread 0x000001641f8a3420 6887       3       java.math.BigInteger::primitiveLeftShift (37 bytes)
Event: 4.991 Thread 0x000001641f87f3b0 nmethod 6880 0x00000164101d1210 code [0x00000164101d13c0, 0x00000164101d1b48]
Event: 4.991 Thread 0x000001641f87f3b0 6888       4       java.math.BigInteger::implSquareToLen (154 bytes)
Event: 4.991 Thread 0x000001641f8a3420 nmethod 6887 0x00000164090d8910 code [0x00000164090d8ae0, 0x00000164090d8eb8]
Event: 4.992 Thread 0x000001641f8a3420 6891       3       java.math.MutableBigInteger::add (346 bytes)
Event: 4.993 Thread 0x000001641f8a3420 nmethod 6891 0x00000164090d9090 code [0x00000164090d92a0, 0x00000164090d9cc8]
Event: 4.993 Thread 0x000001641f8a3420 6890       3       java.math.MutableBigInteger::getLowestSetBit (74 bytes)
Event: 4.993 Thread 0x000001641f8a3420 nmethod 6890 0x00000164090da090 code [0x00000164090da260, 0x00000164090da5c8]
Event: 4.993 Thread 0x000001641f8a3420 6893       3       java.math.BigInteger::multiplyToLen (20 bytes)
Event: 4.994 Thread 0x000001641f8a3420 nmethod 6893 0x00000164090da710 code [0x00000164090da940, 0x00000164090db088]
Event: 4.994 Thread 0x000001641f8a3420 6894       3       java.math.BigInteger::montgomeryMultiply (54 bytes)
Event: 4.994 Thread 0x000001641f8a3420 nmethod 6894 0x00000164090db410 code [0x00000164090db600, 0x00000164090dba18]
Event: 4.994 Thread 0x000001641f8a3420 6895       3       java.math.BigInteger::implMontgomeryMultiply (22 bytes)
Event: 4.994 Thread 0x000001641f8a3420 nmethod 6895 0x00000164090dbc10 code [0x00000164090dbdc0, 0x00000164090dbf38]
Event: 4.994 Thread 0x000001641f8a3420 6896       3       sun.security.util.ObjectIdentifier::hashCode (8 bytes)
Event: 4.994 Thread 0x000001641f8a3420 nmethod 6896 0x00000164090dc010 code [0x00000164090dc1a0, 0x00000164090dc2e8]

GC Heap History (20 events):
Event: 3.348 GC heap after
{Heap after GC invocations=22 (full 0):
 garbage-first heap   total 117760K, used 68114K [0x0000000080000000, 0x0000000100000000)
  region size 1024K, 2 young (2048K), 2 survivors (2048K)
 Metaspace       used 49656K, committed 50112K, reserved 1097728K
  class space    used 6514K, committed 6720K, reserved 1048576K
}
Event: 3.546 GC heap before
{Heap before GC invocations=22 (full 0):
 garbage-first heap   total 117760K, used 89618K [0x0000000080000000, 0x0000000100000000)
  region size 1024K, 24 young (24576K), 2 survivors (2048K)
 Metaspace       used 51681K, committed 52288K, reserved 1097728K
  class space    used 6884K, committed 7168K, reserved 1048576K
}
Event: 3.549 GC heap after
{Heap after GC invocations=23 (full 0):
 garbage-first heap   total 117760K, used 69478K [0x0000000080000000, 0x0000000100000000)
  region size 1024K, 2 young (2048K), 2 survivors (2048K)
 Metaspace       used 51681K, committed 52288K, reserved 1097728K
  class space    used 6884K, committed 7168K, reserved 1048576K
}
Event: 3.760 GC heap before
{Heap before GC invocations=24 (full 0):
 garbage-first heap   total 122880K, used 92006K [0x0000000080000000, 0x0000000100000000)
  region size 1024K, 24 young (24576K), 2 survivors (2048K)
 Metaspace       used 54234K, committed 54912K, reserved 1097728K
  class space    used 7313K, committed 7616K, reserved 1048576K
}
Event: 3.762 GC heap after
{Heap after GC invocations=25 (full 0):
 garbage-first heap   total 122880K, used 71010K [0x0000000080000000, 0x0000000100000000)
  region size 1024K, 3 young (3072K), 3 survivors (3072K)
 Metaspace       used 54234K, committed 54912K, reserved 1097728K
  class space    used 7313K, committed 7616K, reserved 1048576K
}
Event: 3.991 GC heap before
{Heap before GC invocations=25 (full 0):
 garbage-first heap   total 122880K, used 97634K [0x0000000080000000, 0x0000000100000000)
  region size 1024K, 29 young (29696K), 3 survivors (3072K)
 Metaspace       used 56104K, committed 56704K, reserved 1105920K
  class space    used 7570K, committed 7872K, reserved 1048576K
}
Event: 3.994 GC heap after
{Heap after GC invocations=26 (full 0):
 garbage-first heap   total 122880K, used 73296K [0x0000000080000000, 0x0000000100000000)
  region size 1024K, 4 young (4096K), 4 survivors (4096K)
 Metaspace       used 56104K, committed 56704K, reserved 1105920K
  class space    used 7570K, committed 7872K, reserved 1048576K
}
Event: 4.124 GC heap before
{Heap before GC invocations=27 (full 0):
 garbage-first heap   total 135168K, used 90704K [0x0000000080000000, 0x0000000100000000)
  region size 1024K, 23 young (23552K), 4 survivors (4096K)
 Metaspace       used 56431K, committed 57024K, reserved 1105920K
  class space    used 7596K, committed 7872K, reserved 1048576K
}
Event: 4.127 GC heap after
{Heap after GC invocations=28 (full 0):
 garbage-first heap   total 135168K, used 74870K [0x0000000080000000, 0x0000000100000000)
  region size 1024K, 3 young (3072K), 3 survivors (3072K)
 Metaspace       used 56431K, committed 57024K, reserved 1105920K
  class space    used 7596K, committed 7872K, reserved 1048576K
}
Event: 4.349 GC heap before
{Heap before GC invocations=29 (full 0):
 garbage-first heap   total 140288K, used 115830K [0x0000000080000000, 0x0000000100000000)
  region size 1024K, 34 young (34816K), 3 survivors (3072K)
 Metaspace       used 59546K, committed 60224K, reserved 1105920K
  class space    used 8020K, committed 8320K, reserved 1048576K
}
Event: 4.351 GC heap after
{Heap after GC invocations=30 (full 0):
 garbage-first heap   total 140288K, used 90858K [0x0000000080000000, 0x0000000100000000)
  region size 1024K, 5 young (5120K), 5 survivors (5120K)
 Metaspace       used 59546K, committed 60224K, reserved 1105920K
  class space    used 8020K, committed 8320K, reserved 1048576K
}
Event: 4.361 GC heap before
{Heap before GC invocations=30 (full 0):
 garbage-first heap   total 140288K, used 91882K [0x0000000080000000, 0x0000000100000000)
  region size 1024K, 6 young (6144K), 5 survivors (5120K)
 Metaspace       used 59644K, committed 60288K, reserved 1105920K
  class space    used 8042K, committed 8320K, reserved 1048576K
}
Event: 4.363 GC heap after
{Heap after GC invocations=31 (full 0):
 garbage-first heap   total 140288K, used 91195K [0x0000000080000000, 0x0000000100000000)
  region size 1024K, 1 young (1024K), 1 survivors (1024K)
 Metaspace       used 59644K, committed 60288K, reserved 1105920K
  class space    used 8042K, committed 8320K, reserved 1048576K
}
Event: 4.599 GC heap before
{Heap before GC invocations=31 (full 0):
 garbage-first heap   total 140288K, used 115771K [0x0000000080000000, 0x0000000100000000)
  region size 1024K, 25 young (25600K), 1 survivors (1024K)
 Metaspace       used 63751K, committed 64320K, reserved 1105920K
  class space    used 8476K, committed 8704K, reserved 1048576K
}
Event: 4.601 GC heap after
{Heap after GC invocations=32 (full 0):
 garbage-first heap   total 140288K, used 91725K [0x0000000080000000, 0x0000000100000000)
  region size 1024K, 2 young (2048K), 2 survivors (2048K)
 Metaspace       used 63751K, committed 64320K, reserved 1105920K
  class space    used 8476K, committed 8704K, reserved 1048576K
}
Event: 4.976 GC heap before
{Heap before GC invocations=33 (full 0):
 garbage-first heap   total 160768K, used 119373K [0x0000000080000000, 0x0000000100000000)
  region size 1024K, 26 young (26624K), 2 survivors (2048K)
 Metaspace       used 67811K, committed 68480K, reserved 1114112K
  class space    used 9032K, committed 9344K, reserved 1048576K
}
Event: 4.980 GC heap after
{Heap after GC invocations=34 (full 0):
 garbage-first heap   total 160768K, used 98652K [0x0000000080000000, 0x0000000100000000)
  region size 1024K, 4 young (4096K), 4 survivors (4096K)
 Metaspace       used 67811K, committed 68480K, reserved 1114112K
  class space    used 9032K, committed 9344K, reserved 1048576K
}
Event: 4.985 GC heap before
{Heap before GC invocations=34 (full 0):
 garbage-first heap   total 160768K, used 101724K [0x0000000080000000, 0x0000000100000000)
  region size 1024K, 7 young (7168K), 4 survivors (4096K)
 Metaspace       used 67811K, committed 68480K, reserved 1114112K
  class space    used 9032K, committed 9344K, reserved 1048576K
}
Event: 4.988 GC heap after
{Heap after GC invocations=35 (full 0):
 garbage-first heap   total 160768K, used 100290K [0x0000000080000000, 0x0000000100000000)
  region size 1024K, 1 young (1024K), 1 survivors (1024K)
 Metaspace       used 67811K, committed 68480K, reserved 1114112K
  class space    used 9032K, committed 9344K, reserved 1048576K
}
Event: 4.997 GC heap before
{Heap before GC invocations=35 (full 0):
 garbage-first heap   total 160768K, used 101314K [0x0000000080000000, 0x0000000100000000)
  region size 1024K, 3 young (3072K), 1 survivors (1024K)
 Metaspace       used 67817K, committed 68480K, reserved 1114112K
  class space    used 9032K, committed 9344K, reserved 1048576K
}

Dll operation events (2 events):
Event: 0.006 Loaded shared library C:\Program Files\Android\Android Studio\jbr\bin\java.dll
Event: 0.210 Loaded shared library C:\Program Files\Android\Android Studio\jbr\bin\verify.dll

Deoptimization events (20 events):
Event: 4.993 Thread 0x0000016420c88dc0 DEOPT PACKING pc=0x00000164090bb1b8 sp=0x0000004d5eff1990
Event: 4.993 Thread 0x0000016420c88dc0 DEOPT UNPACKING pc=0x000001640faeace3 sp=0x0000004d5eff0e10 mode 0
Event: 4.993 Thread 0x0000016420c88dc0 DEOPT PACKING pc=0x00000164090ba9e6 sp=0x0000004d5eff1820
Event: 4.993 Thread 0x0000016420c88dc0 DEOPT UNPACKING pc=0x000001640faeace3 sp=0x0000004d5eff0ca0 mode 0
Event: 4.993 Thread 0x0000016420c88dc0 DEOPT PACKING pc=0x00000164090c0a38 sp=0x0000004d5eff1960
Event: 4.993 Thread 0x0000016420c88dc0 DEOPT UNPACKING pc=0x000001640faeace3 sp=0x0000004d5eff0de0 mode 0
Event: 4.993 Thread 0x0000016420c88dc0 DEOPT PACKING pc=0x00000164090c0a38 sp=0x0000004d5eff1950
Event: 4.993 Thread 0x0000016420c88dc0 DEOPT UNPACKING pc=0x000001640faeace3 sp=0x0000004d5eff0dd0 mode 0
Event: 4.993 Thread 0x0000016420c88dc0 DEOPT PACKING pc=0x00000164090c0a38 sp=0x0000004d5eff1960
Event: 4.993 Thread 0x0000016420c88dc0 DEOPT UNPACKING pc=0x000001640faeace3 sp=0x0000004d5eff0de0 mode 0
Event: 4.994 Thread 0x0000016420c88dc0 DEOPT PACKING pc=0x00000164090c0a38 sp=0x0000004d5eff1960
Event: 4.994 Thread 0x0000016420c88dc0 DEOPT UNPACKING pc=0x000001640faeace3 sp=0x0000004d5eff0de0 mode 0
Event: 4.994 Thread 0x0000016420c88dc0 DEOPT PACKING pc=0x00000164090bb1b8 sp=0x0000004d5eff1990
Event: 4.994 Thread 0x0000016420c88dc0 DEOPT UNPACKING pc=0x000001640faeace3 sp=0x0000004d5eff0e10 mode 0
Event: 4.994 Thread 0x0000016420c88dc0 DEOPT PACKING pc=0x00000164090ba9e6 sp=0x0000004d5eff1880
Event: 4.994 Thread 0x0000016420c88dc0 DEOPT UNPACKING pc=0x000001640faeace3 sp=0x0000004d5eff0d00 mode 0
Event: 4.994 Thread 0x0000016420c88dc0 DEOPT PACKING pc=0x00000164090c0a38 sp=0x0000004d5eff1910
Event: 4.994 Thread 0x0000016420c88dc0 DEOPT UNPACKING pc=0x000001640faeace3 sp=0x0000004d5eff0d68 mode 0
Event: 4.994 Thread 0x0000016420c88dc0 DEOPT PACKING pc=0x00000164090c0a38 sp=0x0000004d5eff18b0
Event: 4.994 Thread 0x0000016420c88dc0 DEOPT UNPACKING pc=0x000001640faeace3 sp=0x0000004d5eff0d08 mode 0

Classes unloaded (0 events):
No events

Classes redefined (0 events):
No events

Internal exceptions (20 events):
Event: 3.538 Thread 0x0000016420c88dc0 Exception <a 'java/lang/ClassNotFoundException'{0x0000000085d30c70}: org/jetbrains/plugins/gradle/model/DependencyAccessorsModelBeanInfo> (0x0000000085d30c70) 
thrown [s\src\hotspot\share\classfile\systemDictionary.cpp, line 256]
Event: 3.538 Thread 0x0000016420c88dc0 Exception <a 'java/lang/ClassNotFoundException'{0x0000000085d39020}: org/jetbrains/plugins/gradle/model/DependencyAccessorsModelCustomizer> (0x0000000085d39020) 
thrown [s\src\hotspot\share\classfile\systemDictionary.cpp, line 256]
Event: 3.611 Thread 0x0000016420c88dc0 Exception <a 'java/lang/ClassNotFoundException'{0x000000008cc79170}: org/gradle/api/internal/project/DefaultProject_DecoratedBeanInfo> (0x000000008cc79170) 
thrown [s\src\hotspot\share\classfile\systemDictionary.cpp, line 256]
Event: 3.611 Thread 0x0000016420c88dc0 Exception <a 'java/lang/ClassNotFoundException'{0x000000008cc85c68}: org/gradle/api/internal/project/DefaultProjectBeanInfo> (0x000000008cc85c68) 
thrown [s\src\hotspot\share\classfile\systemDictionary.cpp, line 256]
Event: 3.612 Thread 0x0000016420c88dc0 Exception <a 'java/lang/ClassNotFoundException'{0x000000008cc92768}: org/gradle/api/internal/project/DefaultProjectCustomizer> (0x000000008cc92768) 
thrown [s\src\hotspot\share\classfile\systemDictionary.cpp, line 256]
Event: 3.614 Thread 0x0000016420c88dc0 Exception <a 'java/lang/ClassNotFoundException'{0x000000008cb3c078}: org/gradle/api/internal/project/DefaultProject_DecoratedCustomizer> (0x000000008cb3c078) 
thrown [s\src\hotspot\share\classfile\systemDictionary.cpp, line 256]
Event: 3.822 Thread 0x0000016420c88dc0 Exception <a 'java/lang/NoSuchMethodError'{0x000000008cbec160}: 'java.lang.Object java.lang.invoke.DirectMethodHandle$Holder.newInvokeSpecial(java.lang.Object, java.lang.Object, java.lang.Object, java.lang.Object, java.lang.Object, int)'> (0x000000008cbec160) 
thrown [s\src\hotspot\share\interpreter\linkResolver.cpp, line 771]
Event: 3.822 Thread 0x0000016420c88dc0 Exception <a 'java/lang/NoSuchMethodError'{0x000000008cbf17b8}: 'java.lang.Object java.lang.invoke.DirectMethodHandle$Holder.invokeSpecial(java.lang.Object, java.lang.Object, java.lang.Object, java.lang.Object, java.lang.Object, java.lang.Object, int)'> (0x000000008cbf17b8) 
thrown [s\src\hotspot\share\interpreter\linkResolver.cpp, line 771]
Event: 3.827 Thread 0x0000016420c88dc0 Exception <a 'java/lang/NoSuchMethodError'{0x000000008ca91720}: 'void java.lang.invoke.DirectMethodHandle$Holder.invokeStatic(java.lang.Object, java.lang.Object, java.lang.Object, int, java.lang.Object)'> (0x000000008ca91720) 
thrown [s\src\hotspot\share\interpreter\linkResolver.cpp, line 771]
Event: 3.965 Thread 0x0000016420c88dc0 Implicit null exception at 0x0000016410392aef to 0x0000016410392d38
Event: 4.122 Thread 0x0000016420c88dc0 Implicit null exception at 0x0000016410386192 to 0x00000164103867f8
Event: 4.122 Thread 0x0000016420c88dc0 Implicit null exception at 0x000001641038ab94 to 0x000001641038b20c
Event: 4.243 Thread 0x0000016420c88dc0 Exception <a 'java/lang/NoSuchMethodError'{0x0000000087590440}: 'java.lang.Object java.lang.invoke.DirectMethodHandle$Holder.newInvokeSpecial(java.lang.Object, java.lang.Object, java.lang.Object, java.lang.Object, int)'> (0x0000000087590440) 
thrown [s\src\hotspot\share\interpreter\linkResolver.cpp, line 771]
Event: 4.243 Thread 0x0000016420c88dc0 Exception <a 'java/lang/NoSuchMethodError'{0x0000000087595888}: 'java.lang.Object java.lang.invoke.DirectMethodHandle$Holder.invokeSpecial(java.lang.Object, java.lang.Object, java.lang.Object, java.lang.Object, java.lang.Object, int)'> (0x0000000087595888) 
thrown [s\src\hotspot\share\interpreter\linkResolver.cpp, line 771]
Event: 4.244 Thread 0x0000016420c88dc0 Exception <a 'java/lang/NoSuchMethodError'{0x000000008759a608}: 'java.lang.Object java.lang.invoke.Invokers$Holder.linkToTargetMethod(java.lang.Object, java.lang.Object, java.lang.Object, int, java.lang.Object)'> (0x000000008759a608) 
thrown [s\src\hotspot\share\interpreter\linkResolver.cpp, line 771]
Event: 4.370 Thread 0x0000016420c88dc0 Exception <a 'java/lang/NoSuchMethodError'{0x000000008fb92eb8}: 'int java.lang.invoke.DirectMethodHandle$Holder.invokeInterface(java.lang.Object, java.lang.Object, java.lang.Object, java.lang.Object)'> (0x000000008fb92eb8) 
thrown [s\src\hotspot\share\interpreter\linkResolver.cpp, line 771]
Event: 4.704 Thread 0x0000016420c88dc0 Exception <a 'java/lang/IncompatibleClassChangeError'{0x000000008ccc5c28}: Found class java.lang.Object, but interface was expected> (0x000000008ccc5c28) 
thrown [s\src\hotspot\share\interpreter\linkResolver.cpp, line 838]
Event: 4.743 Thread 0x0000016420c88dc0 Implicit null exception at 0x00000164100e8d59 to 0x00000164100e8ef4
Event: 4.743 Thread 0x0000016420c88dc0 Implicit null exception at 0x000001641029871d to 0x000001641029a478
Event: 4.878 Thread 0x0000016420c88dc0 Implicit null exception at 0x0000016410236f8c to 0x00000164102370be

VM Operations (20 events):
Event: 4.351 Executing VM operation: G1CollectForAllocation done
Event: 4.361 Executing VM operation: G1CollectForAllocation
Event: 4.364 Executing VM operation: G1CollectForAllocation done
Event: 4.366 Executing VM operation: HandshakeAllThreads
Event: 4.366 Executing VM operation: HandshakeAllThreads done
Event: 4.370 Executing VM operation: HandshakeAllThreads
Event: 4.370 Executing VM operation: HandshakeAllThreads done
Event: 4.599 Executing VM operation: G1CollectForAllocation
Event: 4.601 Executing VM operation: G1CollectForAllocation done
Event: 4.635 Executing VM operation: G1Concurrent
Event: 4.637 Executing VM operation: G1Concurrent done
Event: 4.652 Executing VM operation: G1Concurrent
Event: 4.652 Executing VM operation: G1Concurrent done
Event: 4.853 Executing VM operation: HandshakeAllThreads
Event: 4.854 Executing VM operation: HandshakeAllThreads done
Event: 4.976 Executing VM operation: G1CollectForAllocation
Event: 4.980 Executing VM operation: G1CollectForAllocation done
Event: 4.985 Executing VM operation: G1CollectForAllocation
Event: 4.988 Executing VM operation: G1CollectForAllocation done
Event: 4.997 Executing VM operation: G1TryInitiateConcMark

Events (20 events):
Event: 4.932 loading class java/security/cert/CertPathValidatorException$BasicReason
Event: 4.932 loading class java/security/cert/CertPathValidatorException$Reason
Event: 4.932 loading class java/security/cert/CertPathValidatorException$Reason done
Event: 4.932 loading class java/security/cert/CertPathValidatorException$BasicReason done
Event: 4.932 loading class java/security/SignatureException
Event: 4.932 loading class java/security/SignatureException done
Event: 4.937 loading class sun/security/rsa/RSASignature$SHA256withRSA
Event: 4.937 loading class sun/security/rsa/RSASignature$SHA256withRSA done
Event: 4.938 loading class sun/security/provider/DSA$SHA256withDSA
Event: 4.938 loading class sun/security/provider/DSA$SHA256withDSA done
Event: 4.955 loading class java/util/Base64
Event: 4.955 loading class java/util/Base64 done
Event: 4.955 loading class java/util/Base64$Decoder
Event: 4.955 loading class java/util/Base64$Decoder done
Event: 4.956 loading class java/util/Base64$Encoder
Event: 4.956 loading class java/util/Base64$Encoder done
Event: 4.956 loading class java/util/jar/JarVerifier$VerifierStream
Event: 4.957 loading class java/util/jar/JarVerifier$VerifierStream done
Event: 4.957 loading class sun/security/util/ManifestEntryVerifier$SunProviderHolder
Event: 4.957 loading class sun/security/util/ManifestEntryVerifier$SunProviderHolder done


Dynamic libraries:
0x00007ff605f90000 - 0x00007ff605f9a000 	C:\Program Files\Android\Android Studio\jbr\bin\java.exe
0x00007ffe36670000 - 0x00007ffe36868000 	C:\Windows\SYSTEM32\ntdll.dll
0x00007ffe348b0000 - 0x00007ffe3496f000 	C:\Windows\System32\KERNEL32.DLL
0x00007ffe33a50000 - 0x00007ffe33d22000 	C:\Windows\System32\KERNELBASE.dll
0x00007ffe33dd0000 - 0x00007ffe33ed0000 	C:\Windows\System32\ucrtbase.dll
0x00007ffe16770000 - 0x00007ffe1678b000 	C:\Program Files\Android\Android Studio\jbr\bin\VCRUNTIME140.dll
0x00007ffe28c20000 - 0x00007ffe28c37000 	C:\Program Files\Android\Android Studio\jbr\bin\jli.dll
0x00007ffe35670000 - 0x00007ffe3580d000 	C:\Windows\System32\USER32.dll
0x00007ffe34290000 - 0x00007ffe342b2000 	C:\Windows\System32\win32u.dll
0x00007ffe34f40000 - 0x00007ffe34f6b000 	C:\Windows\System32\GDI32.dll
0x00007ffe343d0000 - 0x00007ffe344df000 	C:\Windows\System32\gdi32full.dll
0x00007ffe33d30000 - 0x00007ffe33dcd000 	C:\Windows\System32\msvcp_win.dll
0x00007ffe19340000 - 0x00007ffe195da000 	C:\Windows\WinSxS\amd64_microsoft.windows.common-controls_6595b64144ccf1df_6.0.19041.1110_none_60b5254171f9507e\COMCTL32.dll
0x00007ffe35d20000 - 0x00007ffe35dbe000 	C:\Windows\System32\msvcrt.dll
0x00007ffe35bd0000 - 0x00007ffe35c02000 	C:\Windows\System32\IMM32.DLL
0x00007ffe1fbc0000 - 0x00007ffe1fbcc000 	C:\Program Files\Android\Android Studio\jbr\bin\vcruntime140_1.dll
0x00007ffde6260000 - 0x00007ffde62ed000 	C:\Program Files\Android\Android Studio\jbr\bin\msvcp140.dll
0x00007ffdde720000 - 0x00007ffddf38e000 	C:\Program Files\Android\Android Studio\jbr\bin\server\jvm.dll
0x00007ffe34ce0000 - 0x00007ffe34d8e000 	C:\Windows\System32\ADVAPI32.dll
0x00007ffe345a0000 - 0x00007ffe3463c000 	C:\Windows\System32\sechost.dll
0x00007ffe34a40000 - 0x00007ffe34b65000 	C:\Windows\System32\RPCRT4.dll
0x00007ffe163a0000 - 0x00007ffe163a9000 	C:\Windows\SYSTEM32\WSOCK32.dll
0x00007ffe23e20000 - 0x00007ffe23e47000 	C:\Windows\SYSTEM32\WINMM.dll
0x00007ffe35590000 - 0x00007ffe355fb000 	C:\Windows\System32\WS2_32.dll
0x00007ffe27190000 - 0x00007ffe2719a000 	C:\Windows\SYSTEM32\VERSION.dll
0x00007ffe344e0000 - 0x00007ffe344f2000 	C:\Windows\System32\kernel.appcore.dll
0x00007ffe2b310000 - 0x00007ffe2b31a000 	C:\Program Files\Android\Android Studio\jbr\bin\jimage.dll
0x00007ffe31ef0000 - 0x00007ffe320d4000 	C:\Windows\SYSTEM32\DBGHELP.DLL
0x00007ffe205a0000 - 0x00007ffe205cc000 	C:\Windows\SYSTEM32\dbgcore.DLL
0x00007ffe34340000 - 0x00007ffe343c2000 	C:\Windows\System32\bcryptPrimitives.dll
0x00007ffe293c0000 - 0x00007ffe293e5000 	C:\Program Files\Android\Android Studio\jbr\bin\java.dll
0x00007ffe2a010000 - 0x00007ffe2a028000 	C:\Program Files\Android\Android Studio\jbr\bin\zip.dll
0x00007ffe35dc0000 - 0x00007ffe36503000 	C:\Windows\System32\SHELL32.dll
0x00007ffe2d180000 - 0x00007ffe2d912000 	C:\Windows\SYSTEM32\windows.storage.dll
0x00007ffe35870000 - 0x00007ffe35bc4000 	C:\Windows\System32\combase.dll
0x00007ffe33460000 - 0x00007ffe33490000 	C:\Windows\SYSTEM32\Wldp.dll
0x00007ffe35c10000 - 0x00007ffe35cbd000 	C:\Windows\System32\SHCORE.dll
0x00007ffe34850000 - 0x00007ffe348a5000 	C:\Windows\System32\shlwapi.dll
0x00007ffe33940000 - 0x00007ffe3395f000 	C:\Windows\SYSTEM32\profapi.dll
0x00007ffe28d30000 - 0x00007ffe28d49000 	C:\Program Files\Android\Android Studio\jbr\bin\net.dll
0x00007ffe29f00000 - 0x00007ffe2a00c000 	C:\Windows\SYSTEM32\WINHTTP.dll
0x00007ffe331c0000 - 0x00007ffe3322a000 	C:\Windows\system32\mswsock.dll
0x00007ffe28ce0000 - 0x00007ffe28cf6000 	C:\Program Files\Android\Android Studio\jbr\bin\nio.dll
0x00007ffe29440000 - 0x00007ffe29450000 	C:\Program Files\Android\Android Studio\jbr\bin\verify.dll
0x00007ffdf7510000 - 0x00007ffdf7537000 	F:\MyApplication2\.gradle\native\68d5fa5c4cc2d200863cafc0d521ce42e7d3e7ee720ec0a83991735586a16f82\windows-amd64\native-platform.dll
0x00007ffde5990000 - 0x00007ffde5ad4000 	F:\MyApplication2\.gradle\native\e376f236ea51e6404a007f0833ffe2c6e607c4080706a723a18a27aeea778392\windows-amd64\native-platform-file-events.dll
0x00007ffe28c60000 - 0x00007ffe28c69000 	C:\Program Files\Android\Android Studio\jbr\bin\management.dll
0x00007ffe28c50000 - 0x00007ffe28c5b000 	C:\Program Files\Android\Android Studio\jbr\bin\management_ext.dll
0x00007ffe35600000 - 0x00007ffe35608000 	C:\Windows\System32\PSAPI.DLL
0x00007ffe333b0000 - 0x00007ffe333c8000 	C:\Windows\SYSTEM32\CRYPTSP.dll
0x00007ffe32ac0000 - 0x00007ffe32af4000 	C:\Windows\system32\rsaenh.dll
0x00007ffe34310000 - 0x00007ffe34337000 	C:\Windows\System32\bcrypt.dll
0x00007ffe33900000 - 0x00007ffe3392e000 	C:\Windows\SYSTEM32\USERENV.dll
0x00007ffe333d0000 - 0x00007ffe333dc000 	C:\Windows\SYSTEM32\CRYPTBASE.dll
0x00007ffe32eb0000 - 0x00007ffe32eeb000 	C:\Windows\SYSTEM32\IPHLPAPI.DLL
0x00007ffe35110000 - 0x00007ffe35118000 	C:\Windows\System32\NSI.dll
0x00007ffe27660000 - 0x00007ffe27677000 	C:\Windows\SYSTEM32\dhcpcsvc6.DLL
0x00007ffe271a0000 - 0x00007ffe271bd000 	C:\Windows\SYSTEM32\dhcpcsvc.DLL
0x00007ffe32f00000 - 0x00007ffe32fca000 	C:\Windows\SYSTEM32\DNSAPI.dll
0x00007ffdae180000 - 0x00007ffdae187000 	C:\Windows\system32\wshunix.dll

dbghelp: loaded successfully - version: 4.0.5 - missing functions: none
symbol engine: initialized successfully - sym options: 0x614 - pdb path: .;C:\Program Files\Android\Android Studio\jbr\bin;C:\Windows\SYSTEM32;C:\Windows\WinSxS\amd64_microsoft.windows.common-controls_6595b64144ccf1df_6.0.19041.1110_none_60b5254171f9507e;C:\Program Files\Android\Android Studio\jbr\bin\server;F:\MyApplication2\.gradle\native\68d5fa5c4cc2d200863cafc0d521ce42e7d3e7ee720ec0a83991735586a16f82\windows-amd64;F:\MyApplication2\.gradle\native\e376f236ea51e6404a007f0833ffe2c6e607c4080706a723a18a27aeea778392\windows-amd64

VM Arguments:
jvm_args: --add-opens=java.base/java.util=ALL-UNNAMED --add-opens=java.base/java.lang=ALL-UNNAMED --add-opens=java.base/java.lang.invoke=ALL-UNNAMED --add-opens=java.prefs/java.util.prefs=ALL-UNNAMED --add-opens=java.base/java.nio.charset=ALL-UNNAMED --add-opens=java.base/java.net=ALL-UNNAMED --add-opens=java.base/java.util.concurrent.atomic=ALL-UNNAMED -Xmx2048m -Dfile.encoding=UTF-8 -Duser.country=CN -Duser.language=zh -Duser.variant 
java_command: org.gradle.launcher.daemon.bootstrap.GradleDaemon 8.0
java_class_path (initial): F:\MyApplication2\.gradle\wrapper\dists\gradle-8.0-bin\ca5e32bp14vu59qr306oxotwh\gradle-8.0\lib\gradle-launcher-8.0.jar
Launcher Type: SUN_STANDARD

[Global flags]
     intx CICompilerCount                          = 4                                         {product} {ergonomic}
     uint ConcGCThreads                            = 2                                         {product} {ergonomic}
     uint G1ConcRefinementThreads                  = 8                                         {product} {ergonomic}
   size_t G1HeapRegionSize                         = 1048576                                   {product} {ergonomic}
    uintx GCDrainStackTargetSize                   = 64                                        {product} {ergonomic}
   size_t InitialHeapSize                          = 264241152                                 {product} {ergonomic}
   size_t MarkStackSize                            = 4194304                                   {product} {ergonomic}
   size_t MaxHeapSize                              = 2147483648                                {product} {command line}
   size_t MaxNewSize                               = 1287651328                                {product} {ergonomic}
   size_t MinHeapDeltaBytes                        = 1048576                                   {product} {ergonomic}
   size_t MinHeapSize                              = 8388608                                   {product} {ergonomic}
    uintx NonNMethodCodeHeapSize                   = 5839372                                {pd product} {ergonomic}
    uintx NonProfiledCodeHeapSize                  = 122909434                              {pd product} {ergonomic}
    uintx ProfiledCodeHeapSize                     = 122909434                              {pd product} {ergonomic}
    uintx ReservedCodeCacheSize                    = 251658240                              {pd product} {ergonomic}
     bool SegmentedCodeCache                       = true                                      {product} {ergonomic}
   size_t SoftMaxHeapSize                          = 2147483648                             {manageable} {ergonomic}
     bool UseCompressedClassPointers               = true                           {product lp64_product} {ergonomic}
     bool UseCompressedOops                        = true                           {product lp64_product} {ergonomic}
     bool UseG1GC                                  = true                                      {product} {ergonomic}
     bool UseLargePagesIndividualAllocation        = false                                  {pd product} {ergonomic}

Logging:
Log output configuration:
 #0: stdout all=warning uptime,level,tags
 #1: stderr all=off uptime,level,tags

Environment Variables:
JAVA_HOME=C:\Program Files\Java\jdk-17.0.1
CLASSPATH=C:\Program Files\Java\jdk-17.0.1\lib\dt.jar;C:\Program Files\Java\jdk-17.0.1\lib\tools.jar;
PATH=C:\Program Files\Java\jdk-17.0.1\bin;C:\Program Files\Java\jdk-17.0.1\jre\bin;;C:\Program Files\Common Files\Oracle\Java\javapath;D:\\Scripts\;D:\\;C:\Program Files\Microsoft MPI\Bin\;C:\Program Files (x86)\NVIDIA Corporation\PhysX\Common;C:\Windows\system32;C:\Windows;C:\Windows\System32\Wbem;C:\Windows\System32\WindowsPowerShell\v1.0\;C:\Windows\System32\OpenSSH\;C:\Program Files\NVIDIA Corporation\NVIDIA NvDLISR;C:\Program Files\dotnet\;D:\bin;C:\Strawberry\c\bin;C:\Strawberry\perl\site\bin;C:\Strawberry\perl\bin;D:\\Microsoft VS Code\;C:\Program Files\MySQL\MySQL Server 8.0\bin;D:\\160\Tools\Binn\;C:\Program Files\Microsoft SQL Server\160\Tools\Binn\;C:\Program Files\Microsoft SQL Server\Client SDK\ODBC\170\Tools\Binn\;C:\Program Files\Microsoft SQL Server\160\DTS\Binn\;D:\\160\DTS\Binn\;C:\Program Files\Azure Data Studio\bin;C:\Users\25599\matlab2016\runtime\win64;C:\Users\25599\matlab2016\bin;C:\Users\25599\matlab2016\polyspace\bin;C:\Program Files\MySQL\MySQL Shell 8.0\bin\;C:\Users\25599\AppData\Local\Microsoft\WindowsApps;%IntelliJ IDEA Community Edition%;D:\\Microsoft VS Code\bin;C:\Users\25599\AppData\Roaming\npm;%IntelliJ IDEA%;C:\Program Files\Azure Data Studio\bin;C:\ProgramData\25599\GitHubDesktop\bin;C:\intelFPGA\18.1\modelsim_ase\win32aloem;D:\inmodlesim\win64
USERNAME=25599
OS=Windows_NT
PROCESSOR_IDENTIFIER=Intel64 Family 6 Model 140 Stepping 1, GenuineIntel
TMP=C:\Users\25599\AppData\Local\Temp
TEMP=C:\Users\25599\AppData\Local\Temp


JNI global refs:
JNI global refs: 25, weak refs: 0

JNI global refs memory usage: 843, weak refs: 209


---------------  S Y S T E M  ---------------

OS:
 Windows 10 , 64 bit Build 19041 (10.0.19041.2251)
OS uptime: 0 days 1:49 hours
Hyper-V role detected

CPU: total 8 (initial active 8) (4 cores per cpu, 2 threads per core) family 6 model 140 stepping 1 microcode 0xac, cx8, cmov, fxsr, ht, mmx, 3dnowpref, sse, sse2, sse3, ssse3, sse4.1, sse4.2, popcnt, lzcnt, tsc, tscinvbit, avx, avx2, aes, erms, clmul, bmi1, bmi2, adx, avx512f, avx512dq, avx512cd, avx512bw, avx512vl, sha, fma, vzeroupper, avx512_vpopcntdq, avx512_vpclmulqdq, avx512_vaes, avx512_vnni, clflush, clflushopt, clwb, avx512_vbmi2, avx512_vbmi, hv

Memory: 4k page, system-wide physical 16106M (3373M free)
TotalPageFile size 16106M (AvailPageFile size 19M)
current process WorkingSet (physical memory assigned to process): 385M, peak: 385M
current process commit charge ("private bytes"): 518M, peak: 597M

vm_info: OpenJDK 64-Bit Server VM (17.0.6+0-b2043.56-10027231) for windows-amd64 JRE (17.0.6+0-b2043.56-10027231), built on Apr 28 2023 00:43:19 by "androidbuild" with MS VC++ 16.10 / 16.11 (VS2019)

END.
