#
# There is insufficient memory for the Java Runtime Environment to continue.
# Native memory allocation (mmap) failed to map 417333248 bytes for G1 virtual space
# Possible reasons:
#   The system is out of physical RAM or swap space
#   The process is running with CompressedOops enabled, and the Java Heap may be blocking the growth of the native heap
# Possible solutions:
#   Reduce memory load on the system
#   Increase physical memory or swap space
#   Check if swap backing store is full
#   Decrease Java heap size (-Xmx/-Xms)
#   Decrease number of Java threads
#   Decrease Java thread stack sizes (-Xss)
#   Set larger code cache with -XX:ReservedCodeCacheSize=
#   JVM is running with Unscaled Compressed Oops mode in which the Java heap is
#     placed in the first 4GB address space. The Java Heap base address is the
#     maximum limit for the native heap growth. Please use -XX:HeapBaseMinAddress
#     to set the Java Heap base and to place the Java Heap above 4GB virtual address.
# This output file may be truncated or incomplete.
#
#  Out of Memory Error (os_windows.cpp:3769), pid=8380, tid=2496
#
# JRE version: OpenJDK Runtime Environment (17.0.6) (build 17.0.6+0-b2043.56-10027231)
# Java VM: OpenJDK 64-Bit Server VM (17.0.6+0-b2043.56-10027231, mixed mode, tiered, compressed oops, compressed class ptrs, g1 gc, windows-amd64)
# No core dump will be written. Minidumps are not enabled by default on client versions of Windows
#

---------------  S U M M A R Y ------------

Command Line: --add-opens=java.base/java.util=ALL-UNNAMED --add-opens=java.base/java.lang=ALL-UNNAMED --add-opens=java.base/java.lang.invoke=ALL-UNNAMED --add-opens=java.prefs/java.util.prefs=ALL-UNNAMED --add-opens=java.base/java.nio.charset=ALL-UNNAMED --add-opens=java.base/java.net=ALL-UNNAMED --add-opens=java.base/java.util.concurrent.atomic=ALL-UNNAMED -Xmx2048m -Dfile.encoding=UTF-8 -Duser.country=CN -Duser.language=zh -Duser.variant org.gradle.launcher.daemon.bootstrap.GradleDaemon 8.0

Host: 11th Gen Intel(R) Core(TM) i7-1165G7 @ 2.80GHz, 8 cores, 15G,  Windows 10 , 64 bit Build 19041 (10.0.19041.2251)
Time: Tue Jan 16 16:02:02 2024  Windows 10 , 64 bit Build 19041 (10.0.19041.2251) elapsed time: 9.756160 seconds (0d 0h 0m 9s)

---------------  T H R E A D  ---------------

Current thread (0x000002377c82c020):  VMThread "VM Thread" [stack: 0x00000051c2600000,0x00000051c2700000] [id=2496]

Stack: [0x00000051c2600000,0x00000051c2700000]
Native frames: (J=compiled Java code, j=interpreted, Vv=VM code, C=native code)
V  [jvm.dll+0x683c9a]
V  [jvm.dll+0x8427a4]
V  [jvm.dll+0x843f9e]
V  [jvm.dll+0x844603]
V  [jvm.dll+0x249b75]
V  [jvm.dll+0x680b69]
V  [jvm.dll+0x67505a]
V  [jvm.dll+0x309acb]
V  [jvm.dll+0x310f86]
V  [jvm.dll+0x3608ee]
V  [jvm.dll+0x360b1f]
V  [jvm.dll+0x2dfbf8]
V  [jvm.dll+0x2ddec4]
V  [jvm.dll+0x2dd4cc]
V  [jvm.dll+0x321f3b]
V  [jvm.dll+0x848ccb]
V  [jvm.dll+0x849a04]
V  [jvm.dll+0x849f1d]
V  [jvm.dll+0x84a2f4]
V  [jvm.dll+0x84a3c0]
V  [jvm.dll+0x7f274a]
V  [jvm.dll+0x682ad5]
C  [ucrtbase.dll+0x21bb2]
C  [KERNEL32.DLL+0x174b4]
C  [ntdll.dll+0x526a1]

VM_Operation (0x00000051c3ff3080): G1CollectForAllocation, mode: safepoint, requested by thread 0x00000237001dce20


---------------  P R O C E S S  ---------------

Threads class SMR info:
_java_thread_list=0x00000237066cdc30, length=126, elements={
0x00000237620903f0, 0x000002377c82e8c0, 0x000002377c833390, 0x000002377c870120,
0x000002377c8832b0, 0x000002377c883b70, 0x000002377c8a6ea0, 0x000002377c8a7a90,
0x000002377c8a8390, 0x000002377c8a8c90, 0x000002377ca34340, 0x000002377ca54ce0,
0x000002377db4ddb0, 0x000002377ec72160, 0x000002377efa8a70, 0x000002377ee48940,
0x000002377d9947a0, 0x000002377eca7030, 0x00000237001dce20, 0x000002370020c3d0,
0x000002377da2e7d0, 0x000002377da2de30, 0x000002377da2e300, 0x000002377da2fb10,
0x000002377da2ffe0, 0x000002377da2eca0, 0x000002377da2f170, 0x000002377da2f640,
0x000002377da304b0, 0x000002377da2caf0, 0x000002377da2cfc0, 0x000002377da2d490,
0x000002377da2d960, 0x0000023700695910, 0x00000237006945d0, 0x0000023700690270,
0x0000023700691f50, 0x0000023700694f70, 0x000002370068e590, 0x00000237006915b0,
0x0000023700694100, 0x0000023700693c30, 0x0000023700690740, 0x0000023700694aa0,
0x0000023700692dc0, 0x000002370068f8d0, 0x00000237006928f0, 0x000002370068ef30,
0x0000023700693290, 0x000002370068fda0, 0x0000023700690c10, 0x0000023700692420,
0x0000023702c9e930, 0x0000023702c98dc0, 0x0000023702ca0140, 0x0000023702c9ee00,
0x0000023702c9cc50, 0x0000023702c9dac0, 0x0000023702c9b910, 0x0000023702c9bde0,
0x0000023702c99760, 0x0000023702c9c2b0, 0x0000023702c99c30, 0x0000023702c9a100,
0x0000023702ca0610, 0x0000023702c99290, 0x0000023702c9a5d0, 0x0000023702c9c780,
0x0000023702c9f7a0, 0x0000023702c9aaa0, 0x0000023702c9df90, 0x0000023702c9af70,
0x0000023702c9f2d0, 0x0000023702c9b440, 0x0000023702c9d5f0, 0x0000023702c9d120,
0x0000023702c9fc70, 0x0000023702c9e460, 0x00000237007d4790, 0x00000237007d3df0,
0x00000237007d8620, 0x00000237007d72e0, 0x00000237007d8150, 0x00000237007d25e0,
0x00000237007d9960, 0x00000237007d2ab0, 0x00000237007d77b0, 0x00000237007d3450,
0x00000237007d8af0, 0x00000237007d5ad0, 0x00000237007d2f80, 0x00000237007d2110,
0x00000237007d5130, 0x00000237007d42c0, 0x00000237007d3920, 0x00000237007d4c60,
0x00000237007d5600, 0x00000237007d5fa0, 0x00000237007d6470, 0x00000237007d6940,
0x00000237007d6e10, 0x00000237007d7c80, 0x00000237007d8fc0, 0x00000237007d9490,
0x000002370638e1d0, 0x00000237063933a0, 0x0000023706390d20, 0x0000023706392a00,
0x000002370638feb0, 0x0000023706390380, 0x000002370638c4f0, 0x000002370638f510,
0x000002370638f040, 0x00000237063916c0, 0x000002370638e6a0, 0x0000023706392530,
0x0000023706393870, 0x000002370638d830, 0x00000237063911f0, 0x0000023706392ed0,
0x000002370638f9e0, 0x0000023706392060, 0x0000023706390850, 0x0000023706391b90,
0x000002370638d360, 0x000002370052d1b0
}

Java Threads: ( => current thread )
  0x00000237620903f0 JavaThread "main" [_thread_blocked, id=17404, stack(0x00000051c2000000,0x00000051c2100000)]
  0x000002377c82e8c0 JavaThread "Reference Handler" daemon [_thread_blocked, id=13800, stack(0x00000051c2700000,0x00000051c2800000)]
  0x000002377c833390 JavaThread "Finalizer" daemon [_thread_blocked, id=16496, stack(0x00000051c2800000,0x00000051c2900000)]
  0x000002377c870120 JavaThread "Signal Dispatcher" daemon [_thread_blocked, id=24120, stack(0x00000051c2900000,0x00000051c2a00000)]
  0x000002377c8832b0 JavaThread "Attach Listener" daemon [_thread_blocked, id=14016, stack(0x00000051c2a00000,0x00000051c2b00000)]
  0x000002377c883b70 JavaThread "Service Thread" daemon [_thread_blocked, id=556, stack(0x00000051c2b00000,0x00000051c2c00000)]
  0x000002377c8a6ea0 JavaThread "Monitor Deflation Thread" daemon [_thread_blocked, id=14748, stack(0x00000051c2c00000,0x00000051c2d00000)]
  0x000002377c8a7a90 JavaThread "C2 CompilerThread0" daemon [_thread_blocked, id=3916, stack(0x00000051c2d00000,0x00000051c2e00000)]
  0x000002377c8a8390 JavaThread "C1 CompilerThread0" daemon [_thread_blocked, id=536, stack(0x00000051c2e00000,0x00000051c2f00000)]
  0x000002377c8a8c90 JavaThread "Sweeper thread" daemon [_thread_blocked, id=4972, stack(0x00000051c2f00000,0x00000051c3000000)]
  0x000002377ca34340 JavaThread "Common-Cleaner" daemon [_thread_blocked, id=23784, stack(0x00000051c3000000,0x00000051c3100000)]
  0x000002377ca54ce0 JavaThread "Notification Thread" daemon [_thread_blocked, id=20504, stack(0x00000051c3100000,0x00000051c3200000)]
  0x000002377db4ddb0 JavaThread "Daemon health stats" [_thread_blocked, id=2780, stack(0x00000051c3a00000,0x00000051c3b00000)]
  0x000002377ec72160 JavaThread "Incoming local TCP Connector on port 49728" [_thread_in_native, id=21400, stack(0x00000051c3300000,0x00000051c3400000)]
  0x000002377efa8a70 JavaThread "Daemon periodic checks" [_thread_blocked, id=12964, stack(0x00000051c3900000,0x00000051c3a00000)]
  0x000002377ee48940 JavaThread "Daemon" [_thread_blocked, id=16028, stack(0x00000051c3b00000,0x00000051c3c00000)]
  0x000002377d9947a0 JavaThread "Handler for socket connection from /127.0.0.1:49728 to /127.0.0.1:49729" [_thread_in_native, id=13620, stack(0x00000051c3c00000,0x00000051c3d00000)]
  0x000002377eca7030 JavaThread "Cancel handler" [_thread_blocked, id=20320, stack(0x00000051c3e00000,0x00000051c3f00000)]
  0x00000237001dce20 JavaThread "Daemon worker" [_thread_blocked, id=14496, stack(0x00000051c3f00000,0x00000051c4000000)]
  0x000002370020c3d0 JavaThread "Asynchronous log dispatcher for DefaultDaemonConnection: socket connection from /127.0.0.1:49728 to /127.0.0.1:49729" [_thread_blocked, id=2092, stack(0x00000051c4000000,0x00000051c4100000)]
  0x000002377da2e7d0 JavaThread "Stdin handler" [_thread_blocked, id=19768, stack(0x00000051c4100000,0x00000051c4200000)]
  0x000002377da2de30 JavaThread "Daemon client event forwarder" [_thread_blocked, id=8064, stack(0x00000051c4200000,0x00000051c4300000)]
  0x000002377da2e300 JavaThread "Cache worker for journal cache (F:\MyApplication2\.gradle\caches\journal-1)" [_thread_blocked, id=23184, stack(0x00000051c4600000,0x00000051c4700000)]
  0x000002377da2fb10 JavaThread "File lock request listener" [_thread_in_native, id=20140, stack(0x00000051c4700000,0x00000051c4800000)]
  0x000002377da2ffe0 JavaThread "Cache worker for file hash cache (F:\MyApplication2\.gradle\caches\8.0\fileHashes)" [_thread_blocked, id=23860, stack(0x00000051c4800000,0x00000051c4900000)]
  0x000002377da2eca0 JavaThread "File watcher server" daemon [_thread_in_native, id=22448, stack(0x00000051c4a00000,0x00000051c4b00000)]
  0x000002377da2f170 JavaThread "File watcher consumer" daemon [_thread_blocked, id=5376, stack(0x00000051c4b00000,0x00000051c4c00000)]
  0x000002377da2f640 JavaThread "jar transforms" [_thread_blocked, id=16748, stack(0x00000051c4c00000,0x00000051c4d00000)]
  0x000002377da304b0 JavaThread "jar transforms Thread 2" [_thread_blocked, id=24340, stack(0x00000051c4d00000,0x00000051c4e00000)]
  0x000002377da2caf0 JavaThread "jar transforms Thread 3" [_thread_blocked, id=22860, stack(0x00000051c4e00000,0x00000051c4f00000)]
  0x000002377da2cfc0 JavaThread "jar transforms Thread 4" [_thread_blocked, id=17308, stack(0x00000051c4f00000,0x00000051c5000000)]
  0x000002377da2d490 JavaThread "jar transforms Thread 5" [_thread_blocked, id=4448, stack(0x00000051c5000000,0x00000051c5100000)]
  0x000002377da2d960 JavaThread "jar transforms Thread 6" [_thread_blocked, id=12112, stack(0x00000051c5100000,0x00000051c5200000)]
  0x0000023700695910 JavaThread "jar transforms Thread 7" [_thread_blocked, id=22308, stack(0x00000051c5200000,0x00000051c5300000)]
  0x00000237006945d0 JavaThread "jar transforms Thread 8" [_thread_blocked, id=20712, stack(0x00000051c5300000,0x00000051c5400000)]
  0x0000023700690270 JavaThread "Cache worker for checksums cache (F:\myapp\.gradle\8.0\checksums)" [_thread_blocked, id=22056, stack(0x00000051c5400000,0x00000051c5500000)]
  0x0000023700691f50 JavaThread "Cache worker for cache directory md-rule (F:\MyApplication2\.gradle\caches\8.0\md-rule)" [_thread_blocked, id=3196, stack(0x00000051c5500000,0x00000051c5600000)]
  0x0000023700694f70 JavaThread "Cache worker for file content cache (F:\MyApplication2\.gradle\caches\8.0\fileContent)" [_thread_blocked, id=17280, stack(0x00000051c5600000,0x00000051c5700000)]
  0x000002370068e590 JavaThread "Cache worker for file hash cache (F:\myapp\.gradle\8.0\fileHashes)" [_thread_blocked, id=18292, stack(0x00000051c5700000,0x00000051c5800000)]
  0x00000237006915b0 JavaThread "Cache worker for cache directory md-supplier (F:\MyApplication2\.gradle\caches\8.0\md-supplier)" [_thread_blocked, id=15260, stack(0x00000051c5800000,0x00000051c5900000)]
  0x0000023700694100 JavaThread "Cache worker for execution history cache (F:\MyApplication2\.gradle\caches\8.0\executionHistory)" [_thread_blocked, id=21236, stack(0x00000051c5900000,0x00000051c5a00000)]
  0x0000023700693c30 JavaThread "Cache worker for kotlin-dsl (F:\MyApplication2\.gradle\caches\8.0\kotlin-dsl)" [_thread_blocked, id=3112, stack(0x00000051c5a00000,0x00000051c5b00000)]
  0x0000023700690740 JavaThread "Cache worker for dependencies-accessors (F:\myapp\.gradle\8.0\dependencies-accessors)" [_thread_blocked, id=11148, stack(0x00000051c5b00000,0x00000051c5c00000)]
  0x0000023700694aa0 JavaThread "Cache worker for Build Output Cleanup Cache (F:\myapp\.gradle\buildOutputCleanup)" [_thread_blocked, id=7768, stack(0x00000051c5c00000,0x00000051c5d00000)]
  0x0000023700692dc0 JavaThread "Unconstrained build operations" [_thread_blocked, id=5636, stack(0x00000051c5d00000,0x00000051c5e00000)]
  0x000002370068f8d0 JavaThread "Unconstrained build operations Thread 2" [_thread_blocked, id=17864, stack(0x00000051c5e00000,0x00000051c5f00000)]
  0x00000237006928f0 JavaThread "Unconstrained build operations Thread 3" [_thread_blocked, id=20164, stack(0x00000051c5f00000,0x00000051c6000000)]
  0x000002370068ef30 JavaThread "Unconstrained build operations Thread 4" [_thread_blocked, id=14472, stack(0x00000051c6000000,0x00000051c6100000)]
  0x0000023700693290 JavaThread "Unconstrained build operations Thread 5" [_thread_blocked, id=14852, stack(0x00000051c6100000,0x00000051c6200000)]
  0x000002370068fda0 JavaThread "Unconstrained build operations Thread 6" [_thread_blocked, id=10276, stack(0x00000051c6200000,0x00000051c6300000)]
  0x0000023700690c10 JavaThread "Unconstrained build operations Thread 7" [_thread_blocked, id=15976, stack(0x00000051c6300000,0x00000051c6400000)]
  0x0000023700692420 JavaThread "Unconstrained build operations Thread 8" [_thread_blocked, id=24524, stack(0x00000051c6400000,0x00000051c6500000)]
  0x0000023702c9e930 JavaThread "Unconstrained build operations Thread 9" [_thread_blocked, id=20152, stack(0x00000051c6500000,0x00000051c6600000)]
  0x0000023702c98dc0 JavaThread "Unconstrained build operations Thread 10" [_thread_blocked, id=9820, stack(0x00000051c6600000,0x00000051c6700000)]
  0x0000023702ca0140 JavaThread "Unconstrained build operations Thread 11" [_thread_blocked, id=12756, stack(0x00000051c6700000,0x00000051c6800000)]
  0x0000023702c9ee00 JavaThread "Unconstrained build operations Thread 12" [_thread_blocked, id=9780, stack(0x00000051c6800000,0x00000051c6900000)]
  0x0000023702c9cc50 JavaThread "Unconstrained build operations Thread 13" [_thread_blocked, id=9852, stack(0x00000051c6900000,0x00000051c6a00000)]
  0x0000023702c9dac0 JavaThread "Unconstrained build operations Thread 14" [_thread_blocked, id=15688, stack(0x00000051c6a00000,0x00000051c6b00000)]
  0x0000023702c9b910 JavaThread "Unconstrained build operations Thread 15" [_thread_blocked, id=15400, stack(0x00000051c6b00000,0x00000051c6c00000)]
  0x0000023702c9bde0 JavaThread "Unconstrained build operations Thread 16" [_thread_blocked, id=17372, stack(0x00000051c6c00000,0x00000051c6d00000)]
  0x0000023702c99760 JavaThread "Unconstrained build operations Thread 17" [_thread_blocked, id=9376, stack(0x00000051c6d00000,0x00000051c6e00000)]
  0x0000023702c9c2b0 JavaThread "Unconstrained build operations Thread 18" [_thread_blocked, id=20476, stack(0x00000051c6e00000,0x00000051c6f00000)]
  0x0000023702c99c30 JavaThread "Unconstrained build operations Thread 19" [_thread_blocked, id=15872, stack(0x00000051c6f00000,0x00000051c7000000)]
  0x0000023702c9a100 JavaThread "Unconstrained build operations Thread 20" [_thread_blocked, id=3156, stack(0x00000051c7000000,0x00000051c7100000)]
  0x0000023702ca0610 JavaThread "Unconstrained build operations Thread 21" [_thread_blocked, id=20976, stack(0x00000051c7100000,0x00000051c7200000)]
  0x0000023702c99290 JavaThread "Unconstrained build operations Thread 22" [_thread_blocked, id=22212, stack(0x00000051c7200000,0x00000051c7300000)]
  0x0000023702c9a5d0 JavaThread "Unconstrained build operations Thread 23" [_thread_blocked, id=1868, stack(0x00000051c7300000,0x00000051c7400000)]
  0x0000023702c9c780 JavaThread "Unconstrained build operations Thread 24" [_thread_blocked, id=24028, stack(0x00000051c7400000,0x00000051c7500000)]
  0x0000023702c9f7a0 JavaThread "Unconstrained build operations Thread 25" [_thread_blocked, id=15808, stack(0x00000051c7500000,0x00000051c7600000)]
  0x0000023702c9aaa0 JavaThread "Unconstrained build operations Thread 26" [_thread_blocked, id=22032, stack(0x00000051c7600000,0x00000051c7700000)]
  0x0000023702c9df90 JavaThread "Unconstrained build operations Thread 27" [_thread_blocked, id=24144, stack(0x00000051c7700000,0x00000051c7800000)]
  0x0000023702c9af70 JavaThread "Unconstrained build operations Thread 28" [_thread_blocked, id=2052, stack(0x00000051c7800000,0x00000051c7900000)]
  0x0000023702c9f2d0 JavaThread "Unconstrained build operations Thread 29" [_thread_blocked, id=14088, stack(0x00000051c7900000,0x00000051c7a00000)]
  0x0000023702c9b440 JavaThread "Unconstrained build operations Thread 30" [_thread_blocked, id=13552, stack(0x00000051c7a00000,0x00000051c7b00000)]
  0x0000023702c9d5f0 JavaThread "Unconstrained build operations Thread 31" [_thread_blocked, id=24572, stack(0x00000051c7b00000,0x00000051c7c00000)]
  0x0000023702c9d120 JavaThread "Unconstrained build operations Thread 32" [_thread_blocked, id=23212, stack(0x00000051c7c00000,0x00000051c7d00000)]
  0x0000023702c9fc70 JavaThread "Unconstrained build operations Thread 33" [_thread_blocked, id=23464, stack(0x00000051c7d00000,0x00000051c7e00000)]
  0x0000023702c9e460 JavaThread "Unconstrained build operations Thread 34" [_thread_blocked, id=22084, stack(0x00000051c7e00000,0x00000051c7f00000)]
  0x00000237007d4790 JavaThread "Unconstrained build operations Thread 35" [_thread_blocked, id=10672, stack(0x00000051c7f00000,0x00000051c8000000)]
  0x00000237007d3df0 JavaThread "Unconstrained build operations Thread 36" [_thread_blocked, id=9804, stack(0x00000051c8000000,0x00000051c8100000)]
  0x00000237007d8620 JavaThread "Unconstrained build operations Thread 37" [_thread_blocked, id=16920, stack(0x00000051c8100000,0x00000051c8200000)]
  0x00000237007d72e0 JavaThread "Unconstrained build operations Thread 38" [_thread_blocked, id=22960, stack(0x00000051c8200000,0x00000051c8300000)]
  0x00000237007d8150 JavaThread "Unconstrained build operations Thread 39" [_thread_blocked, id=13116, stack(0x00000051c8300000,0x00000051c8400000)]
  0x00000237007d25e0 JavaThread "Unconstrained build operations Thread 40" [_thread_blocked, id=5448, stack(0x00000051c8400000,0x00000051c8500000)]
  0x00000237007d9960 JavaThread "Unconstrained build operations Thread 41" [_thread_blocked, id=18208, stack(0x00000051c8500000,0x00000051c8600000)]
  0x00000237007d2ab0 JavaThread "Unconstrained build operations Thread 42" [_thread_blocked, id=16600, stack(0x00000051c8600000,0x00000051c8700000)]
  0x00000237007d77b0 JavaThread "Unconstrained build operations Thread 43" [_thread_blocked, id=11380, stack(0x00000051c8700000,0x00000051c8800000)]
  0x00000237007d3450 JavaThread "Unconstrained build operations Thread 44" [_thread_blocked, id=16732, stack(0x00000051c8800000,0x00000051c8900000)]
  0x00000237007d8af0 JavaThread "Unconstrained build operations Thread 45" [_thread_blocked, id=10628, stack(0x00000051c8900000,0x00000051c8a00000)]
  0x00000237007d5ad0 JavaThread "Unconstrained build operations Thread 46" [_thread_blocked, id=21656, stack(0x00000051c8a00000,0x00000051c8b00000)]
  0x00000237007d2f80 JavaThread "Unconstrained build operations Thread 47" [_thread_blocked, id=12028, stack(0x00000051c8b00000,0x00000051c8c00000)]
  0x00000237007d2110 JavaThread "Unconstrained build operations Thread 48" [_thread_blocked, id=24284, stack(0x00000051c8c00000,0x00000051c8d00000)]
  0x00000237007d5130 JavaThread "Unconstrained build operations Thread 49" [_thread_blocked, id=11520, stack(0x00000051c8d00000,0x00000051c8e00000)]
  0x00000237007d42c0 JavaThread "Unconstrained build operations Thread 50" [_thread_blocked, id=2160, stack(0x00000051c8e00000,0x00000051c8f00000)]
  0x00000237007d3920 JavaThread "Unconstrained build operations Thread 51" [_thread_blocked, id=11056, stack(0x00000051c8f00000,0x00000051c9000000)]
  0x00000237007d4c60 JavaThread "Unconstrained build operations Thread 52" [_thread_blocked, id=20340, stack(0x00000051c9000000,0x00000051c9100000)]
  0x00000237007d5600 JavaThread "Unconstrained build operations Thread 53" [_thread_blocked, id=10812, stack(0x00000051c9100000,0x00000051c9200000)]
  0x00000237007d5fa0 JavaThread "Unconstrained build operations Thread 54" [_thread_blocked, id=9356, stack(0x00000051c9200000,0x00000051c9300000)]
  0x00000237007d6470 JavaThread "Unconstrained build operations Thread 55" [_thread_blocked, id=12188, stack(0x00000051c9300000,0x00000051c9400000)]
  0x00000237007d6940 JavaThread "Unconstrained build operations Thread 56" [_thread_blocked, id=1552, stack(0x00000051c9400000,0x00000051c9500000)]
  0x00000237007d6e10 JavaThread "Unconstrained build operations Thread 57" [_thread_blocked, id=20744, stack(0x00000051c9500000,0x00000051c9600000)]
  0x00000237007d7c80 JavaThread "Unconstrained build operations Thread 58" [_thread_blocked, id=1332, stack(0x00000051c9600000,0x00000051c9700000)]
  0x00000237007d8fc0 JavaThread "Unconstrained build operations Thread 59" [_thread_blocked, id=22496, stack(0x00000051c9700000,0x00000051c9800000)]
  0x00000237007d9490 JavaThread "Unconstrained build operations Thread 60" [_thread_blocked, id=16628, stack(0x00000051c9800000,0x00000051c9900000)]
  0x000002370638e1d0 JavaThread "Unconstrained build operations Thread 61" [_thread_blocked, id=17384, stack(0x00000051c9900000,0x00000051c9a00000)]
  0x00000237063933a0 JavaThread "Unconstrained build operations Thread 62" [_thread_blocked, id=16552, stack(0x00000051c9a00000,0x00000051c9b00000)]
  0x0000023706390d20 JavaThread "Unconstrained build operations Thread 63" [_thread_blocked, id=16488, stack(0x00000051c9b00000,0x00000051c9c00000)]
  0x0000023706392a00 JavaThread "Unconstrained build operations Thread 64" [_thread_blocked, id=16184, stack(0x00000051c9c00000,0x00000051c9d00000)]
  0x000002370638feb0 JavaThread "Unconstrained build operations Thread 65" [_thread_blocked, id=22276, stack(0x00000051c9d00000,0x00000051c9e00000)]
  0x0000023706390380 JavaThread "Unconstrained build operations Thread 66" [_thread_blocked, id=4136, stack(0x00000051c9e00000,0x00000051c9f00000)]
  0x000002370638c4f0 JavaThread "Unconstrained build operations Thread 67" [_thread_blocked, id=3884, stack(0x00000051c9f00000,0x00000051ca000000)]
  0x000002370638f510 JavaThread "Unconstrained build operations Thread 68" [_thread_blocked, id=10796, stack(0x00000051ca000000,0x00000051ca100000)]
  0x000002370638f040 JavaThread "Unconstrained build operations Thread 69" [_thread_blocked, id=10792, stack(0x00000051ca100000,0x00000051ca200000)]
  0x00000237063916c0 JavaThread "Unconstrained build operations Thread 70" [_thread_blocked, id=2164, stack(0x00000051ca200000,0x00000051ca300000)]
  0x000002370638e6a0 JavaThread "Unconstrained build operations Thread 71" [_thread_blocked, id=13200, stack(0x00000051ca300000,0x00000051ca400000)]
  0x0000023706392530 JavaThread "Unconstrained build operations Thread 72" [_thread_blocked, id=18644, stack(0x00000051ca400000,0x00000051ca500000)]
  0x0000023706393870 JavaThread "Unconstrained build operations Thread 73" [_thread_blocked, id=23888, stack(0x00000051ca500000,0x00000051ca600000)]
  0x000002370638d830 JavaThread "Unconstrained build operations Thread 74" [_thread_blocked, id=7540, stack(0x00000051ca600000,0x00000051ca700000)]
  0x00000237063911f0 JavaThread "Unconstrained build operations Thread 75" [_thread_blocked, id=19296, stack(0x00000051ca700000,0x00000051ca800000)]
  0x0000023706392ed0 JavaThread "Unconstrained build operations Thread 76" [_thread_blocked, id=15524, stack(0x00000051ca800000,0x00000051ca900000)]
  0x000002370638f9e0 JavaThread "Unconstrained build operations Thread 77" [_thread_blocked, id=16688, stack(0x00000051ca900000,0x00000051caa00000)]
  0x0000023706392060 JavaThread "Unconstrained build operations Thread 78" [_thread_blocked, id=23920, stack(0x00000051caa00000,0x00000051cab00000)]
  0x0000023706390850 JavaThread "Unconstrained build operations Thread 79" [_thread_blocked, id=1912, stack(0x00000051cab00000,0x00000051cac00000)]
  0x0000023706391b90 JavaThread "Unconstrained build operations Thread 80" [_thread_blocked, id=15348, stack(0x00000051cac00000,0x00000051cad00000)]
  0x000002370638d360 JavaThread "Memory manager" [_thread_blocked, id=11956, stack(0x00000051cad00000,0x00000051cae00000)]
  0x000002370052d1b0 JavaThread "C2 CompilerThread1" daemon [_thread_blocked, id=7348, stack(0x00000051c3d00000,0x00000051c3e00000)]

Other Threads:
=>0x000002377c82c020 VMThread "VM Thread" [stack: 0x00000051c2600000,0x00000051c2700000] [id=2496]
  0x0000023762113d10 WatcherThread [stack: 0x00000051c3200000,0x00000051c3300000] [id=18788]
  0x00000237620ec520 GCTaskThread "GC Thread#0" [stack: 0x00000051c2100000,0x00000051c2200000] [id=23948]
  0x000002377d8cdb10 GCTaskThread "GC Thread#1" [stack: 0x00000051c3400000,0x00000051c3500000] [id=17160]
  0x000002377ce15190 GCTaskThread "GC Thread#2" [stack: 0x00000051c3500000,0x00000051c3600000] [id=23800]
  0x000002377ce15440 GCTaskThread "GC Thread#3" [stack: 0x00000051c3600000,0x00000051c3700000] [id=9836]
  0x000002377d6523f0 GCTaskThread "GC Thread#4" [stack: 0x00000051c3700000,0x00000051c3800000] [id=20292]
  0x000002377d326190 GCTaskThread "GC Thread#5" [stack: 0x00000051c3800000,0x00000051c3900000] [id=15256]
  0x000002377ed5fb40 GCTaskThread "GC Thread#6" [stack: 0x00000051c4300000,0x00000051c4400000] [id=15704]
  0x000002377f501390 GCTaskThread "GC Thread#7" [stack: 0x00000051c4400000,0x00000051c4500000] [id=13452]
  0x00000237620fd370 ConcurrentGCThread "G1 Main Marker" [stack: 0x00000051c2200000,0x00000051c2300000] [id=20356]
  0x00000237620ff440 ConcurrentGCThread "G1 Conc#0" [stack: 0x00000051c2300000,0x00000051c2400000] [id=2064]
  0x000002377f844560 ConcurrentGCThread "G1 Conc#1" [stack: 0x00000051c4500000,0x00000051c4600000] [id=1624]
  0x000002376215d3e0 ConcurrentGCThread "G1 Refine#0" [stack: 0x00000051c2400000,0x00000051c2500000] [id=19748]
  0x000002370422b150 ConcurrentGCThread "G1 Refine#1" [stack: 0x00000051cae00000,0x00000051caf00000] [id=5816]
  0x000002376215dd10 ConcurrentGCThread "G1 Service" [stack: 0x00000051c2500000,0x00000051c2600000] [id=22512]

Threads with active compile tasks:
C2 CompilerThread1     9784 8953       4       java.util.LinkedHashMap::valuesToArray (38 bytes)

VM state: at safepoint (normal execution)

VM Mutex/Monitor currently owned by a thread:  ([mutex/lock_event])
[0x000002376208b3e0] Threads_lock - owner thread: 0x000002377c82c020
[0x000002376208b590] Heap_lock - owner thread: 0x00000237001dce20

Heap address: 0x0000000080000000, size: 2048 MB, Compressed Oops mode: 32-bit

CDS archive(s) not mapped
Compressed class space mapped at: 0x0000000100000000-0x0000000140000000, reserved size: 1073741824
Narrow klass base: 0x0000000000000000, Narrow klass shift: 3, Narrow klass range: 0x140000000

GC Precious Log:
 CPUs: 8 total, 8 available
 Memory: 16106M
 Large Page Support: Disabled
 NUMA Support: Disabled
 Compressed Oops: Enabled (32-bit)
 Heap Region Size: 1M
 Heap Min Capacity: 8M
 Heap Initial Capacity: 252M
 Heap Max Capacity: 2G
 Pre-touch: Disabled
 Parallel Workers: 8
 Concurrent Workers: 2
 Concurrent Refinement Workers: 8
 Periodic GC: Disabled

Heap:
 garbage-first heap   total 271360K, used 155365K [0x0000000080000000, 0x0000000100000000)
  region size 1024K, 2 young (2048K), 2 survivors (2048K)
 Metaspace       used 100703K, committed 101440K, reserved 1138688K
  class space    used 13560K, committed 13888K, reserved 1048576K

Heap Regions: E=young(eden), S=young(survivor), O=old, HS=humongous(starts), HC=humongous(continues), CS=collection set, F=free, OA=open archive, CA=closed archive, TAMS=top-at-mark-start (previous, next)
|   0|0x0000000080000000, 0x0000000080100000, 0x0000000080100000|100%|HS|  |TAMS 0x0000000080100000, 0x0000000080000000| Complete 
|   1|0x0000000080100000, 0x0000000080200000, 0x0000000080200000|100%|HC|  |TAMS 0x0000000080200000, 0x0000000080100000| Complete 
|   2|0x0000000080200000, 0x0000000080300000, 0x0000000080300000|100%|HC|  |TAMS 0x0000000080300000, 0x0000000080200000| Complete 
|   3|0x0000000080300000, 0x0000000080400000, 0x0000000080400000|100%|HC|  |TAMS 0x0000000080400000, 0x0000000080300000| Complete 
|   4|0x0000000080400000, 0x0000000080500000, 0x0000000080500000|100%| O|  |TAMS 0x0000000080500000, 0x0000000080400000| Untracked 
|   5|0x0000000080500000, 0x0000000080600000, 0x0000000080600000|100%| O|  |TAMS 0x0000000080600000, 0x0000000080500000| Untracked 
|   6|0x0000000080600000, 0x0000000080700000, 0x0000000080700000|100%| O|  |TAMS 0x0000000080700000, 0x0000000080600000| Untracked 
|   7|0x0000000080700000, 0x0000000080800000, 0x0000000080800000|100%| O|  |TAMS 0x0000000080800000, 0x0000000080700000| Untracked 
|   8|0x0000000080800000, 0x0000000080900000, 0x0000000080900000|100%| O|  |TAMS 0x0000000080900000, 0x0000000080800000| Untracked 
|   9|0x0000000080900000, 0x0000000080a00000, 0x0000000080a00000|100%| O|  |TAMS 0x0000000080a00000, 0x0000000080900000| Untracked 
|  10|0x0000000080a00000, 0x0000000080afb600, 0x0000000080b00000| 98%| O|  |TAMS 0x0000000080afb600, 0x0000000080a00000| Untracked 
|  11|0x0000000080b00000, 0x0000000080c00000, 0x0000000080c00000|100%| O|  |TAMS 0x0000000080c00000, 0x0000000080b00000| Untracked 
|  12|0x0000000080c00000, 0x0000000080d00000, 0x0000000080d00000|100%| O|  |TAMS 0x0000000080d00000, 0x0000000080c00000| Untracked 
|  13|0x0000000080d00000, 0x0000000080e00000, 0x0000000080e00000|100%| O|  |TAMS 0x0000000080e00000, 0x0000000080d00000| Untracked 
|  14|0x0000000080e00000, 0x0000000080f00000, 0x0000000080f00000|100%| O|  |TAMS 0x0000000080f00000, 0x0000000080e00000| Untracked 
|  15|0x0000000080f00000, 0x0000000081000000, 0x0000000081000000|100%| O|  |TAMS 0x0000000081000000, 0x0000000080f00000| Untracked 
|  16|0x0000000081000000, 0x0000000081100000, 0x0000000081100000|100%| O|  |TAMS 0x0000000081100000, 0x0000000081000000| Untracked 
|  17|0x0000000081100000, 0x0000000081200000, 0x0000000081200000|100%| O|  |TAMS 0x0000000081200000, 0x0000000081100000| Untracked 
|  18|0x0000000081200000, 0x0000000081300000, 0x0000000081300000|100%| O|  |TAMS 0x0000000081300000, 0x0000000081200000| Untracked 
|  19|0x0000000081300000, 0x0000000081400000, 0x0000000081400000|100%|HS|  |TAMS 0x0000000081400000, 0x0000000081300000| Complete 
|  20|0x0000000081400000, 0x0000000081500000, 0x0000000081500000|100%|HC|  |TAMS 0x0000000081500000, 0x0000000081400000| Complete 
|  21|0x0000000081500000, 0x0000000081600000, 0x0000000081600000|100%| O|  |TAMS 0x0000000081600000, 0x0000000081500000| Untracked 
|  22|0x0000000081600000, 0x0000000081700000, 0x0000000081700000|100%|HS|  |TAMS 0x0000000081700000, 0x0000000081600000| Complete 
|  23|0x0000000081700000, 0x0000000081800000, 0x0000000081800000|100%|HC|  |TAMS 0x0000000081800000, 0x0000000081700000| Complete 
|  24|0x0000000081800000, 0x0000000081900000, 0x0000000081900000|100%|HS|  |TAMS 0x0000000081900000, 0x0000000081800000| Complete 
|  25|0x0000000081900000, 0x0000000081a00000, 0x0000000081a00000|100%|HC|  |TAMS 0x0000000081a00000, 0x0000000081900000| Complete 
|  26|0x0000000081a00000, 0x0000000081b00000, 0x0000000081b00000|100%|HC|  |TAMS 0x0000000081b00000, 0x0000000081a00000| Complete 
|  27|0x0000000081b00000, 0x0000000081c00000, 0x0000000081c00000|100%|HS|  |TAMS 0x0000000081c00000, 0x0000000081b00000| Complete 
|  28|0x0000000081c00000, 0x0000000081d00000, 0x0000000081d00000|100%|HC|  |TAMS 0x0000000081d00000, 0x0000000081c00000| Complete 
|  29|0x0000000081d00000, 0x0000000081e00000, 0x0000000081e00000|100%|HC|  |TAMS 0x0000000081e00000, 0x0000000081d00000| Complete 
|  30|0x0000000081e00000, 0x0000000081f00000, 0x0000000081f00000|100%| O|  |TAMS 0x0000000081f00000, 0x0000000081e00000| Untracked 
|  31|0x0000000081f00000, 0x0000000082000000, 0x0000000082000000|100%| O|  |TAMS 0x0000000082000000, 0x0000000081f00000| Untracked 
|  32|0x0000000082000000, 0x0000000082100000, 0x0000000082100000|100%| O|  |TAMS 0x0000000082100000, 0x0000000082000000| Untracked 
|  33|0x0000000082100000, 0x0000000082200000, 0x0000000082200000|100%| O|  |TAMS 0x0000000082200000, 0x0000000082100000| Untracked 
|  34|0x0000000082200000, 0x0000000082300000, 0x0000000082300000|100%| O|  |TAMS 0x0000000082300000, 0x0000000082200000| Untracked 
|  35|0x0000000082300000, 0x0000000082400000, 0x0000000082400000|100%| O|  |TAMS 0x0000000082400000, 0x0000000082300000| Untracked 
|  36|0x0000000082400000, 0x0000000082500000, 0x0000000082500000|100%| O|  |TAMS 0x0000000082500000, 0x0000000082400000| Untracked 
|  37|0x0000000082500000, 0x0000000082600000, 0x0000000082600000|100%| O|  |TAMS 0x0000000082600000, 0x0000000082500000| Untracked 
|  38|0x0000000082600000, 0x0000000082700000, 0x0000000082700000|100%| O|  |TAMS 0x0000000082700000, 0x0000000082600000| Untracked 
|  39|0x0000000082700000, 0x0000000082800000, 0x0000000082800000|100%| O|  |TAMS 0x0000000082800000, 0x0000000082700000| Untracked 
|  40|0x0000000082800000, 0x0000000082900000, 0x0000000082900000|100%|HS|  |TAMS 0x0000000082900000, 0x0000000082800000| Complete 
|  41|0x0000000082900000, 0x0000000082a00000, 0x0000000082a00000|100%| O|  |TAMS 0x0000000082a00000, 0x0000000082900000| Untracked 
|  42|0x0000000082a00000, 0x0000000082b00000, 0x0000000082b00000|100%| O|  |TAMS 0x0000000082b00000, 0x0000000082a00000| Untracked 
|  43|0x0000000082b00000, 0x0000000082c00000, 0x0000000082c00000|100%| O|  |TAMS 0x0000000082c00000, 0x0000000082b00000| Untracked 
|  44|0x0000000082c00000, 0x0000000082d00000, 0x0000000082d00000|100%| O|  |TAMS 0x0000000082d00000, 0x0000000082c00000| Untracked 
|  45|0x0000000082d00000, 0x0000000082e00000, 0x0000000082e00000|100%|HS|  |TAMS 0x0000000082e00000, 0x0000000082d00000| Complete 
|  46|0x0000000082e00000, 0x0000000082f00000, 0x0000000082f00000|100%|HC|  |TAMS 0x0000000082f00000, 0x0000000082e00000| Complete 
|  47|0x0000000082f00000, 0x0000000083000000, 0x0000000083000000|100%|HC|  |TAMS 0x0000000083000000, 0x0000000082f00000| Complete 
|  48|0x0000000083000000, 0x0000000083100000, 0x0000000083100000|100%|HC|  |TAMS 0x0000000083100000, 0x0000000083000000| Complete 
|  49|0x0000000083100000, 0x0000000083200000, 0x0000000083200000|100%|HC|  |TAMS 0x0000000083200000, 0x0000000083100000| Complete 
|  50|0x0000000083200000, 0x0000000083300000, 0x0000000083300000|100%|HC|  |TAMS 0x0000000083300000, 0x0000000083200000| Complete 
|  51|0x0000000083300000, 0x0000000083400000, 0x0000000083400000|100%|HC|  |TAMS 0x0000000083400000, 0x0000000083300000| Complete 
|  52|0x0000000083400000, 0x0000000083500000, 0x0000000083500000|100%|HC|  |TAMS 0x0000000083500000, 0x0000000083400000| Complete 
|  53|0x0000000083500000, 0x0000000083600000, 0x0000000083600000|100%|HC|  |TAMS 0x0000000083600000, 0x0000000083500000| Complete 
|  54|0x0000000083600000, 0x0000000083700000, 0x0000000083700000|100%|HC|  |TAMS 0x0000000083700000, 0x0000000083600000| Complete 
|  55|0x0000000083700000, 0x0000000083800000, 0x0000000083800000|100%|HC|  |TAMS 0x0000000083800000, 0x0000000083700000| Complete 
|  56|0x0000000083800000, 0x0000000083900000, 0x0000000083900000|100%|HC|  |TAMS 0x0000000083900000, 0x0000000083800000| Complete 
|  57|0x0000000083900000, 0x0000000083a00000, 0x0000000083a00000|100%|HS|  |TAMS 0x0000000083a00000, 0x0000000083900000| Complete 
|  58|0x0000000083a00000, 0x0000000083b00000, 0x0000000083b00000|100%|HC|  |TAMS 0x0000000083b00000, 0x0000000083a00000| Complete 
|  59|0x0000000083b00000, 0x0000000083c00000, 0x0000000083c00000|100%|HC|  |TAMS 0x0000000083c00000, 0x0000000083b00000| Complete 
|  60|0x0000000083c00000, 0x0000000083d00000, 0x0000000083d00000|100%|HS|  |TAMS 0x0000000083d00000, 0x0000000083c00000| Complete 
|  61|0x0000000083d00000, 0x0000000083e00000, 0x0000000083e00000|100%|HC|  |TAMS 0x0000000083e00000, 0x0000000083d00000| Complete 
|  62|0x0000000083e00000, 0x0000000083f00000, 0x0000000083f00000|100%|HC|  |TAMS 0x0000000083f00000, 0x0000000083e00000| Complete 
|  63|0x0000000083f00000, 0x0000000084000000, 0x0000000084000000|100%| O|  |TAMS 0x0000000084000000, 0x0000000083f00000| Untracked 
|  64|0x0000000084000000, 0x0000000084100000, 0x0000000084100000|100%| O|  |TAMS 0x0000000084100000, 0x0000000084000000| Untracked 
|  65|0x0000000084100000, 0x0000000084200000, 0x0000000084200000|100%| O|  |TAMS 0x0000000084200000, 0x0000000084100000| Untracked 
|  66|0x0000000084200000, 0x0000000084300000, 0x0000000084300000|100%| O|  |TAMS 0x0000000084300000, 0x0000000084200000| Untracked 
|  67|0x0000000084300000, 0x0000000084400000, 0x0000000084400000|100%| O|  |TAMS 0x0000000084400000, 0x0000000084300000| Untracked 
|  68|0x0000000084400000, 0x0000000084500000, 0x0000000084500000|100%| O|  |TAMS 0x0000000084500000, 0x0000000084400000| Untracked 
|  69|0x0000000084500000, 0x0000000084600000, 0x0000000084600000|100%| O|  |TAMS 0x0000000084600000, 0x0000000084500000| Untracked 
|  70|0x0000000084600000, 0x0000000084700000, 0x0000000084700000|100%| O|  |TAMS 0x0000000084700000, 0x0000000084600000| Untracked 
|  71|0x0000000084700000, 0x0000000084800000, 0x0000000084800000|100%| O|  |TAMS 0x0000000084800000, 0x0000000084700000| Untracked 
|  72|0x0000000084800000, 0x0000000084900000, 0x0000000084900000|100%| O|  |TAMS 0x0000000084900000, 0x0000000084800000| Untracked 
|  73|0x0000000084900000, 0x0000000084a00000, 0x0000000084a00000|100%| O|  |TAMS 0x0000000084a00000, 0x0000000084900000| Untracked 
|  74|0x0000000084a00000, 0x0000000084b00000, 0x0000000084b00000|100%|HS|  |TAMS 0x0000000084b00000, 0x0000000084a00000| Complete 
|  75|0x0000000084b00000, 0x0000000084c00000, 0x0000000084c00000|100%|HS|  |TAMS 0x0000000084c00000, 0x0000000084b00000| Complete 
|  76|0x0000000084c00000, 0x0000000084d00000, 0x0000000084d00000|100%|HC|  |TAMS 0x0000000084d00000, 0x0000000084c00000| Complete 
|  77|0x0000000084d00000, 0x0000000084e00000, 0x0000000084e00000|100%|HS|  |TAMS 0x0000000084e00000, 0x0000000084d00000| Complete 
|  78|0x0000000084e00000, 0x0000000084f00000, 0x0000000084f00000|100%|HS|  |TAMS 0x0000000084f00000, 0x0000000084e00000| Complete 
|  79|0x0000000084f00000, 0x0000000085000000, 0x0000000085000000|100%|HC|  |TAMS 0x0000000085000000, 0x0000000084f00000| Complete 
|  80|0x0000000085000000, 0x0000000085100000, 0x0000000085100000|100%|HC|  |TAMS 0x0000000085100000, 0x0000000085000000| Complete 
|  81|0x0000000085100000, 0x0000000085200000, 0x0000000085200000|100%|HC|  |TAMS 0x0000000085200000, 0x0000000085100000| Complete 
|  82|0x0000000085200000, 0x0000000085200000, 0x0000000085300000|  0%| F|  |TAMS 0x0000000085200000, 0x0000000085200000| Untracked 
|  83|0x0000000085300000, 0x0000000085400000, 0x0000000085400000|100%| O|  |TAMS 0x0000000085400000, 0x0000000085300000| Untracked 
|  84|0x0000000085400000, 0x0000000085500000, 0x0000000085500000|100%| O|  |TAMS 0x0000000085500000, 0x0000000085400000| Untracked 
|  85|0x0000000085500000, 0x0000000085600000, 0x0000000085600000|100%| O|  |TAMS 0x0000000085600000, 0x0000000085500000| Untracked 
|  86|0x0000000085600000, 0x0000000085700000, 0x0000000085700000|100%| O|  |TAMS 0x0000000085700000, 0x0000000085600000| Untracked 
|  87|0x0000000085700000, 0x0000000085800000, 0x0000000085800000|100%| O|  |TAMS 0x0000000085800000, 0x0000000085700000| Untracked 
|  88|0x0000000085800000, 0x0000000085900000, 0x0000000085900000|100%| O|  |TAMS 0x0000000085900000, 0x0000000085800000| Untracked 
|  89|0x0000000085900000, 0x0000000085a00000, 0x0000000085a00000|100%| O|  |TAMS 0x0000000085a00000, 0x0000000085900000| Untracked 
|  90|0x0000000085a00000, 0x0000000085b00000, 0x0000000085b00000|100%| O|  |TAMS 0x0000000085b00000, 0x0000000085a00000| Untracked 
|  91|0x0000000085b00000, 0x0000000085c00000, 0x0000000085c00000|100%| O|  |TAMS 0x0000000085c00000, 0x0000000085b00000| Untracked 
|  92|0x0000000085c00000, 0x0000000085d00000, 0x0000000085d00000|100%| O|  |TAMS 0x0000000085d00000, 0x0000000085c00000| Untracked 
|  93|0x0000000085d00000, 0x0000000085e00000, 0x0000000085e00000|100%| O|  |TAMS 0x0000000085e00000, 0x0000000085d00000| Untracked 
|  94|0x0000000085e00000, 0x0000000085f00000, 0x0000000085f00000|100%| O|  |TAMS 0x0000000085f00000, 0x0000000085e00000| Untracked 
|  95|0x0000000085f00000, 0x0000000086000000, 0x0000000086000000|100%| O|  |TAMS 0x0000000086000000, 0x0000000085f00000| Untracked 
|  96|0x0000000086000000, 0x0000000086100000, 0x0000000086100000|100%| O|  |TAMS 0x0000000086100000, 0x0000000086000000| Untracked 
|  97|0x0000000086100000, 0x0000000086200000, 0x0000000086200000|100%| O|  |TAMS 0x0000000086200000, 0x0000000086100000| Untracked 
|  98|0x0000000086200000, 0x0000000086200000, 0x0000000086300000|  0%| F|  |TAMS 0x0000000086200000, 0x0000000086200000| Untracked 
|  99|0x0000000086300000, 0x0000000086400000, 0x0000000086400000|100%| O|  |TAMS 0x0000000086400000, 0x0000000086300000| Untracked 
| 100|0x0000000086400000, 0x0000000086500000, 0x0000000086500000|100%| O|  |TAMS 0x0000000086500000, 0x0000000086400000| Untracked 
| 101|0x0000000086500000, 0x0000000086600000, 0x0000000086600000|100%| O|  |TAMS 0x0000000086600000, 0x0000000086500000| Untracked 
| 102|0x0000000086600000, 0x0000000086700000, 0x0000000086700000|100%| O|  |TAMS 0x0000000086700000, 0x0000000086600000| Untracked 
| 103|0x0000000086700000, 0x0000000086800000, 0x0000000086800000|100%|HS|  |TAMS 0x0000000086800000, 0x0000000086700000| Complete 
| 104|0x0000000086800000, 0x0000000086900000, 0x0000000086900000|100%|HC|  |TAMS 0x0000000086900000, 0x0000000086800000| Complete 
| 105|0x0000000086900000, 0x0000000086a00000, 0x0000000086a00000|100%|HC|  |TAMS 0x0000000086a00000, 0x0000000086900000| Complete 
| 106|0x0000000086a00000, 0x0000000086b00000, 0x0000000086b00000|100%|HC|  |TAMS 0x0000000086b00000, 0x0000000086a00000| Complete 
| 107|0x0000000086b00000, 0x0000000086c00000, 0x0000000086c00000|100%| O|  |TAMS 0x0000000086c00000, 0x0000000086b00000| Untracked 
| 108|0x0000000086c00000, 0x0000000086d00000, 0x0000000086d00000|100%| O|  |TAMS 0x0000000086d00000, 0x0000000086c00000| Untracked 
| 109|0x0000000086d00000, 0x0000000086e00000, 0x0000000086e00000|100%| O|  |TAMS 0x0000000086e00000, 0x0000000086d00000| Untracked 
| 110|0x0000000086e00000, 0x0000000086f00000, 0x0000000086f00000|100%| O|  |TAMS 0x0000000086f00000, 0x0000000086e00000| Untracked 
| 111|0x0000000086f00000, 0x0000000087000000, 0x0000000087000000|100%| O|  |TAMS 0x0000000087000000, 0x0000000086f00000| Untracked 
| 112|0x0000000087000000, 0x0000000087100000, 0x0000000087100000|100%| O|  |TAMS 0x0000000087100000, 0x0000000087000000| Untracked 
| 113|0x0000000087100000, 0x0000000087200000, 0x0000000087200000|100%| O|  |TAMS 0x0000000087200000, 0x0000000087100000| Untracked 
| 114|0x0000000087200000, 0x0000000087300000, 0x0000000087300000|100%| O|  |TAMS 0x0000000087300000, 0x0000000087200000| Untracked 
| 115|0x0000000087300000, 0x0000000087400000, 0x0000000087400000|100%| O|  |TAMS 0x0000000087400000, 0x0000000087300000| Untracked 
| 116|0x0000000087400000, 0x0000000087500000, 0x0000000087500000|100%| O|  |TAMS 0x0000000087500000, 0x0000000087400000| Untracked 
| 117|0x0000000087500000, 0x0000000087600000, 0x0000000087600000|100%| O|  |TAMS 0x0000000087600000, 0x0000000087500000| Untracked 
| 118|0x0000000087600000, 0x0000000087700000, 0x0000000087700000|100%| O|  |TAMS 0x0000000087700000, 0x0000000087600000| Untracked 
| 119|0x0000000087700000, 0x0000000087800000, 0x0000000087800000|100%| O|  |TAMS 0x0000000087800000, 0x0000000087700000| Untracked 
| 120|0x0000000087800000, 0x0000000087900000, 0x0000000087900000|100%| O|  |TAMS 0x0000000087900000, 0x0000000087800000| Untracked 
| 121|0x0000000087900000, 0x0000000087a00000, 0x0000000087a00000|100%| O|  |TAMS 0x0000000087a00000, 0x0000000087900000| Untracked 
| 122|0x0000000087a00000, 0x0000000087b00000, 0x0000000087b00000|100%| O|  |TAMS 0x0000000087b00000, 0x0000000087a00000| Untracked 
| 123|0x0000000087b00000, 0x0000000087c00000, 0x0000000087c00000|100%| O|  |TAMS 0x0000000087c00000, 0x0000000087b00000| Untracked 
| 124|0x0000000087c00000, 0x0000000087d00000, 0x0000000087d00000|100%| O|  |TAMS 0x0000000087d00000, 0x0000000087c00000| Untracked 
| 125|0x0000000087d00000, 0x0000000087e00000, 0x0000000087e00000|100%| O|  |TAMS 0x0000000087e00000, 0x0000000087d00000| Untracked 
| 126|0x0000000087e00000, 0x0000000087f00000, 0x0000000087f00000|100%| O|  |TAMS 0x0000000087f00000, 0x0000000087e00000| Untracked 
| 127|0x0000000087f00000, 0x0000000088000000, 0x0000000088000000|100%| O|  |TAMS 0x0000000088000000, 0x0000000087f00000| Untracked 
| 128|0x0000000088000000, 0x0000000088100000, 0x0000000088100000|100%| O|  |TAMS 0x0000000088100000, 0x0000000088000000| Untracked 
| 129|0x0000000088100000, 0x0000000088200000, 0x0000000088200000|100%| O|  |TAMS 0x0000000088200000, 0x0000000088100000| Untracked 
| 130|0x0000000088200000, 0x0000000088300000, 0x0000000088300000|100%| O|  |TAMS 0x0000000088300000, 0x0000000088200000| Untracked 
| 131|0x0000000088300000, 0x0000000088400000, 0x0000000088400000|100%| O|  |TAMS 0x0000000088400000, 0x0000000088300000| Untracked 
| 132|0x0000000088400000, 0x0000000088500000, 0x0000000088500000|100%| O|  |TAMS 0x0000000088500000, 0x0000000088400000| Untracked 
| 133|0x0000000088500000, 0x0000000088500000, 0x0000000088600000|  0%| F|  |TAMS 0x0000000088500000, 0x0000000088500000| Untracked 
| 134|0x0000000088600000, 0x0000000088700000, 0x0000000088700000|100%| O|  |TAMS 0x0000000088600000, 0x0000000088600000| Untracked 
| 135|0x0000000088700000, 0x0000000088800000, 0x0000000088800000|100%| O|  |TAMS 0x0000000088700000, 0x0000000088700000| Untracked 
| 136|0x0000000088800000, 0x0000000088900000, 0x0000000088900000|100%| O|  |TAMS 0x0000000088800000, 0x0000000088800000| Untracked 
| 137|0x0000000088900000, 0x0000000088a00000, 0x0000000088a00000|100%| O|  |TAMS 0x0000000088900000, 0x0000000088900000| Untracked 
| 138|0x0000000088a00000, 0x0000000088b00000, 0x0000000088b00000|100%| O|  |TAMS 0x0000000088a00000, 0x0000000088a00000| Untracked 
| 139|0x0000000088b00000, 0x0000000088c00000, 0x0000000088c00000|100%| O|  |TAMS 0x0000000088b00000, 0x0000000088b00000| Untracked 
| 140|0x0000000088c00000, 0x0000000088d00000, 0x0000000088d00000|100%|HS|  |TAMS 0x0000000088c00000, 0x0000000088c00000| Complete 
| 141|0x0000000088d00000, 0x0000000088e00000, 0x0000000088e00000|100%|HC|  |TAMS 0x0000000088d00000, 0x0000000088d00000| Complete 
| 142|0x0000000088e00000, 0x0000000088f00000, 0x0000000088f00000|100%|HC|  |TAMS 0x0000000088e00000, 0x0000000088e00000| Complete 
| 143|0x0000000088f00000, 0x0000000089000000, 0x0000000089000000|100%|HC|  |TAMS 0x0000000088f00000, 0x0000000088f00000| Complete 
| 144|0x0000000089000000, 0x0000000089100000, 0x0000000089100000|100%|HC|  |TAMS 0x0000000089000000, 0x0000000089000000| Complete 
| 145|0x0000000089100000, 0x0000000089200000, 0x0000000089200000|100%|HC|  |TAMS 0x0000000089100000, 0x0000000089100000| Complete 
| 146|0x0000000089200000, 0x0000000089300000, 0x0000000089300000|100%| O|  |TAMS 0x0000000089200000, 0x0000000089200000| Untracked 
| 147|0x0000000089300000, 0x0000000089400000, 0x0000000089400000|100%| O|  |TAMS 0x0000000089300000, 0x0000000089300000| Untracked 
| 148|0x0000000089400000, 0x0000000089500000, 0x0000000089500000|100%| O|  |TAMS 0x0000000089400000, 0x0000000089400000| Untracked 
| 149|0x0000000089500000, 0x0000000089600000, 0x0000000089600000|100%| O|  |TAMS 0x0000000089500000, 0x0000000089500000| Untracked 
| 150|0x0000000089600000, 0x0000000089700000, 0x0000000089700000|100%| O|  |TAMS 0x0000000089600000, 0x0000000089600000| Untracked 
| 151|0x0000000089700000, 0x0000000089800000, 0x0000000089800000|100%| O|  |TAMS 0x0000000089700000, 0x0000000089700000| Untracked 
| 152|0x0000000089800000, 0x0000000089900000, 0x0000000089900000|100%| O|  |TAMS 0x0000000089800000, 0x0000000089800000| Untracked 
| 153|0x0000000089900000, 0x0000000089965400, 0x0000000089a00000| 39%| O|  |TAMS 0x0000000089900000, 0x0000000089900000| Untracked 
| 154|0x0000000089a00000, 0x0000000089a00000, 0x0000000089b00000|  0%| F|  |TAMS 0x0000000089a00000, 0x0000000089a00000| Untracked 
| 155|0x0000000089b00000, 0x0000000089b00000, 0x0000000089c00000|  0%| F|  |TAMS 0x0000000089b00000, 0x0000000089b00000| Untracked 
| 156|0x0000000089c00000, 0x0000000089c00000, 0x0000000089d00000|  0%| F|  |TAMS 0x0000000089c00000, 0x0000000089c00000| Untracked 
| 157|0x0000000089d00000, 0x0000000089d00000, 0x0000000089e00000|  0%| F|  |TAMS 0x0000000089d00000, 0x0000000089d00000| Untracked 
| 158|0x0000000089e00000, 0x0000000089e00000, 0x0000000089f00000|  0%| F|  |TAMS 0x0000000089e00000, 0x0000000089e00000| Untracked 
| 159|0x0000000089f00000, 0x0000000089f00000, 0x000000008a000000|  0%| F|  |TAMS 0x0000000089f00000, 0x0000000089f00000| Untracked 
| 160|0x000000008a000000, 0x000000008a000000, 0x000000008a100000|  0%| F|  |TAMS 0x000000008a000000, 0x000000008a000000| Untracked 
| 161|0x000000008a100000, 0x000000008a100000, 0x000000008a200000|  0%| F|  |TAMS 0x000000008a100000, 0x000000008a100000| Untracked 
| 162|0x000000008a200000, 0x000000008a200000, 0x000000008a300000|  0%| F|  |TAMS 0x000000008a200000, 0x000000008a200000| Untracked 
| 163|0x000000008a300000, 0x000000008a300000, 0x000000008a400000|  0%| F|  |TAMS 0x000000008a300000, 0x000000008a300000| Untracked 
| 164|0x000000008a400000, 0x000000008a400000, 0x000000008a500000|  0%| F|  |TAMS 0x000000008a400000, 0x000000008a400000| Untracked 
| 165|0x000000008a500000, 0x000000008a500000, 0x000000008a600000|  0%| F|  |TAMS 0x000000008a500000, 0x000000008a500000| Untracked 
| 166|0x000000008a600000, 0x000000008a600000, 0x000000008a700000|  0%| F|  |TAMS 0x000000008a600000, 0x000000008a600000| Untracked 
| 167|0x000000008a700000, 0x000000008a700000, 0x000000008a800000|  0%| F|  |TAMS 0x000000008a700000, 0x000000008a700000| Untracked 
| 168|0x000000008a800000, 0x000000008a800000, 0x000000008a900000|  0%| F|  |TAMS 0x000000008a800000, 0x000000008a800000| Untracked 
| 169|0x000000008a900000, 0x000000008a900000, 0x000000008aa00000|  0%| F|  |TAMS 0x000000008a900000, 0x000000008a900000| Untracked 
| 170|0x000000008aa00000, 0x000000008aa00000, 0x000000008ab00000|  0%| F|  |TAMS 0x000000008aa00000, 0x000000008aa00000| Untracked 
| 171|0x000000008ab00000, 0x000000008ab00000, 0x000000008ac00000|  0%| F|  |TAMS 0x000000008ab00000, 0x000000008ab00000| Untracked 
| 172|0x000000008ac00000, 0x000000008ac00000, 0x000000008ad00000|  0%| F|  |TAMS 0x000000008ac00000, 0x000000008ac00000| Untracked 
| 173|0x000000008ad00000, 0x000000008ad00000, 0x000000008ae00000|  0%| F|  |TAMS 0x000000008ad00000, 0x000000008ad00000| Untracked 
| 174|0x000000008ae00000, 0x000000008ae00000, 0x000000008af00000|  0%| F|  |TAMS 0x000000008ae00000, 0x000000008ae00000| Untracked 
| 175|0x000000008af00000, 0x000000008af00000, 0x000000008b000000|  0%| F|  |TAMS 0x000000008af00000, 0x000000008af00000| Untracked 
| 176|0x000000008b000000, 0x000000008b000000, 0x000000008b100000|  0%| F|  |TAMS 0x000000008b000000, 0x000000008b000000| Untracked 
| 177|0x000000008b100000, 0x000000008b100000, 0x000000008b200000|  0%| F|  |TAMS 0x000000008b100000, 0x000000008b100000| Untracked 
| 178|0x000000008b200000, 0x000000008b200000, 0x000000008b300000|  0%| F|  |TAMS 0x000000008b200000, 0x000000008b200000| Untracked 
| 179|0x000000008b300000, 0x000000008b300000, 0x000000008b400000|  0%| F|  |TAMS 0x000000008b300000, 0x000000008b300000| Untracked 
| 180|0x000000008b400000, 0x000000008b400000, 0x000000008b500000|  0%| F|  |TAMS 0x000000008b400000, 0x000000008b400000| Untracked 
| 181|0x000000008b500000, 0x000000008b500000, 0x000000008b600000|  0%| F|  |TAMS 0x000000008b500000, 0x000000008b500000| Untracked 
| 182|0x000000008b600000, 0x000000008b600000, 0x000000008b700000|  0%| F|  |TAMS 0x000000008b600000, 0x000000008b600000| Untracked 
| 183|0x000000008b700000, 0x000000008b700000, 0x000000008b800000|  0%| F|  |TAMS 0x000000008b700000, 0x000000008b700000| Untracked 
| 184|0x000000008b800000, 0x000000008b800000, 0x000000008b900000|  0%| F|  |TAMS 0x000000008b800000, 0x000000008b800000| Untracked 
| 185|0x000000008b900000, 0x000000008b900000, 0x000000008ba00000|  0%| F|  |TAMS 0x000000008b900000, 0x000000008b900000| Untracked 
| 186|0x000000008ba00000, 0x000000008ba00000, 0x000000008bb00000|  0%| F|  |TAMS 0x000000008ba00000, 0x000000008ba00000| Untracked 
| 187|0x000000008bb00000, 0x000000008bb00000, 0x000000008bc00000|  0%| F|  |TAMS 0x000000008bb00000, 0x000000008bb00000| Untracked 
| 188|0x000000008bc00000, 0x000000008bc00000, 0x000000008bd00000|  0%| F|  |TAMS 0x000000008bc00000, 0x000000008bc00000| Untracked 
| 189|0x000000008bd00000, 0x000000008bd00000, 0x000000008be00000|  0%| F|  |TAMS 0x000000008bd00000, 0x000000008bd00000| Untracked 
| 190|0x000000008be00000, 0x000000008be00000, 0x000000008bf00000|  0%| F|  |TAMS 0x000000008be00000, 0x000000008be00000| Untracked 
| 191|0x000000008bf00000, 0x000000008bf00000, 0x000000008c000000|  0%| F|  |TAMS 0x000000008bf00000, 0x000000008bf00000| Untracked 
| 192|0x000000008c000000, 0x000000008c000000, 0x000000008c100000|  0%| F|  |TAMS 0x000000008c000000, 0x000000008c000000| Untracked 
| 193|0x000000008c100000, 0x000000008c100000, 0x000000008c200000|  0%| F|  |TAMS 0x000000008c100000, 0x000000008c100000| Untracked 
| 194|0x000000008c200000, 0x000000008c200000, 0x000000008c300000|  0%| F|  |TAMS 0x000000008c200000, 0x000000008c200000| Untracked 
| 195|0x000000008c300000, 0x000000008c300000, 0x000000008c400000|  0%| F|  |TAMS 0x000000008c300000, 0x000000008c300000| Untracked 
| 196|0x000000008c400000, 0x000000008c400000, 0x000000008c500000|  0%| F|  |TAMS 0x000000008c400000, 0x000000008c400000| Untracked 
| 197|0x000000008c500000, 0x000000008c500000, 0x000000008c600000|  0%| F|  |TAMS 0x000000008c500000, 0x000000008c500000| Untracked 
| 198|0x000000008c600000, 0x000000008c600000, 0x000000008c700000|  0%| F|  |TAMS 0x000000008c600000, 0x000000008c600000| Untracked 
| 199|0x000000008c700000, 0x000000008c700000, 0x000000008c800000|  0%| F|  |TAMS 0x000000008c700000, 0x000000008c700000| Untracked 
| 200|0x000000008c800000, 0x000000008c800000, 0x000000008c900000|  0%| F|  |TAMS 0x000000008c800000, 0x000000008c800000| Untracked 
| 201|0x000000008c900000, 0x000000008c900000, 0x000000008ca00000|  0%| F|  |TAMS 0x000000008c900000, 0x000000008c900000| Untracked 
| 202|0x000000008ca00000, 0x000000008ca00000, 0x000000008cb00000|  0%| F|  |TAMS 0x000000008ca00000, 0x000000008ca00000| Untracked 
| 203|0x000000008cb00000, 0x000000008cb00000, 0x000000008cc00000|  0%| F|  |TAMS 0x000000008cb00000, 0x000000008cb00000| Untracked 
| 204|0x000000008cc00000, 0x000000008cc00000, 0x000000008cd00000|  0%| F|  |TAMS 0x000000008cc00000, 0x000000008cc00000| Untracked 
| 205|0x000000008cd00000, 0x000000008cd00000, 0x000000008ce00000|  0%| F|  |TAMS 0x000000008cd00000, 0x000000008cd00000| Untracked 
| 206|0x000000008ce00000, 0x000000008ce00000, 0x000000008cf00000|  0%| F|  |TAMS 0x000000008ce00000, 0x000000008ce00000| Untracked 
| 207|0x000000008cf00000, 0x000000008cf00000, 0x000000008d000000|  0%| F|  |TAMS 0x000000008cf00000, 0x000000008cf00000| Untracked 
| 208|0x000000008d000000, 0x000000008d000000, 0x000000008d100000|  0%| F|  |TAMS 0x000000008d000000, 0x000000008d000000| Untracked 
| 209|0x000000008d100000, 0x000000008d100000, 0x000000008d200000|  0%| F|  |TAMS 0x000000008d100000, 0x000000008d100000| Untracked 
| 210|0x000000008d200000, 0x000000008d200000, 0x000000008d300000|  0%| F|  |TAMS 0x000000008d200000, 0x000000008d200000| Untracked 
| 211|0x000000008d300000, 0x000000008d300000, 0x000000008d400000|  0%| F|  |TAMS 0x000000008d300000, 0x000000008d300000| Untracked 
| 212|0x000000008d400000, 0x000000008d400000, 0x000000008d500000|  0%| F|  |TAMS 0x000000008d400000, 0x000000008d400000| Untracked 
| 213|0x000000008d500000, 0x000000008d500000, 0x000000008d600000|  0%| F|  |TAMS 0x000000008d500000, 0x000000008d500000| Untracked 
| 214|0x000000008d600000, 0x000000008d600000, 0x000000008d700000|  0%| F|  |TAMS 0x000000008d600000, 0x000000008d600000| Untracked 
| 215|0x000000008d700000, 0x000000008d700000, 0x000000008d800000|  0%| F|  |TAMS 0x000000008d700000, 0x000000008d700000| Untracked 
| 216|0x000000008d800000, 0x000000008d800000, 0x000000008d900000|  0%| F|  |TAMS 0x000000008d800000, 0x000000008d800000| Untracked 
| 217|0x000000008d900000, 0x000000008d900000, 0x000000008da00000|  0%| F|  |TAMS 0x000000008d900000, 0x000000008d900000| Untracked 
| 218|0x000000008da00000, 0x000000008da00000, 0x000000008db00000|  0%| F|  |TAMS 0x000000008da00000, 0x000000008da00000| Untracked 
| 219|0x000000008db00000, 0x000000008db00000, 0x000000008dc00000|  0%| F|  |TAMS 0x000000008db00000, 0x000000008db00000| Untracked 
| 220|0x000000008dc00000, 0x000000008dc00000, 0x000000008dd00000|  0%| F|  |TAMS 0x000000008dc00000, 0x000000008dc00000| Untracked 
| 221|0x000000008dd00000, 0x000000008dd00000, 0x000000008de00000|  0%| F|  |TAMS 0x000000008dd00000, 0x000000008dd00000| Untracked 
| 222|0x000000008de00000, 0x000000008de00000, 0x000000008df00000|  0%| F|  |TAMS 0x000000008de00000, 0x000000008de00000| Untracked 
| 223|0x000000008df00000, 0x000000008df00000, 0x000000008e000000|  0%| F|  |TAMS 0x000000008df00000, 0x000000008df00000| Untracked 
| 224|0x000000008e000000, 0x000000008e000000, 0x000000008e100000|  0%| F|  |TAMS 0x000000008e000000, 0x000000008e000000| Untracked 
| 225|0x000000008e100000, 0x000000008e100000, 0x000000008e200000|  0%| F|  |TAMS 0x000000008e100000, 0x000000008e100000| Untracked 
| 226|0x000000008e200000, 0x000000008e200000, 0x000000008e300000|  0%| F|  |TAMS 0x000000008e200000, 0x000000008e200000| Untracked 
| 227|0x000000008e300000, 0x000000008e300000, 0x000000008e400000|  0%| F|  |TAMS 0x000000008e300000, 0x000000008e300000| Untracked 
| 228|0x000000008e400000, 0x000000008e400000, 0x000000008e500000|  0%| F|  |TAMS 0x000000008e400000, 0x000000008e400000| Untracked 
| 229|0x000000008e500000, 0x000000008e500000, 0x000000008e600000|  0%| F|  |TAMS 0x000000008e500000, 0x000000008e500000| Untracked 
| 230|0x000000008e600000, 0x000000008e600000, 0x000000008e700000|  0%| F|  |TAMS 0x000000008e600000, 0x000000008e600000| Untracked 
| 231|0x000000008e700000, 0x000000008e700000, 0x000000008e800000|  0%| F|  |TAMS 0x000000008e700000, 0x000000008e700000| Untracked 
| 232|0x000000008e800000, 0x000000008e800000, 0x000000008e900000|  0%| F|  |TAMS 0x000000008e800000, 0x000000008e800000| Untracked 
| 233|0x000000008e900000, 0x000000008e900000, 0x000000008ea00000|  0%| F|  |TAMS 0x000000008e900000, 0x000000008e900000| Untracked 
| 234|0x000000008ea00000, 0x000000008ea00000, 0x000000008eb00000|  0%| F|  |TAMS 0x000000008ea00000, 0x000000008ea00000| Untracked 
| 235|0x000000008eb00000, 0x000000008eb00000, 0x000000008ec00000|  0%| F|  |TAMS 0x000000008eb00000, 0x000000008eb00000| Untracked 
| 236|0x000000008ec00000, 0x000000008ec00000, 0x000000008ed00000|  0%| F|  |TAMS 0x000000008ec00000, 0x000000008ec00000| Untracked 
| 237|0x000000008ed00000, 0x000000008ed00000, 0x000000008ee00000|  0%| F|  |TAMS 0x000000008ed00000, 0x000000008ed00000| Untracked 
| 238|0x000000008ee00000, 0x000000008ee00000, 0x000000008ef00000|  0%| F|  |TAMS 0x000000008ee00000, 0x000000008ee00000| Untracked 
| 239|0x000000008ef00000, 0x000000008ef00000, 0x000000008f000000|  0%| F|  |TAMS 0x000000008ef00000, 0x000000008ef00000| Untracked 
| 240|0x000000008f000000, 0x000000008f000000, 0x000000008f100000|  0%| F|  |TAMS 0x000000008f000000, 0x000000008f000000| Untracked 
| 241|0x000000008f100000, 0x000000008f100000, 0x000000008f200000|  0%| F|  |TAMS 0x000000008f100000, 0x000000008f100000| Untracked 
| 242|0x000000008f200000, 0x000000008f200000, 0x000000008f300000|  0%| F|  |TAMS 0x000000008f200000, 0x000000008f200000| Untracked 
| 243|0x000000008f300000, 0x000000008f300000, 0x000000008f400000|  0%| F|  |TAMS 0x000000008f300000, 0x000000008f300000| Untracked 
| 244|0x000000008f400000, 0x000000008f400000, 0x000000008f500000|  0%| F|  |TAMS 0x000000008f400000, 0x000000008f400000| Untracked 
| 245|0x000000008f500000, 0x000000008f500000, 0x000000008f600000|  0%| F|  |TAMS 0x000000008f500000, 0x000000008f500000| Untracked 
| 246|0x000000008f600000, 0x000000008f600000, 0x000000008f700000|  0%| F|  |TAMS 0x000000008f600000, 0x000000008f600000| Untracked 
| 247|0x000000008f700000, 0x000000008f700000, 0x000000008f800000|  0%| F|  |TAMS 0x000000008f700000, 0x000000008f700000| Untracked 
| 248|0x000000008f800000, 0x000000008f800000, 0x000000008f900000|  0%| F|  |TAMS 0x000000008f800000, 0x000000008f800000| Untracked 
| 249|0x000000008f900000, 0x000000008f900000, 0x000000008fa00000|  0%| F|  |TAMS 0x000000008f900000, 0x000000008f900000| Untracked 
| 250|0x000000008fa00000, 0x000000008fa00000, 0x000000008fb00000|  0%| F|  |TAMS 0x000000008fa00000, 0x000000008fa00000| Untracked 
| 251|0x000000008fb00000, 0x000000008fb00000, 0x000000008fc00000|  0%| F|  |TAMS 0x000000008fb00000, 0x000000008fb00000| Untracked 
| 252|0x000000008fc00000, 0x000000008fc00000, 0x000000008fd00000|  0%| F|  |TAMS 0x000000008fc00000, 0x000000008fc00000| Untracked 
| 253|0x000000008fd00000, 0x000000008fd00000, 0x000000008fe00000|  0%| F|  |TAMS 0x000000008fd00000, 0x000000008fd00000| Untracked 
| 254|0x000000008fe00000, 0x000000008fe00000, 0x000000008ff00000|  0%| F|  |TAMS 0x000000008fe00000, 0x000000008fe00000| Untracked 
| 255|0x000000008ff00000, 0x000000008ff58d90, 0x0000000090000000| 34%| S|CS|TAMS 0x000000008ff00000, 0x000000008ff00000| Complete 
| 256|0x0000000090000000, 0x0000000090100000, 0x0000000090100000|100%| S|CS|TAMS 0x0000000090000000, 0x0000000090000000| Complete 
| 257|0x0000000090100000, 0x0000000090100000, 0x0000000090200000|  0%| F|  |TAMS 0x0000000090100000, 0x0000000090100000| Untracked 
| 258|0x0000000090200000, 0x0000000090200000, 0x0000000090300000|  0%| F|  |TAMS 0x0000000090200000, 0x0000000090200000| Untracked 
| 259|0x0000000090300000, 0x0000000090300000, 0x0000000090400000|  0%| F|  |TAMS 0x0000000090300000, 0x0000000090300000| Untracked 
| 260|0x0000000090400000, 0x0000000090400000, 0x0000000090500000|  0%| F|  |TAMS 0x0000000090400000, 0x0000000090400000| Untracked 
| 261|0x0000000090500000, 0x0000000090500000, 0x0000000090600000|  0%| F|  |TAMS 0x0000000090500000, 0x0000000090500000| Untracked 
| 262|0x0000000090600000, 0x0000000090600000, 0x0000000090700000|  0%| F|  |TAMS 0x0000000090600000, 0x0000000090600000| Untracked 
| 263|0x0000000090700000, 0x0000000090700000, 0x0000000090800000|  0%| F|  |TAMS 0x0000000090700000, 0x0000000090700000| Untracked 
| 264|0x0000000090800000, 0x0000000090800000, 0x0000000090900000|  0%| F|  |TAMS 0x0000000090800000, 0x0000000090800000| Untracked 

Card table byte_map: [0x0000023774c90000,0x0000023775090000] _byte_map_base: 0x0000023774890000

Marking Bits (Prev, Next): (CMBitMap*) 0x00000237620eca80, (CMBitMap*) 0x00000237620eca40
 Prev Bits: [0x0000023777490000, 0x0000023779490000)
 Next Bits: [0x0000023775490000, 0x0000023777490000)

Polling page: 0x000002375fe20000

Metaspace:

Usage:
  Non-class:     85.10 MB used.
      Class:     13.24 MB used.
       Both:     98.34 MB used.

Virtual space:
  Non-class space:       88.00 MB reserved,      85.50 MB ( 97%) committed,  11 nodes.
      Class space:        1.00 GB reserved,      13.56 MB (  1%) committed,  1 nodes.
             Both:        1.09 GB reserved,      99.06 MB (  9%) committed. 

Chunk freelists:
   Non-Class:  1.78 MB
       Class:  2.34 MB
        Both:  4.12 MB

MaxMetaspaceSize: unlimited
CompressedClassSpaceSize: 1.00 GB
Initial GC threshold: 21.00 MB
Current GC threshold: 159.38 MB
CDS: off
MetaspaceReclaimPolicy: balanced
 - commit_granule_bytes: 65536.
 - commit_granule_words: 8192.
 - virtual_space_node_default_size: 1048576.
 - enlarge_chunks_in_place: 1.
 - new_chunks_are_fully_committed: 0.
 - uncommit_free_chunks: 1.
 - use_allocation_guard: 0.
 - handle_deallocations: 1.


Internal statistics:

num_allocs_failed_limit: 3.
num_arena_births: 918.
num_arena_deaths: 0.
num_vsnodes_births: 12.
num_vsnodes_deaths: 0.
num_space_committed: 1584.
num_space_uncommitted: 0.
num_chunks_returned_to_freelist: 3.
num_chunks_taken_from_freelist: 4380.
num_chunk_merges: 3.
num_chunk_splits: 3114.
num_chunks_enlarged: 2320.
num_purges: 0.
num_inconsistent_stats: 0.

CodeHeap 'non-profiled nmethods': size=120000Kb used=5255Kb max_used=5255Kb free=114744Kb
 bounds [0x000002376d030000, 0x000002376d560000, 0x0000023774560000]
CodeHeap 'profiled nmethods': size=120000Kb used=15769Kb max_used=15769Kb free=104230Kb
 bounds [0x0000023765560000, 0x00000237664d0000, 0x000002376ca90000]
CodeHeap 'non-nmethods': size=5760Kb used=2416Kb max_used=2454Kb free=3344Kb
 bounds [0x000002376ca90000, 0x000002376cd00000, 0x000002376d030000]
 total_blobs=9139 nmethods=8197 adapters=854
 compilation: enabled
              stopped_count=0, restarted_count=0
 full_count=0

Compilation events (20 events):
Event: 9.660 Thread 0x000002377c8a8390 nmethod 8943 0x00000237664be890 code [0x00000237664beb40, 0x00000237664bf868]
Event: 9.662 Thread 0x000002370052d1b0 nmethod 8941 0x000002376d54eb90 code [0x000002376d54ed40, 0x000002376d54f0c8]
Event: 9.663 Thread 0x000002377c8a8390 8945       3       org.jetbrains.kotlin.container.CacheKt::getInfo (14 bytes)
Event: 9.664 Thread 0x000002377c8a8390 nmethod 8945 0x00000237664bfc10 code [0x00000237664bfe20, 0x00000237664c03c8]
Event: 9.664 Thread 0x000002377c8a8390 8946       3       org.jetbrains.kotlin.container.ClassTraversalCache::getClassInfo (43 bytes)
Event: 9.664 Thread 0x000002377c8a8390 nmethod 8946 0x00000237664c0610 code [0x00000237664c0860, 0x00000237664c1168]
Event: 9.664 Thread 0x000002377c8a7a90 nmethod 8944 0x000002376d54f310 code [0x000002376d54f4a0, 0x000002376d54f9c8]
Event: 9.665 Thread 0x000002370052d1b0 8947       4       java.util.LinkedHashMap::valuesToArray (38 bytes)
Event: 9.668 Thread 0x000002370052d1b0 nmethod 8947 0x000002376d54fb10 code [0x000002376d54fca0, 0x000002376d54fe78]
Event: 9.697 Thread 0x000002377c8a8390 8948       3       kotlin.LazyKt__LazyJVMKt::lazy (21 bytes)
Event: 9.697 Thread 0x000002377c8a8390 nmethod 8948 0x00000237664c1490 code [0x00000237664c16c0, 0x00000237664c1d48]
Event: 9.698 Thread 0x000002377c8a8390 8949   !   3       java.util.concurrent.LinkedBlockingQueue::poll (128 bytes)
Event: 9.700 Thread 0x000002377c8a8390 nmethod 8949 0x00000237664c2010 code [0x00000237664c2400, 0x00000237664c40b8]
Event: 9.705 Thread 0x000002370052d1b0 8950       4       sun.reflect.generics.parser.SignatureParser::parseClassTypeSignature (118 bytes)
Event: 9.706 Thread 0x000002377c8a7a90 8951       4       java.nio.ByteBuffer::limit (6 bytes)
Event: 9.706 Thread 0x000002377c8a7a90 nmethod 8951 0x000002376d54ff90 code [0x000002376d550120, 0x000002376d550238]
Event: 9.720 Thread 0x000002370052d1b0 nmethod 8950 0x000002376d550390 code [0x000002376d5505c0, 0x000002376d551470]
Event: 9.723 Thread 0x000002377c8a8390 8952       3       kotlin.collections.CollectionsKt__MutableCollectionsKt::addAll (74 bytes)
Event: 9.724 Thread 0x000002377c8a8390 nmethod 8952 0x00000237664c4d90 code [0x00000237664c50a0, 0x00000237664c6248]
Event: 9.749 Thread 0x000002370052d1b0 8953       4       java.util.LinkedHashMap::valuesToArray (38 bytes)

GC Heap History (20 events):
Event: 7.022 GC heap after
{Heap after GC invocations=39 (full 0):
 garbage-first heap   total 219136K, used 101394K [0x0000000080000000, 0x0000000100000000)
  region size 1024K, 2 young (2048K), 2 survivors (2048K)
 Metaspace       used 70458K, committed 71104K, reserved 1114112K
  class space    used 9371K, committed 9664K, reserved 1048576K
}
Event: 7.580 GC heap before
{Heap before GC invocations=39 (full 0):
 garbage-first heap   total 219136K, used 157714K [0x0000000080000000, 0x0000000100000000)
  region size 1024K, 57 young (58368K), 2 survivors (2048K)
 Metaspace       used 77182K, committed 77888K, reserved 1122304K
  class space    used 10262K, committed 10560K, reserved 1048576K
}
Event: 7.586 GC heap after
{Heap after GC invocations=40 (full 0):
 garbage-first heap   total 219136K, used 104730K [0x0000000080000000, 0x0000000100000000)
  region size 1024K, 6 young (6144K), 6 survivors (6144K)
 Metaspace       used 77182K, committed 77888K, reserved 1122304K
  class space    used 10262K, committed 10560K, reserved 1048576K
}
Event: 8.235 GC heap before
{Heap before GC invocations=40 (full 0):
 garbage-first heap   total 219136K, used 167194K [0x0000000080000000, 0x0000000100000000)
  region size 1024K, 67 young (68608K), 6 survivors (6144K)
 Metaspace       used 83803K, committed 84480K, reserved 1122304K
  class space    used 11109K, committed 11392K, reserved 1048576K
}
Event: 8.242 GC heap after
{Heap after GC invocations=41 (full 0):
 garbage-first heap   total 219136K, used 109716K [0x0000000080000000, 0x0000000100000000)
  region size 1024K, 9 young (9216K), 9 survivors (9216K)
 Metaspace       used 83803K, committed 84480K, reserved 1122304K
  class space    used 11109K, committed 11392K, reserved 1048576K
}
Event: 8.260 GC heap before
{Heap before GC invocations=41 (full 0):
 garbage-first heap   total 219136K, used 110740K [0x0000000080000000, 0x0000000100000000)
  region size 1024K, 11 young (11264K), 9 survivors (9216K)
 Metaspace       used 84033K, committed 84736K, reserved 1122304K
  class space    used 11133K, committed 11456K, reserved 1048576K
}
Event: 8.265 GC heap after
{Heap after GC invocations=42 (full 0):
 garbage-first heap   total 219136K, used 109935K [0x0000000080000000, 0x0000000100000000)
  region size 1024K, 6 young (6144K), 6 survivors (6144K)
 Metaspace       used 84033K, committed 84736K, reserved 1122304K
  class space    used 11133K, committed 11456K, reserved 1048576K
}
Event: 8.755 GC heap before
{Heap before GC invocations=43 (full 0):
 garbage-first heap   total 219136K, used 182639K [0x0000000080000000, 0x0000000100000000)
  region size 1024K, 68 young (69632K), 6 survivors (6144K)
 Metaspace       used 92431K, committed 93120K, reserved 1130496K
  class space    used 12667K, committed 12992K, reserved 1048576K
}
Event: 8.761 GC heap after
{Heap after GC invocations=44 (full 0):
 garbage-first heap   total 219136K, used 125462K [0x0000000080000000, 0x0000000100000000)
  region size 1024K, 9 young (9216K), 9 survivors (9216K)
 Metaspace       used 92431K, committed 93120K, reserved 1130496K
  class space    used 12667K, committed 12992K, reserved 1048576K
}
Event: 8.764 GC heap before
{Heap before GC invocations=44 (full 0):
 garbage-first heap   total 219136K, used 126486K [0x0000000080000000, 0x0000000100000000)
  region size 1024K, 10 young (10240K), 9 survivors (9216K)
 Metaspace       used 92431K, committed 93120K, reserved 1130496K
  class space    used 12667K, committed 12992K, reserved 1048576K
}
Event: 8.769 GC heap after
{Heap after GC invocations=45 (full 0):
 garbage-first heap   total 219136K, used 125408K [0x0000000080000000, 0x0000000100000000)
  region size 1024K, 2 young (2048K), 2 survivors (2048K)
 Metaspace       used 92431K, committed 93120K, reserved 1130496K
  class space    used 12667K, committed 12992K, reserved 1048576K
}
Event: 8.938 GC heap before
{Heap before GC invocations=45 (full 0):
 garbage-first heap   total 219136K, used 175584K [0x0000000080000000, 0x0000000100000000)
  region size 1024K, 52 young (53248K), 2 survivors (2048K)
 Metaspace       used 92606K, committed 93312K, reserved 1130496K
  class space    used 12674K, committed 12992K, reserved 1048576K
}
Event: 8.950 GC heap after
{Heap after GC invocations=46 (full 0):
 garbage-first heap   total 219136K, used 136173K [0x0000000080000000, 0x0000000100000000)
  region size 1024K, 7 young (7168K), 7 survivors (7168K)
 Metaspace       used 92606K, committed 93312K, reserved 1130496K
  class space    used 12674K, committed 12992K, reserved 1048576K
}
Event: 9.231 GC heap before
{Heap before GC invocations=46 (full 0):
 garbage-first heap   total 219136K, used 175085K [0x0000000080000000, 0x0000000100000000)
  region size 1024K, 45 young (46080K), 7 survivors (7168K)
 Metaspace       used 95278K, committed 95936K, reserved 1138688K
  class space    used 12993K, committed 13312K, reserved 1048576K
}
Event: 9.239 GC heap after
{Heap after GC invocations=47 (full 0):
 garbage-first heap   total 219136K, used 143259K [0x0000000080000000, 0x0000000100000000)
  region size 1024K, 6 young (6144K), 6 survivors (6144K)
 Metaspace       used 95278K, committed 95936K, reserved 1138688K
  class space    used 12993K, committed 13312K, reserved 1048576K
}
Event: 9.349 GC heap before
{Heap before GC invocations=47 (full 0):
 garbage-first heap   total 219136K, used 156571K [0x0000000080000000, 0x0000000100000000)
  region size 1024K, 20 young (20480K), 6 survivors (6144K)
 Metaspace       used 96901K, committed 97664K, reserved 1138688K
  class space    used 13179K, committed 13504K, reserved 1048576K
}
Event: 9.353 GC heap after
{Heap after GC invocations=48 (full 0):
 garbage-first heap   total 219136K, used 145317K [0x0000000080000000, 0x0000000100000000)
  region size 1024K, 2 young (2048K), 2 survivors (2048K)
 Metaspace       used 96901K, committed 97664K, reserved 1138688K
  class space    used 13179K, committed 13504K, reserved 1048576K
}
Event: 9.623 GC heap before
{Heap before GC invocations=49 (full 0):
 garbage-first heap   total 271360K, used 186277K [0x0000000080000000, 0x0000000100000000)
  region size 1024K, 36 young (36864K), 2 survivors (2048K)
 Metaspace       used 99553K, committed 100224K, reserved 1138688K
  class space    used 13465K, committed 13760K, reserved 1048576K
}
Event: 9.638 GC heap after
{Heap after GC invocations=50 (full 0):
 garbage-first heap   total 271360K, used 155492K [0x0000000080000000, 0x0000000100000000)
  region size 1024K, 5 young (5120K), 5 survivors (5120K)
 Metaspace       used 99553K, committed 100224K, reserved 1138688K
  class space    used 13465K, committed 13760K, reserved 1048576K
}
Event: 9.749 GC heap before
{Heap before GC invocations=50 (full 0):
 garbage-first heap   total 271360K, used 162660K [0x0000000080000000, 0x0000000100000000)
  region size 1024K, 13 young (13312K), 5 survivors (5120K)
 Metaspace       used 100703K, committed 101440K, reserved 1138688K
  class space    used 13560K, committed 13888K, reserved 1048576K
}

Dll operation events (2 events):
Event: 0.007 Loaded shared library C:\Program Files\Android\Android Studio\jbr\bin\java.dll
Event: 0.289 Loaded shared library C:\Program Files\Android\Android Studio\jbr\bin\verify.dll

Deoptimization events (20 events):
Event: 9.364 Thread 0x00000237001dce20 Uncommon trap: trap_request=0xffffffde fr.pc=0x000002376d52a688 relative=0x00000000000004a8
Event: 9.364 Thread 0x00000237001dce20 Uncommon trap: reason=class_check action=maybe_recompile pc=0x000002376d52a688 method=org.jetbrains.kotlin.protobuf.CodedInputStream.tryRefillBuffer(I)Z @ 177 c2
Event: 9.364 Thread 0x00000237001dce20 DEOPT PACKING pc=0x000002376d52a688 sp=0x00000051c3ff4b00
Event: 9.364 Thread 0x00000237001dce20 DEOPT UNPACKING pc=0x000002376caea1a3 sp=0x00000051c3ff49e8 mode 2
Event: 9.366 Thread 0x00000237001dce20 Uncommon trap: trap_request=0xffffffde fr.pc=0x000002376d52a688 relative=0x00000000000004a8
Event: 9.366 Thread 0x00000237001dce20 Uncommon trap: reason=class_check action=maybe_recompile pc=0x000002376d52a688 method=org.jetbrains.kotlin.protobuf.CodedInputStream.tryRefillBuffer(I)Z @ 177 c2
Event: 9.366 Thread 0x00000237001dce20 DEOPT PACKING pc=0x000002376d52a688 sp=0x00000051c3ff4b00
Event: 9.366 Thread 0x00000237001dce20 DEOPT UNPACKING pc=0x000002376caea1a3 sp=0x00000051c3ff49e8 mode 2
Event: 9.366 Thread 0x00000237001dce20 Uncommon trap: trap_request=0xffffffde fr.pc=0x000002376d52a688 relative=0x00000000000004a8
Event: 9.366 Thread 0x00000237001dce20 Uncommon trap: reason=class_check action=maybe_recompile pc=0x000002376d52a688 method=org.jetbrains.kotlin.protobuf.CodedInputStream.tryRefillBuffer(I)Z @ 177 c2
Event: 9.366 Thread 0x00000237001dce20 DEOPT PACKING pc=0x000002376d52a688 sp=0x00000051c3ff4b00
Event: 9.366 Thread 0x00000237001dce20 DEOPT UNPACKING pc=0x000002376caea1a3 sp=0x00000051c3ff49e8 mode 2
Event: 9.512 Thread 0x00000237001dce20 Uncommon trap: trap_request=0xffffff45 fr.pc=0x000002376d4cd804 relative=0x00000000000000e4
Event: 9.512 Thread 0x00000237001dce20 Uncommon trap: reason=unstable_if action=reinterpret pc=0x000002376d4cd804 method=org.jetbrains.kotlin.com.intellij.util.SmartList.get(I)Ljava/lang/Object; @ 13 c2
Event: 9.512 Thread 0x00000237001dce20 DEOPT PACKING pc=0x000002376d4cd804 sp=0x00000051c3ff3460
Event: 9.512 Thread 0x00000237001dce20 DEOPT UNPACKING pc=0x000002376caea1a3 sp=0x00000051c3ff3400 mode 2
Event: 9.671 Thread 0x00000237001dce20 Uncommon trap: trap_request=0xffffff76 fr.pc=0x000002376d54fe3c relative=0x000000000000019c
Event: 9.671 Thread 0x00000237001dce20 Uncommon trap: reason=predicate action=maybe_recompile pc=0x000002376d54fe3c method=java.util.LinkedHashMap.valuesToArray([Ljava/lang/Object;)[Ljava/lang/Object; @ 12 c2
Event: 9.671 Thread 0x00000237001dce20 DEOPT PACKING pc=0x000002376d54fe3c sp=0x00000051c3ff4850
Event: 9.671 Thread 0x00000237001dce20 DEOPT UNPACKING pc=0x000002376caea1a3 sp=0x00000051c3ff4808 mode 2

Classes unloaded (0 events):
No events

Classes redefined (0 events):
No events

Internal exceptions (20 events):
Event: 7.414 Thread 0x00000237001dce20 Exception <a 'java/lang/ClassNotFoundException'{0x000000008b1dfb28}: org/jetbrains/kotlin/gradle/targets/js/npm/DefaultPeerNpmDependencyExtensionCustomizer> (0x000000008b1dfb28) 
thrown [s\src\hotspot\share\classfile\systemDictionary.cpp, line 256]
Event: 7.416 Thread 0x00000237001dce20 Exception <a 'java/lang/ClassNotFoundException'{0x000000008b020dd8}: org/jetbrains/kotlin/gradle/targets/js/npm/DefaultPeerNpmDependencyExtension$delegate$1BeanInfo> (0x000000008b020dd8) 
thrown [s\src\hotspot\share\classfile\systemDictionary.cpp, line 256]
Event: 7.416 Thread 0x00000237001dce20 Exception <a 'java/lang/ClassNotFoundException'{0x000000008b02c628}: org/jetbrains/kotlin/gradle/targets/js/npm/DefaultPeerNpmDependencyExtension$delegate$1Customizer> (0x000000008b02c628) 
thrown [s\src\hotspot\share\classfile\systemDictionary.cpp, line 256]
Event: 7.913 Thread 0x00000237001dce20 Exception <a 'java/lang/NoSuchMethodError'{0x000000008b5acde8}: 'void java.lang.invoke.DirectMethodHandle$Holder.invokeVirtual(java.lang.Object, java.lang.Object)'> (0x000000008b5acde8) 
thrown [s\src\hotspot\share\interpreter\linkResolver.cpp, line 771]
Event: 8.005 Thread 0x00000237001dce20 Exception <a 'java/lang/NoSuchMethodError'{0x000000008aff8e18}: 'int java.lang.invoke.DelegatingMethodHandle$Holder.reinvoke_L(java.lang.Object, java.lang.Object, java.lang.Object, long, int, int)'> (0x000000008aff8e18) 
thrown [s\src\hotspot\share\interpreter\linkResolver.cpp, line 771]
Event: 8.006 Thread 0x00000237001dce20 Exception <a 'java/lang/NoSuchMethodError'{0x000000008ae091e0}: 'int java.lang.invoke.DelegatingMethodHandle$Holder.reinvoke_L(java.lang.Object, java.lang.Object, java.lang.Object, long, long, long)'> (0x000000008ae091e0) 
thrown [s\src\hotspot\share\interpreter\linkResolver.cpp, line 771]
Event: 8.006 Thread 0x00000237001dce20 Exception <a 'java/lang/NoSuchMethodError'{0x000000008ae196a8}: 'int java.lang.invoke.DelegatingMethodHandle$Holder.reinvoke_L(java.lang.Object, java.lang.Object, java.lang.Object, long, java.lang.Object, java.lang.Object)'> (0x000000008ae196a8) 
thrown [s\src\hotspot\share\interpreter\linkResolver.cpp, line 771]
Event: 8.007 Thread 0x00000237001dce20 Exception <a 'java/lang/NoSuchMethodError'{0x000000008ae295a0}: 'void java.lang.invoke.DelegatingMethodHandle$Holder.reinvoke_L(java.lang.Object, java.lang.Object, java.lang.Object, long, java.lang.Object)'> (0x000000008ae295a0) 
thrown [s\src\hotspot\share\interpreter\linkResolver.cpp, line 771]
Event: 8.007 Thread 0x00000237001dce20 Exception <a 'java/lang/NoSuchMethodError'{0x000000008ae31e90}: 'java.lang.Object java.lang.invoke.DirectMethodHandle$Holder.invokeSpecial(java.lang.Object, java.lang.Object, java.lang.Object, java.lang.Object, long)'> (0x000000008ae31e90) 
thrown [s\src\hotspot\share\interpreter\linkResolver.cpp, line 771]
Event: 8.010 Thread 0x00000237001dce20 Exception <a 'java/lang/NoSuchMethodError'{0x000000008ae56ce0}: 'long java.lang.invoke.Invokers$Holder.invoke_MT(java.lang.Object, java.lang.Object, java.lang.Object, java.lang.Object)'> (0x000000008ae56ce0) 
thrown [s\src\hotspot\share\interpreter\linkResolver.cpp, line 771]
Event: 8.010 Thread 0x00000237001dce20 Exception <a 'java/lang/NoSuchMethodError'{0x000000008ae5fda8}: 'int java.lang.invoke.Invokers$Holder.invoke_MT(java.lang.Object, java.lang.Object, java.lang.Object, java.lang.Object)'> (0x000000008ae5fda8) 
thrown [s\src\hotspot\share\interpreter\linkResolver.cpp, line 771]
Event: 8.011 Thread 0x00000237001dce20 Exception <a 'java/lang/NoSuchMethodError'{0x000000008ae70cf0}: 'int java.lang.invoke.DelegatingMethodHandle$Holder.reinvoke_L(java.lang.Object, java.lang.Object, java.lang.Object, long, int)'> (0x000000008ae70cf0) 
thrown [s\src\hotspot\share\interpreter\linkResolver.cpp, line 771]
Event: 8.012 Thread 0x00000237001dce20 Exception <a 'java/lang/NoSuchMethodError'{0x000000008ae844e0}: 'java.lang.Object java.lang.invoke.Invokers$Holder.invokeExact_MT(java.lang.Object, java.lang.Object, long, java.lang.Object)'> (0x000000008ae844e0) 
thrown [s\src\hotspot\share\interpreter\linkResolver.cpp, line 771]
Event: 8.105 Thread 0x00000237001dce20 Exception <a 'java/lang/NoSuchMethodError'{0x000000008a68dfc0}: 'java.lang.Object java.lang.invoke.DirectMethodHandle$Holder.invokeStaticInit(java.lang.Object, int)'> (0x000000008a68dfc0) 
thrown [s\src\hotspot\share\interpreter\linkResolver.cpp, line 771]
Event: 8.132 Thread 0x00000237001dce20 Exception <a 'java/lang/NoSuchMethodError'{0x000000008a36e3c0}: 'long java.lang.invoke.DirectMethodHandle$Holder.invokeStatic(java.lang.Object)'> (0x000000008a36e3c0) 
thrown [s\src\hotspot\share\interpreter\linkResolver.cpp, line 771]
Event: 8.132 Thread 0x00000237001dce20 Exception <a 'java/lang/NoSuchMethodError'{0x000000008a372f60}: 'long java.lang.invoke.DirectMethodHandle$Holder.invokeStaticInit(java.lang.Object)'> (0x000000008a372f60) 
thrown [s\src\hotspot\share\interpreter\linkResolver.cpp, line 771]
Event: 8.565 Thread 0x00000237001dce20 Implicit null exception at 0x000002376d4b7d93 to 0x000002376d4b7ed8
Event: 8.696 Thread 0x00000237001dce20 Exception <a 'java/lang/NoSuchMethodError'{0x000000008a3b0a38}: 'java.lang.Object java.lang.invoke.Invokers$Holder.invoke_MT(java.lang.Object, java.lang.Object, java.lang.Object)'> (0x000000008a3b0a38) 
thrown [s\src\hotspot\share\interpreter\linkResolver.cpp, line 771]
Event: 8.825 Thread 0x00000237001dce20 Implicit null exception at 0x000002376d4ce5fb to 0x000002376d4cf6c4
Event: 8.835 Thread 0x00000237001dce20 Implicit null exception at 0x000002376d4d1c50 to 0x000002376d4d3c28

VM Operations (20 events):
Event: 8.598 Executing VM operation: HandshakeAllThreads done
Event: 8.709 Executing VM operation: HandshakeAllThreads
Event: 8.709 Executing VM operation: HandshakeAllThreads done
Event: 8.755 Executing VM operation: G1CollectForAllocation
Event: 8.761 Executing VM operation: G1CollectForAllocation done
Event: 8.763 Executing VM operation: G1CollectForAllocation
Event: 8.769 Executing VM operation: G1CollectForAllocation done
Event: 8.937 Executing VM operation: G1CollectForAllocation
Event: 8.950 Executing VM operation: G1CollectForAllocation done
Event: 9.231 Executing VM operation: G1CollectForAllocation
Event: 9.239 Executing VM operation: G1CollectForAllocation done
Event: 9.349 Executing VM operation: G1TryInitiateConcMark
Event: 9.353 Executing VM operation: G1TryInitiateConcMark done
Event: 9.412 Executing VM operation: G1Concurrent
Event: 9.420 Executing VM operation: G1Concurrent done
Event: 9.449 Executing VM operation: G1Concurrent
Event: 9.449 Executing VM operation: G1Concurrent done
Event: 9.622 Executing VM operation: G1CollectForAllocation
Event: 9.638 Executing VM operation: G1CollectForAllocation done
Event: 9.749 Executing VM operation: G1CollectForAllocation

Events (20 events):
Event: 8.696 loading class jdk/internal/access/foreign/UnmapperProxy done
Event: 8.696 loading class sun/nio/ch/FileChannelImpl$Unmapper done
Event: 8.696 loading class sun/nio/ch/FileChannelImpl$DefaultUnmapper done
Event: 8.696 loading class sun/nio/ch/Util$4
Event: 8.696 loading class sun/nio/ch/Util$4 done
Event: 8.697 loading class java/io/UTFDataFormatException
Event: 8.697 loading class java/io/UTFDataFormatException done
Event: 8.708 loading class java/nio/file/attribute/DosFileAttributeView
Event: 8.708 loading class java/nio/file/attribute/DosFileAttributeView done
Event: 8.708 loading class sun/nio/fs/WindowsFileAttributeViews$Dos
Event: 8.708 loading class sun/nio/fs/WindowsFileAttributeViews$Dos done
Event: 8.720 Thread 0x000002370052d1b0 Thread added: 0x000002370052d1b0
Event: 8.730 Thread 0x0000023700528fe0 Thread added: 0x0000023700528fe0
Event: 9.031 loading class java/nio/channels/Channels$ReadableByteChannelImpl
Event: 9.031 loading class java/nio/channels/Channels$ReadableByteChannelImpl done
Event: 9.031 loading class java/nio/channels/NonWritableChannelException
Event: 9.031 loading class java/nio/channels/NonWritableChannelException done
Event: 9.258 Thread 0x0000023700528fe0 Thread exited: 0x0000023700528fe0
Event: 9.433 Thread 0x0000023700529f10 Thread added: 0x0000023700529f10
Event: 9.642 Thread 0x0000023700529f10 Thread exited: 0x0000023700529f10


Dynamic libraries:
0x00007ff605f90000 - 0x00007ff605f9a000 	C:\Program Files\Android\Android Studio\jbr\bin\java.exe
0x00007ffe36670000 - 0x00007ffe36868000 	C:\Windows\SYSTEM32\ntdll.dll
0x00007ffe348b0000 - 0x00007ffe3496f000 	C:\Windows\System32\KERNEL32.DLL
0x00007ffe33a50000 - 0x00007ffe33d22000 	C:\Windows\System32\KERNELBASE.dll
0x00007ffe33dd0000 - 0x00007ffe33ed0000 	C:\Windows\System32\ucrtbase.dll
0x00007ffe27da0000 - 0x00007ffe27db7000 	C:\Program Files\Android\Android Studio\jbr\bin\jli.dll
0x00007ffe0f480000 - 0x00007ffe0f49b000 	C:\Program Files\Android\Android Studio\jbr\bin\VCRUNTIME140.dll
0x00007ffe35670000 - 0x00007ffe3580d000 	C:\Windows\System32\USER32.dll
0x00007ffe34290000 - 0x00007ffe342b2000 	C:\Windows\System32\win32u.dll
0x00007ffe34f40000 - 0x00007ffe34f6b000 	C:\Windows\System32\GDI32.dll
0x00007ffe343d0000 - 0x00007ffe344df000 	C:\Windows\System32\gdi32full.dll
0x00007ffe33d30000 - 0x00007ffe33dcd000 	C:\Windows\System32\msvcp_win.dll
0x00007ffe19340000 - 0x00007ffe195da000 	C:\Windows\WinSxS\amd64_microsoft.windows.common-controls_6595b64144ccf1df_6.0.19041.1110_none_60b5254171f9507e\COMCTL32.dll
0x00007ffe35d20000 - 0x00007ffe35dbe000 	C:\Windows\System32\msvcrt.dll
0x00007ffe35bd0000 - 0x00007ffe35c02000 	C:\Windows\System32\IMM32.DLL
0x00007ffe2b330000 - 0x00007ffe2b33c000 	C:\Program Files\Android\Android Studio\jbr\bin\vcruntime140_1.dll
0x00007ffde6380000 - 0x00007ffde640d000 	C:\Program Files\Android\Android Studio\jbr\bin\msvcp140.dll
0x00007ffdddb70000 - 0x00007ffdde7de000 	C:\Program Files\Android\Android Studio\jbr\bin\server\jvm.dll
0x00007ffe34ce0000 - 0x00007ffe34d8e000 	C:\Windows\System32\ADVAPI32.dll
0x00007ffe345a0000 - 0x00007ffe3463c000 	C:\Windows\System32\sechost.dll
0x00007ffe34a40000 - 0x00007ffe34b65000 	C:\Windows\System32\RPCRT4.dll
0x00007ffe163a0000 - 0x00007ffe163a9000 	C:\Windows\SYSTEM32\WSOCK32.dll
0x00007ffe27190000 - 0x00007ffe2719a000 	C:\Windows\SYSTEM32\VERSION.dll
0x00007ffe35590000 - 0x00007ffe355fb000 	C:\Windows\System32\WS2_32.dll
0x00007ffe23e20000 - 0x00007ffe23e47000 	C:\Windows\SYSTEM32\WINMM.dll
0x00007ffe344e0000 - 0x00007ffe344f2000 	C:\Windows\System32\kernel.appcore.dll
0x00007ffe2b770000 - 0x00007ffe2b77a000 	C:\Program Files\Android\Android Studio\jbr\bin\jimage.dll
0x00007ffe31ef0000 - 0x00007ffe320d4000 	C:\Windows\SYSTEM32\DBGHELP.DLL
0x00007ffe205a0000 - 0x00007ffe205cc000 	C:\Windows\SYSTEM32\dbgcore.DLL
0x00007ffe34340000 - 0x00007ffe343c2000 	C:\Windows\System32\bcryptPrimitives.dll
0x00007ffe2b350000 - 0x00007ffe2b375000 	C:\Program Files\Android\Android Studio\jbr\bin\java.dll
0x00007ffe2b310000 - 0x00007ffe2b328000 	C:\Program Files\Android\Android Studio\jbr\bin\zip.dll
0x00007ffe35dc0000 - 0x00007ffe36503000 	C:\Windows\System32\SHELL32.dll
0x00007ffe2d180000 - 0x00007ffe2d912000 	C:\Windows\SYSTEM32\windows.storage.dll
0x00007ffe35870000 - 0x00007ffe35bc4000 	C:\Windows\System32\combase.dll
0x00007ffe33460000 - 0x00007ffe33490000 	C:\Windows\SYSTEM32\Wldp.dll
0x00007ffe35c10000 - 0x00007ffe35cbd000 	C:\Windows\System32\SHCORE.dll
0x00007ffe34850000 - 0x00007ffe348a5000 	C:\Windows\System32\shlwapi.dll
0x00007ffe33940000 - 0x00007ffe3395f000 	C:\Windows\SYSTEM32\profapi.dll
0x00007ffe2a010000 - 0x00007ffe2a029000 	C:\Program Files\Android\Android Studio\jbr\bin\net.dll
0x00007ffe29f00000 - 0x00007ffe2a00c000 	C:\Windows\SYSTEM32\WINHTTP.dll
0x00007ffe331c0000 - 0x00007ffe3322a000 	C:\Windows\system32\mswsock.dll
0x00007ffe293d0000 - 0x00007ffe293e6000 	C:\Program Files\Android\Android Studio\jbr\bin\nio.dll
0x00007ffe29440000 - 0x00007ffe29450000 	C:\Program Files\Android\Android Studio\jbr\bin\verify.dll
0x00007ffe18cc0000 - 0x00007ffe18ce7000 	F:\MyApplication2\.gradle\native\68d5fa5c4cc2d200863cafc0d521ce42e7d3e7ee720ec0a83991735586a16f82\windows-amd64\native-platform.dll
0x00007ffde6230000 - 0x00007ffde6374000 	F:\MyApplication2\.gradle\native\e376f236ea51e6404a007f0833ffe2c6e607c4080706a723a18a27aeea778392\windows-amd64\native-platform-file-events.dll
0x00007ffe293c0000 - 0x00007ffe293c9000 	C:\Program Files\Android\Android Studio\jbr\bin\management.dll
0x00007ffe28d40000 - 0x00007ffe28d4b000 	C:\Program Files\Android\Android Studio\jbr\bin\management_ext.dll
0x00007ffe35600000 - 0x00007ffe35608000 	C:\Windows\System32\PSAPI.DLL
0x00007ffe333b0000 - 0x00007ffe333c8000 	C:\Windows\SYSTEM32\CRYPTSP.dll
0x00007ffe32ac0000 - 0x00007ffe32af4000 	C:\Windows\system32\rsaenh.dll
0x00007ffe34310000 - 0x00007ffe34337000 	C:\Windows\System32\bcrypt.dll
0x00007ffe33900000 - 0x00007ffe3392e000 	C:\Windows\SYSTEM32\USERENV.dll
0x00007ffe333d0000 - 0x00007ffe333dc000 	C:\Windows\SYSTEM32\CRYPTBASE.dll
0x00007ffe32eb0000 - 0x00007ffe32eeb000 	C:\Windows\SYSTEM32\IPHLPAPI.DLL
0x00007ffe35110000 - 0x00007ffe35118000 	C:\Windows\System32\NSI.dll
0x00007ffe27660000 - 0x00007ffe27677000 	C:\Windows\SYSTEM32\dhcpcsvc6.DLL
0x00007ffe271a0000 - 0x00007ffe271bd000 	C:\Windows\SYSTEM32\dhcpcsvc.DLL
0x00007ffe32f00000 - 0x00007ffe32fca000 	C:\Windows\SYSTEM32\DNSAPI.dll
0x00007ffdae180000 - 0x00007ffdae187000 	C:\Windows\system32\wshunix.dll

dbghelp: loaded successfully - version: 4.0.5 - missing functions: none
symbol engine: initialized successfully - sym options: 0x614 - pdb path: .;C:\Program Files\Android\Android Studio\jbr\bin;C:\Windows\SYSTEM32;C:\Windows\WinSxS\amd64_microsoft.windows.common-controls_6595b64144ccf1df_6.0.19041.1110_none_60b5254171f9507e;C:\Program Files\Android\Android Studio\jbr\bin\server;F:\MyApplication2\.gradle\native\68d5fa5c4cc2d200863cafc0d521ce42e7d3e7ee720ec0a83991735586a16f82\windows-amd64;F:\MyApplication2\.gradle\native\e376f236ea51e6404a007f0833ffe2c6e607c4080706a723a18a27aeea778392\windows-amd64

VM Arguments:
jvm_args: --add-opens=java.base/java.util=ALL-UNNAMED --add-opens=java.base/java.lang=ALL-UNNAMED --add-opens=java.base/java.lang.invoke=ALL-UNNAMED --add-opens=java.prefs/java.util.prefs=ALL-UNNAMED --add-opens=java.base/java.nio.charset=ALL-UNNAMED --add-opens=java.base/java.net=ALL-UNNAMED --add-opens=java.base/java.util.concurrent.atomic=ALL-UNNAMED -Xmx2048m -Dfile.encoding=UTF-8 -Duser.country=CN -Duser.language=zh -Duser.variant 
java_command: org.gradle.launcher.daemon.bootstrap.GradleDaemon 8.0
java_class_path (initial): F:\MyApplication2\.gradle\wrapper\dists\gradle-8.0-bin\ca5e32bp14vu59qr306oxotwh\gradle-8.0\lib\gradle-launcher-8.0.jar
Launcher Type: SUN_STANDARD

[Global flags]
     intx CICompilerCount                          = 4                                         {product} {ergonomic}
     uint ConcGCThreads                            = 2                                         {product} {ergonomic}
     uint G1ConcRefinementThreads                  = 8                                         {product} {ergonomic}
   size_t G1HeapRegionSize                         = 1048576                                   {product} {ergonomic}
    uintx GCDrainStackTargetSize                   = 64                                        {product} {ergonomic}
   size_t InitialHeapSize                          = 264241152                                 {product} {ergonomic}
   size_t MarkStackSize                            = 4194304                                   {product} {ergonomic}
   size_t MaxHeapSize                              = 2147483648                                {product} {command line}
   size_t MaxNewSize                               = 1287651328                                {product} {ergonomic}
   size_t MinHeapDeltaBytes                        = 1048576                                   {product} {ergonomic}
   size_t MinHeapSize                              = 8388608                                   {product} {ergonomic}
    uintx NonNMethodCodeHeapSize                   = 5839372                                {pd product} {ergonomic}
    uintx NonProfiledCodeHeapSize                  = 122909434                              {pd product} {ergonomic}
    uintx ProfiledCodeHeapSize                     = 122909434                              {pd product} {ergonomic}
    uintx ReservedCodeCacheSize                    = 251658240                              {pd product} {ergonomic}
     bool SegmentedCodeCache                       = true                                      {product} {ergonomic}
   size_t SoftMaxHeapSize                          = 2147483648                             {manageable} {ergonomic}
     bool UseCompressedClassPointers               = true                           {product lp64_product} {ergonomic}
     bool UseCompressedOops                        = true                           {product lp64_product} {ergonomic}
     bool UseG1GC                                  = true                                      {product} {ergonomic}
     bool UseLargePagesIndividualAllocation        = false                                  {pd product} {ergonomic}

Logging:
Log output configuration:
 #0: stdout all=warning uptime,level,tags
 #1: stderr all=off uptime,level,tags

Environment Variables:
JAVA_HOME=C:\Program Files\Java\jdk-17.0.1
CLASSPATH=C:\Program Files\Java\jdk-17.0.1\lib\dt.jar;C:\Program Files\Java\jdk-17.0.1\lib\tools.jar;
PATH=C:\Program Files\Java\jdk-17.0.1\bin;C:\Program Files\Java\jdk-17.0.1\jre\bin;;C:\Program Files\Common Files\Oracle\Java\javapath;D:\\Scripts\;D:\\;C:\Program Files\Microsoft MPI\Bin\;C:\Program Files (x86)\NVIDIA Corporation\PhysX\Common;C:\Windows\system32;C:\Windows;C:\Windows\System32\Wbem;C:\Windows\System32\WindowsPowerShell\v1.0\;C:\Windows\System32\OpenSSH\;C:\Program Files\NVIDIA Corporation\NVIDIA NvDLISR;C:\Program Files\dotnet\;D:\bin;C:\Strawberry\c\bin;C:\Strawberry\perl\site\bin;C:\Strawberry\perl\bin;D:\\Microsoft VS Code\;C:\Program Files\MySQL\MySQL Server 8.0\bin;D:\\160\Tools\Binn\;C:\Program Files\Microsoft SQL Server\160\Tools\Binn\;C:\Program Files\Microsoft SQL Server\Client SDK\ODBC\170\Tools\Binn\;C:\Program Files\Microsoft SQL Server\160\DTS\Binn\;D:\\160\DTS\Binn\;C:\Program Files\Azure Data Studio\bin;C:\Users\25599\matlab2016\runtime\win64;C:\Users\25599\matlab2016\bin;C:\Users\25599\matlab2016\polyspace\bin;C:\Program Files\MySQL\MySQL Shell 8.0\bin\;C:\Users\25599\AppData\Local\Microsoft\WindowsApps;%IntelliJ IDEA Community Edition%;D:\\Microsoft VS Code\bin;C:\Users\25599\AppData\Roaming\npm;%IntelliJ IDEA%;C:\Program Files\Azure Data Studio\bin;C:\ProgramData\25599\GitHubDesktop\bin;C:\intelFPGA\18.1\modelsim_ase\win32aloem;D:\inmodlesim\win64
USERNAME=25599
OS=Windows_NT
PROCESSOR_IDENTIFIER=Intel64 Family 6 Model 140 Stepping 1, GenuineIntel
TMP=C:\Users\25599\AppData\Local\Temp
TEMP=C:\Users\25599\AppData\Local\Temp


JNI global refs:
JNI global refs: 26, weak refs: 0

JNI global refs memory usage: 843, weak refs: 841


---------------  S Y S T E M  ---------------

OS:
 Windows 10 , 64 bit Build 19041 (10.0.19041.2251)
OS uptime: 0 days 1:46 hours
Hyper-V role detected

CPU: total 8 (initial active 8) (4 cores per cpu, 2 threads per core) family 6 model 140 stepping 1 microcode 0xac, cx8, cmov, fxsr, ht, mmx, 3dnowpref, sse, sse2, sse3, ssse3, sse4.1, sse4.2, popcnt, lzcnt, tsc, tscinvbit, avx, avx2, aes, erms, clmul, bmi1, bmi2, adx, avx512f, avx512dq, avx512cd, avx512bw, avx512vl, sha, fma, vzeroupper, avx512_vpopcntdq, avx512_vpclmulqdq, avx512_vaes, avx512_vnni, clflush, clflushopt, clwb, avx512_vbmi2, avx512_vbmi, hv

Memory: 4k page, system-wide physical 16106M (3211M free)
TotalPageFile size 16106M (AvailPageFile size 55M)
current process WorkingSet (physical memory assigned to process): 507M, peak: 507M
current process commit charge ("private bytes"): 568M, peak: 966M

vm_info: OpenJDK 64-Bit Server VM (17.0.6+0-b2043.56-10027231) for windows-amd64 JRE (17.0.6+0-b2043.56-10027231), built on Apr 28 2023 00:43:19 by "androidbuild" with MS VC++ 16.10 / 16.11 (VS2019)

END.
