#
# There is insufficient memory for the Java Runtime Environment to continue.
# Native memory allocation (mmap) failed to map 26214400 bytes for G1 virtual space
# Possible reasons:
#   The system is out of physical RAM or swap space
#   The process is running with CompressedOops enabled, and the Java Heap may be blocking the growth of the native heap
# Possible solutions:
#   Reduce memory load on the system
#   Increase physical memory or swap space
#   Check if swap backing store is full
#   Decrease Java heap size (-Xmx/-Xms)
#   Decrease number of Java threads
#   Decrease Java thread stack sizes (-Xss)
#   Set larger code cache with -XX:ReservedCodeCacheSize=
#   JVM is running with Unscaled Compressed Oops mode in which the Java heap is
#     placed in the first 4GB address space. The Java Heap base address is the
#     maximum limit for the native heap growth. Please use -XX:HeapBaseMinAddress
#     to set the Java Heap base and to place the Java Heap above 4GB virtual address.
# This output file may be truncated or incomplete.
#
#  Out of Memory Error (os_windows.cpp:3769), pid=288, tid=4268
#
# JRE version: OpenJDK Runtime Environment (17.0.6) (build 17.0.6+0-b2043.56-10027231)
# Java VM: OpenJDK 64-Bit Server VM (17.0.6+0-b2043.56-10027231, mixed mode, tiered, compressed oops, compressed class ptrs, g1 gc, windows-amd64)
# No core dump will be written. Minidumps are not enabled by default on client versions of Windows
#

---------------  S U M M A R Y ------------

Command Line: --add-opens=java.base/java.util=ALL-UNNAMED --add-opens=java.base/java.lang=ALL-UNNAMED --add-opens=java.base/java.lang.invoke=ALL-UNNAMED --add-opens=java.prefs/java.util.prefs=ALL-UNNAMED --add-opens=java.base/java.nio.charset=ALL-UNNAMED --add-opens=java.base/java.net=ALL-UNNAMED --add-opens=java.base/java.util.concurrent.atomic=ALL-UNNAMED -Xmx2048m -Dfile.encoding=UTF-8 -Duser.country=CN -Duser.language=zh -Duser.variant org.gradle.launcher.daemon.bootstrap.GradleDaemon 8.0

Host: 11th Gen Intel(R) Core(TM) i7-1165G7 @ 2.80GHz, 8 cores, 15G,  Windows 10 , 64 bit Build 19041 (10.0.19041.2251)
Time: Wed Jan 17 06:20:40 2024  Windows 10 , 64 bit Build 19041 (10.0.19041.2251) elapsed time: 7.279585 seconds (0d 0h 0m 7s)

---------------  T H R E A D  ---------------

Current thread (0x000001a22e09e500):  VMThread "VM Thread" [stack: 0x0000007822400000,0x0000007822500000] [id=4268]

Stack: [0x0000007822400000,0x0000007822500000]
Native frames: (J=compiled Java code, j=interpreted, Vv=VM code, C=native code)
V  [jvm.dll+0x683c9a]
V  [jvm.dll+0x8427a4]
V  [jvm.dll+0x843f9e]
V  [jvm.dll+0x844603]
V  [jvm.dll+0x249b75]
V  [jvm.dll+0x680b69]
V  [jvm.dll+0x67505a]
V  [jvm.dll+0x309acb]
V  [jvm.dll+0x310f86]
V  [jvm.dll+0x3608ee]
V  [jvm.dll+0x360b1f]
V  [jvm.dll+0x2dfbf8]
V  [jvm.dll+0x2e2ce6]
V  [jvm.dll+0x2ed478]
V  [jvm.dll+0x322150]
V  [jvm.dll+0x848ccb]
V  [jvm.dll+0x849a04]
V  [jvm.dll+0x849f1d]
V  [jvm.dll+0x84a2f4]
V  [jvm.dll+0x84a3c0]
V  [jvm.dll+0x7f274a]
V  [jvm.dll+0x682ad5]
C  [ucrtbase.dll+0x21bb2]
C  [KERNEL32.DLL+0x174b4]
C  [ntdll.dll+0x526a1]

VM_Operation (0x00000078220ff7f0): G1Concurrent, mode: safepoint, requested by thread 0x000001a2122bda90


---------------  P R O C E S S  ---------------

Threads class SMR info:
_java_thread_list=0x000001a234f40a40, length=138, elements={
0x000001a2121dcf70, 0x000001a22ec11920, 0x000001a22ec123e0, 0x000001a22ec2e860,
0x000001a22ecc2410, 0x000001a22ecc4ce0, 0x000001a22ecc55a0, 0x000001a22ec78020,
0x000001a22ec78920, 0x000001a22ec79220, 0x000001a22ee58820, 0x000001a22ee39850,
0x000001a232030090, 0x000001a22fa3e560, 0x000001a230527e40, 0x000001a230519370,
0x000001a231e07b40, 0x000001a22f1f5130, 0x000001a2307c1940, 0x000001a2324ac7f0,
0x000001a231c3d7e0, 0x000001a23069a610, 0x000001a232209bc0, 0x000001a2322083b0,
0x000001a232207ee0, 0x000001a23220aa30, 0x000001a232207540, 0x000001a23220a090,
0x000001a232207a10, 0x000001a232207070, 0x000001a2322096f0, 0x000001a232208880,
0x000001a232208d50, 0x000001a232209220, 0x000001a23220a560, 0x000001a2328fca10,
0x000001a2328fb6d0, 0x000001a2328fe220, 0x000001a2328fcee0, 0x000001a2328fe6f0,
0x000001a2328fb200, 0x000001a2328fd880, 0x000001a2320f47d0, 0x000001a2320f4ca0,
0x000001a2320f3960, 0x000001a2320f5b10, 0x000001a2320f2fc0, 0x000001a2320f3490,
0x000001a2320f3e30, 0x000001a2320f5170, 0x000001a2320f4300, 0x000001a2320f5640,
0x000001a2320f5fe0, 0x000001a2320f2af0, 0x000001a236392f00, 0x000001a236392a30,
0x000001a2363933d0, 0x000001a2363938a0, 0x000001a2363985a0, 0x000001a2363980d0,
0x000001a236398a70, 0x000001a236393d70, 0x000001a236394240, 0x000001a236394be0,
0x000001a236392560, 0x000001a2363968c0, 0x000001a2363963f0, 0x000001a236397730,
0x000001a236394710, 0x000001a236396d90, 0x000001a2363950b0, 0x000001a236395580,
0x000001a2363998e0, 0x000001a236399410, 0x000001a236398f40, 0x000001a236392090,
0x000001a236395a50, 0x000001a236397260, 0x000001a236395f20, 0x000001a236397c00,
0x000001a235181e70, 0x000001a235180660, 0x000001a23517db10, 0x000001a2351814d0,
0x000001a235182340, 0x000001a23517ee50, 0x000001a2351849c0, 0x000001a235183680,
0x000001a23517f320, 0x000001a235180b30, 0x000001a2351831b0, 0x000001a235184e90,
0x000001a235183b50, 0x000001a23517e980, 0x000001a2351819a0, 0x000001a235180190,
0x000001a2351844f0, 0x000001a235182810, 0x000001a235182ce0, 0x000001a23517f7f0,
0x000001a23517fcc0, 0x000001a235184020, 0x000001a23517d640, 0x000001a23517dfe0,
0x000001a23517e4b0, 0x000001a235181000, 0x000001a235f498b0, 0x000001a235f45ef0,
0x000001a235f4c400, 0x000001a235f47700, 0x000001a235f4cda0, 0x000001a235f4c8d0,
0x000001a235f48570, 0x000001a235f4abf0, 0x000001a235f45a20, 0x000001a235f48a40,
0x000001a235f463c0, 0x000001a235f4a720, 0x000001a235f493e0, 0x000001a235f4b590,
0x000001a235f4d270, 0x000001a235f49d80, 0x000001a235f480a0, 0x000001a235f46890,
0x000001a235f46d60, 0x000001a238062890, 0x000001a2380632b0, 0x000001a235f47bd0,
0x000001a235f48f10, 0x000001a234e76f00, 0x000001a234e78be0, 0x000001a234e7e750,
0x000001a234e78240, 0x000001a234e77d70, 0x000001a234e78710, 0x000001a234e7ddb0,
0x000001a234e773d0, 0x000001a234e7cf40
}

Java Threads: ( => current thread )
  0x000001a2121dcf70 JavaThread "main" [_thread_blocked, id=13092, stack(0x0000007821e00000,0x0000007821f00000)]
  0x000001a22ec11920 JavaThread "Reference Handler" daemon [_thread_blocked, id=16368, stack(0x0000007822500000,0x0000007822600000)]
  0x000001a22ec123e0 JavaThread "Finalizer" daemon [_thread_blocked, id=12040, stack(0x0000007822600000,0x0000007822700000)]
  0x000001a22ec2e860 JavaThread "Signal Dispatcher" daemon [_thread_blocked, id=11324, stack(0x0000007822700000,0x0000007822800000)]
  0x000001a22ecc2410 JavaThread "Attach Listener" daemon [_thread_blocked, id=3816, stack(0x0000007822800000,0x0000007822900000)]
  0x000001a22ecc4ce0 JavaThread "Service Thread" daemon [_thread_blocked, id=22044, stack(0x0000007822900000,0x0000007822a00000)]
  0x000001a22ecc55a0 JavaThread "Monitor Deflation Thread" daemon [_thread_blocked, id=12700, stack(0x0000007822a00000,0x0000007822b00000)]
  0x000001a22ec78020 JavaThread "C2 CompilerThread0" daemon [_thread_blocked, id=13660, stack(0x0000007822b00000,0x0000007822c00000)]
  0x000001a22ec78920 JavaThread "C1 CompilerThread0" daemon [_thread_blocked, id=8556, stack(0x0000007822c00000,0x0000007822d00000)]
  0x000001a22ec79220 JavaThread "Sweeper thread" daemon [_thread_blocked, id=13144, stack(0x0000007822d00000,0x0000007822e00000)]
  0x000001a22ee58820 JavaThread "Common-Cleaner" daemon [_thread_blocked, id=2688, stack(0x0000007822e00000,0x0000007822f00000)]
  0x000001a22ee39850 JavaThread "Notification Thread" daemon [_thread_blocked, id=16432, stack(0x0000007822f00000,0x0000007823000000)]
  0x000001a232030090 JavaThread "Daemon health stats" [_thread_blocked, id=19972, stack(0x0000007823800000,0x0000007823900000)]
  0x000001a22fa3e560 JavaThread "Incoming local TCP Connector on port 58512" [_thread_in_native, id=18460, stack(0x0000007823100000,0x0000007823200000)]
  0x000001a230527e40 JavaThread "Daemon periodic checks" [_thread_blocked, id=17360, stack(0x0000007823200000,0x0000007823300000)]
  0x000001a230519370 JavaThread "Daemon" [_thread_blocked, id=8528, stack(0x0000007823b00000,0x0000007823c00000)]
  0x000001a231e07b40 JavaThread "Handler for socket connection from /127.0.0.1:58512 to /127.0.0.1:58513" [_thread_in_native, id=11604, stack(0x0000007823c00000,0x0000007823d00000)]
  0x000001a22f1f5130 JavaThread "Cancel handler" [_thread_blocked, id=15752, stack(0x0000007823d00000,0x0000007823e00000)]
  0x000001a2307c1940 JavaThread "Daemon worker" [_thread_blocked, id=15460, stack(0x0000007823e00000,0x0000007823f00000)]
  0x000001a2324ac7f0 JavaThread "Asynchronous log dispatcher for DefaultDaemonConnection: socket connection from /127.0.0.1:58512 to /127.0.0.1:58513" [_thread_blocked, id=10480, stack(0x0000007823f00000,0x0000007824000000)]
  0x000001a231c3d7e0 JavaThread "Stdin handler" [_thread_blocked, id=9300, stack(0x0000007824000000,0x0000007824100000)]
  0x000001a23069a610 JavaThread "Daemon client event forwarder" [_thread_blocked, id=15184, stack(0x0000007824100000,0x0000007824200000)]
  0x000001a232209bc0 JavaThread "Cache worker for journal cache (F:\MyApplication2\.gradle\caches\journal-1)" [_thread_blocked, id=20968, stack(0x0000007824500000,0x0000007824600000)]
  0x000001a2322083b0 JavaThread "File lock request listener" [_thread_in_native, id=3948, stack(0x0000007824600000,0x0000007824700000)]
  0x000001a232207ee0 JavaThread "Cache worker for file hash cache (F:\MyApplication2\.gradle\caches\8.0\fileHashes)" [_thread_blocked, id=17120, stack(0x0000007824700000,0x0000007824800000)]
  0x000001a23220aa30 JavaThread "File watcher server" daemon [_thread_in_native, id=17200, stack(0x0000007824800000,0x0000007824900000)]
  0x000001a232207540 JavaThread "File watcher consumer" daemon [_thread_blocked, id=1668, stack(0x0000007824900000,0x0000007824a00000)]
  0x000001a23220a090 JavaThread "jar transforms" [_thread_blocked, id=17708, stack(0x0000007824a00000,0x0000007824b00000)]
  0x000001a232207a10 JavaThread "jar transforms Thread 2" [_thread_blocked, id=18636, stack(0x0000007824b00000,0x0000007824c00000)]
  0x000001a232207070 JavaThread "jar transforms Thread 3" [_thread_blocked, id=18348, stack(0x0000007824c00000,0x0000007824d00000)]
  0x000001a2322096f0 JavaThread "jar transforms Thread 4" [_thread_blocked, id=12196, stack(0x0000007824d00000,0x0000007824e00000)]
  0x000001a232208880 JavaThread "jar transforms Thread 5" [_thread_blocked, id=23128, stack(0x0000007824e00000,0x0000007824f00000)]
  0x000001a232208d50 JavaThread "jar transforms Thread 6" [_thread_blocked, id=1772, stack(0x0000007824f00000,0x0000007825000000)]
  0x000001a232209220 JavaThread "jar transforms Thread 7" [_thread_blocked, id=4716, stack(0x0000007825000000,0x0000007825100000)]
  0x000001a23220a560 JavaThread "jar transforms Thread 8" [_thread_blocked, id=21164, stack(0x0000007825100000,0x0000007825200000)]
  0x000001a2328fca10 JavaThread "Cache worker for checksums cache (F:\myapp\.gradle\8.0\checksums)" [_thread_blocked, id=21112, stack(0x0000007825200000,0x0000007825300000)]
  0x000001a2328fb6d0 JavaThread "Cache worker for cache directory md-rule (F:\MyApplication2\.gradle\caches\8.0\md-rule)" [_thread_blocked, id=3672, stack(0x0000007825300000,0x0000007825400000)]
  0x000001a2328fe220 JavaThread "Cache worker for file content cache (F:\MyApplication2\.gradle\caches\8.0\fileContent)" [_thread_blocked, id=1956, stack(0x0000007825400000,0x0000007825500000)]
  0x000001a2328fcee0 JavaThread "Cache worker for file hash cache (F:\myapp\.gradle\8.0\fileHashes)" [_thread_blocked, id=11540, stack(0x0000007825500000,0x0000007825600000)]
  0x000001a2328fe6f0 JavaThread "Cache worker for cache directory md-supplier (F:\MyApplication2\.gradle\caches\8.0\md-supplier)" [_thread_blocked, id=6536, stack(0x0000007825600000,0x0000007825700000)]
  0x000001a2328fb200 JavaThread "Cache worker for execution history cache (F:\MyApplication2\.gradle\caches\8.0\executionHistory)" [_thread_blocked, id=23224, stack(0x0000007825700000,0x0000007825800000)]
  0x000001a2328fd880 JavaThread "Cache worker for kotlin-dsl (F:\MyApplication2\.gradle\caches\8.0\kotlin-dsl)" [_thread_blocked, id=9204, stack(0x0000007825800000,0x0000007825900000)]
  0x000001a2320f47d0 JavaThread "Cache worker for dependencies-accessors (F:\myapp\.gradle\8.0\dependencies-accessors)" [_thread_blocked, id=12164, stack(0x0000007825900000,0x0000007825a00000)]
  0x000001a2320f4ca0 JavaThread "Cache worker for Build Output Cleanup Cache (F:\myapp\.gradle\buildOutputCleanup)" [_thread_blocked, id=14016, stack(0x0000007825a00000,0x0000007825b00000)]
  0x000001a2320f3960 JavaThread "Unconstrained build operations" [_thread_blocked, id=15456, stack(0x0000007825b00000,0x0000007825c00000)]
  0x000001a2320f5b10 JavaThread "Unconstrained build operations Thread 2" [_thread_blocked, id=12084, stack(0x0000007825c00000,0x0000007825d00000)]
  0x000001a2320f2fc0 JavaThread "Unconstrained build operations Thread 3" [_thread_blocked, id=15872, stack(0x0000007825d00000,0x0000007825e00000)]
  0x000001a2320f3490 JavaThread "Unconstrained build operations Thread 4" [_thread_blocked, id=21192, stack(0x0000007825e00000,0x0000007825f00000)]
  0x000001a2320f3e30 JavaThread "Unconstrained build operations Thread 5" [_thread_blocked, id=15924, stack(0x0000007825f00000,0x0000007826000000)]
  0x000001a2320f5170 JavaThread "Unconstrained build operations Thread 6" [_thread_blocked, id=4220, stack(0x0000007826000000,0x0000007826100000)]
  0x000001a2320f4300 JavaThread "Unconstrained build operations Thread 7" [_thread_blocked, id=13064, stack(0x0000007826100000,0x0000007826200000)]
  0x000001a2320f5640 JavaThread "Unconstrained build operations Thread 8" [_thread_blocked, id=8340, stack(0x0000007826200000,0x0000007826300000)]
  0x000001a2320f5fe0 JavaThread "Unconstrained build operations Thread 9" [_thread_blocked, id=19688, stack(0x0000007826300000,0x0000007826400000)]
  0x000001a2320f2af0 JavaThread "Unconstrained build operations Thread 10" [_thread_blocked, id=16132, stack(0x0000007826400000,0x0000007826500000)]
  0x000001a236392f00 JavaThread "Unconstrained build operations Thread 11" [_thread_blocked, id=20300, stack(0x0000007826500000,0x0000007826600000)]
  0x000001a236392a30 JavaThread "Unconstrained build operations Thread 12" [_thread_blocked, id=20460, stack(0x0000007826600000,0x0000007826700000)]
  0x000001a2363933d0 JavaThread "Unconstrained build operations Thread 13" [_thread_blocked, id=872, stack(0x0000007826700000,0x0000007826800000)]
  0x000001a2363938a0 JavaThread "Unconstrained build operations Thread 14" [_thread_blocked, id=6224, stack(0x0000007826800000,0x0000007826900000)]
  0x000001a2363985a0 JavaThread "Unconstrained build operations Thread 15" [_thread_blocked, id=22868, stack(0x0000007826900000,0x0000007826a00000)]
  0x000001a2363980d0 JavaThread "Unconstrained build operations Thread 16" [_thread_blocked, id=23016, stack(0x0000007826a00000,0x0000007826b00000)]
  0x000001a236398a70 JavaThread "Unconstrained build operations Thread 17" [_thread_blocked, id=17988, stack(0x0000007826b00000,0x0000007826c00000)]
  0x000001a236393d70 JavaThread "Unconstrained build operations Thread 18" [_thread_blocked, id=20616, stack(0x0000007826c00000,0x0000007826d00000)]
  0x000001a236394240 JavaThread "Unconstrained build operations Thread 19" [_thread_blocked, id=15744, stack(0x0000007826d00000,0x0000007826e00000)]
  0x000001a236394be0 JavaThread "Unconstrained build operations Thread 20" [_thread_blocked, id=10128, stack(0x0000007826e00000,0x0000007826f00000)]
  0x000001a236392560 JavaThread "Unconstrained build operations Thread 21" [_thread_blocked, id=13224, stack(0x0000007826f00000,0x0000007827000000)]
  0x000001a2363968c0 JavaThread "Unconstrained build operations Thread 22" [_thread_blocked, id=20188, stack(0x0000007827000000,0x0000007827100000)]
  0x000001a2363963f0 JavaThread "Unconstrained build operations Thread 23" [_thread_blocked, id=21744, stack(0x0000007827100000,0x0000007827200000)]
  0x000001a236397730 JavaThread "Unconstrained build operations Thread 24" [_thread_blocked, id=3636, stack(0x0000007827200000,0x0000007827300000)]
  0x000001a236394710 JavaThread "Unconstrained build operations Thread 25" [_thread_blocked, id=21216, stack(0x0000007827300000,0x0000007827400000)]
  0x000001a236396d90 JavaThread "Unconstrained build operations Thread 26" [_thread_blocked, id=12172, stack(0x0000007827400000,0x0000007827500000)]
  0x000001a2363950b0 JavaThread "Unconstrained build operations Thread 27" [_thread_blocked, id=12268, stack(0x0000007827500000,0x0000007827600000)]
  0x000001a236395580 JavaThread "Unconstrained build operations Thread 28" [_thread_blocked, id=18152, stack(0x0000007827600000,0x0000007827700000)]
  0x000001a2363998e0 JavaThread "Unconstrained build operations Thread 29" [_thread_blocked, id=22248, stack(0x0000007827700000,0x0000007827800000)]
  0x000001a236399410 JavaThread "Unconstrained build operations Thread 30" [_thread_blocked, id=11376, stack(0x0000007827800000,0x0000007827900000)]
  0x000001a236398f40 JavaThread "Unconstrained build operations Thread 31" [_thread_blocked, id=14368, stack(0x0000007827900000,0x0000007827a00000)]
  0x000001a236392090 JavaThread "Unconstrained build operations Thread 32" [_thread_blocked, id=18728, stack(0x0000007827a00000,0x0000007827b00000)]
  0x000001a236395a50 JavaThread "Unconstrained build operations Thread 33" [_thread_blocked, id=20368, stack(0x0000007827b00000,0x0000007827c00000)]
  0x000001a236397260 JavaThread "Unconstrained build operations Thread 34" [_thread_blocked, id=7740, stack(0x0000007827c00000,0x0000007827d00000)]
  0x000001a236395f20 JavaThread "Unconstrained build operations Thread 35" [_thread_blocked, id=5628, stack(0x0000007827d00000,0x0000007827e00000)]
  0x000001a236397c00 JavaThread "Unconstrained build operations Thread 36" [_thread_blocked, id=7096, stack(0x0000007827e00000,0x0000007827f00000)]
  0x000001a235181e70 JavaThread "Unconstrained build operations Thread 37" [_thread_blocked, id=7760, stack(0x0000007827f00000,0x0000007828000000)]
  0x000001a235180660 JavaThread "Unconstrained build operations Thread 38" [_thread_blocked, id=18032, stack(0x0000007828000000,0x0000007828100000)]
  0x000001a23517db10 JavaThread "Unconstrained build operations Thread 39" [_thread_blocked, id=22984, stack(0x0000007828100000,0x0000007828200000)]
  0x000001a2351814d0 JavaThread "Unconstrained build operations Thread 40" [_thread_blocked, id=8472, stack(0x0000007828200000,0x0000007828300000)]
  0x000001a235182340 JavaThread "Unconstrained build operations Thread 41" [_thread_blocked, id=9668, stack(0x0000007828300000,0x0000007828400000)]
  0x000001a23517ee50 JavaThread "Unconstrained build operations Thread 42" [_thread_blocked, id=15912, stack(0x0000007828400000,0x0000007828500000)]
  0x000001a2351849c0 JavaThread "Unconstrained build operations Thread 43" [_thread_blocked, id=5488, stack(0x0000007828500000,0x0000007828600000)]
  0x000001a235183680 JavaThread "Unconstrained build operations Thread 44" [_thread_blocked, id=13728, stack(0x0000007828600000,0x0000007828700000)]
  0x000001a23517f320 JavaThread "Unconstrained build operations Thread 45" [_thread_blocked, id=16460, stack(0x0000007828700000,0x0000007828800000)]
  0x000001a235180b30 JavaThread "Unconstrained build operations Thread 46" [_thread_blocked, id=456, stack(0x0000007828800000,0x0000007828900000)]
  0x000001a2351831b0 JavaThread "Unconstrained build operations Thread 47" [_thread_blocked, id=16656, stack(0x0000007828900000,0x0000007828a00000)]
  0x000001a235184e90 JavaThread "Unconstrained build operations Thread 48" [_thread_blocked, id=6860, stack(0x0000007828a00000,0x0000007828b00000)]
  0x000001a235183b50 JavaThread "Unconstrained build operations Thread 49" [_thread_blocked, id=3268, stack(0x0000007828b00000,0x0000007828c00000)]
  0x000001a23517e980 JavaThread "Unconstrained build operations Thread 50" [_thread_blocked, id=15904, stack(0x0000007828c00000,0x0000007828d00000)]
  0x000001a2351819a0 JavaThread "Unconstrained build operations Thread 51" [_thread_blocked, id=2784, stack(0x0000007828d00000,0x0000007828e00000)]
  0x000001a235180190 JavaThread "Unconstrained build operations Thread 52" [_thread_blocked, id=7724, stack(0x0000007828e00000,0x0000007828f00000)]
  0x000001a2351844f0 JavaThread "Unconstrained build operations Thread 53" [_thread_blocked, id=16996, stack(0x0000007828f00000,0x0000007829000000)]
  0x000001a235182810 JavaThread "Unconstrained build operations Thread 54" [_thread_blocked, id=15552, stack(0x0000007829000000,0x0000007829100000)]
  0x000001a235182ce0 JavaThread "Unconstrained build operations Thread 55" [_thread_blocked, id=14140, stack(0x0000007829100000,0x0000007829200000)]
  0x000001a23517f7f0 JavaThread "Unconstrained build operations Thread 56" [_thread_blocked, id=11156, stack(0x0000007829200000,0x0000007829300000)]
  0x000001a23517fcc0 JavaThread "Unconstrained build operations Thread 57" [_thread_blocked, id=15084, stack(0x0000007829300000,0x0000007829400000)]
  0x000001a235184020 JavaThread "Unconstrained build operations Thread 58" [_thread_blocked, id=13260, stack(0x0000007829400000,0x0000007829500000)]
  0x000001a23517d640 JavaThread "Unconstrained build operations Thread 59" [_thread_blocked, id=9220, stack(0x0000007829500000,0x0000007829600000)]
  0x000001a23517dfe0 JavaThread "Unconstrained build operations Thread 60" [_thread_blocked, id=14180, stack(0x0000007829600000,0x0000007829700000)]
  0x000001a23517e4b0 JavaThread "Unconstrained build operations Thread 61" [_thread_blocked, id=2228, stack(0x0000007829700000,0x0000007829800000)]
  0x000001a235181000 JavaThread "Unconstrained build operations Thread 62" [_thread_blocked, id=17536, stack(0x0000007829800000,0x0000007829900000)]
  0x000001a235f498b0 JavaThread "Unconstrained build operations Thread 63" [_thread_blocked, id=19052, stack(0x0000007829900000,0x0000007829a00000)]
  0x000001a235f45ef0 JavaThread "Unconstrained build operations Thread 64" [_thread_blocked, id=14492, stack(0x0000007829a00000,0x0000007829b00000)]
  0x000001a235f4c400 JavaThread "Unconstrained build operations Thread 65" [_thread_blocked, id=13136, stack(0x0000007829b00000,0x0000007829c00000)]
  0x000001a235f47700 JavaThread "Unconstrained build operations Thread 66" [_thread_blocked, id=8060, stack(0x0000007829c00000,0x0000007829d00000)]
  0x000001a235f4cda0 JavaThread "Unconstrained build operations Thread 67" [_thread_blocked, id=16252, stack(0x0000007829d00000,0x0000007829e00000)]
  0x000001a235f4c8d0 JavaThread "Unconstrained build operations Thread 68" [_thread_blocked, id=14932, stack(0x0000007829e00000,0x0000007829f00000)]
  0x000001a235f48570 JavaThread "Unconstrained build operations Thread 69" [_thread_blocked, id=23556, stack(0x0000007829f00000,0x000000782a000000)]
  0x000001a235f4abf0 JavaThread "Unconstrained build operations Thread 70" [_thread_blocked, id=23560, stack(0x000000782a000000,0x000000782a100000)]
  0x000001a235f45a20 JavaThread "Unconstrained build operations Thread 71" [_thread_blocked, id=23564, stack(0x000000782a100000,0x000000782a200000)]
  0x000001a235f48a40 JavaThread "Unconstrained build operations Thread 72" [_thread_blocked, id=23568, stack(0x000000782a200000,0x000000782a300000)]
  0x000001a235f463c0 JavaThread "Unconstrained build operations Thread 73" [_thread_blocked, id=23572, stack(0x000000782a300000,0x000000782a400000)]
  0x000001a235f4a720 JavaThread "Unconstrained build operations Thread 74" [_thread_blocked, id=23576, stack(0x000000782a400000,0x000000782a500000)]
  0x000001a235f493e0 JavaThread "Unconstrained build operations Thread 75" [_thread_blocked, id=23580, stack(0x000000782a500000,0x000000782a600000)]
  0x000001a235f4b590 JavaThread "Unconstrained build operations Thread 76" [_thread_blocked, id=23584, stack(0x000000782a600000,0x000000782a700000)]
  0x000001a235f4d270 JavaThread "Unconstrained build operations Thread 77" [_thread_blocked, id=23588, stack(0x000000782a700000,0x000000782a800000)]
  0x000001a235f49d80 JavaThread "Unconstrained build operations Thread 78" [_thread_blocked, id=23592, stack(0x000000782a800000,0x000000782a900000)]
  0x000001a235f480a0 JavaThread "Unconstrained build operations Thread 79" [_thread_blocked, id=23596, stack(0x000000782a900000,0x000000782aa00000)]
  0x000001a235f46890 JavaThread "Unconstrained build operations Thread 80" [_thread_blocked, id=23600, stack(0x000000782aa00000,0x000000782ab00000)]
  0x000001a235f46d60 JavaThread "Memory manager" [_thread_blocked, id=23672, stack(0x000000782ab00000,0x000000782ac00000)]
  0x000001a238062890 JavaThread "C2 CompilerThread1" daemon [_thread_blocked, id=23688, stack(0x0000007823900000,0x0000007823a00000)]
  0x000001a2380632b0 JavaThread "C2 CompilerThread2" daemon [_thread_blocked, id=23692, stack(0x0000007823a00000,0x0000007823b00000)]
  0x000001a235f47bd0 JavaThread "pool-3-thread-1" [_thread_blocked, id=23708, stack(0x000000782ac00000,0x000000782ad00000)]
  0x000001a235f48f10 JavaThread "included builds" [_thread_blocked, id=23712, stack(0x000000782ad00000,0x000000782ae00000)]
  0x000001a234e76f00 JavaThread "Execution worker" [_thread_blocked, id=23716, stack(0x000000782ae00000,0x000000782af00000)]
  0x000001a234e78be0 JavaThread "Execution worker Thread 2" [_thread_blocked, id=23720, stack(0x000000782af00000,0x000000782b000000)]
  0x000001a234e7e750 JavaThread "Execution worker Thread 3" [_thread_blocked, id=23724, stack(0x000000782b000000,0x000000782b100000)]
  0x000001a234e78240 JavaThread "Execution worker Thread 4" [_thread_blocked, id=23728, stack(0x000000782b100000,0x000000782b200000)]
  0x000001a234e77d70 JavaThread "Execution worker Thread 5" [_thread_blocked, id=23732, stack(0x000000782b200000,0x000000782b300000)]
  0x000001a234e78710 JavaThread "Execution worker Thread 6" [_thread_blocked, id=23736, stack(0x000000782b300000,0x000000782b400000)]
  0x000001a234e7ddb0 JavaThread "Execution worker Thread 7" [_thread_blocked, id=23740, stack(0x000000782b400000,0x000000782b500000)]
  0x000001a234e773d0 JavaThread "Cache worker for execution history cache (F:\myapp\.gradle\8.0\executionHistory)" [_thread_blocked, id=23744, stack(0x000000782b500000,0x000000782b600000)]
  0x000001a234e7cf40 JavaThread "idea-tooling-model-converter" [_thread_blocked, id=23748, stack(0x000000782b600000,0x000000782b700000)]

Other Threads:
=>0x000001a22e09e500 VMThread "VM Thread" [stack: 0x0000007822400000,0x0000007822500000] [id=4268]
  0x000001a22ee39d20 WatcherThread [stack: 0x0000007823000000,0x0000007823100000] [id=19916]
  0x000001a2122acc40 GCTaskThread "GC Thread#0" [stack: 0x0000007821f00000,0x0000007822000000] [id=5752]
  0x000001a22ffbacd0 GCTaskThread "GC Thread#1" [stack: 0x0000007823300000,0x0000007823400000] [id=14800]
  0x000001a22f3ea7f0 GCTaskThread "GC Thread#2" [stack: 0x0000007823400000,0x0000007823500000] [id=2736]
  0x000001a22f834b10 GCTaskThread "GC Thread#3" [stack: 0x0000007823500000,0x0000007823600000] [id=17948]
  0x000001a22f8332e0 GCTaskThread "GC Thread#4" [stack: 0x0000007823600000,0x0000007823700000] [id=21340]
  0x000001a22f834050 GCTaskThread "GC Thread#5" [stack: 0x0000007823700000,0x0000007823800000] [id=19208]
  0x000001a22f833840 GCTaskThread "GC Thread#6" [stack: 0x0000007824200000,0x0000007824300000] [id=14504]
  0x000001a22f833af0 GCTaskThread "GC Thread#7" [stack: 0x0000007824300000,0x0000007824400000] [id=20052]
  0x000001a2122bda90 ConcurrentGCThread "G1 Main Marker" [stack: 0x0000007822000000,0x0000007822100000] [id=756]
  0x000001a2122bf3c0 ConcurrentGCThread "G1 Conc#0" [stack: 0x0000007822100000,0x0000007822200000] [id=5040]
  0x000001a22f833da0 ConcurrentGCThread "G1 Conc#1" [stack: 0x0000007824400000,0x0000007824500000] [id=17888]
  0x000001a21231dfb0 ConcurrentGCThread "G1 Refine#0" [stack: 0x0000007822200000,0x0000007822300000] [id=15548]
  0x000001a2378a1a40 ConcurrentGCThread "G1 Refine#1" [stack: 0x000000782b700000,0x000000782b800000] [id=23760]
  0x000001a2378a0060 ConcurrentGCThread "G1 Refine#2" [stack: 0x000000782b800000,0x000000782b900000] [id=23764]
  0x000001a2378a0ec0 ConcurrentGCThread "G1 Refine#3" [stack: 0x000000782b900000,0x000000782ba00000] [id=23768]
  0x000001a21231e8e0 ConcurrentGCThread "G1 Service" [stack: 0x0000007822300000,0x0000007822400000] [id=16892]

Threads with active compile tasks:
C2 CompilerThread0     7301 9789       4       com.google.common.cache.LocalCache::get (21 bytes)
C2 CompilerThread1     7301 9790   !   4       com.google.common.cache.LocalCache$Segment::get (210 bytes)
C2 CompilerThread2     7301 9782       4       org.gradle.cache.internal.btree.BTreePersistentIndexedCache$IndexBlock::read (94 bytes)

VM state: at safepoint (normal execution)

VM Mutex/Monitor currently owned by a thread:  ([mutex/lock_event])
[0x000001a21224e4e0] Threads_lock - owner thread: 0x000001a22e09e500
[0x000001a21224fc80] Heap_lock - owner thread: 0x000001a2122bda90

Heap address: 0x0000000080000000, size: 2048 MB, Compressed Oops mode: 32-bit

CDS archive(s) not mapped
Compressed class space mapped at: 0x0000000100000000-0x0000000140000000, reserved size: 1073741824
Narrow klass base: 0x0000000000000000, Narrow klass shift: 3, Narrow klass range: 0x140000000

GC Precious Log:
 CPUs: 8 total, 8 available
 Memory: 16106M
 Large Page Support: Disabled
 NUMA Support: Disabled
 Compressed Oops: Enabled (32-bit)
 Heap Region Size: 1M
 Heap Min Capacity: 8M
 Heap Initial Capacity: 252M
 Heap Max Capacity: 2G
 Pre-touch: Disabled
 Parallel Workers: 8
 Concurrent Workers: 2
 Concurrent Refinement Workers: 8
 Periodic GC: Disabled

Heap:
 garbage-first heap   total 232448K, used 167936K [0x0000000080000000, 0x0000000100000000)
  region size 1024K, 13 young (13312K), 6 survivors (6144K)
 Metaspace       used 94697K, committed 95424K, reserved 1138688K
  class space    used 12781K, committed 13120K, reserved 1048576K

Heap Regions: E=young(eden), S=young(survivor), O=old, HS=humongous(starts), HC=humongous(continues), CS=collection set, F=free, OA=open archive, CA=closed archive, TAMS=top-at-mark-start (previous, next)
|   0|0x0000000080000000, 0x0000000080100000, 0x0000000080100000|100%|HS|  |TAMS 0x0000000080100000, 0x0000000080000000| Complete 
|   1|0x0000000080100000, 0x0000000080200000, 0x0000000080200000|100%|HC|  |TAMS 0x0000000080200000, 0x0000000080100000| Complete 
|   2|0x0000000080200000, 0x0000000080300000, 0x0000000080300000|100%|HC|  |TAMS 0x0000000080300000, 0x0000000080200000| Complete 
|   3|0x0000000080300000, 0x0000000080400000, 0x0000000080400000|100%|HC|  |TAMS 0x0000000080400000, 0x0000000080300000| Complete 
|   4|0x0000000080400000, 0x0000000080500000, 0x0000000080500000|100%| O|  |TAMS 0x0000000080500000, 0x0000000080400000| Untracked 
|   5|0x0000000080500000, 0x0000000080600000, 0x0000000080600000|100%| O|  |TAMS 0x0000000080600000, 0x0000000080500000| Untracked 
|   6|0x0000000080600000, 0x0000000080700000, 0x0000000080700000|100%| O|  |TAMS 0x0000000080700000, 0x0000000080600000| Untracked 
|   7|0x0000000080700000, 0x0000000080800000, 0x0000000080800000|100%| O|  |TAMS 0x0000000080800000, 0x0000000080700000| Untracked 
|   8|0x0000000080800000, 0x0000000080900000, 0x0000000080900000|100%| O|  |TAMS 0x0000000080900000, 0x0000000080800000| Untracked 
|   9|0x0000000080900000, 0x0000000080a00000, 0x0000000080a00000|100%| O|  |TAMS 0x0000000080a00000, 0x0000000080900000| Untracked 
|  10|0x0000000080a00000, 0x0000000080b00000, 0x0000000080b00000|100%| O|  |TAMS 0x0000000080b00000, 0x0000000080a00000| Untracked 
|  11|0x0000000080b00000, 0x0000000080c00000, 0x0000000080c00000|100%| O|  |TAMS 0x0000000080c00000, 0x0000000080b00000| Untracked 
|  12|0x0000000080c00000, 0x0000000080d00000, 0x0000000080d00000|100%| O|  |TAMS 0x0000000080d00000, 0x0000000080c00000| Untracked 
|  13|0x0000000080d00000, 0x0000000080e00000, 0x0000000080e00000|100%| O|  |TAMS 0x0000000080e00000, 0x0000000080d00000| Untracked 
|  14|0x0000000080e00000, 0x0000000080f00000, 0x0000000080f00000|100%| O|  |TAMS 0x0000000080f00000, 0x0000000080e00000| Updating 
|  15|0x0000000080f00000, 0x0000000081000000, 0x0000000081000000|100%| O|  |TAMS 0x0000000081000000, 0x0000000080f00000| Updating 
|  16|0x0000000081000000, 0x0000000081100000, 0x0000000081100000|100%| O|  |TAMS 0x0000000081100000, 0x0000000081000000| Untracked 
|  17|0x0000000081100000, 0x0000000081200000, 0x0000000081200000|100%| O|  |TAMS 0x0000000081200000, 0x0000000081100000| Untracked 
|  18|0x0000000081200000, 0x0000000081300000, 0x0000000081300000|100%| O|  |TAMS 0x0000000081300000, 0x0000000081200000| Untracked 
|  19|0x0000000081300000, 0x0000000081400000, 0x0000000081400000|100%|HS|  |TAMS 0x0000000081400000, 0x0000000081300000| Complete 
|  20|0x0000000081400000, 0x0000000081500000, 0x0000000081500000|100%|HC|  |TAMS 0x0000000081500000, 0x0000000081400000| Complete 
|  21|0x0000000081500000, 0x0000000081600000, 0x0000000081600000|100%|HS|  |TAMS 0x0000000081600000, 0x0000000081500000| Complete 
|  22|0x0000000081600000, 0x0000000081700000, 0x0000000081700000|100%|HC|  |TAMS 0x0000000081700000, 0x0000000081600000| Complete 
|  23|0x0000000081700000, 0x0000000081800000, 0x0000000081800000|100%|HC|  |TAMS 0x0000000081800000, 0x0000000081700000| Complete 
|  24|0x0000000081800000, 0x0000000081900000, 0x0000000081900000|100%| O|  |TAMS 0x0000000081900000, 0x0000000081800000| Untracked 
|  25|0x0000000081900000, 0x0000000081a00000, 0x0000000081a00000|100%| O|  |TAMS 0x0000000081a00000, 0x0000000081900000| Updating 
|  26|0x0000000081a00000, 0x0000000081b00000, 0x0000000081b00000|100%| O|  |TAMS 0x0000000081b00000, 0x0000000081a00000| Untracked 
|  27|0x0000000081b00000, 0x0000000081c00000, 0x0000000081c00000|100%|HS|  |TAMS 0x0000000081c00000, 0x0000000081b00000| Complete 
|  28|0x0000000081c00000, 0x0000000081d00000, 0x0000000081d00000|100%|HC|  |TAMS 0x0000000081d00000, 0x0000000081c00000| Complete 
|  29|0x0000000081d00000, 0x0000000081e00000, 0x0000000081e00000|100%|HC|  |TAMS 0x0000000081e00000, 0x0000000081d00000| Complete 
|  30|0x0000000081e00000, 0x0000000081f00000, 0x0000000081f00000|100%| O|  |TAMS 0x0000000081f00000, 0x0000000081e00000| Updating 
|  31|0x0000000081f00000, 0x0000000082000000, 0x0000000082000000|100%| O|  |TAMS 0x0000000082000000, 0x0000000081f00000| Updating 
|  32|0x0000000082000000, 0x0000000082100000, 0x0000000082100000|100%| O|  |TAMS 0x0000000082100000, 0x0000000082000000| Updating 
|  33|0x0000000082100000, 0x0000000082200000, 0x0000000082200000|100%|HS|  |TAMS 0x0000000082200000, 0x0000000082100000| Complete 
|  34|0x0000000082200000, 0x0000000082300000, 0x0000000082300000|100%|HC|  |TAMS 0x0000000082300000, 0x0000000082200000| Complete 
|  35|0x0000000082300000, 0x0000000082400000, 0x0000000082400000|100%| O|  |TAMS 0x0000000082400000, 0x0000000082300000| Untracked 
|  36|0x0000000082400000, 0x0000000082500000, 0x0000000082500000|100%| O|  |TAMS 0x0000000082500000, 0x0000000082400000| Untracked 
|  37|0x0000000082500000, 0x0000000082600000, 0x0000000082600000|100%| O|  |TAMS 0x0000000082600000, 0x0000000082500000| Untracked 
|  38|0x0000000082600000, 0x0000000082700000, 0x0000000082700000|100%| O|  |TAMS 0x0000000082700000, 0x0000000082600000| Untracked 
|  39|0x0000000082700000, 0x0000000082800000, 0x0000000082800000|100%| O|  |TAMS 0x0000000082800000, 0x0000000082700000| Untracked 
|  40|0x0000000082800000, 0x0000000082900000, 0x0000000082900000|100%| O|  |TAMS 0x0000000082900000, 0x0000000082800000| Untracked 
|  41|0x0000000082900000, 0x0000000082a00000, 0x0000000082a00000|100%| O|  |TAMS 0x0000000082a00000, 0x0000000082900000| Untracked 
|  42|0x0000000082a00000, 0x0000000082b00000, 0x0000000082b00000|100%| O|  |TAMS 0x0000000082b00000, 0x0000000082a00000| Updating 
|  43|0x0000000082b00000, 0x0000000082c00000, 0x0000000082c00000|100%| O|  |TAMS 0x0000000082c00000, 0x0000000082b00000| Untracked 
|  44|0x0000000082c00000, 0x0000000082d00000, 0x0000000082d00000|100%| O|  |TAMS 0x0000000082d00000, 0x0000000082c00000| Updating 
|  45|0x0000000082d00000, 0x0000000082e00000, 0x0000000082e00000|100%|HS|  |TAMS 0x0000000082e00000, 0x0000000082d00000| Complete 
|  46|0x0000000082e00000, 0x0000000082f00000, 0x0000000082f00000|100%|HC|  |TAMS 0x0000000082f00000, 0x0000000082e00000| Complete 
|  47|0x0000000082f00000, 0x0000000083000000, 0x0000000083000000|100%|HC|  |TAMS 0x0000000083000000, 0x0000000082f00000| Complete 
|  48|0x0000000083000000, 0x0000000083100000, 0x0000000083100000|100%|HC|  |TAMS 0x0000000083100000, 0x0000000083000000| Complete 
|  49|0x0000000083100000, 0x0000000083200000, 0x0000000083200000|100%|HC|  |TAMS 0x0000000083200000, 0x0000000083100000| Complete 
|  50|0x0000000083200000, 0x0000000083300000, 0x0000000083300000|100%|HC|  |TAMS 0x0000000083300000, 0x0000000083200000| Complete 
|  51|0x0000000083300000, 0x0000000083400000, 0x0000000083400000|100%|HC|  |TAMS 0x0000000083400000, 0x0000000083300000| Complete 
|  52|0x0000000083400000, 0x0000000083500000, 0x0000000083500000|100%|HC|  |TAMS 0x0000000083500000, 0x0000000083400000| Complete 
|  53|0x0000000083500000, 0x0000000083600000, 0x0000000083600000|100%|HC|  |TAMS 0x0000000083600000, 0x0000000083500000| Complete 
|  54|0x0000000083600000, 0x0000000083700000, 0x0000000083700000|100%|HC|  |TAMS 0x0000000083700000, 0x0000000083600000| Complete 
|  55|0x0000000083700000, 0x0000000083800000, 0x0000000083800000|100%|HC|  |TAMS 0x0000000083800000, 0x0000000083700000| Complete 
|  56|0x0000000083800000, 0x0000000083900000, 0x0000000083900000|100%|HC|  |TAMS 0x0000000083900000, 0x0000000083800000| Complete 
|  57|0x0000000083900000, 0x0000000083a00000, 0x0000000083a00000|100%|HS|  |TAMS 0x0000000083a00000, 0x0000000083900000| Complete 
|  58|0x0000000083a00000, 0x0000000083b00000, 0x0000000083b00000|100%|HC|  |TAMS 0x0000000083b00000, 0x0000000083a00000| Complete 
|  59|0x0000000083b00000, 0x0000000083c00000, 0x0000000083c00000|100%|HC|  |TAMS 0x0000000083c00000, 0x0000000083b00000| Complete 
|  60|0x0000000083c00000, 0x0000000083d00000, 0x0000000083d00000|100%|HS|  |TAMS 0x0000000083d00000, 0x0000000083c00000| Complete 
|  61|0x0000000083d00000, 0x0000000083e00000, 0x0000000083e00000|100%|HC|  |TAMS 0x0000000083e00000, 0x0000000083d00000| Complete 
|  62|0x0000000083e00000, 0x0000000083f00000, 0x0000000083f00000|100%|HC|  |TAMS 0x0000000083f00000, 0x0000000083e00000| Complete 
|  63|0x0000000083f00000, 0x0000000084000000, 0x0000000084000000|100%| O|  |TAMS 0x0000000084000000, 0x0000000083f00000| Untracked 
|  64|0x0000000084000000, 0x0000000084100000, 0x0000000084100000|100%| O|  |TAMS 0x0000000084100000, 0x0000000084000000| Untracked 
|  65|0x0000000084100000, 0x0000000084200000, 0x0000000084200000|100%| O|  |TAMS 0x0000000084200000, 0x0000000084100000| Untracked 
|  66|0x0000000084200000, 0x0000000084300000, 0x0000000084300000|100%| O|  |TAMS 0x0000000084300000, 0x0000000084200000| Updating 
|  67|0x0000000084300000, 0x0000000084400000, 0x0000000084400000|100%| O|  |TAMS 0x0000000084400000, 0x0000000084300000| Updating 
|  68|0x0000000084400000, 0x0000000084500000, 0x0000000084500000|100%| O|  |TAMS 0x0000000084400000, 0x0000000084400000| Untracked 
|  69|0x0000000084500000, 0x0000000084600000, 0x0000000084600000|100%| O|  |TAMS 0x0000000084600000, 0x0000000084500000| Untracked 
|  70|0x0000000084600000, 0x0000000084700000, 0x0000000084700000|100%| O|  |TAMS 0x0000000084700000, 0x0000000084600000| Untracked 
|  71|0x0000000084700000, 0x0000000084800000, 0x0000000084800000|100%| O|  |TAMS 0x0000000084800000, 0x0000000084700000| Updating 
|  72|0x0000000084800000, 0x0000000084900000, 0x0000000084900000|100%|HS|  |TAMS 0x0000000084900000, 0x0000000084800000| Complete 
|  73|0x0000000084900000, 0x0000000084a00000, 0x0000000084a00000|100%|HS|  |TAMS 0x0000000084a00000, 0x0000000084900000| Complete 
|  74|0x0000000084a00000, 0x0000000084b00000, 0x0000000084b00000|100%|HS|  |TAMS 0x0000000084b00000, 0x0000000084a00000| Complete 
|  75|0x0000000084b00000, 0x0000000084c00000, 0x0000000084c00000|100%|HC|  |TAMS 0x0000000084c00000, 0x0000000084b00000| Complete 
|  76|0x0000000084c00000, 0x0000000084d00000, 0x0000000084d00000|100%|HS|  |TAMS 0x0000000084d00000, 0x0000000084c00000| Complete 
|  77|0x0000000084d00000, 0x0000000084e00000, 0x0000000084e00000|100%|HS|  |TAMS 0x0000000084e00000, 0x0000000084d00000| Complete 
|  78|0x0000000084e00000, 0x0000000084f00000, 0x0000000084f00000|100%|HC|  |TAMS 0x0000000084f00000, 0x0000000084e00000| Complete 
|  79|0x0000000084f00000, 0x0000000085000000, 0x0000000085000000|100%|HC|  |TAMS 0x0000000085000000, 0x0000000084f00000| Complete 
|  80|0x0000000085000000, 0x0000000085100000, 0x0000000085100000|100%|HC|  |TAMS 0x0000000085100000, 0x0000000085000000| Complete 
|  81|0x0000000085100000, 0x0000000085200000, 0x0000000085200000|100%| O|  |TAMS 0x0000000085200000, 0x0000000085100000| Updating 
|  82|0x0000000085200000, 0x0000000085300000, 0x0000000085300000|100%| O|  |TAMS 0x0000000085300000, 0x0000000085200000| Untracked 
|  83|0x0000000085300000, 0x0000000085400000, 0x0000000085400000|100%| O|  |TAMS 0x0000000085400000, 0x0000000085300000| Untracked 
|  84|0x0000000085400000, 0x0000000085500000, 0x0000000085500000|100%| O|  |TAMS 0x0000000085500000, 0x0000000085400000| Untracked 
|  85|0x0000000085500000, 0x0000000085600000, 0x0000000085600000|100%| O|  |TAMS 0x0000000085500000, 0x0000000085500000| Untracked 
|  86|0x0000000085600000, 0x0000000085700000, 0x0000000085700000|100%| O|  |TAMS 0x0000000085700000, 0x0000000085600000| Updating 
|  87|0x0000000085700000, 0x0000000085800000, 0x0000000085800000|100%| O|  |TAMS 0x0000000085800000, 0x0000000085700000| Untracked 
|  88|0x0000000085800000, 0x0000000085900000, 0x0000000085900000|100%| O|  |TAMS 0x0000000085900000, 0x0000000085800000| Updating 
|  89|0x0000000085900000, 0x0000000085a00000, 0x0000000085a00000|100%| O|  |TAMS 0x0000000085a00000, 0x0000000085900000| Updating 
|  90|0x0000000085a00000, 0x0000000085b00000, 0x0000000085b00000|100%| O|  |TAMS 0x0000000085b00000, 0x0000000085a00000| Untracked 
|  91|0x0000000085b00000, 0x0000000085c00000, 0x0000000085c00000|100%| O|  |TAMS 0x0000000085c00000, 0x0000000085b00000| Untracked 
|  92|0x0000000085c00000, 0x0000000085d00000, 0x0000000085d00000|100%| O|  |TAMS 0x0000000085d00000, 0x0000000085c00000| Updating 
|  93|0x0000000085d00000, 0x0000000085e00000, 0x0000000085e00000|100%| O|  |TAMS 0x0000000085e00000, 0x0000000085d00000| Untracked 
|  94|0x0000000085e00000, 0x0000000085f00000, 0x0000000085f00000|100%| O|  |TAMS 0x0000000085f00000, 0x0000000085e00000| Untracked 
|  95|0x0000000085f00000, 0x0000000086000000, 0x0000000086000000|100%| O|  |TAMS 0x0000000086000000, 0x0000000085f00000| Untracked 
|  96|0x0000000086000000, 0x0000000086100000, 0x0000000086100000|100%| O|  |TAMS 0x0000000086100000, 0x0000000086000000| Untracked 
|  97|0x0000000086100000, 0x0000000086200000, 0x0000000086200000|100%| O|  |TAMS 0x0000000086200000, 0x0000000086100000| Untracked 
|  98|0x0000000086200000, 0x0000000086300000, 0x0000000086300000|100%| O|  |TAMS 0x0000000086300000, 0x0000000086200000| Untracked 
|  99|0x0000000086300000, 0x0000000086400000, 0x0000000086400000|100%| O|  |TAMS 0x0000000086400000, 0x0000000086300000| Untracked 
| 100|0x0000000086400000, 0x0000000086500000, 0x0000000086500000|100%| O|  |TAMS 0x0000000086500000, 0x0000000086400000| Untracked 
| 101|0x0000000086500000, 0x0000000086600000, 0x0000000086600000|100%| O|  |TAMS 0x0000000086600000, 0x0000000086500000| Untracked 
| 102|0x0000000086600000, 0x0000000086700000, 0x0000000086700000|100%| O|  |TAMS 0x0000000086700000, 0x0000000086600000| Untracked 
| 103|0x0000000086700000, 0x0000000086800000, 0x0000000086800000|100%| O|  |TAMS 0x0000000086800000, 0x0000000086700000| Untracked 
| 104|0x0000000086800000, 0x0000000086900000, 0x0000000086900000|100%|HS|  |TAMS 0x0000000086900000, 0x0000000086800000| Complete 
| 105|0x0000000086900000, 0x0000000086a00000, 0x0000000086a00000|100%|HC|  |TAMS 0x0000000086a00000, 0x0000000086900000| Complete 
| 106|0x0000000086a00000, 0x0000000086b00000, 0x0000000086b00000|100%|HS|  |TAMS 0x0000000086b00000, 0x0000000086a00000| Complete 
| 107|0x0000000086b00000, 0x0000000086c00000, 0x0000000086c00000|100%|HC|  |TAMS 0x0000000086c00000, 0x0000000086b00000| Complete 
| 108|0x0000000086c00000, 0x0000000086d00000, 0x0000000086d00000|100%|HC|  |TAMS 0x0000000086d00000, 0x0000000086c00000| Complete 
| 109|0x0000000086d00000, 0x0000000086e00000, 0x0000000086e00000|100%|HS|  |TAMS 0x0000000086e00000, 0x0000000086d00000| Complete 
| 110|0x0000000086e00000, 0x0000000086f00000, 0x0000000086f00000|100%|HC|  |TAMS 0x0000000086f00000, 0x0000000086e00000| Complete 
| 111|0x0000000086f00000, 0x0000000087000000, 0x0000000087000000|100%|HC|  |TAMS 0x0000000087000000, 0x0000000086f00000| Complete 
| 112|0x0000000087000000, 0x0000000087100000, 0x0000000087100000|100%|HS|  |TAMS 0x0000000087100000, 0x0000000087000000| Complete 
| 113|0x0000000087100000, 0x0000000087200000, 0x0000000087200000|100%|HC|  |TAMS 0x0000000087200000, 0x0000000087100000| Complete 
| 114|0x0000000087200000, 0x0000000087300000, 0x0000000087300000|100%|HC|  |TAMS 0x0000000087300000, 0x0000000087200000| Complete 
| 115|0x0000000087300000, 0x0000000087400000, 0x0000000087400000|100%|HC|  |TAMS 0x0000000087400000, 0x0000000087300000| Complete 
| 116|0x0000000087400000, 0x0000000087500000, 0x0000000087500000|100%|HC|  |TAMS 0x0000000087500000, 0x0000000087400000| Complete 
| 117|0x0000000087500000, 0x0000000087600000, 0x0000000087600000|100%|HC|  |TAMS 0x0000000087600000, 0x0000000087500000| Complete 
| 118|0x0000000087600000, 0x0000000087700000, 0x0000000087700000|100%|HC|  |TAMS 0x0000000087700000, 0x0000000087600000| Complete 
| 119|0x0000000087700000, 0x0000000087800000, 0x0000000087800000|100%|HC|  |TAMS 0x0000000087800000, 0x0000000087700000| Complete 
| 120|0x0000000087800000, 0x0000000087900000, 0x0000000087900000|100%|HC|  |TAMS 0x0000000087900000, 0x0000000087800000| Complete 
| 121|0x0000000087900000, 0x0000000087a00000, 0x0000000087a00000|100%|HC|  |TAMS 0x0000000087a00000, 0x0000000087900000| Complete 
| 122|0x0000000087a00000, 0x0000000087b00000, 0x0000000087b00000|100%|HC|  |TAMS 0x0000000087b00000, 0x0000000087a00000| Complete 
| 123|0x0000000087b00000, 0x0000000087c00000, 0x0000000087c00000|100%|HC|  |TAMS 0x0000000087c00000, 0x0000000087b00000| Complete 
| 124|0x0000000087c00000, 0x0000000087d00000, 0x0000000087d00000|100%|HS|  |TAMS 0x0000000087d00000, 0x0000000087c00000| Complete 
| 125|0x0000000087d00000, 0x0000000087e00000, 0x0000000087e00000|100%|HC|  |TAMS 0x0000000087e00000, 0x0000000087d00000| Complete 
| 126|0x0000000087e00000, 0x0000000087e00000, 0x0000000087f00000|  0%| F|  |TAMS 0x0000000087e00000, 0x0000000087e00000| Untracked 
| 127|0x0000000087f00000, 0x0000000087f00000, 0x0000000088000000|  0%| F|  |TAMS 0x0000000087f00000, 0x0000000087f00000| Untracked 
| 128|0x0000000088000000, 0x0000000088000000, 0x0000000088100000|  0%| F|  |TAMS 0x0000000088000000, 0x0000000088000000| Untracked 
| 129|0x0000000088100000, 0x0000000088100000, 0x0000000088200000|  0%| F|  |TAMS 0x0000000088100000, 0x0000000088100000| Untracked 
| 130|0x0000000088200000, 0x0000000088300000, 0x0000000088300000|100%| O|  |TAMS 0x0000000088300000, 0x0000000088200000| Untracked 
| 131|0x0000000088300000, 0x0000000088400000, 0x0000000088400000|100%| O|  |TAMS 0x0000000088400000, 0x0000000088300000| Untracked 
| 132|0x0000000088400000, 0x0000000088500000, 0x0000000088500000|100%| O|  |TAMS 0x0000000088500000, 0x0000000088400000| Untracked 
| 133|0x0000000088500000, 0x0000000088600000, 0x0000000088600000|100%| O|  |TAMS 0x0000000088600000, 0x0000000088500000| Untracked 
| 134|0x0000000088600000, 0x0000000088700000, 0x0000000088700000|100%| O|  |TAMS 0x0000000088700000, 0x0000000088600000| Untracked 
| 135|0x0000000088700000, 0x0000000088800000, 0x0000000088800000|100%| O|  |TAMS 0x0000000088800000, 0x0000000088700000| Updating 
| 136|0x0000000088800000, 0x0000000088900000, 0x0000000088900000|100%| O|  |TAMS 0x0000000088900000, 0x0000000088800000| Untracked 
| 137|0x0000000088900000, 0x0000000088a00000, 0x0000000088a00000|100%| O|  |TAMS 0x0000000088a00000, 0x0000000088900000| Updating 
| 138|0x0000000088a00000, 0x0000000088b00000, 0x0000000088b00000|100%| O|  |TAMS 0x0000000088a00000, 0x0000000088a00000| Untracked 
| 139|0x0000000088b00000, 0x0000000088c00000, 0x0000000088c00000|100%| O|  |TAMS 0x0000000088b00000, 0x0000000088b00000| Untracked 
| 140|0x0000000088c00000, 0x0000000088d00000, 0x0000000088d00000|100%| O|  |TAMS 0x0000000088c00000, 0x0000000088c00000| Untracked 
| 141|0x0000000088d00000, 0x0000000088e00000, 0x0000000088e00000|100%| O|  |TAMS 0x0000000088d00000, 0x0000000088d00000| Untracked 
| 142|0x0000000088e00000, 0x0000000088f00000, 0x0000000088f00000|100%| O|  |TAMS 0x0000000088e00000, 0x0000000088e00000| Untracked 
| 143|0x0000000088f00000, 0x0000000089000000, 0x0000000089000000|100%| O|  |TAMS 0x0000000088f00000, 0x0000000088f00000| Untracked 
| 144|0x0000000089000000, 0x0000000089100000, 0x0000000089100000|100%| O|  |TAMS 0x0000000089000000, 0x0000000089000000| Untracked 
| 145|0x0000000089100000, 0x0000000089200000, 0x0000000089200000|100%| O|  |TAMS 0x0000000089100000, 0x0000000089100000| Untracked 
| 146|0x0000000089200000, 0x0000000089300000, 0x0000000089300000|100%| O|  |TAMS 0x0000000089200000, 0x0000000089200000| Untracked 
| 147|0x0000000089300000, 0x0000000089300000, 0x0000000089400000|  0%| F|  |TAMS 0x0000000089300000, 0x0000000089300000| Untracked 
| 148|0x0000000089400000, 0x0000000089500000, 0x0000000089500000|100%| O|  |TAMS 0x0000000089500000, 0x0000000089400000| Updating 
| 149|0x0000000089500000, 0x0000000089600000, 0x0000000089600000|100%| O|  |TAMS 0x0000000089600000, 0x0000000089500000| Untracked 
| 150|0x0000000089600000, 0x0000000089700000, 0x0000000089700000|100%| O|  |TAMS 0x0000000089700000, 0x0000000089600000| Untracked 
| 151|0x0000000089700000, 0x0000000089800000, 0x0000000089800000|100%| O|  |TAMS 0x0000000089800000, 0x0000000089700000| Untracked 
| 152|0x0000000089800000, 0x0000000089900000, 0x0000000089900000|100%| O|  |TAMS 0x0000000089900000, 0x0000000089800000| Untracked 
| 153|0x0000000089900000, 0x0000000089a00000, 0x0000000089a00000|100%| O|  |TAMS 0x0000000089a00000, 0x0000000089900000| Untracked 
| 154|0x0000000089a00000, 0x0000000089b00000, 0x0000000089b00000|100%| O|  |TAMS 0x0000000089b00000, 0x0000000089a00000| Untracked 
| 155|0x0000000089b00000, 0x0000000089c00000, 0x0000000089c00000|100%| O|  |TAMS 0x0000000089c00000, 0x0000000089b00000| Untracked 
| 156|0x0000000089c00000, 0x0000000089d00000, 0x0000000089d00000|100%| O|  |TAMS 0x0000000089cdb800, 0x0000000089c00000| Updating 
| 157|0x0000000089d00000, 0x0000000089d00000, 0x0000000089e00000|  0%| F|  |TAMS 0x0000000089d00000, 0x0000000089d00000| Untracked 
| 158|0x0000000089e00000, 0x0000000089e00000, 0x0000000089f00000|  0%| F|  |TAMS 0x0000000089e00000, 0x0000000089e00000| Untracked 
| 159|0x0000000089f00000, 0x0000000089f00000, 0x000000008a000000|  0%| F|  |TAMS 0x0000000089f00000, 0x0000000089f00000| Untracked 
| 160|0x000000008a000000, 0x000000008a000000, 0x000000008a100000|  0%| F|  |TAMS 0x000000008a000000, 0x000000008a000000| Untracked 
| 161|0x000000008a100000, 0x000000008a100000, 0x000000008a200000|  0%| F|  |TAMS 0x000000008a100000, 0x000000008a100000| Untracked 
| 162|0x000000008a200000, 0x000000008a200000, 0x000000008a300000|  0%| F|  |TAMS 0x000000008a200000, 0x000000008a200000| Untracked 
| 163|0x000000008a300000, 0x000000008a300000, 0x000000008a400000|  0%| F|  |TAMS 0x000000008a300000, 0x000000008a300000| Untracked 
| 164|0x000000008a400000, 0x000000008a400000, 0x000000008a500000|  0%| F|  |TAMS 0x000000008a400000, 0x000000008a400000| Untracked 
| 165|0x000000008a500000, 0x000000008a500000, 0x000000008a600000|  0%| F|  |TAMS 0x000000008a500000, 0x000000008a500000| Untracked 
| 166|0x000000008a600000, 0x000000008a600000, 0x000000008a700000|  0%| F|  |TAMS 0x000000008a600000, 0x000000008a600000| Untracked 
| 167|0x000000008a700000, 0x000000008a700000, 0x000000008a800000|  0%| F|  |TAMS 0x000000008a700000, 0x000000008a700000| Untracked 
| 168|0x000000008a800000, 0x000000008a800000, 0x000000008a900000|  0%| F|  |TAMS 0x000000008a800000, 0x000000008a800000| Untracked 
| 169|0x000000008a900000, 0x000000008a900000, 0x000000008aa00000|  0%| F|  |TAMS 0x000000008a900000, 0x000000008a900000| Untracked 
| 170|0x000000008aa00000, 0x000000008aa00000, 0x000000008ab00000|  0%| F|  |TAMS 0x000000008aa00000, 0x000000008aa00000| Untracked 
| 171|0x000000008ab00000, 0x000000008ab00000, 0x000000008ac00000|  0%| F|  |TAMS 0x000000008ab00000, 0x000000008ab00000| Untracked 
| 172|0x000000008ac00000, 0x000000008ac00000, 0x000000008ad00000|  0%| F|  |TAMS 0x000000008ac00000, 0x000000008ac00000| Untracked 
| 173|0x000000008ad00000, 0x000000008ad00000, 0x000000008ae00000|  0%| F|  |TAMS 0x000000008ad00000, 0x000000008ad00000| Untracked 
| 174|0x000000008ae00000, 0x000000008ae00000, 0x000000008af00000|  0%| F|  |TAMS 0x000000008ae00000, 0x000000008ae00000| Untracked 
| 175|0x000000008af00000, 0x000000008af00000, 0x000000008b000000|  0%| F|  |TAMS 0x000000008af00000, 0x000000008af00000| Untracked 
| 176|0x000000008b000000, 0x000000008b000000, 0x000000008b100000|  0%| F|  |TAMS 0x000000008b000000, 0x000000008b000000| Untracked 
| 177|0x000000008b100000, 0x000000008b200000, 0x000000008b200000|100%| S|CS|TAMS 0x000000008b100000, 0x000000008b100000| Complete 
| 178|0x000000008b200000, 0x000000008b300000, 0x000000008b300000|100%| S|CS|TAMS 0x000000008b200000, 0x000000008b200000| Complete 
| 179|0x000000008b300000, 0x000000008b400000, 0x000000008b400000|100%| S|CS|TAMS 0x000000008b300000, 0x000000008b300000| Complete 
| 180|0x000000008b400000, 0x000000008b500000, 0x000000008b500000|100%| S|CS|TAMS 0x000000008b400000, 0x000000008b400000| Complete 
| 181|0x000000008b500000, 0x000000008b600000, 0x000000008b600000|100%| S|CS|TAMS 0x000000008b500000, 0x000000008b500000| Complete 
| 182|0x000000008b600000, 0x000000008b700000, 0x000000008b700000|100%| S|CS|TAMS 0x000000008b600000, 0x000000008b600000| Complete 
| 183|0x000000008b700000, 0x000000008b700000, 0x000000008b800000|  0%| F|  |TAMS 0x000000008b700000, 0x000000008b700000| Untracked 
| 184|0x000000008b800000, 0x000000008b800000, 0x000000008b900000|  0%| F|  |TAMS 0x000000008b800000, 0x000000008b800000| Untracked 
| 185|0x000000008b900000, 0x000000008b900000, 0x000000008ba00000|  0%| F|  |TAMS 0x000000008b900000, 0x000000008b900000| Untracked 
| 186|0x000000008ba00000, 0x000000008ba00000, 0x000000008bb00000|  0%| F|  |TAMS 0x000000008ba00000, 0x000000008ba00000| Untracked 
| 187|0x000000008bb00000, 0x000000008bb00000, 0x000000008bc00000|  0%| F|  |TAMS 0x000000008bb00000, 0x000000008bb00000| Untracked 
| 188|0x000000008bc00000, 0x000000008bc00000, 0x000000008bd00000|  0%| F|  |TAMS 0x000000008bc00000, 0x000000008bc00000| Untracked 
| 189|0x000000008bd00000, 0x000000008bd00000, 0x000000008be00000|  0%| F|  |TAMS 0x000000008bd00000, 0x000000008bd00000| Untracked 
| 190|0x000000008be00000, 0x000000008be00000, 0x000000008bf00000|  0%| F|  |TAMS 0x000000008be00000, 0x000000008be00000| Untracked 
| 191|0x000000008bf00000, 0x000000008bf00000, 0x000000008c000000|  0%| F|  |TAMS 0x000000008bf00000, 0x000000008bf00000| Untracked 
| 192|0x000000008c000000, 0x000000008c000000, 0x000000008c100000|  0%| F|  |TAMS 0x000000008c000000, 0x000000008c000000| Untracked 
| 193|0x000000008c100000, 0x000000008c100000, 0x000000008c200000|  0%| F|  |TAMS 0x000000008c100000, 0x000000008c100000| Untracked 
| 194|0x000000008c200000, 0x000000008c200000, 0x000000008c300000|  0%| F|  |TAMS 0x000000008c200000, 0x000000008c200000| Untracked 
| 195|0x000000008c300000, 0x000000008c300000, 0x000000008c400000|  0%| F|  |TAMS 0x000000008c300000, 0x000000008c300000| Untracked 
| 196|0x000000008c400000, 0x000000008c400000, 0x000000008c500000|  0%| F|  |TAMS 0x000000008c400000, 0x000000008c400000| Untracked 
| 197|0x000000008c500000, 0x000000008c500000, 0x000000008c600000|  0%| F|  |TAMS 0x000000008c500000, 0x000000008c500000| Untracked 
| 198|0x000000008c600000, 0x000000008c600000, 0x000000008c700000|  0%| F|  |TAMS 0x000000008c600000, 0x000000008c600000| Untracked 
| 199|0x000000008c700000, 0x000000008c700000, 0x000000008c800000|  0%| F|  |TAMS 0x000000008c700000, 0x000000008c700000| Untracked 
| 200|0x000000008c800000, 0x000000008c800000, 0x000000008c900000|  0%| F|  |TAMS 0x000000008c800000, 0x000000008c800000| Untracked 
| 201|0x000000008c900000, 0x000000008c900000, 0x000000008ca00000|  0%| F|  |TAMS 0x000000008c900000, 0x000000008c900000| Untracked 
| 202|0x000000008ca00000, 0x000000008ca00000, 0x000000008cb00000|  0%| F|  |TAMS 0x000000008ca00000, 0x000000008ca00000| Untracked 
| 203|0x000000008cb00000, 0x000000008cb00000, 0x000000008cc00000|  0%| F|  |TAMS 0x000000008cb00000, 0x000000008cb00000| Untracked 
| 204|0x000000008cc00000, 0x000000008cc00000, 0x000000008cd00000|  0%| F|  |TAMS 0x000000008cc00000, 0x000000008cc00000| Untracked 
| 205|0x000000008cd00000, 0x000000008cd00000, 0x000000008ce00000|  0%| F|  |TAMS 0x000000008cd00000, 0x000000008cd00000| Untracked 
| 206|0x000000008ce00000, 0x000000008ce00000, 0x000000008cf00000|  0%| F|  |TAMS 0x000000008ce00000, 0x000000008ce00000| Untracked 
| 207|0x000000008cf00000, 0x000000008cf00000, 0x000000008d000000|  0%| F|  |TAMS 0x000000008cf00000, 0x000000008cf00000| Untracked 
| 208|0x000000008d000000, 0x000000008d000000, 0x000000008d100000|  0%| F|  |TAMS 0x000000008d000000, 0x000000008d000000| Untracked 
| 209|0x000000008d100000, 0x000000008d100000, 0x000000008d200000|  0%| F|  |TAMS 0x000000008d100000, 0x000000008d100000| Untracked 
| 210|0x000000008d200000, 0x000000008d200000, 0x000000008d300000|  0%| F|  |TAMS 0x000000008d200000, 0x000000008d200000| Untracked 
| 211|0x000000008d300000, 0x000000008d300000, 0x000000008d400000|  0%| F|  |TAMS 0x000000008d300000, 0x000000008d300000| Untracked 
| 212|0x000000008d400000, 0x000000008d400000, 0x000000008d500000|  0%| F|  |TAMS 0x000000008d400000, 0x000000008d400000| Untracked 
| 213|0x000000008d500000, 0x000000008d500000, 0x000000008d600000|  0%| F|  |TAMS 0x000000008d500000, 0x000000008d500000| Untracked 
| 214|0x000000008d600000, 0x000000008d600000, 0x000000008d700000|  0%| F|  |TAMS 0x000000008d600000, 0x000000008d600000| Untracked 
| 215|0x000000008d700000, 0x000000008d700000, 0x000000008d800000|  0%| F|  |TAMS 0x000000008d700000, 0x000000008d700000| Untracked 
| 216|0x000000008d800000, 0x000000008d800000, 0x000000008d900000|  0%| F|  |TAMS 0x000000008d800000, 0x000000008d800000| Untracked 
| 217|0x000000008d900000, 0x000000008d900000, 0x000000008da00000|  0%| F|  |TAMS 0x000000008d900000, 0x000000008d900000| Untracked 
| 218|0x000000008da00000, 0x000000008da00000, 0x000000008db00000|  0%| F|  |TAMS 0x000000008da00000, 0x000000008da00000| Untracked 
| 219|0x000000008db00000, 0x000000008db00000, 0x000000008dc00000|  0%| F|  |TAMS 0x000000008db00000, 0x000000008db00000| Untracked 
| 220|0x000000008dc00000, 0x000000008dc6c5e8, 0x000000008dd00000| 42%| E|  |TAMS 0x000000008dc00000, 0x000000008dc00000| Complete 
| 221|0x000000008dd00000, 0x000000008de00000, 0x000000008de00000|100%| E|CS|TAMS 0x000000008dd00000, 0x000000008dd00000| Complete 
| 222|0x000000008de00000, 0x000000008df00000, 0x000000008df00000|100%| E|CS|TAMS 0x000000008de00000, 0x000000008de00000| Complete 
| 223|0x000000008df00000, 0x000000008e000000, 0x000000008e000000|100%| E|CS|TAMS 0x000000008df00000, 0x000000008df00000| Complete 
| 224|0x000000008e000000, 0x000000008e100000, 0x000000008e100000|100%| E|CS|TAMS 0x000000008e000000, 0x000000008e000000| Complete 
| 225|0x000000008e100000, 0x000000008e200000, 0x000000008e200000|100%| E|CS|TAMS 0x000000008e100000, 0x000000008e100000| Complete 
| 251|0x000000008fb00000, 0x000000008fc00000, 0x000000008fc00000|100%| E|CS|TAMS 0x000000008fb00000, 0x000000008fb00000| Complete 

Card table byte_map: [0x000001a226db0000,0x000001a2271b0000] _byte_map_base: 0x000001a2269b0000

Marking Bits (Prev, Next): (CMBitMap*) 0x000001a2122ad1a0, (CMBitMap*) 0x000001a2122ad160
 Prev Bits: [0x000001a2295b0000, 0x000001a22b5b0000)
 Next Bits: [0x000001a2275b0000, 0x000001a2295b0000)

Polling page: 0x000001a212320000

Metaspace:

Usage:
  Non-class:     80.00 MB used.
      Class:     12.48 MB used.
       Both:     92.48 MB used.

Virtual space:
  Non-class space:       88.00 MB reserved,      80.38 MB ( 91%) committed,  11 nodes.
      Class space:        1.00 GB reserved,      12.81 MB (  1%) committed,  1 nodes.
             Both:        1.09 GB reserved,      93.19 MB (  8%) committed. 

Chunk freelists:
   Non-Class:  2.95 MB
       Class:  3.05 MB
        Both:  6.00 MB

MaxMetaspaceSize: unlimited
CompressedClassSpaceSize: 1.00 GB
Initial GC threshold: 21.00 MB
Current GC threshold: 147.00 MB
CDS: off
MetaspaceReclaimPolicy: balanced
 - commit_granule_bytes: 65536.
 - commit_granule_words: 8192.
 - virtual_space_node_default_size: 1048576.
 - enlarge_chunks_in_place: 1.
 - new_chunks_are_fully_committed: 0.
 - uncommit_free_chunks: 1.
 - use_allocation_guard: 0.
 - handle_deallocations: 1.


Internal statistics:

num_allocs_failed_limit: 3.
num_arena_births: 984.
num_arena_deaths: 0.
num_vsnodes_births: 12.
num_vsnodes_deaths: 0.
num_space_committed: 1490.
num_space_uncommitted: 0.
num_chunks_returned_to_freelist: 3.
num_chunks_taken_from_freelist: 4482.
num_chunk_merges: 3.
num_chunk_splits: 2986.
num_chunks_enlarged: 2017.
num_purges: 0.
num_inconsistent_stats: 0.

CodeHeap 'non-profiled nmethods': size=120000Kb used=5011Kb max_used=5412Kb free=114988Kb
 bounds [0x000001a21ea20000, 0x000001a21ef70000, 0x000001a225f50000]
CodeHeap 'profiled nmethods': size=120000Kb used=15442Kb max_used=17518Kb free=104557Kb
 bounds [0x000001a216f50000, 0x000001a218080000, 0x000001a21e480000]
CodeHeap 'non-nmethods': size=5760Kb used=2407Kb max_used=2466Kb free=3352Kb
 bounds [0x000001a21e480000, 0x000001a21e700000, 0x000001a21ea20000]
 total_blobs=9169 nmethods=8236 adapters=845
 compilation: enabled
              stopped_count=0, restarted_count=0
 full_count=0

Compilation events (20 events):
Event: 7.255 Thread 0x000001a2380632b0 9782       4       org.gradle.cache.internal.btree.BTreePersistentIndexedCache$IndexBlock::read (94 bytes)
Event: 7.255 Thread 0x000001a22ec78920 9780       3       sun.nio.fs.WindowsFileAttributes::getBufferForFindData (7 bytes)
Event: 7.255 Thread 0x000001a22ec78020 9778       4       java.util.concurrent.locks.ReentrantLock$FairSync::initialTryLock (70 bytes)
Event: 7.256 Thread 0x000001a22ec78920 nmethod 9780 0x000001a21701fd90 code [0x000001a21701ff60, 0x000001a217020298]
Event: 7.256 Thread 0x000001a22ec78920 9783   !   3       sun.nio.fs.WindowsDirectoryStream::close (59 bytes)
Event: 7.256 Thread 0x000001a22ec78920 nmethod 9783 0x000001a217085e10 code [0x000001a217086000, 0x000001a217086488]
Event: 7.256 Thread 0x000001a22ec78920 9784       3       org.gradle.internal.snapshot.impl.DirectorySnapshotterStatistics$CollectingFileVisitor::postVisitDirectory (10 bytes)
Event: 7.256 Thread 0x000001a22ec78920 nmethod 9784 0x000001a216f9f790 code [0x000001a216f9f940, 0x000001a216f9fbe8]
Event: 7.256 Thread 0x000001a238062890 nmethod 9776 0x000001a21ed93090 code [0x000001a21ed93280, 0x000001a21ed939f8]
Event: 7.257 Thread 0x000001a22ec78020 nmethod 9778 0x000001a21ed7ce90 code [0x000001a21ed7d000, 0x000001a21ed7d218]
Event: 7.258 Thread 0x000001a22ec78920 9785       3       com.google.common.cache.LocalCache$Segment::getNextEvictable (58 bytes)
Event: 7.258 Thread 0x000001a22ec78020 9788       4       java.nio.ByteBuffer::limit (8 bytes)
Event: 7.258 Thread 0x000001a22ec78920 nmethod 9785 0x000001a216fc4410 code [0x000001a216fc4620, 0x000001a216fc4d98]
Event: 7.258 Thread 0x000001a22ec78920 9786       3       com.google.common.cache.LocalCache$AccessQueue::iterator (13 bytes)
Event: 7.258 Thread 0x000001a22ec78920 nmethod 9786 0x000001a2170fe910 code [0x000001a2170feae0, 0x000001a2170ff008]
Event: 7.258 Thread 0x000001a22ec78920 9787       3       com.google.common.cache.LocalCache$Segment::removeValueFromChain (67 bytes)
Event: 7.259 Thread 0x000001a22ec78020 nmethod 9788 0x000001a21ed7cb10 code [0x000001a21ed7cc80, 0x000001a21ed7cd78]
Event: 7.259 Thread 0x000001a22ec78920 nmethod 9787 0x000001a216fa9910 code [0x000001a216fa9b20, 0x000001a216faa148]
Event: 7.260 Thread 0x000001a22ec78020 9789       4       com.google.common.cache.LocalCache::get (21 bytes)
Event: 7.262 Thread 0x000001a238062890 9790   !   4       com.google.common.cache.LocalCache$Segment::get (210 bytes)

GC Heap History (20 events):
Event: 4.360 GC heap before
{Heap before GC invocations=30 (full 0):
 garbage-first heap   total 140288K, used 92207K [0x0000000080000000, 0x0000000100000000)
  region size 1024K, 6 young (6144K), 5 survivors (5120K)
 Metaspace       used 59606K, committed 60288K, reserved 1105920K
  class space    used 8031K, committed 8320K, reserved 1048576K
}
Event: 4.364 GC heap after
{Heap after GC invocations=31 (full 0):
 garbage-first heap   total 140288K, used 91822K [0x0000000080000000, 0x0000000100000000)
  region size 1024K, 1 young (1024K), 1 survivors (1024K)
 Metaspace       used 59606K, committed 60288K, reserved 1105920K
  class space    used 8031K, committed 8320K, reserved 1048576K
}
Event: 4.564 GC heap before
{Heap before GC invocations=31 (full 0):
 garbage-first heap   total 140288K, used 115374K [0x0000000080000000, 0x0000000100000000)
  region size 1024K, 24 young (24576K), 1 survivors (1024K)
 Metaspace       used 63642K, committed 64256K, reserved 1105920K
  class space    used 8455K, committed 8704K, reserved 1048576K
}
Event: 4.566 GC heap after
{Heap after GC invocations=32 (full 0):
 garbage-first heap   total 232448K, used 92360K [0x0000000080000000, 0x0000000100000000)
  region size 1024K, 1 young (1024K), 1 survivors (1024K)
 Metaspace       used 63642K, committed 64256K, reserved 1105920K
  class space    used 8455K, committed 8704K, reserved 1048576K
}
Event: 5.153 GC heap before
{Heap before GC invocations=33 (full 0):
 garbage-first heap   total 232448K, used 168136K [0x0000000080000000, 0x0000000100000000)
  region size 1024K, 69 young (70656K), 1 survivors (1024K)
 Metaspace       used 71445K, committed 72128K, reserved 1114112K
  class space    used 9483K, committed 9792K, reserved 1048576K
}
Event: 5.158 GC heap after
{Heap after GC invocations=34 (full 0):
 garbage-first heap   total 232448K, used 98342K [0x0000000080000000, 0x0000000100000000)
  region size 1024K, 7 young (7168K), 7 survivors (7168K)
 Metaspace       used 71445K, committed 72128K, reserved 1114112K
  class space    used 9483K, committed 9792K, reserved 1048576K
}
Event: 5.214 GC heap before
{Heap before GC invocations=34 (full 0):
 garbage-first heap   total 232448K, used 102438K [0x0000000080000000, 0x0000000100000000)
  region size 1024K, 11 young (11264K), 7 survivors (7168K)
 Metaspace       used 72189K, committed 72896K, reserved 1114112K
  class space    used 9587K, committed 9856K, reserved 1048576K
}
Event: 5.219 GC heap after
{Heap after GC invocations=35 (full 0):
 garbage-first heap   total 232448K, used 98831K [0x0000000080000000, 0x0000000100000000)
  region size 1024K, 1 young (1024K), 1 survivors (1024K)
 Metaspace       used 72189K, committed 72896K, reserved 1114112K
  class space    used 9587K, committed 9856K, reserved 1048576K
}
Event: 5.735 GC heap before
{Heap before GC invocations=35 (full 0):
 garbage-first heap   total 232448K, used 176655K [0x0000000080000000, 0x0000000100000000)
  region size 1024K, 77 young (78848K), 1 survivors (1024K)
 Metaspace       used 79048K, committed 79744K, reserved 1122304K
  class space    used 10502K, committed 10816K, reserved 1048576K
}
Event: 5.740 GC heap after
{Heap after GC invocations=36 (full 0):
 garbage-first heap   total 232448K, used 104768K [0x0000000080000000, 0x0000000100000000)
  region size 1024K, 7 young (7168K), 7 survivors (7168K)
 Metaspace       used 79048K, committed 79744K, reserved 1122304K
  class space    used 10502K, committed 10816K, reserved 1048576K
}
Event: 6.353 GC heap before
{Heap before GC invocations=36 (full 0):
 garbage-first heap   total 232448K, used 181568K [0x0000000080000000, 0x0000000100000000)
  region size 1024K, 81 young (82944K), 7 survivors (7168K)
 Metaspace       used 87517K, committed 88256K, reserved 1130496K
  class space    used 11870K, committed 12160K, reserved 1048576K
}
Event: 6.359 GC heap after
{Heap after GC invocations=37 (full 0):
 garbage-first heap   total 232448K, used 109341K [0x0000000080000000, 0x0000000100000000)
  region size 1024K, 5 young (5120K), 5 survivors (5120K)
 Metaspace       used 87517K, committed 88256K, reserved 1130496K
  class space    used 11870K, committed 12160K, reserved 1048576K
}
Event: 6.467 GC heap before
{Heap before GC invocations=37 (full 0):
 garbage-first heap   total 232448K, used 122653K [0x0000000080000000, 0x0000000100000000)
  region size 1024K, 19 young (19456K), 5 survivors (5120K)
 Metaspace       used 88861K, committed 89600K, reserved 1130496K
  class space    used 12020K, committed 12352K, reserved 1048576K
}
Event: 6.472 GC heap after
{Heap after GC invocations=38 (full 0):
 garbage-first heap   total 232448K, used 112755K [0x0000000080000000, 0x0000000100000000)
  region size 1024K, 8 young (8192K), 8 survivors (8192K)
 Metaspace       used 88861K, committed 89600K, reserved 1130496K
  class space    used 12020K, committed 12352K, reserved 1048576K
}
Event: 7.095 GC heap before
{Heap before GC invocations=39 (full 0):
 garbage-first heap   total 232448K, used 211059K [0x0000000080000000, 0x0000000100000000)
  region size 1024K, 79 young (80896K), 8 survivors (8192K)
 Metaspace       used 94679K, committed 95424K, reserved 1138688K
  class space    used 12780K, committed 13120K, reserved 1048576K
}
Event: 7.105 GC heap after
{Heap after GC invocations=40 (full 0):
 garbage-first heap   total 232448K, used 148410K [0x0000000080000000, 0x0000000100000000)
  region size 1024K, 10 young (10240K), 10 survivors (10240K)
 Metaspace       used 94679K, committed 95424K, reserved 1138688K
  class space    used 12780K, committed 13120K, reserved 1048576K
}
Event: 7.108 GC heap before
{Heap before GC invocations=40 (full 0):
 garbage-first heap   total 232448K, used 149434K [0x0000000080000000, 0x0000000100000000)
  region size 1024K, 11 young (11264K), 10 survivors (10240K)
 Metaspace       used 94679K, committed 95424K, reserved 1138688K
  class space    used 12780K, committed 13120K, reserved 1048576K
}
Event: 7.115 GC heap after
{Heap after GC invocations=41 (full 0):
 garbage-first heap   total 232448K, used 149358K [0x0000000080000000, 0x0000000100000000)
  region size 1024K, 1 young (1024K), 1 survivors (1024K)
 Metaspace       used 94679K, committed 95424K, reserved 1138688K
  class space    used 12780K, committed 13120K, reserved 1048576K
}
Event: 7.217 GC heap before
{Heap before GC invocations=41 (full 0):
 garbage-first heap   total 232448K, used 193390K [0x0000000080000000, 0x0000000100000000)
  region size 1024K, 44 young (45056K), 1 survivors (1024K)
 Metaspace       used 94687K, committed 95424K, reserved 1138688K
  class space    used 12781K, committed 13120K, reserved 1048576K
}
Event: 7.224 GC heap after
{Heap after GC invocations=42 (full 0):
 garbage-first heap   total 232448K, used 165888K [0x0000000080000000, 0x0000000100000000)
  region size 1024K, 6 young (6144K), 6 survivors (6144K)
 Metaspace       used 94687K, committed 95424K, reserved 1138688K
  class space    used 12781K, committed 13120K, reserved 1048576K
}

Dll operation events (2 events):
Event: 0.007 Loaded shared library C:\Program Files\Android\Android Studio\jbr\bin\java.dll
Event: 0.206 Loaded shared library C:\Program Files\Android\Android Studio\jbr\bin\verify.dll

Deoptimization events (20 events):
Event: 7.058 Thread 0x000001a2307c1940 DEOPT PACKING pc=0x000001a21eefee24 sp=0x0000007823ef9d10
Event: 7.058 Thread 0x000001a2307c1940 DEOPT UNPACKING pc=0x000001a21e4da1a3 sp=0x0000007823ef9b90 mode 2
Event: 7.084 Thread 0x000001a2328fb200 Uncommon trap: trap_request=0xffffff45 fr.pc=0x000001a21ee58f80 relative=0x0000000000003900
Event: 7.084 Thread 0x000001a2328fb200 Uncommon trap: reason=unstable_if action=reinterpret pc=0x000001a21ee58f80 method=org.gradle.internal.io.StreamByteBuffer.allocateSpace()I @ 9 c2
Event: 7.084 Thread 0x000001a2328fb200 DEOPT PACKING pc=0x000001a21ee58f80 sp=0x00000078257fe990
Event: 7.084 Thread 0x000001a2328fb200 DEOPT UNPACKING pc=0x000001a21e4da1a3 sp=0x00000078257fe638 mode 2
Event: 7.177 Thread 0x000001a2328fb200 Uncommon trap: trap_request=0xffffff45 fr.pc=0x000001a21ed7c424 relative=0x0000000000000264
Event: 7.177 Thread 0x000001a2328fb200 Uncommon trap: reason=unstable_if action=reinterpret pc=0x000001a21ed7c424 method=org.gradle.internal.snapshot.ChildMapFactory.childMapFromSorted(Ljava/util/List;)Lorg/gradle/internal/snapshot/ChildMap; @ 8 c2
Event: 7.177 Thread 0x000001a2328fb200 DEOPT PACKING pc=0x000001a21ed7c424 sp=0x00000078257fe5d0
Event: 7.177 Thread 0x000001a2328fb200 DEOPT UNPACKING pc=0x000001a21e4da1a3 sp=0x00000078257fe590 mode 2
Event: 7.178 Thread 0x000001a2328fb200 Uncommon trap: trap_request=0xffffff45 fr.pc=0x000001a21eba0710 relative=0x0000000000000470
Event: 7.178 Thread 0x000001a2328fb200 Uncommon trap: reason=unstable_if action=reinterpret pc=0x000001a21eba0710 method=com.google.common.collect.MapMakerInternalMap$Segment.getEntry(Ljava/lang/Object;I)Lcom/google/common/collect/MapMakerInternalMap$InternalEntry; @ 63 c2
Event: 7.178 Thread 0x000001a2328fb200 DEOPT PACKING pc=0x000001a21eba0710 sp=0x00000078257fe6b0
Event: 7.178 Thread 0x000001a2328fb200 DEOPT UNPACKING pc=0x000001a21e4da1a3 sp=0x00000078257fe4c8 mode 2
Event: 7.179 Thread 0x000001a2328fb200 Uncommon trap: trap_request=0xffffff45 fr.pc=0x000001a21ea41808 relative=0x0000000000000588
Event: 7.179 Thread 0x000001a2328fb200 Uncommon trap: reason=unstable_if action=reinterpret pc=0x000001a21ea41808 method=com.google.common.collect.MapMakerInternalMap$Segment.getEntry(Ljava/lang/Object;I)Lcom/google/common/collect/MapMakerInternalMap$InternalEntry; @ 63 c2
Event: 7.179 Thread 0x000001a2328fb200 DEOPT PACKING pc=0x000001a21ea41808 sp=0x00000078257fe670
Event: 7.179 Thread 0x000001a2328fb200 DEOPT UNPACKING pc=0x000001a21e4da1a3 sp=0x00000078257fe538 mode 2
Event: 7.255 Thread 0x000001a232207ee0 DEOPT PACKING pc=0x000001a2170c4a20 sp=0x00000078247fe860
Event: 7.255 Thread 0x000001a232207ee0 DEOPT UNPACKING pc=0x000001a21e4dace3 sp=0x00000078247fdd20 mode 0

Classes unloaded (0 events):
No events

Classes redefined (0 events):
No events

Internal exceptions (20 events):
Event: 6.961 Thread 0x000001a2307c1940 Exception <a 'java/lang/ClassNotFoundException'{0x000000008a2aabf0}: org/gradle/internal/extensibility/ExtensionsStorage$ExtensionHolderBeanInfo> (0x000000008a2aabf0) 
thrown [s\src\hotspot\share\classfile\systemDictionary.cpp, line 256]
Event: 6.961 Thread 0x000001a2307c1940 Exception <a 'java/lang/ClassNotFoundException'{0x000000008a2b3788}: org/gradle/internal/extensibility/ExtensionsStorage$ExtensionHolderCustomizer> (0x000000008a2b3788) 
thrown [s\src\hotspot\share\classfile\systemDictionary.cpp, line 256]
Event: 6.967 Thread 0x000001a2307c1940 Exception <a 'java/lang/ClassNotFoundException'{0x000000008a19f468}: org/gradle/internal/service/scopes/ProjectScopeServicesBeanInfo> (0x000000008a19f468) 
thrown [s\src\hotspot\share\classfile\systemDictionary.cpp, line 256]
Event: 6.967 Thread 0x000001a2307c1940 Exception <a 'java/lang/ClassNotFoundException'{0x000000008a1a7ee0}: org/gradle/internal/service/scopes/ProjectScopeServicesCustomizer> (0x000000008a1a7ee0) 
thrown [s\src\hotspot\share\classfile\systemDictionary.cpp, line 256]
Event: 6.970 Thread 0x000001a2307c1940 Exception <a 'java/lang/ClassNotFoundException'{0x000000008a1ca270}: org/gradle/api/internal/catalog/DefaultDependenciesAccessorsBeanInfo> (0x000000008a1ca270) 
thrown [s\src\hotspot\share\classfile\systemDictionary.cpp, line 256]
Event: 6.970 Thread 0x000001a2307c1940 Exception <a 'java/lang/ClassNotFoundException'{0x000000008a1d5660}: org/gradle/api/internal/catalog/DefaultDependenciesAccessorsCustomizer> (0x000000008a1d5660) 
thrown [s\src\hotspot\share\classfile\systemDictionary.cpp, line 256]
Event: 6.973 Thread 0x000001a2307c1940 Exception <a 'java/lang/ClassNotFoundException'{0x000000008a1f7c50}: org/gradle/internal/classpath/DefaultClassPathBeanInfo> (0x000000008a1f7c50) 
thrown [s\src\hotspot\share\classfile\systemDictionary.cpp, line 256]
Event: 6.973 Thread 0x000001a2307c1940 Exception <a 'java/lang/ClassNotFoundException'{0x000000008a000970}: org/gradle/internal/classpath/DefaultClassPathCustomizer> (0x000000008a000970) 
thrown [s\src\hotspot\share\classfile\systemDictionary.cpp, line 256]
Event: 6.976 Thread 0x000001a2307c1940 Exception <a 'java/lang/ClassNotFoundException'{0x0000000089f17ae0}: org/gradle/internal/classpath/DefaultClassPath$ImmutableUniqueListBeanInfo> (0x0000000089f17ae0) 
thrown [s\src\hotspot\share\classfile\systemDictionary.cpp, line 256]
Event: 6.976 Thread 0x000001a2307c1940 Exception <a 'java/lang/ClassNotFoundException'{0x0000000089f1c3a0}: java/util/AbstractListBeanInfo> (0x0000000089f1c3a0) 
thrown [s\src\hotspot\share\classfile\systemDictionary.cpp, line 256]
Event: 6.976 Thread 0x000001a2307c1940 Exception <a 'java/lang/ClassNotFoundException'{0x0000000089f20c38}: java/util/AbstractListCustomizer> (0x0000000089f20c38) 
thrown [s\src\hotspot\share\classfile\systemDictionary.cpp, line 256]
Event: 6.976 Thread 0x000001a2307c1940 Exception <a 'java/lang/ClassNotFoundException'{0x0000000089f34bf8}: org/gradle/internal/classpath/DefaultClassPath$ImmutableUniqueListCustomizer> (0x0000000089f34bf8) 
thrown [s\src\hotspot\share\classfile\systemDictionary.cpp, line 256]
Event: 6.979 Thread 0x000001a2307c1940 Exception <a 'java/lang/ClassNotFoundException'{0x0000000089f787d8}: org/jetbrains/plugins/gradle/model/DefaultDependencyAccessorsModelBeanInfo> (0x0000000089f787d8) 
thrown [s\src\hotspot\share\classfile\systemDictionary.cpp, line 256]
Event: 6.979 Thread 0x000001a2307c1940 Exception <a 'java/lang/ClassNotFoundException'{0x0000000089f81210}: org/jetbrains/plugins/gradle/model/DefaultDependencyAccessorsModelCustomizer> (0x0000000089f81210) 
thrown [s\src\hotspot\share\classfile\systemDictionary.cpp, line 256]
Event: 6.982 Thread 0x000001a234e7cf40 Exception <a 'java/lang/NoSuchMethodError'{0x000000008a168c18}: static Lorg/jetbrains/plugins/gradle/tooling/internal/VersionCatalogsModelImpl;.<clinit>()V> (0x000000008a168c18) 
thrown [s\src\hotspot\share\prims\jni.cpp, line 1108]
Event: 6.992 Thread 0x000001a2307c1940 Exception <a 'java/lang/ClassNotFoundException'{0x0000000089c08020}: org/gradle/api/internal/tasks/DefaultSourceSetContainer_DecoratedBeanInfo> (0x0000000089c08020) 
thrown [s\src\hotspot\share\classfile\systemDictionary.cpp, line 256]
Event: 6.992 Thread 0x000001a2307c1940 Exception <a 'java/lang/ClassNotFoundException'{0x0000000089c133a8}: org/gradle/api/internal/tasks/DefaultSourceSetContainerBeanInfo> (0x0000000089c133a8) 
thrown [s\src\hotspot\share\classfile\systemDictionary.cpp, line 256]
Event: 6.992 Thread 0x000001a2307c1940 Exception <a 'java/lang/ClassNotFoundException'{0x0000000089c1e750}: org/gradle/api/internal/tasks/DefaultSourceSetContainerCustomizer> (0x0000000089c1e750) 
thrown [s\src\hotspot\share\classfile\systemDictionary.cpp, line 256]
Event: 6.993 Thread 0x000001a2307c1940 Exception <a 'java/lang/ClassNotFoundException'{0x0000000089c353e0}: org/gradle/api/internal/tasks/DefaultSourceSetContainer_DecoratedCustomizer> (0x0000000089c353e0) 
thrown [s\src\hotspot\share\classfile\systemDictionary.cpp, line 256]
Event: 7.081 Thread 0x000001a236394240 Exception <a 'java/lang/NoSuchMethodError'{0x000000008967f448}: 'java.lang.Object java.lang.invoke.DirectMethodHandle$Holder.invokeSpecialIFC(java.lang.Object, java.lang.Object, java.lang.Object)'> (0x000000008967f448) 
thrown [s\src\hotspot\share\interpreter\linkResolver.cpp, line 771]

VM Operations (20 events):
Event: 7.024 Executing VM operation: ICBufferFull done
Event: 7.049 Executing VM operation: HandshakeAllThreads
Event: 7.050 Executing VM operation: HandshakeAllThreads done
Event: 7.050 Executing VM operation: HandshakeAllThreads
Event: 7.050 Executing VM operation: HandshakeAllThreads done
Event: 7.054 Executing VM operation: HandshakeAllThreads
Event: 7.054 Executing VM operation: HandshakeAllThreads done
Event: 7.056 Executing VM operation: HandshakeAllThreads
Event: 7.056 Executing VM operation: HandshakeAllThreads done
Event: 7.071 Executing VM operation: HandshakeAllThreads
Event: 7.071 Executing VM operation: HandshakeAllThreads done
Event: 7.071 Executing VM operation: HandshakeAllThreads
Event: 7.071 Executing VM operation: HandshakeAllThreads done
Event: 7.095 Executing VM operation: G1CollectForAllocation
Event: 7.105 Executing VM operation: G1CollectForAllocation done
Event: 7.108 Executing VM operation: G1CollectForAllocation
Event: 7.115 Executing VM operation: G1CollectForAllocation done
Event: 7.216 Executing VM operation: G1CollectForAllocation
Event: 7.224 Executing VM operation: G1CollectForAllocation done
Event: 7.274 Executing VM operation: G1Concurrent

Events (20 events):
Event: 7.080 Thread 0x000001a22ec79220 flushing nmethod 0x000001a217da2610
Event: 7.080 Thread 0x000001a22ec79220 flushing nmethod 0x000001a217dc4d10
Event: 7.080 Thread 0x000001a22ec79220 flushing nmethod 0x000001a217dfd510
Event: 7.080 Thread 0x000001a22ec79220 flushing nmethod 0x000001a217e45c90
Event: 7.080 Thread 0x000001a22ec79220 flushing nmethod 0x000001a217e49b10
Event: 7.080 Thread 0x000001a22ec79220 flushing nmethod 0x000001a217e4a490
Event: 7.080 Thread 0x000001a22ec79220 flushing nmethod 0x000001a217e50810
Event: 7.080 Thread 0x000001a22ec79220 flushing nmethod 0x000001a217e51010
Event: 7.080 Thread 0x000001a22ec79220 flushing nmethod 0x000001a217e60510
Event: 7.080 Thread 0x000001a22ec79220 flushing nmethod 0x000001a217e63f10
Event: 7.080 Thread 0x000001a22ec79220 flushing nmethod 0x000001a217e6a090
Event: 7.080 Thread 0x000001a22ec79220 flushing nmethod 0x000001a217e73010
Event: 7.080 Thread 0x000001a22ec79220 flushing nmethod 0x000001a217e9bd10
Event: 7.080 Thread 0x000001a22ec79220 flushing nmethod 0x000001a217ea5710
Event: 7.080 Thread 0x000001a22ec79220 flushing nmethod 0x000001a217eb9790
Event: 7.080 Thread 0x000001a22ec79220 flushing nmethod 0x000001a217ec4010
Event: 7.080 Thread 0x000001a22ec79220 flushing nmethod 0x000001a217edfd90
Event: 7.080 Thread 0x000001a22ec79220 flushing nmethod 0x000001a217ee4f10
Event: 7.080 Thread 0x000001a22ec79220 flushing nmethod 0x000001a217ef0990
Event: 7.080 Thread 0x000001a22ec79220 flushing nmethod 0x000001a217ef5e10


Dynamic libraries:
0x00007ff77ac40000 - 0x00007ff77ac4a000 	C:\Program Files\Android\Android Studio\jbr\bin\java.exe
0x00007ff84fa90000 - 0x00007ff84fc88000 	C:\Windows\SYSTEM32\ntdll.dll
0x00007ff84e290000 - 0x00007ff84e34f000 	C:\Windows\System32\KERNEL32.DLL
0x00007ff84d640000 - 0x00007ff84d912000 	C:\Windows\System32\KERNELBASE.dll
0x00007ff84d140000 - 0x00007ff84d240000 	C:\Windows\System32\ucrtbase.dll
0x00007ff80cfe0000 - 0x00007ff80cff7000 	C:\Program Files\Android\Android Studio\jbr\bin\jli.dll
0x00007ff810c70000 - 0x00007ff810c8b000 	C:\Program Files\Android\Android Studio\jbr\bin\VCRUNTIME140.dll
0x00007ff84e040000 - 0x00007ff84e1dd000 	C:\Windows\System32\USER32.dll
0x00007ff84d610000 - 0x00007ff84d632000 	C:\Windows\System32\win32u.dll
0x00007ff84e350000 - 0x00007ff84e37b000 	C:\Windows\System32\GDI32.dll
0x00007ff84cfc0000 - 0x00007ff84d0cf000 	C:\Windows\System32\gdi32full.dll
0x00007ff84d3b0000 - 0x00007ff84d44d000 	C:\Windows\System32\msvcp_win.dll
0x00007ff832a60000 - 0x00007ff832cfa000 	C:\Windows\WinSxS\amd64_microsoft.windows.common-controls_6595b64144ccf1df_6.0.19041.1110_none_60b5254171f9507e\COMCTL32.dll
0x00007ff84d920000 - 0x00007ff84d9be000 	C:\Windows\System32\msvcrt.dll
0x00007ff84f340000 - 0x00007ff84f372000 	C:\Windows\System32\IMM32.DLL
0x00007ff810c60000 - 0x00007ff810c6c000 	C:\Program Files\Android\Android Studio\jbr\bin\vcruntime140_1.dll
0x00007fffe96c0000 - 0x00007fffe974d000 	C:\Program Files\Android\Android Studio\jbr\bin\msvcp140.dll
0x00007fffc9cb0000 - 0x00007fffca91e000 	C:\Program Files\Android\Android Studio\jbr\bin\server\jvm.dll
0x00007ff84f260000 - 0x00007ff84f30e000 	C:\Windows\System32\ADVAPI32.dll
0x00007ff84ead0000 - 0x00007ff84eb6c000 	C:\Windows\System32\sechost.dll
0x00007ff84efb0000 - 0x00007ff84f0d5000 	C:\Windows\System32\RPCRT4.dll
0x00007ff82f3f0000 - 0x00007ff82f3f9000 	C:\Windows\SYSTEM32\WSOCK32.dll
0x00007ff84dfd0000 - 0x00007ff84e03b000 	C:\Windows\System32\WS2_32.dll
0x00007ff83d6a0000 - 0x00007ff83d6c7000 	C:\Windows\SYSTEM32\WINMM.dll
0x00007ff83fdb0000 - 0x00007ff83fdba000 	C:\Windows\SYSTEM32\VERSION.dll
0x00007ff84d5f0000 - 0x00007ff84d602000 	C:\Windows\System32\kernel.appcore.dll
0x00007ff83b8c0000 - 0x00007ff83b8ca000 	C:\Program Files\Android\Android Studio\jbr\bin\jimage.dll
0x00007ff84b300000 - 0x00007ff84b4e4000 	C:\Windows\SYSTEM32\DBGHELP.DLL
0x00007ff83b880000 - 0x00007ff83b8ac000 	C:\Windows\SYSTEM32\dbgcore.DLL
0x00007ff84d560000 - 0x00007ff84d5e2000 	C:\Windows\System32\bcryptPrimitives.dll
0x00007ff839de0000 - 0x00007ff839e05000 	C:\Program Files\Android\Android Studio\jbr\bin\java.dll
0x00007ff831c80000 - 0x00007ff831c98000 	C:\Program Files\Android\Android Studio\jbr\bin\zip.dll
0x00007ff84e380000 - 0x00007ff84eac3000 	C:\Windows\System32\SHELL32.dll
0x00007ff84aa90000 - 0x00007ff84b222000 	C:\Windows\SYSTEM32\windows.storage.dll
0x00007ff84d9d0000 - 0x00007ff84dd24000 	C:\Windows\System32\combase.dll
0x00007ff84c880000 - 0x00007ff84c8b0000 	C:\Windows\SYSTEM32\Wldp.dll
0x00007ff84e1e0000 - 0x00007ff84e28d000 	C:\Windows\System32\SHCORE.dll
0x00007ff84eb70000 - 0x00007ff84ebc5000 	C:\Windows\System32\shlwapi.dll
0x00007ff84cd60000 - 0x00007ff84cd7f000 	C:\Windows\SYSTEM32\profapi.dll
0x00007ff831c60000 - 0x00007ff831c79000 	C:\Program Files\Android\Android Studio\jbr\bin\net.dll
0x00007ff8433d0000 - 0x00007ff8434dc000 	C:\Windows\SYSTEM32\WINHTTP.dll
0x00007ff84c5e0000 - 0x00007ff84c64a000 	C:\Windows\system32\mswsock.dll
0x00007ff81bfd0000 - 0x00007ff81bfe6000 	C:\Program Files\Android\Android Studio\jbr\bin\nio.dll
0x00007ff839dd0000 - 0x00007ff839de0000 	C:\Program Files\Android\Android Studio\jbr\bin\verify.dll
0x00007fffe67d0000 - 0x00007fffe67f7000 	F:\MyApplication2\.gradle\native\68d5fa5c4cc2d200863cafc0d521ce42e7d3e7ee720ec0a83991735586a16f82\windows-amd64\native-platform.dll
0x00007fffe9570000 - 0x00007fffe96b4000 	F:\MyApplication2\.gradle\native\e376f236ea51e6404a007f0833ffe2c6e607c4080706a723a18a27aeea778392\windows-amd64\native-platform-file-events.dll
0x00007ff82cd40000 - 0x00007ff82cd49000 	C:\Program Files\Android\Android Studio\jbr\bin\management.dll
0x00007ff81bf80000 - 0x00007ff81bf8b000 	C:\Program Files\Android\Android Studio\jbr\bin\management_ext.dll
0x00007ff84f330000 - 0x00007ff84f338000 	C:\Windows\System32\PSAPI.DLL
0x00007ff84c7e0000 - 0x00007ff84c7f8000 	C:\Windows\SYSTEM32\CRYPTSP.dll
0x00007ff84bee0000 - 0x00007ff84bf14000 	C:\Windows\system32\rsaenh.dll
0x00007ff84d530000 - 0x00007ff84d557000 	C:\Windows\System32\bcrypt.dll
0x00007ff84cd20000 - 0x00007ff84cd4e000 	C:\Windows\SYSTEM32\USERENV.dll
0x00007ff84c7d0000 - 0x00007ff84c7dc000 	C:\Windows\SYSTEM32\CRYPTBASE.dll
0x00007ff84c2d0000 - 0x00007ff84c30b000 	C:\Windows\SYSTEM32\IPHLPAPI.DLL
0x00007ff84d9c0000 - 0x00007ff84d9c8000 	C:\Windows\System32\NSI.dll
0x00007ff840e80000 - 0x00007ff840e97000 	C:\Windows\SYSTEM32\dhcpcsvc6.DLL
0x00007ff8404a0000 - 0x00007ff8404bd000 	C:\Windows\SYSTEM32\dhcpcsvc.DLL
0x00007ff84c310000 - 0x00007ff84c3da000 	C:\Windows\SYSTEM32\DNSAPI.dll
0x00007ff822370000 - 0x00007ff822377000 	C:\Windows\system32\wshunix.dll

dbghelp: loaded successfully - version: 4.0.5 - missing functions: none
symbol engine: initialized successfully - sym options: 0x614 - pdb path: .;C:\Program Files\Android\Android Studio\jbr\bin;C:\Windows\SYSTEM32;C:\Windows\WinSxS\amd64_microsoft.windows.common-controls_6595b64144ccf1df_6.0.19041.1110_none_60b5254171f9507e;C:\Program Files\Android\Android Studio\jbr\bin\server;F:\MyApplication2\.gradle\native\68d5fa5c4cc2d200863cafc0d521ce42e7d3e7ee720ec0a83991735586a16f82\windows-amd64;F:\MyApplication2\.gradle\native\e376f236ea51e6404a007f0833ffe2c6e607c4080706a723a18a27aeea778392\windows-amd64

VM Arguments:
jvm_args: --add-opens=java.base/java.util=ALL-UNNAMED --add-opens=java.base/java.lang=ALL-UNNAMED --add-opens=java.base/java.lang.invoke=ALL-UNNAMED --add-opens=java.prefs/java.util.prefs=ALL-UNNAMED --add-opens=java.base/java.nio.charset=ALL-UNNAMED --add-opens=java.base/java.net=ALL-UNNAMED --add-opens=java.base/java.util.concurrent.atomic=ALL-UNNAMED -Xmx2048m -Dfile.encoding=UTF-8 -Duser.country=CN -Duser.language=zh -Duser.variant 
java_command: org.gradle.launcher.daemon.bootstrap.GradleDaemon 8.0
java_class_path (initial): F:\MyApplication2\.gradle\wrapper\dists\gradle-8.0-bin\ca5e32bp14vu59qr306oxotwh\gradle-8.0\lib\gradle-launcher-8.0.jar
Launcher Type: SUN_STANDARD

[Global flags]
     intx CICompilerCount                          = 4                                         {product} {ergonomic}
     uint ConcGCThreads                            = 2                                         {product} {ergonomic}
     uint G1ConcRefinementThreads                  = 8                                         {product} {ergonomic}
   size_t G1HeapRegionSize                         = 1048576                                   {product} {ergonomic}
    uintx GCDrainStackTargetSize                   = 64                                        {product} {ergonomic}
   size_t InitialHeapSize                          = 264241152                                 {product} {ergonomic}
   size_t MarkStackSize                            = 4194304                                   {product} {ergonomic}
   size_t MaxHeapSize                              = 2147483648                                {product} {command line}
   size_t MaxNewSize                               = 1287651328                                {product} {ergonomic}
   size_t MinHeapDeltaBytes                        = 1048576                                   {product} {ergonomic}
   size_t MinHeapSize                              = 8388608                                   {product} {ergonomic}
    uintx NonNMethodCodeHeapSize                   = 5839372                                {pd product} {ergonomic}
    uintx NonProfiledCodeHeapSize                  = 122909434                              {pd product} {ergonomic}
    uintx ProfiledCodeHeapSize                     = 122909434                              {pd product} {ergonomic}
    uintx ReservedCodeCacheSize                    = 251658240                              {pd product} {ergonomic}
     bool SegmentedCodeCache                       = true                                      {product} {ergonomic}
   size_t SoftMaxHeapSize                          = 2147483648                             {manageable} {ergonomic}
     bool UseCompressedClassPointers               = true                           {product lp64_product} {ergonomic}
     bool UseCompressedOops                        = true                           {product lp64_product} {ergonomic}
     bool UseG1GC                                  = true                                      {product} {ergonomic}
     bool UseLargePagesIndividualAllocation        = false                                  {pd product} {ergonomic}

Logging:
Log output configuration:
 #0: stdout all=warning uptime,level,tags
 #1: stderr all=off uptime,level,tags

Environment Variables:
JAVA_HOME=C:\Program Files\Java\jdk-17.0.1
CLASSPATH=C:\Program Files\Java\jdk-17.0.1\lib\dt.jar;C:\Program Files\Java\jdk-17.0.1\lib\tools.jar;
PATH=C:\Program Files\Java\jdk-17.0.1\bin;C:\Program Files\Java\jdk-17.0.1\jre\bin;;C:\Program Files\Common Files\Oracle\Java\javapath;D:\\Scripts\;D:\\;C:\Program Files\Microsoft MPI\Bin\;C:\Program Files (x86)\NVIDIA Corporation\PhysX\Common;C:\Windows\system32;C:\Windows;C:\Windows\System32\Wbem;C:\Windows\System32\WindowsPowerShell\v1.0\;C:\Windows\System32\OpenSSH\;C:\Program Files\NVIDIA Corporation\NVIDIA NvDLISR;C:\Program Files\dotnet\;D:\bin;C:\Strawberry\c\bin;C:\Strawberry\perl\site\bin;C:\Strawberry\perl\bin;D:\\Microsoft VS Code\;C:\Program Files\MySQL\MySQL Server 8.0\bin;D:\\160\Tools\Binn\;C:\Program Files\Microsoft SQL Server\160\Tools\Binn\;C:\Program Files\Microsoft SQL Server\Client SDK\ODBC\170\Tools\Binn\;C:\Program Files\Microsoft SQL Server\160\DTS\Binn\;D:\\160\DTS\Binn\;C:\Program Files\Azure Data Studio\bin;C:\Users\25599\matlab2016\runtime\win64;C:\Users\25599\matlab2016\bin;C:\Users\25599\matlab2016\polyspace\bin;C:\Program Files\MySQL\MySQL Shell 8.0\bin\;C:\Users\25599\AppData\Local\Microsoft\WindowsApps;%IntelliJ IDEA Community Edition%;D:\\Microsoft VS Code\bin;C:\Users\25599\AppData\Roaming\npm;%IntelliJ IDEA%;C:\Program Files\Azure Data Studio\bin;C:\ProgramData\25599\GitHubDesktop\bin;C:\intelFPGA\18.1\modelsim_ase\win32aloem;D:\inmodlesim\win64
USERNAME=25599
OS=Windows_NT
PROCESSOR_IDENTIFIER=Intel64 Family 6 Model 140 Stepping 1, GenuineIntel
TMP=C:\Users\25599\AppData\Local\Temp
TEMP=C:\Users\25599\AppData\Local\Temp


JNI global refs:
JNI global refs: 29, weak refs: 4

JNI global refs memory usage: 843, weak refs: 841


---------------  S Y S T E M  ---------------

OS:
 Windows 10 , 64 bit Build 19041 (10.0.19041.2251)
OS uptime: 0 days 0:52 hours
Hyper-V role detected

CPU: total 8 (initial active 8) (4 cores per cpu, 2 threads per core) family 6 model 140 stepping 1 microcode 0xac, cx8, cmov, fxsr, ht, mmx, 3dnowpref, sse, sse2, sse3, ssse3, sse4.1, sse4.2, popcnt, lzcnt, tsc, tscinvbit, avx, avx2, aes, erms, clmul, bmi1, bmi2, adx, avx512f, avx512dq, avx512cd, avx512bw, avx512vl, sha, fma, vzeroupper, avx512_vpopcntdq, avx512_vpclmulqdq, avx512_vaes, avx512_vnni, clflush, clflushopt, clwb, avx512_vbmi2, avx512_vbmi, hv

Memory: 4k page, system-wide physical 16106M (2705M free)
TotalPageFile size 16106M (AvailPageFile size 21M)
current process WorkingSet (physical memory assigned to process): 490M, peak: 494M
current process commit charge ("private bytes"): 529M, peak: 554M

vm_info: OpenJDK 64-Bit Server VM (17.0.6+0-b2043.56-10027231) for windows-amd64 JRE (17.0.6+0-b2043.56-10027231), built on Apr 28 2023 00:43:19 by "androidbuild" with MS VC++ 16.10 / 16.11 (VS2019)

END.
