#
# There is insufficient memory for the Java Runtime Environment to continue.
# Native memory allocation (malloc) failed to allocate 1694544 bytes for Chunk::new
# Possible reasons:
#   The system is out of physical RAM or swap space
#   The process is running with CompressedOops enabled, and the Java Heap may be blocking the growth of the native heap
# Possible solutions:
#   Reduce memory load on the system
#   Increase physical memory or swap space
#   Check if swap backing store is full
#   Decrease Java heap size (-Xmx/-Xms)
#   Decrease number of Java threads
#   Decrease Java thread stack sizes (-Xss)
#   Set larger code cache with -XX:ReservedCodeCacheSize=
#   JVM is running with Unscaled Compressed Oops mode in which the Java heap is
#     placed in the first 4GB address space. The Java Heap base address is the
#     maximum limit for the native heap growth. Please use -XX:HeapBaseMinAddress
#     to set the Java Heap base and to place the Java Heap above 4GB virtual address.
# This output file may be truncated or incomplete.
#
#  Out of Memory Error (arena.cpp:189), pid=22912, tid=11968
#
# JRE version: OpenJDK Runtime Environment (17.0.6) (build 17.0.6+0-b2043.56-10027231)
# Java VM: OpenJDK 64-Bit Server VM (17.0.6+0-b2043.56-10027231, mixed mode, tiered, compressed oops, compressed class ptrs, g1 gc, windows-amd64)
# No core dump will be written. Minidumps are not enabled by default on client versions of Windows
#

---------------  S U M M A R Y ------------

Command Line: --add-opens=java.base/java.util=ALL-UNNAMED --add-opens=java.base/java.lang=ALL-UNNAMED --add-opens=java.base/java.lang.invoke=ALL-UNNAMED --add-opens=java.prefs/java.util.prefs=ALL-UNNAMED --add-opens=java.base/java.nio.charset=ALL-UNNAMED --add-opens=java.base/java.net=ALL-UNNAMED --add-opens=java.base/java.util.concurrent.atomic=ALL-UNNAMED -Xmx2048m -Dfile.encoding=UTF-8 -Duser.country=CN -Duser.language=zh -Duser.variant org.gradle.launcher.daemon.bootstrap.GradleDaemon 8.0

Host: 11th Gen Intel(R) Core(TM) i7-1165G7 @ 2.80GHz, 8 cores, 15G,  Windows 10 , 64 bit Build 19041 (10.0.19041.2251)
Time: Tue Jan 16 16:05:14 2024  Windows 10 , 64 bit Build 19041 (10.0.19041.2251) elapsed time: 7.488984 seconds (0d 0h 0m 7s)

---------------  T H R E A D  ---------------

Current thread (0x00000212881567e0):  JavaThread "C2 CompilerThread1" daemon [_thread_in_native, id=11968, stack(0x0000008ae5100000,0x0000008ae5200000)]


Current CompileTask:
C2:   7489 8130   !   4       java.net.URLClassLoader::findClass (47 bytes)

Stack: [0x0000008ae5100000,0x0000008ae5200000]
Native frames: (J=compiled Java code, j=interpreted, Vv=VM code, C=native code)
V  [jvm.dll+0x683c9a]
V  [jvm.dll+0x8427a4]
V  [jvm.dll+0x843f9e]
V  [jvm.dll+0x844603]
V  [jvm.dll+0x249b75]
V  [jvm.dll+0xabcac]
V  [jvm.dll+0xac27c]
V  [jvm.dll+0x368857]
V  [jvm.dll+0x1bd0b8]
V  [jvm.dll+0x21c359]
V  [jvm.dll+0x21b621]
V  [jvm.dll+0x1a4fdd]
V  [jvm.dll+0x22b098]
V  [jvm.dll+0x229159]
V  [jvm.dll+0x7f81ec]
V  [jvm.dll+0x7f274a]
V  [jvm.dll+0x682ad5]
C  [ucrtbase.dll+0x21bb2]
C  [KERNEL32.DLL+0x174b4]
C  [ntdll.dll+0x526a1]


---------------  P R O C E S S  ---------------

Threads class SMR info:
_java_thread_list=0x0000021287d7a950, length=127, elements={
0x00000212e9abdbd0, 0x00000212ff98f260, 0x00000212ff98fd20, 0x00000212ff9b8220,
0x00000212ff9baaf0, 0x00000212ff9bd3c0, 0x00000212ff9bfc90, 0x00000212ff9c0880,
0x00000212ff9c1230, 0x00000212ff9c1b30, 0x00000212ffb60270, 0x00000212ffb60740,
0x0000021286a9e800, 0x00000212852b9030, 0x0000021284f61710, 0x0000021284d70550,
0x0000021284d70a20, 0x00000212876204c0, 0x0000021285306080, 0x0000021286ae8d40,
0x0000021286ae9210, 0x0000021286aeaef0, 0x0000021286ae96e0, 0x0000021286ae9bb0,
0x0000021286ae8870, 0x0000021286aebd60, 0x0000021286aec230, 0x0000021286aeaa20,
0x0000021286aea080, 0x0000021286aea550, 0x0000021287ae9a40, 0x0000021287ae7d60,
0x0000021287ae90a0, 0x0000021287ae8700, 0x0000021287ae7890, 0x0000021287aea3e0,
0x0000021287aea8b0, 0x0000021287ae8230, 0x0000021287ae9570, 0x0000021287ae8bd0,
0x0000021287ae6ef0, 0x00000212879f3080, 0x00000212879edeb0, 0x00000212879ec6a0,
0x00000212879f26e0, 0x00000212879f3a20, 0x00000212879eed20, 0x00000212879f3ef0,
0x00000212879ef1f0, 0x00000212879ef6c0, 0x00000212879f2210, 0x00000212879efb90,
0x00000212879f0a00, 0x00000212879ed040, 0x00000212879f1870, 0x00000212879f0ed0,
0x00000212879f2bb0, 0x00000212879f0060, 0x00000212879f13a0, 0x00000212879ed510,
0x00000212879f0530, 0x0000021289864f20, 0x00000212898623d0, 0x00000212898653f0,
0x00000212898658c0, 0x00000212898628a0, 0x00000212898670d0, 0x0000021289861a30,
0x0000021289863be0, 0x0000021289862d70, 0x0000021289868410, 0x0000021289863240,
0x0000021289863710, 0x00000212898640b0, 0x0000021289866260, 0x0000021289864580,
0x0000021289866730, 0x0000021289861560, 0x0000021289865d90, 0x0000021289864a50,
0x0000021289866c00, 0x0000021289861f00, 0x00000212898675a0, 0x0000021289867a70,
0x0000021289867f40, 0x00000212898688e0, 0x0000021289861090, 0x000002128e227660,
0x000002128e22e040, 0x000002128e22a680, 0x000002128e22b4f0, 0x000002128e22d6a0,
0x000002128e227b30, 0x000002128e22db70, 0x000002128e22a1b0, 0x000002128e229810,
0x000002128e229340, 0x000002128e22cd00, 0x000002128e229ce0, 0x000002128e228000,
0x000002128e22ab50, 0x000002128e22e510, 0x000002128e228e70, 0x000002128e22d1d0,
0x000002128e22b9c0, 0x000002128e2284d0, 0x000002128e22b020, 0x000002128e22be90,
0x000002128e22e9e0, 0x000002128e22c360, 0x000002128e22c830, 0x000002128e22eeb0,
0x000002128e2289a0, 0x000002128a5d1bf0, 0x000002128a5d2a60, 0x000002128a5cebd0,
0x000002128a5ce700, 0x000002128a5cf570, 0x000002128a5d2f30, 0x000002128a5ccef0,
0x000002128a5cd890, 0x000002128a5cf0a0, 0x000002128a5d0d80, 0x000002128a5cfa40,
0x000002128a5d3400, 0x00000212881567e0, 0x000002128a394f30
}

Java Threads: ( => current thread )
  0x00000212e9abdbd0 JavaThread "main" [_thread_blocked, id=12532, stack(0x0000008ae2900000,0x0000008ae2a00000)]
  0x00000212ff98f260 JavaThread "Reference Handler" daemon [_thread_blocked, id=23232, stack(0x0000008ae3000000,0x0000008ae3100000)]
  0x00000212ff98fd20 JavaThread "Finalizer" daemon [_thread_blocked, id=19776, stack(0x0000008ae3100000,0x0000008ae3200000)]
  0x00000212ff9b8220 JavaThread "Signal Dispatcher" daemon [_thread_blocked, id=19076, stack(0x0000008ae3200000,0x0000008ae3300000)]
  0x00000212ff9baaf0 JavaThread "Attach Listener" daemon [_thread_blocked, id=20176, stack(0x0000008ae3300000,0x0000008ae3400000)]
  0x00000212ff9bd3c0 JavaThread "Service Thread" daemon [_thread_blocked, id=14708, stack(0x0000008ae3400000,0x0000008ae3500000)]
  0x00000212ff9bfc90 JavaThread "Monitor Deflation Thread" daemon [_thread_blocked, id=10596, stack(0x0000008ae3500000,0x0000008ae3600000)]
  0x00000212ff9c0880 JavaThread "C2 CompilerThread0" daemon [_thread_in_native, id=10028, stack(0x0000008ae3600000,0x0000008ae3700000)]
  0x00000212ff9c1230 JavaThread "C1 CompilerThread0" daemon [_thread_blocked, id=20928, stack(0x0000008ae3700000,0x0000008ae3800000)]
  0x00000212ff9c1b30 JavaThread "Sweeper thread" daemon [_thread_blocked, id=15620, stack(0x0000008ae3800000,0x0000008ae3900000)]
  0x00000212ffb60270 JavaThread "Common-Cleaner" daemon [_thread_blocked, id=23684, stack(0x0000008ae3900000,0x0000008ae3a00000)]
  0x00000212ffb60740 JavaThread "Notification Thread" daemon [_thread_blocked, id=20312, stack(0x0000008ae3a00000,0x0000008ae3b00000)]
  0x0000021286a9e800 JavaThread "Daemon health stats" [_thread_blocked, id=12432, stack(0x0000008ae4300000,0x0000008ae4400000)]
  0x00000212852b9030 JavaThread "Incoming local TCP Connector on port 49881" [_thread_in_native, id=23804, stack(0x0000008ae3c00000,0x0000008ae3d00000)]
  0x0000021284f61710 JavaThread "Daemon periodic checks" [_thread_blocked, id=22288, stack(0x0000008ae3d00000,0x0000008ae3e00000)]
  0x0000021284d70550 JavaThread "Daemon" [_thread_blocked, id=6344, stack(0x0000008ae4400000,0x0000008ae4500000)]
  0x0000021284d70a20 JavaThread "Handler for socket connection from /127.0.0.1:49881 to /127.0.0.1:49882" [_thread_in_native, id=19788, stack(0x0000008ae4500000,0x0000008ae4600000)]
  0x00000212876204c0 JavaThread "Cancel handler" [_thread_blocked, id=8312, stack(0x0000008ae4600000,0x0000008ae4700000)]
  0x0000021285306080 JavaThread "Daemon worker" [_thread_in_Java, id=11512, stack(0x0000008ae4700000,0x0000008ae4800000)]
  0x0000021286ae8d40 JavaThread "Asynchronous log dispatcher for DefaultDaemonConnection: socket connection from /127.0.0.1:49881 to /127.0.0.1:49882" [_thread_blocked, id=22400, stack(0x0000008ae4800000,0x0000008ae4900000)]
  0x0000021286ae9210 JavaThread "Stdin handler" [_thread_blocked, id=11556, stack(0x0000008ae4900000,0x0000008ae4a00000)]
  0x0000021286aeaef0 JavaThread "Daemon client event forwarder" [_thread_blocked, id=17988, stack(0x0000008ae4a00000,0x0000008ae4b00000)]
  0x0000021286ae96e0 JavaThread "Cache worker for journal cache (F:\MyApplication2\.gradle\caches\journal-1)" [_thread_blocked, id=24516, stack(0x0000008ae4e00000,0x0000008ae4f00000)]
  0x0000021286ae9bb0 JavaThread "File lock request listener" [_thread_in_native, id=23020, stack(0x0000008ae4f00000,0x0000008ae5000000)]
  0x0000021286ae8870 JavaThread "Cache worker for file hash cache (F:\MyApplication2\.gradle\caches\8.0\fileHashes)" [_thread_blocked, id=20700, stack(0x0000008ae5000000,0x0000008ae5100000)]
  0x0000021286aebd60 JavaThread "File watcher server" daemon [_thread_in_native, id=8688, stack(0x0000008ae5300000,0x0000008ae5400000)]
  0x0000021286aec230 JavaThread "File watcher consumer" daemon [_thread_blocked, id=20672, stack(0x0000008ae5400000,0x0000008ae5500000)]
  0x0000021286aeaa20 JavaThread "jar transforms" [_thread_blocked, id=10372, stack(0x0000008ae5500000,0x0000008ae5600000)]
  0x0000021286aea080 JavaThread "jar transforms Thread 2" [_thread_blocked, id=14820, stack(0x0000008ae5600000,0x0000008ae5700000)]
  0x0000021286aea550 JavaThread "jar transforms Thread 3" [_thread_blocked, id=23816, stack(0x0000008ae5700000,0x0000008ae5800000)]
  0x0000021287ae9a40 JavaThread "jar transforms Thread 4" [_thread_blocked, id=20216, stack(0x0000008ae5800000,0x0000008ae5900000)]
  0x0000021287ae7d60 JavaThread "jar transforms Thread 5" [_thread_blocked, id=11976, stack(0x0000008ae5900000,0x0000008ae5a00000)]
  0x0000021287ae90a0 JavaThread "jar transforms Thread 6" [_thread_blocked, id=16096, stack(0x0000008ae5a00000,0x0000008ae5b00000)]
  0x0000021287ae8700 JavaThread "jar transforms Thread 7" [_thread_blocked, id=8360, stack(0x0000008ae5b00000,0x0000008ae5c00000)]
  0x0000021287ae7890 JavaThread "jar transforms Thread 8" [_thread_blocked, id=19572, stack(0x0000008ae5c00000,0x0000008ae5d00000)]
  0x0000021287aea3e0 JavaThread "Cache worker for checksums cache (F:\myapp\.gradle\8.0\checksums)" [_thread_blocked, id=12440, stack(0x0000008ae5d00000,0x0000008ae5e00000)]
  0x0000021287aea8b0 JavaThread "Cache worker for cache directory md-rule (F:\MyApplication2\.gradle\caches\8.0\md-rule)" [_thread_blocked, id=19104, stack(0x0000008ae5e00000,0x0000008ae5f00000)]
  0x0000021287ae8230 JavaThread "Cache worker for file content cache (F:\MyApplication2\.gradle\caches\8.0\fileContent)" [_thread_blocked, id=17040, stack(0x0000008ae5f00000,0x0000008ae6000000)]
  0x0000021287ae9570 JavaThread "Cache worker for file hash cache (F:\myapp\.gradle\8.0\fileHashes)" [_thread_blocked, id=10088, stack(0x0000008ae6000000,0x0000008ae6100000)]
  0x0000021287ae8bd0 JavaThread "Cache worker for cache directory md-supplier (F:\MyApplication2\.gradle\caches\8.0\md-supplier)" [_thread_blocked, id=10648, stack(0x0000008ae6100000,0x0000008ae6200000)]
  0x0000021287ae6ef0 JavaThread "Cache worker for execution history cache (F:\MyApplication2\.gradle\caches\8.0\executionHistory)" [_thread_blocked, id=13660, stack(0x0000008ae6200000,0x0000008ae6300000)]
  0x00000212879f3080 JavaThread "Cache worker for kotlin-dsl (F:\MyApplication2\.gradle\caches\8.0\kotlin-dsl)" [_thread_blocked, id=13716, stack(0x0000008ae6300000,0x0000008ae6400000)]
  0x00000212879edeb0 JavaThread "Cache worker for dependencies-accessors (F:\myapp\.gradle\8.0\dependencies-accessors)" [_thread_blocked, id=22612, stack(0x0000008ae6400000,0x0000008ae6500000)]
  0x00000212879ec6a0 JavaThread "Cache worker for Build Output Cleanup Cache (F:\myapp\.gradle\buildOutputCleanup)" [_thread_blocked, id=22404, stack(0x0000008ae6500000,0x0000008ae6600000)]
  0x00000212879f26e0 JavaThread "Unconstrained build operations" [_thread_blocked, id=8748, stack(0x0000008ae6600000,0x0000008ae6700000)]
  0x00000212879f3a20 JavaThread "Unconstrained build operations Thread 2" [_thread_blocked, id=1760, stack(0x0000008ae6700000,0x0000008ae6800000)]
  0x00000212879eed20 JavaThread "Unconstrained build operations Thread 3" [_thread_blocked, id=24288, stack(0x0000008ae6800000,0x0000008ae6900000)]
  0x00000212879f3ef0 JavaThread "Unconstrained build operations Thread 4" [_thread_blocked, id=18888, stack(0x0000008ae6900000,0x0000008ae6a00000)]
  0x00000212879ef1f0 JavaThread "Unconstrained build operations Thread 5" [_thread_blocked, id=1936, stack(0x0000008ae6a00000,0x0000008ae6b00000)]
  0x00000212879ef6c0 JavaThread "Unconstrained build operations Thread 6" [_thread_blocked, id=18692, stack(0x0000008ae6b00000,0x0000008ae6c00000)]
  0x00000212879f2210 JavaThread "Unconstrained build operations Thread 7" [_thread_blocked, id=21672, stack(0x0000008ae6c00000,0x0000008ae6d00000)]
  0x00000212879efb90 JavaThread "Unconstrained build operations Thread 8" [_thread_blocked, id=12332, stack(0x0000008ae6d00000,0x0000008ae6e00000)]
  0x00000212879f0a00 JavaThread "Unconstrained build operations Thread 9" [_thread_blocked, id=17804, stack(0x0000008ae6e00000,0x0000008ae6f00000)]
  0x00000212879ed040 JavaThread "Unconstrained build operations Thread 10" [_thread_blocked, id=15748, stack(0x0000008ae6f00000,0x0000008ae7000000)]
  0x00000212879f1870 JavaThread "Unconstrained build operations Thread 11" [_thread_blocked, id=19200, stack(0x0000008ae7000000,0x0000008ae7100000)]
  0x00000212879f0ed0 JavaThread "Unconstrained build operations Thread 12" [_thread_blocked, id=23012, stack(0x0000008ae7100000,0x0000008ae7200000)]
  0x00000212879f2bb0 JavaThread "Unconstrained build operations Thread 13" [_thread_blocked, id=19128, stack(0x0000008ae7200000,0x0000008ae7300000)]
  0x00000212879f0060 JavaThread "Unconstrained build operations Thread 14" [_thread_blocked, id=22348, stack(0x0000008ae7300000,0x0000008ae7400000)]
  0x00000212879f13a0 JavaThread "Unconstrained build operations Thread 15" [_thread_blocked, id=19248, stack(0x0000008ae7400000,0x0000008ae7500000)]
  0x00000212879ed510 JavaThread "Unconstrained build operations Thread 16" [_thread_blocked, id=23968, stack(0x0000008ae7500000,0x0000008ae7600000)]
  0x00000212879f0530 JavaThread "Unconstrained build operations Thread 17" [_thread_blocked, id=21624, stack(0x0000008ae7600000,0x0000008ae7700000)]
  0x0000021289864f20 JavaThread "Unconstrained build operations Thread 18" [_thread_blocked, id=23772, stack(0x0000008ae7700000,0x0000008ae7800000)]
  0x00000212898623d0 JavaThread "Unconstrained build operations Thread 19" [_thread_blocked, id=23880, stack(0x0000008ae7800000,0x0000008ae7900000)]
  0x00000212898653f0 JavaThread "Unconstrained build operations Thread 20" [_thread_blocked, id=7364, stack(0x0000008ae7900000,0x0000008ae7a00000)]
  0x00000212898658c0 JavaThread "Unconstrained build operations Thread 21" [_thread_blocked, id=20684, stack(0x0000008ae7a00000,0x0000008ae7b00000)]
  0x00000212898628a0 JavaThread "Unconstrained build operations Thread 22" [_thread_blocked, id=21944, stack(0x0000008ae7b00000,0x0000008ae7c00000)]
  0x00000212898670d0 JavaThread "Unconstrained build operations Thread 23" [_thread_blocked, id=23560, stack(0x0000008ae7c00000,0x0000008ae7d00000)]
  0x0000021289861a30 JavaThread "Unconstrained build operations Thread 24" [_thread_blocked, id=21524, stack(0x0000008ae7d00000,0x0000008ae7e00000)]
  0x0000021289863be0 JavaThread "Unconstrained build operations Thread 25" [_thread_blocked, id=17336, stack(0x0000008ae7e00000,0x0000008ae7f00000)]
  0x0000021289862d70 JavaThread "Unconstrained build operations Thread 26" [_thread_blocked, id=17152, stack(0x0000008ae7f00000,0x0000008ae8000000)]
  0x0000021289868410 JavaThread "Unconstrained build operations Thread 27" [_thread_blocked, id=5096, stack(0x0000008ae8000000,0x0000008ae8100000)]
  0x0000021289863240 JavaThread "Unconstrained build operations Thread 28" [_thread_blocked, id=16416, stack(0x0000008ae8100000,0x0000008ae8200000)]
  0x0000021289863710 JavaThread "Unconstrained build operations Thread 29" [_thread_blocked, id=10164, stack(0x0000008ae8200000,0x0000008ae8300000)]
  0x00000212898640b0 JavaThread "Unconstrained build operations Thread 30" [_thread_blocked, id=22944, stack(0x0000008ae8300000,0x0000008ae8400000)]
  0x0000021289866260 JavaThread "Unconstrained build operations Thread 31" [_thread_blocked, id=23312, stack(0x0000008ae8400000,0x0000008ae8500000)]
  0x0000021289864580 JavaThread "Unconstrained build operations Thread 32" [_thread_blocked, id=15624, stack(0x0000008ae8500000,0x0000008ae8600000)]
  0x0000021289866730 JavaThread "Unconstrained build operations Thread 33" [_thread_blocked, id=11708, stack(0x0000008ae8600000,0x0000008ae8700000)]
  0x0000021289861560 JavaThread "Unconstrained build operations Thread 34" [_thread_blocked, id=22260, stack(0x0000008ae8700000,0x0000008ae8800000)]
  0x0000021289865d90 JavaThread "Unconstrained build operations Thread 35" [_thread_blocked, id=23728, stack(0x0000008ae8800000,0x0000008ae8900000)]
  0x0000021289864a50 JavaThread "Unconstrained build operations Thread 36" [_thread_blocked, id=10616, stack(0x0000008ae8900000,0x0000008ae8a00000)]
  0x0000021289866c00 JavaThread "Unconstrained build operations Thread 37" [_thread_blocked, id=23528, stack(0x0000008ae8a00000,0x0000008ae8b00000)]
  0x0000021289861f00 JavaThread "Unconstrained build operations Thread 38" [_thread_blocked, id=22508, stack(0x0000008ae8b00000,0x0000008ae8c00000)]
  0x00000212898675a0 JavaThread "Unconstrained build operations Thread 39" [_thread_blocked, id=732, stack(0x0000008ae8c00000,0x0000008ae8d00000)]
  0x0000021289867a70 JavaThread "Unconstrained build operations Thread 40" [_thread_blocked, id=18900, stack(0x0000008ae8d00000,0x0000008ae8e00000)]
  0x0000021289867f40 JavaThread "Unconstrained build operations Thread 41" [_thread_blocked, id=10840, stack(0x0000008ae8e00000,0x0000008ae8f00000)]
  0x00000212898688e0 JavaThread "Unconstrained build operations Thread 42" [_thread_blocked, id=23296, stack(0x0000008ae8f00000,0x0000008ae9000000)]
  0x0000021289861090 JavaThread "Unconstrained build operations Thread 43" [_thread_blocked, id=24416, stack(0x0000008ae9000000,0x0000008ae9100000)]
  0x000002128e227660 JavaThread "Unconstrained build operations Thread 44" [_thread_blocked, id=11280, stack(0x0000008ae9100000,0x0000008ae9200000)]
  0x000002128e22e040 JavaThread "Unconstrained build operations Thread 45" [_thread_blocked, id=16232, stack(0x0000008ae9200000,0x0000008ae9300000)]
  0x000002128e22a680 JavaThread "Unconstrained build operations Thread 46" [_thread_blocked, id=24308, stack(0x0000008ae9300000,0x0000008ae9400000)]
  0x000002128e22b4f0 JavaThread "Unconstrained build operations Thread 47" [_thread_blocked, id=23300, stack(0x0000008ae9400000,0x0000008ae9500000)]
  0x000002128e22d6a0 JavaThread "Unconstrained build operations Thread 48" [_thread_blocked, id=440, stack(0x0000008ae9500000,0x0000008ae9600000)]
  0x000002128e227b30 JavaThread "Unconstrained build operations Thread 49" [_thread_blocked, id=1184, stack(0x0000008ae9600000,0x0000008ae9700000)]
  0x000002128e22db70 JavaThread "Unconstrained build operations Thread 50" [_thread_blocked, id=18912, stack(0x0000008ae9700000,0x0000008ae9800000)]
  0x000002128e22a1b0 JavaThread "Unconstrained build operations Thread 51" [_thread_blocked, id=22440, stack(0x0000008ae9800000,0x0000008ae9900000)]
  0x000002128e229810 JavaThread "Unconstrained build operations Thread 52" [_thread_blocked, id=1252, stack(0x0000008ae9900000,0x0000008ae9a00000)]
  0x000002128e229340 JavaThread "Unconstrained build operations Thread 53" [_thread_blocked, id=22620, stack(0x0000008ae9a00000,0x0000008ae9b00000)]
  0x000002128e22cd00 JavaThread "Unconstrained build operations Thread 54" [_thread_blocked, id=22536, stack(0x0000008ae9b00000,0x0000008ae9c00000)]
  0x000002128e229ce0 JavaThread "Unconstrained build operations Thread 55" [_thread_blocked, id=6788, stack(0x0000008ae9c00000,0x0000008ae9d00000)]
  0x000002128e228000 JavaThread "Unconstrained build operations Thread 56" [_thread_blocked, id=20804, stack(0x0000008ae9d00000,0x0000008ae9e00000)]
  0x000002128e22ab50 JavaThread "Unconstrained build operations Thread 57" [_thread_blocked, id=7316, stack(0x0000008ae9e00000,0x0000008ae9f00000)]
  0x000002128e22e510 JavaThread "Unconstrained build operations Thread 58" [_thread_blocked, id=21512, stack(0x0000008ae9f00000,0x0000008aea000000)]
  0x000002128e228e70 JavaThread "Unconstrained build operations Thread 59" [_thread_blocked, id=21764, stack(0x0000008aea000000,0x0000008aea100000)]
  0x000002128e22d1d0 JavaThread "Unconstrained build operations Thread 60" [_thread_blocked, id=22384, stack(0x0000008aea100000,0x0000008aea200000)]
  0x000002128e22b9c0 JavaThread "Unconstrained build operations Thread 61" [_thread_blocked, id=10556, stack(0x0000008aea200000,0x0000008aea300000)]
  0x000002128e2284d0 JavaThread "Unconstrained build operations Thread 62" [_thread_blocked, id=16100, stack(0x0000008aea300000,0x0000008aea400000)]
  0x000002128e22b020 JavaThread "Unconstrained build operations Thread 63" [_thread_blocked, id=17288, stack(0x0000008aea400000,0x0000008aea500000)]
  0x000002128e22be90 JavaThread "Unconstrained build operations Thread 64" [_thread_blocked, id=20864, stack(0x0000008aea500000,0x0000008aea600000)]
  0x000002128e22e9e0 JavaThread "Unconstrained build operations Thread 65" [_thread_blocked, id=23360, stack(0x0000008aea600000,0x0000008aea700000)]
  0x000002128e22c360 JavaThread "Unconstrained build operations Thread 66" [_thread_blocked, id=22136, stack(0x0000008aea700000,0x0000008aea800000)]
  0x000002128e22c830 JavaThread "Unconstrained build operations Thread 67" [_thread_blocked, id=17220, stack(0x0000008aea800000,0x0000008aea900000)]
  0x000002128e22eeb0 JavaThread "Unconstrained build operations Thread 68" [_thread_blocked, id=19492, stack(0x0000008aea900000,0x0000008aeaa00000)]
  0x000002128e2289a0 JavaThread "Unconstrained build operations Thread 69" [_thread_blocked, id=19204, stack(0x0000008aeaa00000,0x0000008aeab00000)]
  0x000002128a5d1bf0 JavaThread "Unconstrained build operations Thread 70" [_thread_blocked, id=20648, stack(0x0000008aeab00000,0x0000008aeac00000)]
  0x000002128a5d2a60 JavaThread "Unconstrained build operations Thread 71" [_thread_blocked, id=19672, stack(0x0000008aeac00000,0x0000008aead00000)]
  0x000002128a5cebd0 JavaThread "Unconstrained build operations Thread 72" [_thread_blocked, id=21592, stack(0x0000008aead00000,0x0000008aeae00000)]
  0x000002128a5ce700 JavaThread "Unconstrained build operations Thread 73" [_thread_blocked, id=21036, stack(0x0000008aeae00000,0x0000008aeaf00000)]
  0x000002128a5cf570 JavaThread "Unconstrained build operations Thread 74" [_thread_blocked, id=15516, stack(0x0000008aeaf00000,0x0000008aeb000000)]
  0x000002128a5d2f30 JavaThread "Unconstrained build operations Thread 75" [_thread_blocked, id=11208, stack(0x0000008aeb000000,0x0000008aeb100000)]
  0x000002128a5ccef0 JavaThread "Unconstrained build operations Thread 76" [_thread_blocked, id=14276, stack(0x0000008aeb100000,0x0000008aeb200000)]
  0x000002128a5cd890 JavaThread "Unconstrained build operations Thread 77" [_thread_blocked, id=4072, stack(0x0000008aeb200000,0x0000008aeb300000)]
  0x000002128a5cf0a0 JavaThread "Unconstrained build operations Thread 78" [_thread_blocked, id=20460, stack(0x0000008aeb300000,0x0000008aeb400000)]
  0x000002128a5d0d80 JavaThread "Unconstrained build operations Thread 79" [_thread_blocked, id=21840, stack(0x0000008aeb400000,0x0000008aeb500000)]
  0x000002128a5cfa40 JavaThread "Unconstrained build operations Thread 80" [_thread_blocked, id=23188, stack(0x0000008aeb500000,0x0000008aeb600000)]
  0x000002128a5d3400 JavaThread "Memory manager" [_thread_blocked, id=23008, stack(0x0000008aeb600000,0x0000008aeb700000)]
=>0x00000212881567e0 JavaThread "C2 CompilerThread1" daemon [_thread_in_native, id=11968, stack(0x0000008ae5100000,0x0000008ae5200000)]
  0x000002128a394f30 JavaThread "C2 CompilerThread2" daemon [_thread_in_native, id=8700, stack(0x0000008ae5200000,0x0000008ae5300000)]

Other Threads:
  0x00000212ff96cd30 VMThread "VM Thread" [stack: 0x0000008ae2f00000,0x0000008ae3000000] [id=19584]
  0x00000212e9b53d60 WatcherThread [stack: 0x0000008ae3b00000,0x0000008ae3c00000] [id=21708]
  0x00000212e9b1ad70 GCTaskThread "GC Thread#0" [stack: 0x0000008ae2a00000,0x0000008ae2b00000] [id=18332]
  0x00000212854a9b20 GCTaskThread "GC Thread#1" [stack: 0x0000008ae3e00000,0x0000008ae3f00000] [id=15972]
  0x00000212855b8020 GCTaskThread "GC Thread#2" [stack: 0x0000008ae3f00000,0x0000008ae4000000] [id=11316]
  0x00000212855b82d0 GCTaskThread "GC Thread#3" [stack: 0x0000008ae4000000,0x0000008ae4100000] [id=21536]
  0x00000212855b8580 GCTaskThread "GC Thread#4" [stack: 0x0000008ae4100000,0x0000008ae4200000] [id=22584]
  0x00000212855b8830 GCTaskThread "GC Thread#5" [stack: 0x0000008ae4200000,0x0000008ae4300000] [id=22924]
  0x0000021285924280 GCTaskThread "GC Thread#6" [stack: 0x0000008ae4b00000,0x0000008ae4c00000] [id=6996]
  0x0000021285b61eb0 GCTaskThread "GC Thread#7" [stack: 0x0000008ae4c00000,0x0000008ae4d00000] [id=22028]
  0x00000212e9b2bbc0 ConcurrentGCThread "G1 Main Marker" [stack: 0x0000008ae2b00000,0x0000008ae2c00000] [id=1152]
  0x00000212e9b2d4f0 ConcurrentGCThread "G1 Conc#0" [stack: 0x0000008ae2c00000,0x0000008ae2d00000] [id=23548]
  0x00000212848a7830 ConcurrentGCThread "G1 Conc#1" [stack: 0x0000008ae4d00000,0x0000008ae4e00000] [id=21380]
  0x00000212e9b8df40 ConcurrentGCThread "G1 Refine#0" [stack: 0x0000008ae2d00000,0x0000008ae2e00000] [id=1820]
  0x00000212e9b8e870 ConcurrentGCThread "G1 Service" [stack: 0x0000008ae2e00000,0x0000008ae2f00000] [id=20552]

Threads with active compile tasks:
C2 CompilerThread0     7519 8140       4       java.net.URLClassLoader$1::run (5 bytes)
C2 CompilerThread1     7519 8130   !   4       java.net.URLClassLoader::findClass (47 bytes)
C2 CompilerThread2     7519 8142   !   4       java.net.URLClassLoader$1::run (81 bytes)

VM state: not at safepoint (normal execution)

VM Mutex/Monitor currently owned by a thread: None

Heap address: 0x0000000080000000, size: 2048 MB, Compressed Oops mode: 32-bit

CDS archive(s) not mapped
Compressed class space mapped at: 0x0000000100000000-0x0000000140000000, reserved size: 1073741824
Narrow klass base: 0x0000000000000000, Narrow klass shift: 3, Narrow klass range: 0x140000000

GC Precious Log:
 CPUs: 8 total, 8 available
 Memory: 16106M
 Large Page Support: Disabled
 NUMA Support: Disabled
 Compressed Oops: Enabled (32-bit)
 Heap Region Size: 1M
 Heap Min Capacity: 8M
 Heap Initial Capacity: 252M
 Heap Max Capacity: 2G
 Pre-touch: Disabled
 Parallel Workers: 8
 Concurrent Workers: 2
 Concurrent Refinement Workers: 8
 Periodic GC: Disabled

Heap:
 garbage-first heap   total 245760K, used 137267K [0x0000000080000000, 0x0000000100000000)
  region size 1024K, 27 young (27648K), 7 survivors (7168K)
 Metaspace       used 93247K, committed 94080K, reserved 1130496K
  class space    used 12771K, committed 13120K, reserved 1048576K

Heap Regions: E=young(eden), S=young(survivor), O=old, HS=humongous(starts), HC=humongous(continues), CS=collection set, F=free, OA=open archive, CA=closed archive, TAMS=top-at-mark-start (previous, next)
|   0|0x0000000080000000, 0x0000000080100000, 0x0000000080100000|100%|HS|  |TAMS 0x0000000080100000, 0x0000000080100000| Complete 
|   1|0x0000000080100000, 0x0000000080200000, 0x0000000080200000|100%|HC|  |TAMS 0x0000000080200000, 0x0000000080200000| Complete 
|   2|0x0000000080200000, 0x0000000080300000, 0x0000000080300000|100%|HC|  |TAMS 0x0000000080300000, 0x0000000080300000| Complete 
|   3|0x0000000080300000, 0x0000000080400000, 0x0000000080400000|100%|HC|  |TAMS 0x0000000080400000, 0x0000000080400000| Complete 
|   4|0x0000000080400000, 0x0000000080500000, 0x0000000080500000|100%| O|  |TAMS 0x0000000080500000, 0x0000000080500000| Untracked 
|   5|0x0000000080500000, 0x0000000080600000, 0x0000000080600000|100%| O|  |TAMS 0x0000000080600000, 0x0000000080600000| Untracked 
|   6|0x0000000080600000, 0x0000000080700000, 0x0000000080700000|100%| O|  |TAMS 0x0000000080700000, 0x0000000080700000| Untracked 
|   7|0x0000000080700000, 0x0000000080800000, 0x0000000080800000|100%| O|  |TAMS 0x0000000080800000, 0x0000000080800000| Untracked 
|   8|0x0000000080800000, 0x0000000080900000, 0x0000000080900000|100%| O|  |TAMS 0x0000000080900000, 0x0000000080900000| Untracked 
|   9|0x0000000080900000, 0x0000000080a00000, 0x0000000080a00000|100%| O|  |TAMS 0x0000000080a00000, 0x0000000080a00000| Untracked 
|  10|0x0000000080a00000, 0x0000000080b00000, 0x0000000080b00000|100%| O|  |TAMS 0x0000000080b00000, 0x0000000080b00000| Untracked 
|  11|0x0000000080b00000, 0x0000000080c00000, 0x0000000080c00000|100%| O|  |TAMS 0x0000000080c00000, 0x0000000080c00000| Untracked 
|  12|0x0000000080c00000, 0x0000000080d00000, 0x0000000080d00000|100%| O|  |TAMS 0x0000000080d00000, 0x0000000080d00000| Untracked 
|  13|0x0000000080d00000, 0x0000000080e00000, 0x0000000080e00000|100%| O|  |TAMS 0x0000000080e00000, 0x0000000080e00000| Untracked 
|  14|0x0000000080e00000, 0x0000000080f00000, 0x0000000080f00000|100%| O|  |TAMS 0x0000000080f00000, 0x0000000080f00000| Untracked 
|  15|0x0000000080f00000, 0x0000000081000000, 0x0000000081000000|100%| O|  |TAMS 0x0000000081000000, 0x0000000081000000| Untracked 
|  16|0x0000000081000000, 0x0000000081100000, 0x0000000081100000|100%| O|  |TAMS 0x0000000081100000, 0x0000000081100000| Untracked 
|  17|0x0000000081100000, 0x0000000081200000, 0x0000000081200000|100%| O|  |TAMS 0x0000000081200000, 0x0000000081200000| Untracked 
|  18|0x0000000081200000, 0x0000000081300000, 0x0000000081300000|100%| O|  |TAMS 0x0000000081300000, 0x0000000081300000| Untracked 
|  19|0x0000000081300000, 0x0000000081400000, 0x0000000081400000|100%|HS|  |TAMS 0x0000000081400000, 0x0000000081400000| Complete 
|  20|0x0000000081400000, 0x0000000081500000, 0x0000000081500000|100%|HC|  |TAMS 0x0000000081500000, 0x0000000081500000| Complete 
|  21|0x0000000081500000, 0x0000000081600000, 0x0000000081600000|100%|HS|  |TAMS 0x0000000081600000, 0x0000000081600000| Complete 
|  22|0x0000000081600000, 0x0000000081700000, 0x0000000081700000|100%|HC|  |TAMS 0x0000000081700000, 0x0000000081700000| Complete 
|  23|0x0000000081700000, 0x0000000081800000, 0x0000000081800000|100%|HC|  |TAMS 0x0000000081800000, 0x0000000081800000| Complete 
|  24|0x0000000081800000, 0x0000000081900000, 0x0000000081900000|100%| O|  |TAMS 0x0000000081900000, 0x0000000081900000| Untracked 
|  25|0x0000000081900000, 0x0000000081a00000, 0x0000000081a00000|100%| O|  |TAMS 0x0000000081a00000, 0x0000000081a00000| Untracked 
|  26|0x0000000081a00000, 0x0000000081b00000, 0x0000000081b00000|100%| O|  |TAMS 0x0000000081b00000, 0x0000000081b00000| Untracked 
|  27|0x0000000081b00000, 0x0000000081c00000, 0x0000000081c00000|100%| O|  |TAMS 0x0000000081c00000, 0x0000000081c00000| Untracked 
|  28|0x0000000081c00000, 0x0000000081d00000, 0x0000000081d00000|100%|HS|  |TAMS 0x0000000081d00000, 0x0000000081d00000| Complete 
|  29|0x0000000081d00000, 0x0000000081e00000, 0x0000000081e00000|100%|HC|  |TAMS 0x0000000081e00000, 0x0000000081e00000| Complete 
|  30|0x0000000081e00000, 0x0000000081f00000, 0x0000000081f00000|100%|HC|  |TAMS 0x0000000081f00000, 0x0000000081f00000| Complete 
|  31|0x0000000081f00000, 0x0000000082000000, 0x0000000082000000|100%|HS|  |TAMS 0x0000000081f00000, 0x0000000082000000| Complete 
|  32|0x0000000082000000, 0x0000000082100000, 0x0000000082100000|100%|HS|  |TAMS 0x0000000082100000, 0x0000000082100000| Complete 
|  33|0x0000000082100000, 0x0000000082200000, 0x0000000082200000|100%|HC|  |TAMS 0x0000000082200000, 0x0000000082200000| Complete 
|  34|0x0000000082200000, 0x0000000082300000, 0x0000000082300000|100%|HC|  |TAMS 0x0000000082300000, 0x0000000082300000| Complete 
|  35|0x0000000082300000, 0x0000000082400000, 0x0000000082400000|100%|HC|  |TAMS 0x0000000082400000, 0x0000000082400000| Complete 
|  36|0x0000000082400000, 0x0000000082500000, 0x0000000082500000|100%|HC|  |TAMS 0x0000000082500000, 0x0000000082500000| Complete 
|  37|0x0000000082500000, 0x0000000082600000, 0x0000000082600000|100%|HC|  |TAMS 0x0000000082600000, 0x0000000082600000| Complete 
|  38|0x0000000082600000, 0x0000000082700000, 0x0000000082700000|100%|HC|  |TAMS 0x0000000082700000, 0x0000000082700000| Complete 
|  39|0x0000000082700000, 0x0000000082800000, 0x0000000082800000|100%|HC|  |TAMS 0x0000000082800000, 0x0000000082800000| Complete 
|  40|0x0000000082800000, 0x0000000082900000, 0x0000000082900000|100%|HC|  |TAMS 0x0000000082900000, 0x0000000082900000| Complete 
|  41|0x0000000082900000, 0x0000000082a00000, 0x0000000082a00000|100%|HC|  |TAMS 0x0000000082a00000, 0x0000000082a00000| Complete 
|  42|0x0000000082a00000, 0x0000000082b00000, 0x0000000082b00000|100%|HC|  |TAMS 0x0000000082b00000, 0x0000000082b00000| Complete 
|  43|0x0000000082b00000, 0x0000000082c00000, 0x0000000082c00000|100%|HC|  |TAMS 0x0000000082c00000, 0x0000000082c00000| Complete 
|  44|0x0000000082c00000, 0x0000000082d00000, 0x0000000082d00000|100%| O|  |TAMS 0x0000000082d00000, 0x0000000082d00000| Untracked 
|  45|0x0000000082d00000, 0x0000000082e00000, 0x0000000082e00000|100%|HS|  |TAMS 0x0000000082e00000, 0x0000000082e00000| Complete 
|  46|0x0000000082e00000, 0x0000000082f00000, 0x0000000082f00000|100%|HC|  |TAMS 0x0000000082f00000, 0x0000000082f00000| Complete 
|  47|0x0000000082f00000, 0x0000000083000000, 0x0000000083000000|100%| O|  |TAMS 0x0000000083000000, 0x0000000083000000| Untracked 
|  48|0x0000000083000000, 0x0000000083100000, 0x0000000083100000|100%| O|  |TAMS 0x0000000083100000, 0x0000000083100000| Untracked 
|  49|0x0000000083100000, 0x0000000083200000, 0x0000000083200000|100%| O|  |TAMS 0x0000000083200000, 0x0000000083200000| Untracked 
|  50|0x0000000083200000, 0x0000000083300000, 0x0000000083300000|100%| O|  |TAMS 0x0000000083300000, 0x0000000083300000| Untracked 
|  51|0x0000000083300000, 0x0000000083400000, 0x0000000083400000|100%| O|  |TAMS 0x0000000083400000, 0x0000000083400000| Untracked 
|  52|0x0000000083400000, 0x0000000083500000, 0x0000000083500000|100%| O|  |TAMS 0x0000000083500000, 0x0000000083500000| Untracked 
|  53|0x0000000083500000, 0x0000000083600000, 0x0000000083600000|100%| O|  |TAMS 0x0000000083600000, 0x0000000083600000| Untracked 
|  54|0x0000000083600000, 0x0000000083700000, 0x0000000083700000|100%| O|  |TAMS 0x0000000083700000, 0x0000000083700000| Untracked 
|  55|0x0000000083700000, 0x0000000083800000, 0x0000000083800000|100%| O|  |TAMS 0x0000000083800000, 0x0000000083800000| Untracked 
|  56|0x0000000083800000, 0x0000000083900000, 0x0000000083900000|100%|HS|  |TAMS 0x0000000083900000, 0x0000000083900000| Complete 
|  57|0x0000000083900000, 0x0000000083a00000, 0x0000000083a00000|100%|HC|  |TAMS 0x0000000083a00000, 0x0000000083a00000| Complete 
|  58|0x0000000083a00000, 0x0000000083b00000, 0x0000000083b00000|100%|HC|  |TAMS 0x0000000083b00000, 0x0000000083b00000| Complete 
|  59|0x0000000083b00000, 0x0000000083c00000, 0x0000000083c00000|100%|HS|  |TAMS 0x0000000083c00000, 0x0000000083c00000| Complete 
|  60|0x0000000083c00000, 0x0000000083d00000, 0x0000000083d00000|100%|HC|  |TAMS 0x0000000083d00000, 0x0000000083d00000| Complete 
|  61|0x0000000083d00000, 0x0000000083e00000, 0x0000000083e00000|100%|HC|  |TAMS 0x0000000083e00000, 0x0000000083e00000| Complete 
|  62|0x0000000083e00000, 0x0000000083f00000, 0x0000000083f00000|100%| O|  |TAMS 0x0000000083f00000, 0x0000000083f00000| Untracked 
|  63|0x0000000083f00000, 0x0000000084000000, 0x0000000084000000|100%| O|  |TAMS 0x0000000084000000, 0x0000000084000000| Untracked 
|  64|0x0000000084000000, 0x0000000084100000, 0x0000000084100000|100%| O|  |TAMS 0x0000000084100000, 0x0000000084100000| Untracked 
|  65|0x0000000084100000, 0x0000000084200000, 0x0000000084200000|100%| O|  |TAMS 0x0000000084200000, 0x0000000084200000| Untracked 
|  66|0x0000000084200000, 0x0000000084300000, 0x0000000084300000|100%| O|  |TAMS 0x0000000084300000, 0x0000000084300000| Untracked 
|  67|0x0000000084300000, 0x0000000084400000, 0x0000000084400000|100%| O|  |TAMS 0x0000000084400000, 0x0000000084400000| Untracked 
|  68|0x0000000084400000, 0x0000000084500000, 0x0000000084500000|100%| O|  |TAMS 0x0000000084500000, 0x0000000084500000| Untracked 
|  69|0x0000000084500000, 0x0000000084600000, 0x0000000084600000|100%| O|  |TAMS 0x0000000084600000, 0x0000000084600000| Untracked 
|  70|0x0000000084600000, 0x0000000084700000, 0x0000000084700000|100%| O|  |TAMS 0x00000000846e0200, 0x0000000084700000| Untracked 
|  71|0x0000000084700000, 0x0000000084800000, 0x0000000084800000|100%|HS|  |TAMS 0x0000000084700000, 0x0000000084800000| Complete 
|  72|0x0000000084800000, 0x0000000084900000, 0x0000000084900000|100%|HS|  |TAMS 0x0000000084800000, 0x0000000084900000| Complete 
|  73|0x0000000084900000, 0x0000000084a00000, 0x0000000084a00000|100%|HC|  |TAMS 0x0000000084900000, 0x0000000084a00000| Complete 
|  74|0x0000000084a00000, 0x0000000084b00000, 0x0000000084b00000|100%|HS|  |TAMS 0x0000000084a00000, 0x0000000084b00000| Complete 
|  75|0x0000000084b00000, 0x0000000084c00000, 0x0000000084c00000|100%|HS|  |TAMS 0x0000000084b00000, 0x0000000084c00000| Complete 
|  76|0x0000000084c00000, 0x0000000084d00000, 0x0000000084d00000|100%|HC|  |TAMS 0x0000000084c00000, 0x0000000084d00000| Complete 
|  77|0x0000000084d00000, 0x0000000084e00000, 0x0000000084e00000|100%|HC|  |TAMS 0x0000000084d00000, 0x0000000084e00000| Complete 
|  78|0x0000000084e00000, 0x0000000084f00000, 0x0000000084f00000|100%|HC|  |TAMS 0x0000000084e00000, 0x0000000084f00000| Complete 
|  79|0x0000000084f00000, 0x0000000085000000, 0x0000000085000000|100%| O|  |TAMS 0x0000000084f00000, 0x0000000085000000| Untracked 
|  80|0x0000000085000000, 0x0000000085100000, 0x0000000085100000|100%| O|  |TAMS 0x0000000085000000, 0x0000000085100000| Untracked 
|  81|0x0000000085100000, 0x0000000085200000, 0x0000000085200000|100%|HS|  |TAMS 0x0000000085100000, 0x0000000085200000| Complete 
|  82|0x0000000085200000, 0x0000000085300000, 0x0000000085300000|100%|HC|  |TAMS 0x0000000085200000, 0x0000000085300000| Complete 
|  83|0x0000000085300000, 0x0000000085400000, 0x0000000085400000|100%|HC|  |TAMS 0x0000000085300000, 0x0000000085400000| Complete 
|  84|0x0000000085400000, 0x0000000085500000, 0x0000000085500000|100%|HC|  |TAMS 0x0000000085400000, 0x0000000085500000| Complete 
|  85|0x0000000085500000, 0x0000000085600000, 0x0000000085600000|100%| O|  |TAMS 0x0000000085500000, 0x0000000085600000| Untracked 
|  86|0x0000000085600000, 0x0000000085700000, 0x0000000085700000|100%| O|  |TAMS 0x0000000085600000, 0x0000000085700000| Untracked 
|  87|0x0000000085700000, 0x0000000085800000, 0x0000000085800000|100%| O|  |TAMS 0x0000000085700000, 0x0000000085800000| Untracked 
|  88|0x0000000085800000, 0x0000000085900000, 0x0000000085900000|100%| O|  |TAMS 0x0000000085800000, 0x0000000085900000| Untracked 
|  89|0x0000000085900000, 0x0000000085a00000, 0x0000000085a00000|100%| O|  |TAMS 0x0000000085900000, 0x0000000085a00000| Untracked 
|  90|0x0000000085a00000, 0x0000000085b00000, 0x0000000085b00000|100%| O|  |TAMS 0x0000000085a00000, 0x0000000085b00000| Untracked 
|  91|0x0000000085b00000, 0x0000000085c00000, 0x0000000085c00000|100%| O|  |TAMS 0x0000000085b00000, 0x0000000085c00000| Untracked 
|  92|0x0000000085c00000, 0x0000000085d00000, 0x0000000085d00000|100%| O|  |TAMS 0x0000000085c00000, 0x0000000085d00000| Untracked 
|  93|0x0000000085d00000, 0x0000000085e00000, 0x0000000085e00000|100%| O|  |TAMS 0x0000000085d00000, 0x0000000085e00000| Untracked 
|  94|0x0000000085e00000, 0x0000000085f00000, 0x0000000085f00000|100%| O|  |TAMS 0x0000000085e00000, 0x0000000085f00000| Untracked 
|  95|0x0000000085f00000, 0x0000000086000000, 0x0000000086000000|100%| O|  |TAMS 0x0000000085f00000, 0x0000000086000000| Untracked 
|  96|0x0000000086000000, 0x0000000086100000, 0x0000000086100000|100%| O|  |TAMS 0x0000000086000000, 0x0000000086100000| Untracked 
|  97|0x0000000086100000, 0x0000000086200000, 0x0000000086200000|100%| O|  |TAMS 0x0000000086100000, 0x0000000086200000| Untracked 
|  98|0x0000000086200000, 0x0000000086300000, 0x0000000086300000|100%| O|  |TAMS 0x0000000086200000, 0x0000000086300000| Untracked 
|  99|0x0000000086300000, 0x0000000086400000, 0x0000000086400000|100%| O|  |TAMS 0x0000000086300000, 0x0000000086400000| Untracked 
| 100|0x0000000086400000, 0x0000000086500000, 0x0000000086500000|100%| O|  |TAMS 0x0000000086400000, 0x0000000086500000| Untracked 
| 101|0x0000000086500000, 0x0000000086600000, 0x0000000086600000|100%| O|  |TAMS 0x0000000086500000, 0x0000000086600000| Untracked 
| 102|0x0000000086600000, 0x00000000866c3000, 0x0000000086700000| 76%| O|  |TAMS 0x0000000086600000, 0x00000000866c3000| Untracked 
| 103|0x0000000086700000, 0x0000000086800000, 0x0000000086800000|100%|HS|  |TAMS 0x0000000086700000, 0x0000000086700000| Complete 
| 104|0x0000000086800000, 0x0000000086900000, 0x0000000086900000|100%|HC|  |TAMS 0x0000000086800000, 0x0000000086800000| Complete 
| 105|0x0000000086900000, 0x0000000086a00000, 0x0000000086a00000|100%|HC|  |TAMS 0x0000000086900000, 0x0000000086900000| Complete 
| 106|0x0000000086a00000, 0x0000000086b00000, 0x0000000086b00000|100%|HC|  |TAMS 0x0000000086a00000, 0x0000000086a00000| Complete 
| 107|0x0000000086b00000, 0x0000000086c00000, 0x0000000086c00000|100%|HC|  |TAMS 0x0000000086b00000, 0x0000000086b00000| Complete 
| 108|0x0000000086c00000, 0x0000000086d00000, 0x0000000086d00000|100%|HC|  |TAMS 0x0000000086c00000, 0x0000000086c00000| Complete 
| 109|0x0000000086d00000, 0x0000000086d00000, 0x0000000086e00000|  0%| F|  |TAMS 0x0000000086d00000, 0x0000000086d00000| Untracked 
| 110|0x0000000086e00000, 0x0000000086e00000, 0x0000000086f00000|  0%| F|  |TAMS 0x0000000086e00000, 0x0000000086e00000| Untracked 
| 111|0x0000000086f00000, 0x0000000086f00000, 0x0000000087000000|  0%| F|  |TAMS 0x0000000086f00000, 0x0000000086f00000| Untracked 
| 112|0x0000000087000000, 0x0000000087000000, 0x0000000087100000|  0%| F|  |TAMS 0x0000000087000000, 0x0000000087000000| Untracked 
| 113|0x0000000087100000, 0x0000000087100000, 0x0000000087200000|  0%| F|  |TAMS 0x0000000087100000, 0x0000000087100000| Untracked 
| 114|0x0000000087200000, 0x0000000087200000, 0x0000000087300000|  0%| F|  |TAMS 0x0000000087200000, 0x0000000087200000| Untracked 
| 115|0x0000000087300000, 0x0000000087300000, 0x0000000087400000|  0%| F|  |TAMS 0x0000000087300000, 0x0000000087300000| Untracked 
| 116|0x0000000087400000, 0x0000000087400000, 0x0000000087500000|  0%| F|  |TAMS 0x0000000087400000, 0x0000000087400000| Untracked 
| 117|0x0000000087500000, 0x0000000087500000, 0x0000000087600000|  0%| F|  |TAMS 0x0000000087500000, 0x0000000087500000| Untracked 
| 118|0x0000000087600000, 0x0000000087600000, 0x0000000087700000|  0%| F|  |TAMS 0x0000000087600000, 0x0000000087600000| Untracked 
| 119|0x0000000087700000, 0x0000000087700000, 0x0000000087800000|  0%| F|  |TAMS 0x0000000087700000, 0x0000000087700000| Untracked 
| 120|0x0000000087800000, 0x0000000087800000, 0x0000000087900000|  0%| F|  |TAMS 0x0000000087800000, 0x0000000087800000| Untracked 
| 121|0x0000000087900000, 0x0000000087900000, 0x0000000087a00000|  0%| F|  |TAMS 0x0000000087900000, 0x0000000087900000| Untracked 
| 122|0x0000000087a00000, 0x0000000087a00000, 0x0000000087b00000|  0%| F|  |TAMS 0x0000000087a00000, 0x0000000087a00000| Untracked 
| 123|0x0000000087b00000, 0x0000000087b00000, 0x0000000087c00000|  0%| F|  |TAMS 0x0000000087b00000, 0x0000000087b00000| Untracked 
| 124|0x0000000087c00000, 0x0000000087c00000, 0x0000000087d00000|  0%| F|  |TAMS 0x0000000087c00000, 0x0000000087c00000| Untracked 
| 125|0x0000000087d00000, 0x0000000087d00000, 0x0000000087e00000|  0%| F|  |TAMS 0x0000000087d00000, 0x0000000087d00000| Untracked 
| 126|0x0000000087e00000, 0x0000000087e00000, 0x0000000087f00000|  0%| F|  |TAMS 0x0000000087e00000, 0x0000000087e00000| Untracked 
| 127|0x0000000087f00000, 0x0000000087f00000, 0x0000000088000000|  0%| F|  |TAMS 0x0000000087f00000, 0x0000000087f00000| Untracked 
| 128|0x0000000088000000, 0x0000000088000000, 0x0000000088100000|  0%| F|  |TAMS 0x0000000088000000, 0x0000000088000000| Untracked 
| 129|0x0000000088100000, 0x0000000088100000, 0x0000000088200000|  0%| F|  |TAMS 0x0000000088100000, 0x0000000088100000| Untracked 
| 130|0x0000000088200000, 0x0000000088200000, 0x0000000088300000|  0%| F|  |TAMS 0x0000000088200000, 0x0000000088200000| Untracked 
| 131|0x0000000088300000, 0x0000000088300000, 0x0000000088400000|  0%| F|  |TAMS 0x0000000088300000, 0x0000000088300000| Untracked 
| 132|0x0000000088400000, 0x0000000088400000, 0x0000000088500000|  0%| F|  |TAMS 0x0000000088400000, 0x0000000088400000| Untracked 
| 133|0x0000000088500000, 0x0000000088500000, 0x0000000088600000|  0%| F|  |TAMS 0x0000000088500000, 0x0000000088500000| Untracked 
| 134|0x0000000088600000, 0x0000000088600000, 0x0000000088700000|  0%| F|  |TAMS 0x0000000088600000, 0x0000000088600000| Untracked 
| 135|0x0000000088700000, 0x0000000088700000, 0x0000000088800000|  0%| F|  |TAMS 0x0000000088700000, 0x0000000088700000| Untracked 
| 136|0x0000000088800000, 0x0000000088800000, 0x0000000088900000|  0%| F|  |TAMS 0x0000000088800000, 0x0000000088800000| Untracked 
| 137|0x0000000088900000, 0x0000000088900000, 0x0000000088a00000|  0%| F|  |TAMS 0x0000000088900000, 0x0000000088900000| Untracked 
| 138|0x0000000088a00000, 0x0000000088a00000, 0x0000000088b00000|  0%| F|  |TAMS 0x0000000088a00000, 0x0000000088a00000| Untracked 
| 139|0x0000000088b00000, 0x0000000088b00000, 0x0000000088c00000|  0%| F|  |TAMS 0x0000000088b00000, 0x0000000088b00000| Untracked 
| 140|0x0000000088c00000, 0x0000000088c00000, 0x0000000088d00000|  0%| F|  |TAMS 0x0000000088c00000, 0x0000000088c00000| Untracked 
| 141|0x0000000088d00000, 0x0000000088d00000, 0x0000000088e00000|  0%| F|  |TAMS 0x0000000088d00000, 0x0000000088d00000| Untracked 
| 142|0x0000000088e00000, 0x0000000088e00000, 0x0000000088f00000|  0%| F|  |TAMS 0x0000000088e00000, 0x0000000088e00000| Untracked 
| 143|0x0000000088f00000, 0x0000000088f00000, 0x0000000089000000|  0%| F|  |TAMS 0x0000000088f00000, 0x0000000088f00000| Untracked 
| 144|0x0000000089000000, 0x0000000089000000, 0x0000000089100000|  0%| F|  |TAMS 0x0000000089000000, 0x0000000089000000| Untracked 
| 145|0x0000000089100000, 0x0000000089100000, 0x0000000089200000|  0%| F|  |TAMS 0x0000000089100000, 0x0000000089100000| Untracked 
| 146|0x0000000089200000, 0x0000000089200000, 0x0000000089300000|  0%| F|  |TAMS 0x0000000089200000, 0x0000000089200000| Untracked 
| 147|0x0000000089300000, 0x0000000089300000, 0x0000000089400000|  0%| F|  |TAMS 0x0000000089300000, 0x0000000089300000| Untracked 
| 148|0x0000000089400000, 0x0000000089400000, 0x0000000089500000|  0%| F|  |TAMS 0x0000000089400000, 0x0000000089400000| Untracked 
| 149|0x0000000089500000, 0x0000000089500000, 0x0000000089600000|  0%| F|  |TAMS 0x0000000089500000, 0x0000000089500000| Untracked 
| 150|0x0000000089600000, 0x0000000089600000, 0x0000000089700000|  0%| F|  |TAMS 0x0000000089600000, 0x0000000089600000| Untracked 
| 151|0x0000000089700000, 0x0000000089700000, 0x0000000089800000|  0%| F|  |TAMS 0x0000000089700000, 0x0000000089700000| Untracked 
| 152|0x0000000089800000, 0x0000000089800000, 0x0000000089900000|  0%| F|  |TAMS 0x0000000089800000, 0x0000000089800000| Untracked 
| 153|0x0000000089900000, 0x0000000089900000, 0x0000000089a00000|  0%| F|  |TAMS 0x0000000089900000, 0x0000000089900000| Untracked 
| 154|0x0000000089a00000, 0x0000000089a00000, 0x0000000089b00000|  0%| F|  |TAMS 0x0000000089a00000, 0x0000000089a00000| Untracked 
| 155|0x0000000089b00000, 0x0000000089b00000, 0x0000000089c00000|  0%| F|  |TAMS 0x0000000089b00000, 0x0000000089b00000| Untracked 
| 156|0x0000000089c00000, 0x0000000089c00000, 0x0000000089d00000|  0%| F|  |TAMS 0x0000000089c00000, 0x0000000089c00000| Untracked 
| 157|0x0000000089d00000, 0x0000000089d00000, 0x0000000089e00000|  0%| F|  |TAMS 0x0000000089d00000, 0x0000000089d00000| Untracked 
| 158|0x0000000089e00000, 0x0000000089e00000, 0x0000000089f00000|  0%| F|  |TAMS 0x0000000089e00000, 0x0000000089e00000| Untracked 
| 159|0x0000000089f00000, 0x0000000089f00000, 0x000000008a000000|  0%| F|  |TAMS 0x0000000089f00000, 0x0000000089f00000| Untracked 
| 160|0x000000008a000000, 0x000000008a000000, 0x000000008a100000|  0%| F|  |TAMS 0x000000008a000000, 0x000000008a000000| Untracked 
| 161|0x000000008a100000, 0x000000008a100000, 0x000000008a200000|  0%| F|  |TAMS 0x000000008a100000, 0x000000008a100000| Untracked 
| 162|0x000000008a200000, 0x000000008a200000, 0x000000008a300000|  0%| F|  |TAMS 0x000000008a200000, 0x000000008a200000| Untracked 
| 163|0x000000008a300000, 0x000000008a300000, 0x000000008a400000|  0%| F|  |TAMS 0x000000008a300000, 0x000000008a300000| Untracked 
| 164|0x000000008a400000, 0x000000008a400000, 0x000000008a500000|  0%| F|  |TAMS 0x000000008a400000, 0x000000008a400000| Untracked 
| 165|0x000000008a500000, 0x000000008a500000, 0x000000008a600000|  0%| F|  |TAMS 0x000000008a500000, 0x000000008a500000| Untracked 
| 166|0x000000008a600000, 0x000000008a600000, 0x000000008a700000|  0%| F|  |TAMS 0x000000008a600000, 0x000000008a600000| Untracked 
| 167|0x000000008a700000, 0x000000008a700000, 0x000000008a800000|  0%| F|  |TAMS 0x000000008a700000, 0x000000008a700000| Untracked 
| 168|0x000000008a800000, 0x000000008a800000, 0x000000008a900000|  0%| F|  |TAMS 0x000000008a800000, 0x000000008a800000| Untracked 
| 169|0x000000008a900000, 0x000000008a900000, 0x000000008aa00000|  0%| F|  |TAMS 0x000000008a900000, 0x000000008a900000| Untracked 
| 170|0x000000008aa00000, 0x000000008aa00000, 0x000000008ab00000|  0%| F|  |TAMS 0x000000008aa00000, 0x000000008aa00000| Untracked 
| 171|0x000000008ab00000, 0x000000008ab00000, 0x000000008ac00000|  0%| F|  |TAMS 0x000000008ab00000, 0x000000008ab00000| Untracked 
| 172|0x000000008ac00000, 0x000000008ac00000, 0x000000008ad00000|  0%| F|  |TAMS 0x000000008ac00000, 0x000000008ac00000| Untracked 
| 173|0x000000008ad00000, 0x000000008ad00000, 0x000000008ae00000|  0%| F|  |TAMS 0x000000008ad00000, 0x000000008ad00000| Untracked 
| 174|0x000000008ae00000, 0x000000008ae00000, 0x000000008af00000|  0%| F|  |TAMS 0x000000008ae00000, 0x000000008ae00000| Untracked 
| 175|0x000000008af00000, 0x000000008af00000, 0x000000008b000000|  0%| F|  |TAMS 0x000000008af00000, 0x000000008af00000| Untracked 
| 176|0x000000008b000000, 0x000000008b000000, 0x000000008b100000|  0%| F|  |TAMS 0x000000008b000000, 0x000000008b000000| Untracked 
| 177|0x000000008b100000, 0x000000008b100000, 0x000000008b200000|  0%| F|  |TAMS 0x000000008b100000, 0x000000008b100000| Untracked 
| 178|0x000000008b200000, 0x000000008b200000, 0x000000008b300000|  0%| F|  |TAMS 0x000000008b200000, 0x000000008b200000| Untracked 
| 179|0x000000008b300000, 0x000000008b300000, 0x000000008b400000|  0%| F|  |TAMS 0x000000008b300000, 0x000000008b300000| Untracked 
| 180|0x000000008b400000, 0x000000008b400000, 0x000000008b500000|  0%| F|  |TAMS 0x000000008b400000, 0x000000008b400000| Untracked 
| 181|0x000000008b500000, 0x000000008b500000, 0x000000008b600000|  0%| F|  |TAMS 0x000000008b500000, 0x000000008b500000| Untracked 
| 182|0x000000008b600000, 0x000000008b600000, 0x000000008b700000|  0%| F|  |TAMS 0x000000008b600000, 0x000000008b600000| Untracked 
| 183|0x000000008b700000, 0x000000008b700000, 0x000000008b800000|  0%| F|  |TAMS 0x000000008b700000, 0x000000008b700000| Untracked 
| 184|0x000000008b800000, 0x000000008b800000, 0x000000008b900000|  0%| F|  |TAMS 0x000000008b800000, 0x000000008b800000| Untracked 
| 185|0x000000008b900000, 0x000000008b900000, 0x000000008ba00000|  0%| F|  |TAMS 0x000000008b900000, 0x000000008b900000| Untracked 
| 186|0x000000008ba00000, 0x000000008ba00000, 0x000000008bb00000|  0%| F|  |TAMS 0x000000008ba00000, 0x000000008ba00000| Untracked 
| 187|0x000000008bb00000, 0x000000008bb00000, 0x000000008bc00000|  0%| F|  |TAMS 0x000000008bb00000, 0x000000008bb00000| Untracked 
| 188|0x000000008bc00000, 0x000000008bc00000, 0x000000008bd00000|  0%| F|  |TAMS 0x000000008bc00000, 0x000000008bc00000| Untracked 
| 189|0x000000008bd00000, 0x000000008bd00000, 0x000000008be00000|  0%| F|  |TAMS 0x000000008bd00000, 0x000000008bd00000| Untracked 
| 190|0x000000008be00000, 0x000000008be00000, 0x000000008bf00000|  0%| F|  |TAMS 0x000000008be00000, 0x000000008be00000| Untracked 
| 191|0x000000008bf00000, 0x000000008bf00000, 0x000000008c000000|  0%| F|  |TAMS 0x000000008bf00000, 0x000000008bf00000| Untracked 
| 192|0x000000008c000000, 0x000000008c000000, 0x000000008c100000|  0%| F|  |TAMS 0x000000008c000000, 0x000000008c000000| Untracked 
| 193|0x000000008c100000, 0x000000008c100000, 0x000000008c200000|  0%| F|  |TAMS 0x000000008c100000, 0x000000008c100000| Untracked 
| 194|0x000000008c200000, 0x000000008c200000, 0x000000008c300000|  0%| F|  |TAMS 0x000000008c200000, 0x000000008c200000| Untracked 
| 195|0x000000008c300000, 0x000000008c300000, 0x000000008c400000|  0%| F|  |TAMS 0x000000008c300000, 0x000000008c300000| Untracked 
| 196|0x000000008c400000, 0x000000008c400000, 0x000000008c500000|  0%| F|  |TAMS 0x000000008c400000, 0x000000008c400000| Untracked 
| 197|0x000000008c500000, 0x000000008c500000, 0x000000008c600000|  0%| F|  |TAMS 0x000000008c500000, 0x000000008c500000| Untracked 
| 198|0x000000008c600000, 0x000000008c600000, 0x000000008c700000|  0%| F|  |TAMS 0x000000008c600000, 0x000000008c600000| Untracked 
| 199|0x000000008c700000, 0x000000008c700000, 0x000000008c800000|  0%| F|  |TAMS 0x000000008c700000, 0x000000008c700000| Untracked 
| 200|0x000000008c800000, 0x000000008c800000, 0x000000008c900000|  0%| F|  |TAMS 0x000000008c800000, 0x000000008c800000| Untracked 
| 201|0x000000008c900000, 0x000000008c900000, 0x000000008ca00000|  0%| F|  |TAMS 0x000000008c900000, 0x000000008c900000| Untracked 
| 202|0x000000008ca00000, 0x000000008ca00000, 0x000000008cb00000|  0%| F|  |TAMS 0x000000008ca00000, 0x000000008ca00000| Untracked 
| 203|0x000000008cb00000, 0x000000008cb00000, 0x000000008cc00000|  0%| F|  |TAMS 0x000000008cb00000, 0x000000008cb00000| Untracked 
| 204|0x000000008cc00000, 0x000000008cc00000, 0x000000008cd00000|  0%| F|  |TAMS 0x000000008cc00000, 0x000000008cc00000| Untracked 
| 205|0x000000008cd00000, 0x000000008cd00000, 0x000000008ce00000|  0%| F|  |TAMS 0x000000008cd00000, 0x000000008cd00000| Untracked 
| 206|0x000000008ce00000, 0x000000008ce00000, 0x000000008cf00000|  0%| F|  |TAMS 0x000000008ce00000, 0x000000008ce00000| Untracked 
| 207|0x000000008cf00000, 0x000000008cf00000, 0x000000008d000000|  0%| F|  |TAMS 0x000000008cf00000, 0x000000008cf00000| Untracked 
| 208|0x000000008d000000, 0x000000008d049e20, 0x000000008d100000| 28%| S|CS|TAMS 0x000000008d000000, 0x000000008d000000| Complete 
| 209|0x000000008d100000, 0x000000008d200000, 0x000000008d200000|100%| S|CS|TAMS 0x000000008d100000, 0x000000008d100000| Complete 
| 210|0x000000008d200000, 0x000000008d300000, 0x000000008d300000|100%| S|CS|TAMS 0x000000008d200000, 0x000000008d200000| Complete 
| 211|0x000000008d300000, 0x000000008d400000, 0x000000008d400000|100%| S|CS|TAMS 0x000000008d300000, 0x000000008d300000| Complete 
| 212|0x000000008d400000, 0x000000008d500000, 0x000000008d500000|100%| S|CS|TAMS 0x000000008d400000, 0x000000008d400000| Complete 
| 213|0x000000008d500000, 0x000000008d600000, 0x000000008d600000|100%| S|CS|TAMS 0x000000008d500000, 0x000000008d500000| Complete 
| 214|0x000000008d600000, 0x000000008d700000, 0x000000008d700000|100%| S|CS|TAMS 0x000000008d600000, 0x000000008d600000| Complete 
| 215|0x000000008d700000, 0x000000008d700000, 0x000000008d800000|  0%| F|  |TAMS 0x000000008d700000, 0x000000008d700000| Untracked 
| 216|0x000000008d800000, 0x000000008d800000, 0x000000008d900000|  0%| F|  |TAMS 0x000000008d800000, 0x000000008d800000| Untracked 
| 217|0x000000008d900000, 0x000000008d900000, 0x000000008da00000|  0%| F|  |TAMS 0x000000008d900000, 0x000000008d900000| Untracked 
| 218|0x000000008da00000, 0x000000008da00000, 0x000000008db00000|  0%| F|  |TAMS 0x000000008da00000, 0x000000008da00000| Untracked 
| 219|0x000000008db00000, 0x000000008db80620, 0x000000008dc00000| 50%| E|  |TAMS 0x000000008db00000, 0x000000008db00000| Complete 
| 220|0x000000008dc00000, 0x000000008dd00000, 0x000000008dd00000|100%| E|CS|TAMS 0x000000008dc00000, 0x000000008dc00000| Complete 
| 221|0x000000008dd00000, 0x000000008de00000, 0x000000008de00000|100%| E|CS|TAMS 0x000000008dd00000, 0x000000008dd00000| Complete 
| 222|0x000000008de00000, 0x000000008df00000, 0x000000008df00000|100%| E|CS|TAMS 0x000000008de00000, 0x000000008de00000| Complete 
| 223|0x000000008df00000, 0x000000008e000000, 0x000000008e000000|100%| E|CS|TAMS 0x000000008df00000, 0x000000008df00000| Complete 
| 224|0x000000008e000000, 0x000000008e100000, 0x000000008e100000|100%| E|CS|TAMS 0x000000008e000000, 0x000000008e000000| Complete 
| 225|0x000000008e100000, 0x000000008e200000, 0x000000008e200000|100%| E|CS|TAMS 0x000000008e100000, 0x000000008e100000| Complete 
| 226|0x000000008e200000, 0x000000008e300000, 0x000000008e300000|100%| E|CS|TAMS 0x000000008e200000, 0x000000008e200000| Complete 
| 227|0x000000008e300000, 0x000000008e400000, 0x000000008e400000|100%| E|CS|TAMS 0x000000008e300000, 0x000000008e300000| Complete 
| 228|0x000000008e400000, 0x000000008e500000, 0x000000008e500000|100%| E|CS|TAMS 0x000000008e400000, 0x000000008e400000| Complete 
| 229|0x000000008e500000, 0x000000008e600000, 0x000000008e600000|100%| E|CS|TAMS 0x000000008e500000, 0x000000008e500000| Complete 
| 230|0x000000008e600000, 0x000000008e700000, 0x000000008e700000|100%| E|CS|TAMS 0x000000008e600000, 0x000000008e600000| Complete 
| 231|0x000000008e700000, 0x000000008e800000, 0x000000008e800000|100%| E|CS|TAMS 0x000000008e700000, 0x000000008e700000| Complete 
| 232|0x000000008e800000, 0x000000008e900000, 0x000000008e900000|100%| E|CS|TAMS 0x000000008e800000, 0x000000008e800000| Complete 
| 233|0x000000008e900000, 0x000000008ea00000, 0x000000008ea00000|100%| E|CS|TAMS 0x000000008e900000, 0x000000008e900000| Complete 
| 234|0x000000008ea00000, 0x000000008eb00000, 0x000000008eb00000|100%| E|CS|TAMS 0x000000008ea00000, 0x000000008ea00000| Complete 
| 235|0x000000008eb00000, 0x000000008ec00000, 0x000000008ec00000|100%| E|CS|TAMS 0x000000008eb00000, 0x000000008eb00000| Complete 
| 236|0x000000008ec00000, 0x000000008ed00000, 0x000000008ed00000|100%| E|CS|TAMS 0x000000008ec00000, 0x000000008ec00000| Complete 
| 237|0x000000008ed00000, 0x000000008ee00000, 0x000000008ee00000|100%| E|CS|TAMS 0x000000008ed00000, 0x000000008ed00000| Complete 
| 238|0x000000008ee00000, 0x000000008ef00000, 0x000000008ef00000|100%| E|CS|TAMS 0x000000008ee00000, 0x000000008ee00000| Complete 
| 251|0x000000008fb00000, 0x000000008fc00000, 0x000000008fc00000|100%| E|CS|TAMS 0x000000008fb00000, 0x000000008fb00000| Complete 

Card table byte_map: [0x00000212fc6c0000,0x00000212fcac0000] _byte_map_base: 0x00000212fc2c0000

Marking Bits (Prev, Next): (CMBitMap*) 0x00000212e9b1b290, (CMBitMap*) 0x00000212e9b1b2d0
 Prev Bits: [0x00000212fcec0000, 0x00000212feec0000)
 Next Bits: [0x0000021280000000, 0x0000021282000000)

Polling page: 0x00000212e7c60000

Metaspace:

Usage:
  Non-class:     78.60 MB used.
      Class:     12.47 MB used.
       Both:     91.08 MB used.

Virtual space:
  Non-class space:       80.00 MB reserved,      79.06 MB ( 99%) committed,  10 nodes.
      Class space:        1.00 GB reserved,      12.81 MB (  1%) committed,  1 nodes.
             Both:        1.08 GB reserved,      91.88 MB (  8%) committed. 

Chunk freelists:
   Non-Class:  16.00 KB
       Class:  3.23 MB
        Both:  3.25 MB

MaxMetaspaceSize: unlimited
CompressedClassSpaceSize: 1.00 GB
Initial GC threshold: 21.00 MB
Current GC threshold: 92.62 MB
CDS: off
MetaspaceReclaimPolicy: balanced
 - commit_granule_bytes: 65536.
 - commit_granule_words: 8192.
 - virtual_space_node_default_size: 1048576.
 - enlarge_chunks_in_place: 1.
 - new_chunks_are_fully_committed: 0.
 - uncommit_free_chunks: 1.
 - use_allocation_guard: 0.
 - handle_deallocations: 1.


Internal statistics:

num_allocs_failed_limit: 3.
num_arena_births: 918.
num_arena_deaths: 0.
num_vsnodes_births: 11.
num_vsnodes_deaths: 0.
num_space_committed: 1469.
num_space_uncommitted: 0.
num_chunks_returned_to_freelist: 3.
num_chunks_taken_from_freelist: 4145.
num_chunk_merges: 3.
num_chunk_splits: 2900.
num_chunks_enlarged: 2082.
num_purges: 0.
num_inconsistent_stats: 0.

CodeHeap 'non-profiled nmethods': size=120000Kb used=4607Kb max_used=4607Kb free=115392Kb
 bounds [0x00000212f4a60000, 0x00000212f4ee0000, 0x00000212fbf90000]
CodeHeap 'profiled nmethods': size=120000Kb used=14353Kb max_used=14353Kb free=105646Kb
 bounds [0x00000212ecf90000, 0x00000212edda0000, 0x00000212f44c0000]
CodeHeap 'non-nmethods': size=5760Kb used=2411Kb max_used=2435Kb free=3348Kb
 bounds [0x00000212f44c0000, 0x00000212f4730000, 0x00000212f4a60000]
 total_blobs=8326 nmethods=7389 adapters=849
 compilation: enabled
              stopped_count=0, restarted_count=0
 full_count=0

Compilation events (20 events):
Event: 7.431 Thread 0x00000212ff9c1230 nmethod 8180 0x00000212edd84b10 code [0x00000212edd85020, 0x00000212edd875e8]
Event: 7.431 Thread 0x00000212ff9c1230 8189       3       org.jetbrains.kotlin.com.intellij.openapi.vfs.impl.ZipHandlerBase::store (74 bytes)
Event: 7.431 Thread 0x00000212ff9c1230 nmethod 8189 0x00000212edd88290 code [0x00000212edd88480, 0x00000212edd88898]
Event: 7.431 Thread 0x00000212ff9c1230 8190       3       org.jetbrains.kotlin.com.intellij.util.text.ByteArrayCharSequence::convertToBytesIfPossible (75 bytes)
Event: 7.432 Thread 0x00000212ff9c1230 nmethod 8190 0x00000212edd88a90 code [0x00000212edd88c40, 0x00000212edd88e18]
Event: 7.432 Thread 0x00000212ff9c1230 8181       3       org.jetbrains.kotlin.com.intellij.openapi.util.text.StringUtil::endsWithChar (6 bytes)
Event: 7.432 Thread 0x00000212ff9c1230 nmethod 8181 0x00000212edd88f10 code [0x00000212edd890c0, 0x00000212edd89248]
Event: 7.432 Thread 0x00000212ff9c1230 8182       3       org.jetbrains.kotlin.com.intellij.openapi.util.text.Strings::endsWithChar (6 bytes)
Event: 7.432 Thread 0x00000212ff9c1230 nmethod 8182 0x00000212edd89310 code [0x00000212edd894a0, 0x00000212edd895a8]
Event: 7.432 Thread 0x00000212ff9c1230 8183       3       org.jetbrains.kotlin.com.intellij.openapi.util.text.StringUtilRt::endsWithChar (37 bytes)
Event: 7.432 Thread 0x000002128a394f30 8142   !   4       java.net.URLClassLoader$1::run (81 bytes)
Event: 7.432 Thread 0x00000212ff9c1230 nmethod 8183 0x00000212edd89690 code [0x00000212edd89860, 0x00000212edd89c68]
Event: 7.432 Thread 0x00000212ff9c1230 8184       3       org.jetbrains.kotlin.com.intellij.openapi.vfs.impl.ArchiveHandler::splitPathAndFix (137 bytes)
Event: 7.433 Thread 0x00000212ff9c1230 nmethod 8184 0x00000212edd89d90 code [0x00000212edd8a100, 0x00000212edd8b398]
Event: 7.433 Thread 0x00000212ff9c1230 8185       3       org.jetbrains.kotlin.com.intellij.openapi.util.Trinity::create (11 bytes)
Event: 7.433 Thread 0x00000212ff9c1230 nmethod 8185 0x00000212edd8ba90 code [0x00000212edd8bc40, 0x00000212edd8bf58]
Event: 7.433 Thread 0x00000212ff9c1230 8186       3       org.jetbrains.kotlin.com.intellij.openapi.util.Trinity::<init> (20 bytes)
Event: 7.433 Thread 0x00000212ff9c1230 nmethod 8186 0x00000212edd8c090 code [0x00000212edd8c240, 0x00000212edd8c4b8]
Event: 7.433 Thread 0x00000212ff9c1230 8187       3       org.jetbrains.kotlin.com.intellij.openapi.vfs.impl.ZipHandlerBase::getOrCreate (292 bytes)
Event: 7.435 Thread 0x00000212ff9c1230 nmethod 8187 0x00000212edd8c590 code [0x00000212edd8ca80, 0x00000212edd8ec18]

GC Heap History (20 events):
Event: 3.939 GC heap before
{Heap before GC invocations=20 (full 0):
 garbage-first heap   total 121856K, used 88503K [0x0000000080000000, 0x0000000100000000)
  region size 1024K, 23 young (23552K), 4 survivors (4096K)
 Metaspace       used 49630K, committed 50176K, reserved 1097728K
  class space    used 6513K, committed 6720K, reserved 1048576K
}
Event: 3.942 GC heap after
{Heap after GC invocations=21 (full 0):
 garbage-first heap   total 121856K, used 69183K [0x0000000080000000, 0x0000000100000000)
  region size 1024K, 2 young (2048K), 2 survivors (2048K)
 Metaspace       used 49630K, committed 50176K, reserved 1097728K
  class space    used 6513K, committed 6720K, reserved 1048576K
}
Event: 3.947 GC heap before
{Heap before GC invocations=21 (full 0):
 garbage-first heap   total 121856K, used 72255K [0x0000000080000000, 0x0000000100000000)
  region size 1024K, 5 young (5120K), 2 survivors (2048K)
 Metaspace       used 49631K, committed 50176K, reserved 1097728K
  class space    used 6513K, committed 6720K, reserved 1048576K
}
Event: 3.949 GC heap after
{Heap after GC invocations=22 (full 0):
 garbage-first heap   total 121856K, used 69201K [0x0000000080000000, 0x0000000100000000)
  region size 1024K, 1 young (1024K), 1 survivors (1024K)
 Metaspace       used 49631K, committed 50176K, reserved 1097728K
  class space    used 6513K, committed 6720K, reserved 1048576K
}
Event: 4.195 GC heap before
{Heap before GC invocations=22 (full 0):
 garbage-first heap   total 121856K, used 92753K [0x0000000080000000, 0x0000000100000000)
  region size 1024K, 24 young (24576K), 1 survivors (1024K)
 Metaspace       used 52125K, committed 52736K, reserved 1097728K
  class space    used 6965K, committed 7232K, reserved 1048576K
}
Event: 4.198 GC heap after
{Heap after GC invocations=23 (full 0):
 garbage-first heap   total 121856K, used 70594K [0x0000000080000000, 0x0000000100000000)
  region size 1024K, 2 young (2048K), 2 survivors (2048K)
 Metaspace       used 52125K, committed 52736K, reserved 1097728K
  class space    used 6965K, committed 7232K, reserved 1048576K
}
Event: 4.470 GC heap before
{Heap before GC invocations=24 (full 0):
 garbage-first heap   total 122880K, used 95170K [0x0000000080000000, 0x0000000100000000)
  region size 1024K, 26 young (26624K), 2 survivors (2048K)
 Metaspace       used 55081K, committed 55744K, reserved 1097728K
  class space    used 7442K, committed 7744K, reserved 1048576K
}
Event: 4.473 GC heap after
{Heap after GC invocations=25 (full 0):
 garbage-first heap   total 122880K, used 72037K [0x0000000080000000, 0x0000000100000000)
  region size 1024K, 3 young (3072K), 3 survivors (3072K)
 Metaspace       used 55081K, committed 55744K, reserved 1097728K
  class space    used 7442K, committed 7744K, reserved 1048576K
}
Event: 4.512 GC heap before
{Heap before GC invocations=25 (full 0):
 garbage-first heap   total 122880K, used 75109K [0x0000000080000000, 0x0000000100000000)
  region size 1024K, 6 young (6144K), 3 survivors (3072K)
 Metaspace       used 55431K, committed 56064K, reserved 1097728K
  class space    used 7502K, committed 7808K, reserved 1048576K
}
Event: 4.515 GC heap after
{Heap after GC invocations=26 (full 0):
 garbage-first heap   total 122880K, used 71992K [0x0000000080000000, 0x0000000100000000)
  region size 1024K, 1 young (1024K), 1 survivors (1024K)
 Metaspace       used 55431K, committed 56064K, reserved 1097728K
  class space    used 7502K, committed 7808K, reserved 1048576K
}
Event: 4.741 GC heap before
{Heap before GC invocations=26 (full 0):
 garbage-first heap   total 122880K, used 96568K [0x0000000080000000, 0x0000000100000000)
  region size 1024K, 26 young (26624K), 1 survivors (1024K)
 Metaspace       used 56151K, committed 56832K, reserved 1105920K
  class space    used 7563K, committed 7872K, reserved 1048576K
}
Event: 4.744 GC heap after
{Heap after GC invocations=27 (full 0):
 garbage-first heap   total 245760K, used 74112K [0x0000000080000000, 0x0000000100000000)
  region size 1024K, 3 young (3072K), 3 survivors (3072K)
 Metaspace       used 56151K, committed 56832K, reserved 1105920K
  class space    used 7563K, committed 7872K, reserved 1048576K
}
Event: 5.775 GC heap before
{Heap before GC invocations=28 (full 0):
 garbage-first heap   total 245760K, used 184704K [0x0000000080000000, 0x0000000100000000)
  region size 1024K, 102 young (104448K), 3 survivors (3072K)
 Metaspace       used 70518K, committed 71296K, reserved 1114112K
  class space    used 9875K, committed 10240K, reserved 1048576K
}
Event: 5.780 GC heap after
{Heap after GC invocations=29 (full 0):
 garbage-first heap   total 245760K, used 94517K [0x0000000080000000, 0x0000000100000000)
  region size 1024K, 13 young (13312K), 13 survivors (13312K)
 Metaspace       used 70518K, committed 71296K, reserved 1114112K
  class space    used 9875K, committed 10240K, reserved 1048576K
}
Event: 6.481 GC heap before
{Heap before GC invocations=29 (full 0):
 garbage-first heap   total 245760K, used 188725K [0x0000000080000000, 0x0000000100000000)
  region size 1024K, 99 young (101376K), 13 survivors (13312K)
 Metaspace       used 79423K, committed 80128K, reserved 1122304K
  class space    used 11036K, committed 11392K, reserved 1048576K
}
Event: 6.489 GC heap after
{Heap after GC invocations=30 (full 0):
 garbage-first heap   total 245760K, used 101187K [0x0000000080000000, 0x0000000100000000)
  region size 1024K, 8 young (8192K), 8 survivors (8192K)
 Metaspace       used 79423K, committed 80128K, reserved 1122304K
  class space    used 11036K, committed 11392K, reserved 1048576K
}
Event: 7.178 GC heap before
{Heap before GC invocations=30 (full 0):
 garbage-first heap   total 245760K, used 187203K [0x0000000080000000, 0x0000000100000000)
  region size 1024K, 89 young (91136K), 8 survivors (8192K)
 Metaspace       used 88765K, committed 89536K, reserved 1130496K
  class space    used 12183K, committed 12544K, reserved 1048576K
}
Event: 7.185 GC heap after
{Heap after GC invocations=31 (full 0):
 garbage-first heap   total 245760K, used 111540K [0x0000000080000000, 0x0000000100000000)
  region size 1024K, 7 young (7168K), 7 survivors (7168K)
 Metaspace       used 88765K, committed 89536K, reserved 1130496K
  class space    used 12183K, committed 12544K, reserved 1048576K
}
Event: 7.410 GC heap before
{Heap before GC invocations=31 (full 0):
 garbage-first heap   total 245760K, used 136116K [0x0000000080000000, 0x0000000100000000)
  region size 1024K, 32 young (32768K), 7 survivors (7168K)
 Metaspace       used 93094K, committed 93888K, reserved 1130496K
  class space    used 12765K, committed 13120K, reserved 1048576K
}
Event: 7.414 GC heap after
{Heap after GC invocations=32 (full 0):
 garbage-first heap   total 245760K, used 111667K [0x0000000080000000, 0x0000000100000000)
  region size 1024K, 7 young (7168K), 7 survivors (7168K)
 Metaspace       used 93094K, committed 93888K, reserved 1130496K
  class space    used 12765K, committed 13120K, reserved 1048576K
}

Dll operation events (2 events):
Event: 0.010 Loaded shared library C:\Program Files\Android\Android Studio\jbr\bin\java.dll
Event: 0.371 Loaded shared library C:\Program Files\Android\Android Studio\jbr\bin\verify.dll

Deoptimization events (20 events):
Event: 7.337 Thread 0x0000021285306080 Uncommon trap: trap_request=0xffffffde fr.pc=0x00000212f4af0450 relative=0x00000000000000b0
Event: 7.337 Thread 0x0000021285306080 Uncommon trap: reason=class_check action=maybe_recompile pc=0x00000212f4af0450 method=java.lang.Character.codePointAt(Ljava/lang/CharSequence;I)I @ 2 c2
Event: 7.337 Thread 0x0000021285306080 DEOPT PACKING pc=0x00000212f4af0450 sp=0x0000008ae47f4440
Event: 7.337 Thread 0x0000021285306080 DEOPT UNPACKING pc=0x00000212f451a1a3 sp=0x0000008ae47f43d8 mode 2
Event: 7.337 Thread 0x0000021285306080 Uncommon trap: trap_request=0xffffffde fr.pc=0x00000212f4af0450 relative=0x00000000000000b0
Event: 7.337 Thread 0x0000021285306080 Uncommon trap: reason=class_check action=maybe_recompile pc=0x00000212f4af0450 method=java.lang.Character.codePointAt(Ljava/lang/CharSequence;I)I @ 2 c2
Event: 7.337 Thread 0x0000021285306080 DEOPT PACKING pc=0x00000212f4af0450 sp=0x0000008ae47f4440
Event: 7.337 Thread 0x0000021285306080 DEOPT UNPACKING pc=0x00000212f451a1a3 sp=0x0000008ae47f43d8 mode 2
Event: 7.337 Thread 0x0000021285306080 Uncommon trap: trap_request=0xffffffde fr.pc=0x00000212f4af0450 relative=0x00000000000000b0
Event: 7.337 Thread 0x0000021285306080 Uncommon trap: reason=class_check action=maybe_recompile pc=0x00000212f4af0450 method=java.lang.Character.codePointAt(Ljava/lang/CharSequence;I)I @ 2 c2
Event: 7.337 Thread 0x0000021285306080 DEOPT PACKING pc=0x00000212f4af0450 sp=0x0000008ae47f4440
Event: 7.337 Thread 0x0000021285306080 DEOPT UNPACKING pc=0x00000212f451a1a3 sp=0x0000008ae47f43d8 mode 2
Event: 7.383 Thread 0x0000021285306080 Uncommon trap: trap_request=0xffffff45 fr.pc=0x00000212f4c6aae4 relative=0x00000000000001c4
Event: 7.383 Thread 0x0000021285306080 Uncommon trap: reason=unstable_if action=reinterpret pc=0x00000212f4c6aae4 method=java.net.URI.quote(Ljava/lang/String;JJ)Ljava/lang/String; @ 56 c2
Event: 7.383 Thread 0x0000021285306080 DEOPT PACKING pc=0x00000212f4c6aae4 sp=0x0000008ae47f4d50
Event: 7.383 Thread 0x0000021285306080 DEOPT UNPACKING pc=0x00000212f451a1a3 sp=0x0000008ae47f4cd0 mode 2
Event: 7.406 Thread 0x0000021285306080 Uncommon trap: trap_request=0xffffff45 fr.pc=0x00000212f4b84e38 relative=0x00000000000000b8
Event: 7.406 Thread 0x0000021285306080 Uncommon trap: reason=unstable_if action=reinterpret pc=0x00000212f4b84e38 method=java.lang.ref.SoftReference.get()Ljava/lang/Object; @ 6 c2
Event: 7.406 Thread 0x0000021285306080 DEOPT PACKING pc=0x00000212f4b84e38 sp=0x0000008ae47f50b0
Event: 7.406 Thread 0x0000021285306080 DEOPT UNPACKING pc=0x00000212f451a1a3 sp=0x0000008ae47f5068 mode 2

Classes unloaded (0 events):
No events

Classes redefined (0 events):
No events

Internal exceptions (20 events):
Event: 6.318 Thread 0x0000021285306080 Exception <a 'java/lang/ClassNotFoundException'{0x000000008b0f8cd0}: org/gradle/api/plugins/internal/DefaultJavaPluginConventionBeanInfo> (0x000000008b0f8cd0) 
thrown [s\src\hotspot\share\classfile\systemDictionary.cpp, line 256]
Event: 6.319 Thread 0x0000021285306080 Exception <a 'java/lang/ClassNotFoundException'{0x000000008af10a60}: org/gradle/api/plugins/JavaPluginConventionBeanInfo> (0x000000008af10a60) 
thrown [s\src\hotspot\share\classfile\systemDictionary.cpp, line 256]
Event: 6.319 Thread 0x0000021285306080 Exception <a 'java/lang/ClassNotFoundException'{0x000000008af27aa8}: org/gradle/api/plugins/JavaPluginConventionCustomizer> (0x000000008af27aa8) 
thrown [s\src\hotspot\share\classfile\systemDictionary.cpp, line 256]
Event: 6.320 Thread 0x0000021285306080 Exception <a 'java/lang/ClassNotFoundException'{0x000000008af52a30}: org/gradle/api/plugins/internal/DefaultJavaPluginConventionCustomizer> (0x000000008af52a30) 
thrown [s\src\hotspot\share\classfile\systemDictionary.cpp, line 256]
Event: 6.321 Thread 0x0000021285306080 Exception <a 'java/lang/ClassNotFoundException'{0x000000008af8fb60}: org/gradle/api/plugins/internal/DefaultJavaPluginConvention_DecoratedCustomizer> (0x000000008af8fb60) 
thrown [s\src\hotspot\share\classfile\systemDictionary.cpp, line 256]
Event: 6.420 Thread 0x0000021285306080 Exception <a 'java/lang/ClassNotFoundException'{0x000000008a2891e0}: org/jetbrains/kotlin/gradle/targets/js/npm/DefaultNpmDependencyExtensionBeanInfo> (0x000000008a2891e0) 
thrown [s\src\hotspot\share\classfile\systemDictionary.cpp, line 256]
Event: 6.420 Thread 0x0000021285306080 Exception <a 'java/lang/ClassNotFoundException'{0x000000008a294850}: org/jetbrains/kotlin/gradle/targets/js/npm/DefaultNpmDependencyExtensionCustomizer> (0x000000008a294850) 
thrown [s\src\hotspot\share\classfile\systemDictionary.cpp, line 256]
Event: 6.423 Thread 0x0000021285306080 Exception <a 'java/lang/ClassNotFoundException'{0x000000008a100ac8}: org/jetbrains/kotlin/gradle/targets/js/npm/NpmDependencyExtensionKt$defaultNpmDependencyDelegate$1BeanInfo> (0x000000008a100ac8) 
thrown [s\src\hotspot\share\classfile\systemDictionary.cpp, line 256]
Event: 6.423 Thread 0x0000021285306080 Exception <a 'java/lang/ClassNotFoundException'{0x000000008a10c180}: org/jetbrains/kotlin/gradle/targets/js/npm/NpmDependencyExtensionDelegateBeanInfo> (0x000000008a10c180) 
thrown [s\src\hotspot\share\classfile\systemDictionary.cpp, line 256]
Event: 6.424 Thread 0x0000021285306080 Exception <a 'java/lang/ClassNotFoundException'{0x000000008a117800}: org/jetbrains/kotlin/gradle/targets/js/npm/NpmDependencyExtensionDelegateCustomizer> (0x000000008a117800) 
thrown [s\src\hotspot\share\classfile\systemDictionary.cpp, line 256]
Event: 6.424 Thread 0x0000021285306080 Exception <a 'java/lang/ClassNotFoundException'{0x000000008a13ab58}: org/jetbrains/kotlin/gradle/targets/js/npm/NpmDependencyExtensionKt$defaultNpmDependencyDelegate$1Customizer> (0x000000008a13ab58) 
thrown [s\src\hotspot\share\classfile\systemDictionary.cpp, line 256]
Event: 6.426 Thread 0x0000021285306080 Exception <a 'java/lang/ClassNotFoundException'{0x000000008a16ff08}: org/jetbrains/kotlin/gradle/targets/js/npm/DefaultDevNpmDependencyExtensionBeanInfo> (0x000000008a16ff08) 
thrown [s\src\hotspot\share\classfile\systemDictionary.cpp, line 256]
Event: 6.426 Thread 0x0000021285306080 Exception <a 'java/lang/ClassNotFoundException'{0x000000008a17b590}: org/jetbrains/kotlin/gradle/targets/js/npm/DefaultDevNpmDependencyExtensionCustomizer> (0x000000008a17b590) 
thrown [s\src\hotspot\share\classfile\systemDictionary.cpp, line 256]
Event: 6.428 Thread 0x0000021285306080 Exception <a 'java/lang/ClassNotFoundException'{0x000000008a1b5670}: org/jetbrains/kotlin/gradle/targets/js/npm/DefaultPeerNpmDependencyExtensionBeanInfo> (0x000000008a1b5670) 
thrown [s\src\hotspot\share\classfile\systemDictionary.cpp, line 256]
Event: 6.428 Thread 0x0000021285306080 Exception <a 'java/lang/ClassNotFoundException'{0x000000008a1c0d28}: org/jetbrains/kotlin/gradle/targets/js/npm/DefaultPeerNpmDependencyExtensionCustomizer> (0x000000008a1c0d28) 
thrown [s\src\hotspot\share\classfile\systemDictionary.cpp, line 256]
Event: 6.429 Thread 0x0000021285306080 Exception <a 'java/lang/ClassNotFoundException'{0x000000008a0020d8}: org/jetbrains/kotlin/gradle/targets/js/npm/DefaultPeerNpmDependencyExtension$delegate$1BeanInfo> (0x000000008a0020d8) 
thrown [s\src\hotspot\share\classfile\systemDictionary.cpp, line 256]
Event: 6.430 Thread 0x0000021285306080 Exception <a 'java/lang/ClassNotFoundException'{0x000000008a00d958}: org/jetbrains/kotlin/gradle/targets/js/npm/DefaultPeerNpmDependencyExtension$delegate$1Customizer> (0x000000008a00d958) 
thrown [s\src\hotspot\share\classfile\systemDictionary.cpp, line 256]
Event: 7.000 Thread 0x0000021285306080 Exception <a 'java/lang/NoSuchMethodError'{0x000000008b6d0480}: 'long java.lang.invoke.DirectMethodHandle$Holder.invokeStatic(java.lang.Object)'> (0x000000008b6d0480) 
thrown [s\src\hotspot\share\interpreter\linkResolver.cpp, line 771]
Event: 7.001 Thread 0x0000021285306080 Exception <a 'java/lang/NoSuchMethodError'{0x000000008b6d5020}: 'long java.lang.invoke.DirectMethodHandle$Holder.invokeStaticInit(java.lang.Object)'> (0x000000008b6d5020) 
thrown [s\src\hotspot\share\interpreter\linkResolver.cpp, line 771]
Event: 7.392 Thread 0x0000021285306080 Exception <a 'java/lang/NoSuchMethodError'{0x000000008d9c1bc8}: 'java.lang.Object java.lang.invoke.Invokers$Holder.invoke_MT(java.lang.Object, java.lang.Object, java.lang.Object)'> (0x000000008d9c1bc8) 
thrown [s\src\hotspot\share\interpreter\linkResolver.cpp, line 771]

VM Operations (20 events):
Event: 6.192 Executing VM operation: HandshakeAllThreads
Event: 6.192 Executing VM operation: HandshakeAllThreads done
Event: 6.241 Executing VM operation: ICBufferFull
Event: 6.241 Executing VM operation: ICBufferFull done
Event: 6.308 Executing VM operation: HandshakeAllThreads
Event: 6.308 Executing VM operation: HandshakeAllThreads done
Event: 6.481 Executing VM operation: G1CollectForAllocation
Event: 6.489 Executing VM operation: G1CollectForAllocation done
Event: 7.004 Executing VM operation: HandshakeAllThreads
Event: 7.005 Executing VM operation: HandshakeAllThreads done
Event: 7.127 Executing VM operation: HandshakeAllThreads
Event: 7.127 Executing VM operation: HandshakeAllThreads done
Event: 7.178 Executing VM operation: G1CollectForAllocation
Event: 7.186 Executing VM operation: G1CollectForAllocation done
Event: 7.308 Executing VM operation: HandshakeAllThreads
Event: 7.308 Executing VM operation: HandshakeAllThreads done
Event: 7.409 Executing VM operation: HandshakeAllThreads
Event: 7.409 Executing VM operation: HandshakeAllThreads done
Event: 7.410 Executing VM operation: G1TryInitiateConcMark
Event: 7.414 Executing VM operation: G1TryInitiateConcMark done

Events (20 events):
Event: 7.386 loading class java/io/IOError done
Event: 7.391 loading class java/nio/channels/FileChannel$MapMode
Event: 7.391 loading class java/nio/channels/FileChannel$MapMode done
Event: 7.391 loading class jdk/internal/misc/ExtendedMapMode
Event: 7.391 loading class jdk/internal/misc/ExtendedMapMode done
Event: 7.392 loading class sun/nio/ch/FileChannelImpl$DefaultUnmapper
Event: 7.392 loading class sun/nio/ch/FileChannelImpl$Unmapper
Event: 7.392 loading class jdk/internal/access/foreign/UnmapperProxy
Event: 7.392 loading class jdk/internal/access/foreign/UnmapperProxy done
Event: 7.392 loading class sun/nio/ch/FileChannelImpl$Unmapper done
Event: 7.392 loading class sun/nio/ch/FileChannelImpl$DefaultUnmapper done
Event: 7.392 loading class sun/nio/ch/Util$4
Event: 7.392 loading class sun/nio/ch/Util$4 done
Event: 7.393 loading class java/io/UTFDataFormatException
Event: 7.393 loading class java/io/UTFDataFormatException done
Event: 7.408 loading class java/nio/file/attribute/DosFileAttributeView
Event: 7.408 loading class java/nio/file/attribute/DosFileAttributeView done
Event: 7.408 loading class sun/nio/fs/WindowsFileAttributeViews$Dos
Event: 7.408 loading class sun/nio/fs/WindowsFileAttributeViews$Dos done
Event: 7.432 Thread 0x000002128a394f30 Thread added: 0x000002128a394f30


Dynamic libraries:
0x00007ff605f90000 - 0x00007ff605f9a000 	C:\Program Files\Android\Android Studio\jbr\bin\java.exe
0x00007ffe36670000 - 0x00007ffe36868000 	C:\Windows\SYSTEM32\ntdll.dll
0x00007ffe348b0000 - 0x00007ffe3496f000 	C:\Windows\System32\KERNEL32.DLL
0x00007ffe33a50000 - 0x00007ffe33d22000 	C:\Windows\System32\KERNELBASE.dll
0x00007ffe33dd0000 - 0x00007ffe33ed0000 	C:\Windows\System32\ucrtbase.dll
0x00007ffe28c20000 - 0x00007ffe28c37000 	C:\Program Files\Android\Android Studio\jbr\bin\jli.dll
0x00007ffe16770000 - 0x00007ffe1678b000 	C:\Program Files\Android\Android Studio\jbr\bin\VCRUNTIME140.dll
0x00007ffe35670000 - 0x00007ffe3580d000 	C:\Windows\System32\USER32.dll
0x00007ffe34290000 - 0x00007ffe342b2000 	C:\Windows\System32\win32u.dll
0x00007ffe34f40000 - 0x00007ffe34f6b000 	C:\Windows\System32\GDI32.dll
0x00007ffe343d0000 - 0x00007ffe344df000 	C:\Windows\System32\gdi32full.dll
0x00007ffe19340000 - 0x00007ffe195da000 	C:\Windows\WinSxS\amd64_microsoft.windows.common-controls_6595b64144ccf1df_6.0.19041.1110_none_60b5254171f9507e\COMCTL32.dll
0x00007ffe33d30000 - 0x00007ffe33dcd000 	C:\Windows\System32\msvcp_win.dll
0x00007ffe35d20000 - 0x00007ffe35dbe000 	C:\Windows\System32\msvcrt.dll
0x00007ffe35bd0000 - 0x00007ffe35c02000 	C:\Windows\System32\IMM32.DLL
0x00007ffe1fbc0000 - 0x00007ffe1fbcc000 	C:\Program Files\Android\Android Studio\jbr\bin\vcruntime140_1.dll
0x00007ffde6260000 - 0x00007ffde62ed000 	C:\Program Files\Android\Android Studio\jbr\bin\msvcp140.dll
0x00007ffdde720000 - 0x00007ffddf38e000 	C:\Program Files\Android\Android Studio\jbr\bin\server\jvm.dll
0x00007ffe34ce0000 - 0x00007ffe34d8e000 	C:\Windows\System32\ADVAPI32.dll
0x00007ffe345a0000 - 0x00007ffe3463c000 	C:\Windows\System32\sechost.dll
0x00007ffe34a40000 - 0x00007ffe34b65000 	C:\Windows\System32\RPCRT4.dll
0x00007ffe27190000 - 0x00007ffe2719a000 	C:\Windows\SYSTEM32\VERSION.dll
0x00007ffe23e20000 - 0x00007ffe23e47000 	C:\Windows\SYSTEM32\WINMM.dll
0x00007ffe163a0000 - 0x00007ffe163a9000 	C:\Windows\SYSTEM32\WSOCK32.dll
0x00007ffe35590000 - 0x00007ffe355fb000 	C:\Windows\System32\WS2_32.dll
0x00007ffe344e0000 - 0x00007ffe344f2000 	C:\Windows\System32\kernel.appcore.dll
0x00007ffe2b310000 - 0x00007ffe2b31a000 	C:\Program Files\Android\Android Studio\jbr\bin\jimage.dll
0x00007ffe31ef0000 - 0x00007ffe320d4000 	C:\Windows\SYSTEM32\DBGHELP.DLL
0x00007ffe205a0000 - 0x00007ffe205cc000 	C:\Windows\SYSTEM32\dbgcore.DLL
0x00007ffe34340000 - 0x00007ffe343c2000 	C:\Windows\System32\bcryptPrimitives.dll
0x00007ffe293c0000 - 0x00007ffe293e5000 	C:\Program Files\Android\Android Studio\jbr\bin\java.dll
0x00007ffe2a010000 - 0x00007ffe2a028000 	C:\Program Files\Android\Android Studio\jbr\bin\zip.dll
0x00007ffe35dc0000 - 0x00007ffe36503000 	C:\Windows\System32\SHELL32.dll
0x00007ffe2d180000 - 0x00007ffe2d912000 	C:\Windows\SYSTEM32\windows.storage.dll
0x00007ffe35870000 - 0x00007ffe35bc4000 	C:\Windows\System32\combase.dll
0x00007ffe33460000 - 0x00007ffe33490000 	C:\Windows\SYSTEM32\Wldp.dll
0x00007ffe35c10000 - 0x00007ffe35cbd000 	C:\Windows\System32\SHCORE.dll
0x00007ffe34850000 - 0x00007ffe348a5000 	C:\Windows\System32\shlwapi.dll
0x00007ffe33940000 - 0x00007ffe3395f000 	C:\Windows\SYSTEM32\profapi.dll
0x00007ffe28d30000 - 0x00007ffe28d49000 	C:\Program Files\Android\Android Studio\jbr\bin\net.dll
0x00007ffe29f00000 - 0x00007ffe2a00c000 	C:\Windows\SYSTEM32\WINHTTP.dll
0x00007ffe331c0000 - 0x00007ffe3322a000 	C:\Windows\system32\mswsock.dll
0x00007ffe28ce0000 - 0x00007ffe28cf6000 	C:\Program Files\Android\Android Studio\jbr\bin\nio.dll
0x00007ffe29440000 - 0x00007ffe29450000 	C:\Program Files\Android\Android Studio\jbr\bin\verify.dll
0x00007ffdf7510000 - 0x00007ffdf7537000 	F:\MyApplication2\.gradle\native\68d5fa5c4cc2d200863cafc0d521ce42e7d3e7ee720ec0a83991735586a16f82\windows-amd64\native-platform.dll
0x00007ffde5990000 - 0x00007ffde5ad4000 	F:\MyApplication2\.gradle\native\e376f236ea51e6404a007f0833ffe2c6e607c4080706a723a18a27aeea778392\windows-amd64\native-platform-file-events.dll
0x00007ffe28c60000 - 0x00007ffe28c69000 	C:\Program Files\Android\Android Studio\jbr\bin\management.dll
0x00007ffe28c50000 - 0x00007ffe28c5b000 	C:\Program Files\Android\Android Studio\jbr\bin\management_ext.dll
0x00007ffe35600000 - 0x00007ffe35608000 	C:\Windows\System32\PSAPI.DLL
0x00007ffe333b0000 - 0x00007ffe333c8000 	C:\Windows\SYSTEM32\CRYPTSP.dll
0x00007ffe32ac0000 - 0x00007ffe32af4000 	C:\Windows\system32\rsaenh.dll
0x00007ffe34310000 - 0x00007ffe34337000 	C:\Windows\System32\bcrypt.dll
0x00007ffe33900000 - 0x00007ffe3392e000 	C:\Windows\SYSTEM32\USERENV.dll
0x00007ffe333d0000 - 0x00007ffe333dc000 	C:\Windows\SYSTEM32\CRYPTBASE.dll
0x00007ffe32eb0000 - 0x00007ffe32eeb000 	C:\Windows\SYSTEM32\IPHLPAPI.DLL
0x00007ffe35110000 - 0x00007ffe35118000 	C:\Windows\System32\NSI.dll
0x00007ffe27660000 - 0x00007ffe27677000 	C:\Windows\SYSTEM32\dhcpcsvc6.DLL
0x00007ffe271a0000 - 0x00007ffe271bd000 	C:\Windows\SYSTEM32\dhcpcsvc.DLL
0x00007ffe32f00000 - 0x00007ffe32fca000 	C:\Windows\SYSTEM32\DNSAPI.dll
0x00007ffdae180000 - 0x00007ffdae187000 	C:\Windows\system32\wshunix.dll

dbghelp: loaded successfully - version: 4.0.5 - missing functions: none
symbol engine: initialized successfully - sym options: 0x614 - pdb path: .;C:\Program Files\Android\Android Studio\jbr\bin;C:\Windows\SYSTEM32;C:\Windows\WinSxS\amd64_microsoft.windows.common-controls_6595b64144ccf1df_6.0.19041.1110_none_60b5254171f9507e;C:\Program Files\Android\Android Studio\jbr\bin\server;F:\MyApplication2\.gradle\native\68d5fa5c4cc2d200863cafc0d521ce42e7d3e7ee720ec0a83991735586a16f82\windows-amd64;F:\MyApplication2\.gradle\native\e376f236ea51e6404a007f0833ffe2c6e607c4080706a723a18a27aeea778392\windows-amd64

VM Arguments:
jvm_args: --add-opens=java.base/java.util=ALL-UNNAMED --add-opens=java.base/java.lang=ALL-UNNAMED --add-opens=java.base/java.lang.invoke=ALL-UNNAMED --add-opens=java.prefs/java.util.prefs=ALL-UNNAMED --add-opens=java.base/java.nio.charset=ALL-UNNAMED --add-opens=java.base/java.net=ALL-UNNAMED --add-opens=java.base/java.util.concurrent.atomic=ALL-UNNAMED -Xmx2048m -Dfile.encoding=UTF-8 -Duser.country=CN -Duser.language=zh -Duser.variant 
java_command: org.gradle.launcher.daemon.bootstrap.GradleDaemon 8.0
java_class_path (initial): F:\MyApplication2\.gradle\wrapper\dists\gradle-8.0-bin\ca5e32bp14vu59qr306oxotwh\gradle-8.0\lib\gradle-launcher-8.0.jar
Launcher Type: SUN_STANDARD

[Global flags]
     intx CICompilerCount                          = 4                                         {product} {ergonomic}
     uint ConcGCThreads                            = 2                                         {product} {ergonomic}
     uint G1ConcRefinementThreads                  = 8                                         {product} {ergonomic}
   size_t G1HeapRegionSize                         = 1048576                                   {product} {ergonomic}
    uintx GCDrainStackTargetSize                   = 64                                        {product} {ergonomic}
   size_t InitialHeapSize                          = 264241152                                 {product} {ergonomic}
   size_t MarkStackSize                            = 4194304                                   {product} {ergonomic}
   size_t MaxHeapSize                              = 2147483648                                {product} {command line}
   size_t MaxNewSize                               = 1287651328                                {product} {ergonomic}
   size_t MinHeapDeltaBytes                        = 1048576                                   {product} {ergonomic}
   size_t MinHeapSize                              = 8388608                                   {product} {ergonomic}
    uintx NonNMethodCodeHeapSize                   = 5839372                                {pd product} {ergonomic}
    uintx NonProfiledCodeHeapSize                  = 122909434                              {pd product} {ergonomic}
    uintx ProfiledCodeHeapSize                     = 122909434                              {pd product} {ergonomic}
    uintx ReservedCodeCacheSize                    = 251658240                              {pd product} {ergonomic}
     bool SegmentedCodeCache                       = true                                      {product} {ergonomic}
   size_t SoftMaxHeapSize                          = 2147483648                             {manageable} {ergonomic}
     bool UseCompressedClassPointers               = true                           {product lp64_product} {ergonomic}
     bool UseCompressedOops                        = true                           {product lp64_product} {ergonomic}
     bool UseG1GC                                  = true                                      {product} {ergonomic}
     bool UseLargePagesIndividualAllocation        = false                                  {pd product} {ergonomic}

Logging:
Log output configuration:
 #0: stdout all=warning uptime,level,tags
 #1: stderr all=off uptime,level,tags

Environment Variables:
JAVA_HOME=C:\Program Files\Java\jdk-17.0.1
CLASSPATH=C:\Program Files\Java\jdk-17.0.1\lib\dt.jar;C:\Program Files\Java\jdk-17.0.1\lib\tools.jar;
PATH=C:\Program Files\Java\jdk-17.0.1\bin;C:\Program Files\Java\jdk-17.0.1\jre\bin;;C:\Program Files\Common Files\Oracle\Java\javapath;D:\\Scripts\;D:\\;C:\Program Files\Microsoft MPI\Bin\;C:\Program Files (x86)\NVIDIA Corporation\PhysX\Common;C:\Windows\system32;C:\Windows;C:\Windows\System32\Wbem;C:\Windows\System32\WindowsPowerShell\v1.0\;C:\Windows\System32\OpenSSH\;C:\Program Files\NVIDIA Corporation\NVIDIA NvDLISR;C:\Program Files\dotnet\;D:\bin;C:\Strawberry\c\bin;C:\Strawberry\perl\site\bin;C:\Strawberry\perl\bin;D:\\Microsoft VS Code\;C:\Program Files\MySQL\MySQL Server 8.0\bin;D:\\160\Tools\Binn\;C:\Program Files\Microsoft SQL Server\160\Tools\Binn\;C:\Program Files\Microsoft SQL Server\Client SDK\ODBC\170\Tools\Binn\;C:\Program Files\Microsoft SQL Server\160\DTS\Binn\;D:\\160\DTS\Binn\;C:\Program Files\Azure Data Studio\bin;C:\Users\25599\matlab2016\runtime\win64;C:\Users\25599\matlab2016\bin;C:\Users\25599\matlab2016\polyspace\bin;C:\Program Files\MySQL\MySQL Shell 8.0\bin\;C:\Users\25599\AppData\Local\Microsoft\WindowsApps;%IntelliJ IDEA Community Edition%;D:\\Microsoft VS Code\bin;C:\Users\25599\AppData\Roaming\npm;%IntelliJ IDEA%;C:\Program Files\Azure Data Studio\bin;C:\ProgramData\25599\GitHubDesktop\bin;C:\intelFPGA\18.1\modelsim_ase\win32aloem;D:\inmodlesim\win64
USERNAME=25599
OS=Windows_NT
PROCESSOR_IDENTIFIER=Intel64 Family 6 Model 140 Stepping 1, GenuineIntel
TMP=C:\Users\25599\AppData\Local\Temp
TEMP=C:\Users\25599\AppData\Local\Temp


JNI global refs:
JNI global refs: 25, weak refs: 16

JNI global refs memory usage: 843, weak refs: 841


---------------  S Y S T E M  ---------------

OS:
 Windows 10 , 64 bit Build 19041 (10.0.19041.2251)
OS uptime: 0 days 1:49 hours
Hyper-V role detected

CPU: total 8 (initial active 8) (4 cores per cpu, 2 threads per core) family 6 model 140 stepping 1 microcode 0xac, cx8, cmov, fxsr, ht, mmx, 3dnowpref, sse, sse2, sse3, ssse3, sse4.1, sse4.2, popcnt, lzcnt, tsc, tscinvbit, avx, avx2, aes, erms, clmul, bmi1, bmi2, adx, avx512f, avx512dq, avx512cd, avx512bw, avx512vl, sha, fma, vzeroupper, avx512_vpopcntdq, avx512_vpclmulqdq, avx512_vaes, avx512_vnni, clflush, clflushopt, clwb, avx512_vbmi2, avx512_vbmi, hv

Memory: 4k page, system-wide physical 16106M (3281M free)
TotalPageFile size 16106M (AvailPageFile size 5M)
current process WorkingSet (physical memory assigned to process): 487M, peak: 488M
current process commit charge ("private bytes"): 544M, peak: 544M

vm_info: OpenJDK 64-Bit Server VM (17.0.6+0-b2043.56-10027231) for windows-amd64 JRE (17.0.6+0-b2043.56-10027231), built on Apr 28 2023 00:43:19 by "androidbuild" with MS VC++ 16.10 / 16.11 (VS2019)

END.
