#
# There is insufficient memory for the Java Runtime Environment to continue.
# Native memory allocation (mmap) failed to map 29360128 bytes for G1 virtual space
# Possible reasons:
#   The system is out of physical RAM or swap space
#   The process is running with CompressedOops enabled, and the Java Heap may be blocking the growth of the native heap
# Possible solutions:
#   Reduce memory load on the system
#   Increase physical memory or swap space
#   Check if swap backing store is full
#   Decrease Java heap size (-Xmx/-Xms)
#   Decrease number of Java threads
#   Decrease Java thread stack sizes (-Xss)
#   Set larger code cache with -XX:ReservedCodeCacheSize=
#   JVM is running with Unscaled Compressed Oops mode in which the Java heap is
#     placed in the first 4GB address space. The Java Heap base address is the
#     maximum limit for the native heap growth. Please use -XX:HeapBaseMinAddress
#     to set the Java Heap base and to place the Java Heap above 4GB virtual address.
# This output file may be truncated or incomplete.
#
#  Out of Memory Error (os_windows.cpp:3769), pid=10096, tid=9876
#
# JRE version: OpenJDK Runtime Environment (17.0.6) (build 17.0.6+0-b2043.56-10027231)
# Java VM: OpenJDK 64-Bit Server VM (17.0.6+0-b2043.56-10027231, mixed mode, tiered, compressed oops, compressed class ptrs, g1 gc, windows-amd64)
# No core dump will be written. Minidumps are not enabled by default on client versions of Windows
#

---------------  S U M M A R Y ------------

Command Line: --add-opens=java.base/java.util=ALL-UNNAMED --add-opens=java.base/java.lang=ALL-UNNAMED --add-opens=java.base/java.lang.invoke=ALL-UNNAMED --add-opens=java.prefs/java.util.prefs=ALL-UNNAMED --add-opens=java.base/java.nio.charset=ALL-UNNAMED --add-opens=java.base/java.net=ALL-UNNAMED --add-opens=java.base/java.util.concurrent.atomic=ALL-UNNAMED -Xmx2048m -Dfile.encoding=UTF-8 -Duser.country=CN -Duser.language=zh -Duser.variant org.gradle.launcher.daemon.bootstrap.GradleDaemon 8.0

Host: 11th Gen Intel(R) Core(TM) i7-1165G7 @ 2.80GHz, 8 cores, 15G,  Windows 10 , 64 bit Build 19041 (10.0.19041.2251)
Time: Wed Jan 17 06:09:11 2024  Windows 10 , 64 bit Build 19041 (10.0.19041.2251) elapsed time: 4.194911 seconds (0d 0h 0m 4s)

---------------  T H R E A D  ---------------

Current thread (0x00000161694ee4e0):  VMThread "VM Thread" [stack: 0x00000052f9000000,0x00000052f9100000] [id=9876]

Stack: [0x00000052f9000000,0x00000052f9100000]
Native frames: (J=compiled Java code, j=interpreted, Vv=VM code, C=native code)
V  [jvm.dll+0x683c9a]
V  [jvm.dll+0x8427a4]
V  [jvm.dll+0x843f9e]
V  [jvm.dll+0x844603]
V  [jvm.dll+0x249b75]
V  [jvm.dll+0x680b69]
V  [jvm.dll+0x67505a]
V  [jvm.dll+0x309acb]
V  [jvm.dll+0x310f86]
V  [jvm.dll+0x3608ee]
V  [jvm.dll+0x360b1f]
V  [jvm.dll+0x2dfbf8]
V  [jvm.dll+0x2ddec4]
V  [jvm.dll+0x2dd4cc]
V  [jvm.dll+0x322261]
V  [jvm.dll+0x848ccb]
V  [jvm.dll+0x849a04]
V  [jvm.dll+0x849f1d]
V  [jvm.dll+0x84a2f4]
V  [jvm.dll+0x84a3c0]
V  [jvm.dll+0x7f274a]
V  [jvm.dll+0x682ad5]
C  [ucrtbase.dll+0x21bb2]
C  [KERNEL32.DLL+0x174b4]
C  [ntdll.dll+0x526a1]

VM_Operation (0x00000052fa9f4a40): G1TryInitiateConcMark, mode: safepoint, requested by thread 0x000001616ab7ec90


---------------  P R O C E S S  ---------------

Threads class SMR info:
_java_thread_list=0x000001616a83b8a0, length=126, elements={
0x000001614d6bd270, 0x000001616a04c260, 0x000001616a04cc20, 0x000001616a062d30,
0x000001616a065600, 0x000001616a065ec0, 0x000001616a088420, 0x000001616a0890c0,
0x000001616a089a70, 0x000001616a0ac010, 0x000001616a228000, 0x000001616a2330e0,
0x000001616a30fbb0, 0x000001616c8475a0, 0x000001616ba752e0, 0x000001616ccff880,
0x000001616ab28600, 0x000001616b5d5360, 0x000001616ab7be70, 0x000001616ab7ec90,
0x000001616b7b3c30, 0x000001616c7fa780, 0x000001616b0d1590, 0x000001616b0d10c0,
0x000001616b0cf8b0, 0x000001616b0d1f30, 0x000001616db1cb10, 0x000001616b0d2400,
0x000001616b0d1a60, 0x000001616b0d0720, 0x000001616b0d0bf0, 0x000001616b0cea40,
0x000001616b0cef10, 0x000001616b0cf3e0, 0x000001616b0d0250, 0x000001616b0cfd80,
0x000001616c59db10, 0x000001616c5a2810, 0x000001616c59e980, 0x000001616c5a2ce0,
0x000001616c59fcc0, 0x000001616c5a31b0, 0x000001616c5a0b30, 0x000001616c5a5360,
0x000001616c5a19a0, 0x000001616c59e4b0, 0x000001616c5a3680, 0x000001616c59f320,
0x000001616c5a3b50, 0x000001616c5a4020, 0x000001616c5a1e70, 0x000001616c5a49c0,
0x000001616c59f7f0, 0x000001616c5a4e90, 0x000001616c5a0190, 0x000001616c5a0660,
0x000001616c5a2340, 0x0000016170a05980, 0x0000016170a01af0, 0x0000016170a002e0,
0x0000016170a05e50, 0x0000016170a06320, 0x0000016170a007b0, 0x0000016170a02960,
0x00000161709ffe10, 0x0000016170a03ca0, 0x0000016170a02490, 0x0000016170a04b10,
0x0000016170a01fc0, 0x0000016170a03300, 0x0000016170a067f0, 0x0000016170a01620,
0x0000016170a02e30, 0x0000016170a01150, 0x0000016170a04640, 0x0000016170a00c80,
0x0000016170a06cc0, 0x0000016170a04170, 0x0000016170a037d0, 0x0000016170a07190,
0x0000016170a04fe0, 0x0000016170a054b0, 0x00000161709ff940, 0x0000016170c43ee0,
0x0000016170c44d50, 0x0000016170c46090, 0x0000016170c456f0, 0x0000016170c46560,
0x0000016170c43540, 0x0000016170c46a30, 0x0000016170c43a10, 0x0000016170c43070,
0x0000016170c45bc0, 0x0000016170c443b0, 0x0000016170c44880, 0x0000016170c45220,
0x0000016170861a30, 0x000001617085ea10, 0x000001617085eee0, 0x0000016170864580,
0x0000016170864f20, 0x000001617085fd50, 0x00000161708623d0, 0x0000016170862d70,
0x0000016170863be0, 0x00000161708628a0, 0x0000016170860220, 0x000001617085e540,
0x0000016170861090, 0x0000016170864a50, 0x0000016170863710, 0x0000016170863240,
0x00000161708640b0, 0x00000161708606f0, 0x000001617085f3b0, 0x00000161708653f0,
0x000001617085f880, 0x000001617085dba0, 0x0000016170860bc0, 0x0000016170861560,
0x000001617085e070, 0x0000016170861f00, 0x00000161737b6a80, 0x00000161737b95d0,
0x00000161737bb780, 0x00000161737b7420
}

Java Threads: ( => current thread )
  0x000001614d6bd270 JavaThread "main" [_thread_blocked, id=1172, stack(0x00000052f8a00000,0x00000052f8b00000)]
  0x000001616a04c260 JavaThread "Reference Handler" daemon [_thread_blocked, id=22308, stack(0x00000052f9100000,0x00000052f9200000)]
  0x000001616a04cc20 JavaThread "Finalizer" daemon [_thread_blocked, id=12524, stack(0x00000052f9200000,0x00000052f9300000)]
  0x000001616a062d30 JavaThread "Signal Dispatcher" daemon [_thread_blocked, id=10848, stack(0x00000052f9300000,0x00000052f9400000)]
  0x000001616a065600 JavaThread "Attach Listener" daemon [_thread_blocked, id=21376, stack(0x00000052f9400000,0x00000052f9500000)]
  0x000001616a065ec0 JavaThread "Service Thread" daemon [_thread_blocked, id=18600, stack(0x00000052f9500000,0x00000052f9600000)]
  0x000001616a088420 JavaThread "Monitor Deflation Thread" daemon [_thread_blocked, id=16836, stack(0x00000052f9600000,0x00000052f9700000)]
  0x000001616a0890c0 JavaThread "C2 CompilerThread0" daemon [_thread_blocked, id=5856, stack(0x00000052f9700000,0x00000052f9800000)]
  0x000001616a089a70 JavaThread "C1 CompilerThread0" daemon [_thread_blocked, id=8324, stack(0x00000052f9800000,0x00000052f9900000)]
  0x000001616a0ac010 JavaThread "Sweeper thread" daemon [_thread_blocked, id=17708, stack(0x00000052f9900000,0x00000052f9a00000)]
  0x000001616a228000 JavaThread "Common-Cleaner" daemon [_thread_blocked, id=8452, stack(0x00000052f9a00000,0x00000052f9b00000)]
  0x000001616a2330e0 JavaThread "Notification Thread" daemon [_thread_blocked, id=13208, stack(0x00000052f9b00000,0x00000052f9c00000)]
  0x000001616a30fbb0 JavaThread "C2 CompilerThread1" daemon [_thread_in_native, id=16256, stack(0x00000052f9d00000,0x00000052f9e00000)]
  0x000001616c8475a0 JavaThread "Daemon health stats" [_thread_blocked, id=15856, stack(0x00000052fa400000,0x00000052fa500000)]
  0x000001616ba752e0 JavaThread "Incoming local TCP Connector on port 54040" [_thread_in_native, id=4188, stack(0x00000052fa300000,0x00000052fa400000)]
  0x000001616ccff880 JavaThread "Daemon periodic checks" [_thread_blocked, id=23308, stack(0x00000052fa500000,0x00000052fa600000)]
  0x000001616ab28600 JavaThread "Daemon" [_thread_blocked, id=16108, stack(0x00000052fa600000,0x00000052fa700000)]
  0x000001616b5d5360 JavaThread "Handler for socket connection from /127.0.0.1:54040 to /127.0.0.1:54041" [_thread_in_native, id=22036, stack(0x00000052fa700000,0x00000052fa800000)]
  0x000001616ab7be70 JavaThread "Cancel handler" [_thread_blocked, id=14680, stack(0x00000052fa800000,0x00000052fa900000)]
  0x000001616ab7ec90 JavaThread "Daemon worker" [_thread_blocked, id=19236, stack(0x00000052fa900000,0x00000052faa00000)]
  0x000001616b7b3c30 JavaThread "Asynchronous log dispatcher for DefaultDaemonConnection: socket connection from /127.0.0.1:54040 to /127.0.0.1:54041" [_thread_blocked, id=12232, stack(0x00000052faa00000,0x00000052fab00000)]
  0x000001616c7fa780 JavaThread "Stdin handler" [_thread_blocked, id=2384, stack(0x00000052fab00000,0x00000052fac00000)]
  0x000001616b0d1590 JavaThread "Daemon client event forwarder" [_thread_blocked, id=18808, stack(0x00000052fac00000,0x00000052fad00000)]
  0x000001616b0d10c0 JavaThread "Cache worker for journal cache (F:\MyApplication2\.gradle\caches\journal-1)" [_thread_blocked, id=13048, stack(0x00000052fb000000,0x00000052fb100000)]
  0x000001616b0cf8b0 JavaThread "File lock request listener" [_thread_in_native, id=3148, stack(0x00000052fb100000,0x00000052fb200000)]
  0x000001616b0d1f30 JavaThread "Cache worker for file hash cache (F:\MyApplication2\.gradle\caches\8.0\fileHashes)" [_thread_blocked, id=19104, stack(0x00000052fb200000,0x00000052fb300000)]
  0x000001616db1cb10 JavaThread "C2 CompilerThread2" daemon [_thread_blocked, id=7612, stack(0x00000052fb300000,0x00000052fb400000)]
  0x000001616b0d2400 JavaThread "File watcher server" daemon [_thread_in_native, id=4208, stack(0x00000052fb400000,0x00000052fb500000)]
  0x000001616b0d1a60 JavaThread "File watcher consumer" daemon [_thread_blocked, id=20176, stack(0x00000052fb500000,0x00000052fb600000)]
  0x000001616b0d0720 JavaThread "jar transforms" [_thread_blocked, id=14560, stack(0x00000052fb600000,0x00000052fb700000)]
  0x000001616b0d0bf0 JavaThread "jar transforms Thread 2" [_thread_blocked, id=10528, stack(0x00000052fb700000,0x00000052fb800000)]
  0x000001616b0cea40 JavaThread "jar transforms Thread 3" [_thread_blocked, id=6188, stack(0x00000052fb800000,0x00000052fb900000)]
  0x000001616b0cef10 JavaThread "jar transforms Thread 4" [_thread_blocked, id=15020, stack(0x00000052fb900000,0x00000052fba00000)]
  0x000001616b0cf3e0 JavaThread "jar transforms Thread 5" [_thread_blocked, id=17796, stack(0x00000052fba00000,0x00000052fbb00000)]
  0x000001616b0d0250 JavaThread "jar transforms Thread 6" [_thread_blocked, id=17324, stack(0x00000052fbb00000,0x00000052fbc00000)]
  0x000001616b0cfd80 JavaThread "jar transforms Thread 7" [_thread_blocked, id=7452, stack(0x00000052fbc00000,0x00000052fbd00000)]
  0x000001616c59db10 JavaThread "jar transforms Thread 8" [_thread_blocked, id=16752, stack(0x00000052fbd00000,0x00000052fbe00000)]
  0x000001616c5a2810 JavaThread "Cache worker for checksums cache (F:\myapp\.gradle\8.0\checksums)" [_thread_blocked, id=9048, stack(0x00000052fbe00000,0x00000052fbf00000)]
  0x000001616c59e980 JavaThread "Cache worker for cache directory md-rule (F:\MyApplication2\.gradle\caches\8.0\md-rule)" [_thread_blocked, id=17936, stack(0x00000052fbf00000,0x00000052fc000000)]
  0x000001616c5a2ce0 JavaThread "Cache worker for file content cache (F:\MyApplication2\.gradle\caches\8.0\fileContent)" [_thread_blocked, id=4548, stack(0x00000052fc000000,0x00000052fc100000)]
  0x000001616c59fcc0 JavaThread "Cache worker for file hash cache (F:\myapp\.gradle\8.0\fileHashes)" [_thread_blocked, id=5284, stack(0x00000052fc100000,0x00000052fc200000)]
  0x000001616c5a31b0 JavaThread "Cache worker for cache directory md-supplier (F:\MyApplication2\.gradle\caches\8.0\md-supplier)" [_thread_blocked, id=17220, stack(0x00000052fc200000,0x00000052fc300000)]
  0x000001616c5a0b30 JavaThread "Cache worker for execution history cache (F:\MyApplication2\.gradle\caches\8.0\executionHistory)" [_thread_blocked, id=15800, stack(0x00000052fc300000,0x00000052fc400000)]
  0x000001616c5a5360 JavaThread "Cache worker for kotlin-dsl (F:\MyApplication2\.gradle\caches\8.0\kotlin-dsl)" [_thread_blocked, id=20252, stack(0x00000052fc400000,0x00000052fc500000)]
  0x000001616c5a19a0 JavaThread "Cache worker for dependencies-accessors (F:\myapp\.gradle\8.0\dependencies-accessors)" [_thread_blocked, id=10016, stack(0x00000052fc500000,0x00000052fc600000)]
  0x000001616c59e4b0 JavaThread "Cache worker for Build Output Cleanup Cache (F:\myapp\.gradle\buildOutputCleanup)" [_thread_blocked, id=21788, stack(0x00000052fc600000,0x00000052fc700000)]
  0x000001616c5a3680 JavaThread "Unconstrained build operations" [_thread_blocked, id=4820, stack(0x00000052fc700000,0x00000052fc800000)]
  0x000001616c59f320 JavaThread "Unconstrained build operations Thread 2" [_thread_blocked, id=352, stack(0x00000052fc800000,0x00000052fc900000)]
  0x000001616c5a3b50 JavaThread "Unconstrained build operations Thread 3" [_thread_blocked, id=17092, stack(0x00000052fc900000,0x00000052fca00000)]
  0x000001616c5a4020 JavaThread "Unconstrained build operations Thread 4" [_thread_blocked, id=16320, stack(0x00000052fca00000,0x00000052fcb00000)]
  0x000001616c5a1e70 JavaThread "Unconstrained build operations Thread 5" [_thread_blocked, id=14828, stack(0x00000052fcb00000,0x00000052fcc00000)]
  0x000001616c5a49c0 JavaThread "Unconstrained build operations Thread 6" [_thread_blocked, id=22816, stack(0x00000052fcc00000,0x00000052fcd00000)]
  0x000001616c59f7f0 JavaThread "Unconstrained build operations Thread 7" [_thread_blocked, id=7012, stack(0x00000052fcd00000,0x00000052fce00000)]
  0x000001616c5a4e90 JavaThread "Unconstrained build operations Thread 8" [_thread_blocked, id=22292, stack(0x00000052fce00000,0x00000052fcf00000)]
  0x000001616c5a0190 JavaThread "Unconstrained build operations Thread 9" [_thread_blocked, id=1576, stack(0x00000052fcf00000,0x00000052fd000000)]
  0x000001616c5a0660 JavaThread "Unconstrained build operations Thread 10" [_thread_blocked, id=20400, stack(0x00000052fd000000,0x00000052fd100000)]
  0x000001616c5a2340 JavaThread "Unconstrained build operations Thread 11" [_thread_blocked, id=6224, stack(0x00000052fd100000,0x00000052fd200000)]
  0x0000016170a05980 JavaThread "Unconstrained build operations Thread 12" [_thread_blocked, id=14100, stack(0x00000052fd200000,0x00000052fd300000)]
  0x0000016170a01af0 JavaThread "Unconstrained build operations Thread 13" [_thread_blocked, id=2052, stack(0x00000052fd300000,0x00000052fd400000)]
  0x0000016170a002e0 JavaThread "Unconstrained build operations Thread 14" [_thread_blocked, id=11472, stack(0x00000052fd400000,0x00000052fd500000)]
  0x0000016170a05e50 JavaThread "Unconstrained build operations Thread 15" [_thread_blocked, id=15376, stack(0x00000052fd500000,0x00000052fd600000)]
  0x0000016170a06320 JavaThread "Unconstrained build operations Thread 16" [_thread_blocked, id=19880, stack(0x00000052fd600000,0x00000052fd700000)]
  0x0000016170a007b0 JavaThread "Unconstrained build operations Thread 17" [_thread_blocked, id=18576, stack(0x00000052fd700000,0x00000052fd800000)]
  0x0000016170a02960 JavaThread "Unconstrained build operations Thread 18" [_thread_blocked, id=16116, stack(0x00000052fd800000,0x00000052fd900000)]
  0x00000161709ffe10 JavaThread "Unconstrained build operations Thread 19" [_thread_blocked, id=15612, stack(0x00000052fd900000,0x00000052fda00000)]
  0x0000016170a03ca0 JavaThread "Unconstrained build operations Thread 20" [_thread_blocked, id=23172, stack(0x00000052fda00000,0x00000052fdb00000)]
  0x0000016170a02490 JavaThread "Unconstrained build operations Thread 21" [_thread_blocked, id=14696, stack(0x00000052fdb00000,0x00000052fdc00000)]
  0x0000016170a04b10 JavaThread "Unconstrained build operations Thread 22" [_thread_blocked, id=18012, stack(0x00000052fdc00000,0x00000052fdd00000)]
  0x0000016170a01fc0 JavaThread "Unconstrained build operations Thread 23" [_thread_blocked, id=16156, stack(0x00000052fdd00000,0x00000052fde00000)]
  0x0000016170a03300 JavaThread "Unconstrained build operations Thread 24" [_thread_blocked, id=13068, stack(0x00000052fde00000,0x00000052fdf00000)]
  0x0000016170a067f0 JavaThread "Unconstrained build operations Thread 25" [_thread_blocked, id=2784, stack(0x00000052fdf00000,0x00000052fe000000)]
  0x0000016170a01620 JavaThread "Unconstrained build operations Thread 26" [_thread_blocked, id=7368, stack(0x00000052fe000000,0x00000052fe100000)]
  0x0000016170a02e30 JavaThread "Unconstrained build operations Thread 27" [_thread_blocked, id=16796, stack(0x00000052fe100000,0x00000052fe200000)]
  0x0000016170a01150 JavaThread "Unconstrained build operations Thread 28" [_thread_blocked, id=4264, stack(0x00000052fe200000,0x00000052fe300000)]
  0x0000016170a04640 JavaThread "Unconstrained build operations Thread 29" [_thread_blocked, id=12548, stack(0x00000052fe300000,0x00000052fe400000)]
  0x0000016170a00c80 JavaThread "Unconstrained build operations Thread 30" [_thread_blocked, id=18140, stack(0x00000052fe400000,0x00000052fe500000)]
  0x0000016170a06cc0 JavaThread "Unconstrained build operations Thread 31" [_thread_blocked, id=5188, stack(0x00000052fe500000,0x00000052fe600000)]
  0x0000016170a04170 JavaThread "Unconstrained build operations Thread 32" [_thread_blocked, id=18548, stack(0x00000052fe600000,0x00000052fe700000)]
  0x0000016170a037d0 JavaThread "Unconstrained build operations Thread 33" [_thread_blocked, id=19124, stack(0x00000052fe700000,0x00000052fe800000)]
  0x0000016170a07190 JavaThread "Unconstrained build operations Thread 34" [_thread_blocked, id=23196, stack(0x00000052fe800000,0x00000052fe900000)]
  0x0000016170a04fe0 JavaThread "Unconstrained build operations Thread 35" [_thread_blocked, id=20964, stack(0x00000052fe900000,0x00000052fea00000)]
  0x0000016170a054b0 JavaThread "Unconstrained build operations Thread 36" [_thread_blocked, id=13348, stack(0x00000052fea00000,0x00000052feb00000)]
  0x00000161709ff940 JavaThread "Unconstrained build operations Thread 37" [_thread_blocked, id=22080, stack(0x00000052feb00000,0x00000052fec00000)]
  0x0000016170c43ee0 JavaThread "Unconstrained build operations Thread 38" [_thread_blocked, id=5912, stack(0x00000052fec00000,0x00000052fed00000)]
  0x0000016170c44d50 JavaThread "Unconstrained build operations Thread 39" [_thread_blocked, id=16264, stack(0x00000052fed00000,0x00000052fee00000)]
  0x0000016170c46090 JavaThread "Unconstrained build operations Thread 40" [_thread_blocked, id=16600, stack(0x00000052fee00000,0x00000052fef00000)]
  0x0000016170c456f0 JavaThread "Unconstrained build operations Thread 41" [_thread_blocked, id=4596, stack(0x00000052fef00000,0x00000052ff000000)]
  0x0000016170c46560 JavaThread "Unconstrained build operations Thread 42" [_thread_blocked, id=7100, stack(0x00000052ff000000,0x00000052ff100000)]
  0x0000016170c43540 JavaThread "Unconstrained build operations Thread 43" [_thread_blocked, id=22800, stack(0x00000052ff100000,0x00000052ff200000)]
  0x0000016170c46a30 JavaThread "Unconstrained build operations Thread 44" [_thread_blocked, id=19116, stack(0x00000052ff200000,0x00000052ff300000)]
  0x0000016170c43a10 JavaThread "Unconstrained build operations Thread 45" [_thread_blocked, id=4412, stack(0x00000052ff300000,0x00000052ff400000)]
  0x0000016170c43070 JavaThread "Unconstrained build operations Thread 46" [_thread_blocked, id=21676, stack(0x00000052ff400000,0x00000052ff500000)]
  0x0000016170c45bc0 JavaThread "Unconstrained build operations Thread 47" [_thread_blocked, id=23548, stack(0x00000052ff500000,0x00000052ff600000)]
  0x0000016170c443b0 JavaThread "Unconstrained build operations Thread 48" [_thread_blocked, id=11736, stack(0x00000052ff600000,0x00000052ff700000)]
  0x0000016170c44880 JavaThread "Unconstrained build operations Thread 49" [_thread_blocked, id=7828, stack(0x00000052ff700000,0x00000052ff800000)]
  0x0000016170c45220 JavaThread "Unconstrained build operations Thread 50" [_thread_blocked, id=2168, stack(0x00000052ff800000,0x00000052ff900000)]
  0x0000016170861a30 JavaThread "Unconstrained build operations Thread 51" [_thread_blocked, id=4540, stack(0x00000052ff900000,0x00000052ffa00000)]
  0x000001617085ea10 JavaThread "Unconstrained build operations Thread 52" [_thread_blocked, id=21648, stack(0x00000052ffa00000,0x00000052ffb00000)]
  0x000001617085eee0 JavaThread "Unconstrained build operations Thread 53" [_thread_blocked, id=8560, stack(0x00000052ffb00000,0x00000052ffc00000)]
  0x0000016170864580 JavaThread "Unconstrained build operations Thread 54" [_thread_blocked, id=4680, stack(0x00000052ffc00000,0x00000052ffd00000)]
  0x0000016170864f20 JavaThread "Unconstrained build operations Thread 55" [_thread_blocked, id=1680, stack(0x00000052ffd00000,0x00000052ffe00000)]
  0x000001617085fd50 JavaThread "Unconstrained build operations Thread 56" [_thread_blocked, id=16084, stack(0x00000052ffe00000,0x00000052fff00000)]
  0x00000161708623d0 JavaThread "Unconstrained build operations Thread 57" [_thread_blocked, id=3188, stack(0x00000052fff00000,0x0000005300000000)]
  0x0000016170862d70 JavaThread "Unconstrained build operations Thread 58" [_thread_blocked, id=12940, stack(0x0000005280000000,0x0000005280100000)]
  0x0000016170863be0 JavaThread "Unconstrained build operations Thread 59" [_thread_blocked, id=12868, stack(0x0000005280100000,0x0000005280200000)]
  0x00000161708628a0 JavaThread "Unconstrained build operations Thread 60" [_thread_blocked, id=716, stack(0x0000005280200000,0x0000005280300000)]
  0x0000016170860220 JavaThread "Unconstrained build operations Thread 61" [_thread_blocked, id=236, stack(0x0000005280300000,0x0000005280400000)]
  0x000001617085e540 JavaThread "Unconstrained build operations Thread 62" [_thread_blocked, id=20680, stack(0x0000005280400000,0x0000005280500000)]
  0x0000016170861090 JavaThread "Unconstrained build operations Thread 63" [_thread_blocked, id=16240, stack(0x0000005280500000,0x0000005280600000)]
  0x0000016170864a50 JavaThread "Unconstrained build operations Thread 64" [_thread_blocked, id=2668, stack(0x0000005280600000,0x0000005280700000)]
  0x0000016170863710 JavaThread "Unconstrained build operations Thread 65" [_thread_blocked, id=12752, stack(0x0000005280700000,0x0000005280800000)]
  0x0000016170863240 JavaThread "Unconstrained build operations Thread 66" [_thread_blocked, id=15940, stack(0x0000005280800000,0x0000005280900000)]
  0x00000161708640b0 JavaThread "Unconstrained build operations Thread 67" [_thread_blocked, id=17148, stack(0x0000005280900000,0x0000005280a00000)]
  0x00000161708606f0 JavaThread "Unconstrained build operations Thread 68" [_thread_blocked, id=3092, stack(0x0000005280a00000,0x0000005280b00000)]
  0x000001617085f3b0 JavaThread "Unconstrained build operations Thread 69" [_thread_blocked, id=20716, stack(0x0000005280b00000,0x0000005280c00000)]
  0x00000161708653f0 JavaThread "Unconstrained build operations Thread 70" [_thread_blocked, id=2260, stack(0x0000005280c00000,0x0000005280d00000)]
  0x000001617085f880 JavaThread "Unconstrained build operations Thread 71" [_thread_blocked, id=18504, stack(0x0000005280d00000,0x0000005280e00000)]
  0x000001617085dba0 JavaThread "Unconstrained build operations Thread 72" [_thread_blocked, id=16824, stack(0x0000005280e00000,0x0000005280f00000)]
  0x0000016170860bc0 JavaThread "Unconstrained build operations Thread 73" [_thread_blocked, id=2972, stack(0x0000005280f00000,0x0000005281000000)]
  0x0000016170861560 JavaThread "Unconstrained build operations Thread 74" [_thread_blocked, id=20828, stack(0x0000005281000000,0x0000005281100000)]
  0x000001617085e070 JavaThread "Unconstrained build operations Thread 75" [_thread_blocked, id=3932, stack(0x0000005281100000,0x0000005281200000)]
  0x0000016170861f00 JavaThread "Unconstrained build operations Thread 76" [_thread_blocked, id=19804, stack(0x0000005281200000,0x0000005281300000)]
  0x00000161737b6a80 JavaThread "Unconstrained build operations Thread 77" [_thread_blocked, id=3832, stack(0x0000005281300000,0x0000005281400000)]
  0x00000161737b95d0 JavaThread "Unconstrained build operations Thread 78" [_thread_blocked, id=8172, stack(0x0000005281400000,0x0000005281500000)]
  0x00000161737bb780 JavaThread "Unconstrained build operations Thread 79" [_thread_blocked, id=1872, stack(0x0000005281500000,0x0000005281600000)]
  0x00000161737b7420 JavaThread "Unconstrained build operations Thread 80" [_thread_blocked, id=9608, stack(0x0000005281600000,0x0000005281700000)]

Other Threads:
=>0x00000161694ee4e0 VMThread "VM Thread" [stack: 0x00000052f9000000,0x00000052f9100000] [id=9876]
  0x000001616a2335b0 WatcherThread [stack: 0x00000052f9c00000,0x00000052f9d00000] [id=11888]
  0x000001614d71c440 GCTaskThread "GC Thread#0" [stack: 0x00000052f8b00000,0x00000052f8c00000] [id=23376]
  0x000001616a38ec80 GCTaskThread "GC Thread#1" [stack: 0x00000052f9e00000,0x00000052f9f00000] [id=9156]
  0x000001616a38ef30 GCTaskThread "GC Thread#2" [stack: 0x00000052f9f00000,0x00000052fa000000] [id=15000]
  0x000001616a38f9f0 GCTaskThread "GC Thread#3" [stack: 0x00000052fa000000,0x00000052fa100000] [id=14900]
  0x000001616a38e9d0 GCTaskThread "GC Thread#4" [stack: 0x00000052fa100000,0x00000052fa200000] [id=6596]
  0x000001616a38f1e0 GCTaskThread "GC Thread#5" [stack: 0x00000052fa200000,0x00000052fa300000] [id=10672]
  0x000001616a38fca0 GCTaskThread "GC Thread#6" [stack: 0x00000052fad00000,0x00000052fae00000] [id=4032]
  0x000001616a38e1c0 GCTaskThread "GC Thread#7" [stack: 0x00000052fae00000,0x00000052faf00000] [id=6216]
  0x000001614d72d290 ConcurrentGCThread "G1 Main Marker" [stack: 0x00000052f8c00000,0x00000052f8d00000] [id=4220]
  0x000001614d72dbb0 ConcurrentGCThread "G1 Conc#0" [stack: 0x00000052f8d00000,0x00000052f8e00000] [id=3276]
  0x000001616a38e470 ConcurrentGCThread "G1 Conc#1" [stack: 0x00000052faf00000,0x00000052fb000000] [id=19092]
  0x000001614d78e6f0 ConcurrentGCThread "G1 Refine#0" [stack: 0x00000052f8e00000,0x00000052f8f00000] [id=8736]
  0x000001616936def0 ConcurrentGCThread "G1 Service" [stack: 0x00000052f8f00000,0x00000052f9000000] [id=13464]

Threads with active compile tasks:
C2 CompilerThread0     4217 6220       4       java.net.URLStreamHandler::setURL (73 bytes)
C1 CompilerThread0     4217 6225   !   3       java.util.zip.ZipFile$Source::get (190 bytes)
C2 CompilerThread1     4217 6069       4       org.gradle.internal.snapshot.ChildMap$Entry::handleAncestorDescendantOrExactMatch (110 bytes)
C2 CompilerThread2     4217 6224   !   4       jdk.internal.loader.URLClassPath$JarLoader::ensureOpen (36 bytes)

VM state: at safepoint (normal execution)

VM Mutex/Monitor currently owned by a thread:  ([mutex/lock_event])
[0x000001614d6b8650] Threads_lock - owner thread: 0x00000161694ee4e0
[0x000001614d6b8a40] Heap_lock - owner thread: 0x000001616ab7ec90

Heap address: 0x0000000080000000, size: 2048 MB, Compressed Oops mode: 32-bit

CDS archive(s) not mapped
Compressed class space mapped at: 0x0000000100000000-0x0000000140000000, reserved size: 1073741824
Narrow klass base: 0x0000000000000000, Narrow klass shift: 3, Narrow klass range: 0x140000000

GC Precious Log:
 CPUs: 8 total, 8 available
 Memory: 16106M
 Large Page Support: Disabled
 NUMA Support: Disabled
 Compressed Oops: Enabled (32-bit)
 Heap Region Size: 1M
 Heap Min Capacity: 8M
 Heap Initial Capacity: 252M
 Heap Max Capacity: 2G
 Pre-touch: Disabled
 Parallel Workers: 8
 Concurrent Workers: 2
 Concurrent Refinement Workers: 8
 Periodic GC: Disabled

Heap:
 garbage-first heap   total 142336K, used 83243K [0x0000000080000000, 0x0000000100000000)
  region size 1024K, 5 young (5120K), 5 survivors (5120K)
 Metaspace       used 56505K, committed 57152K, reserved 1105920K
  class space    used 7608K, committed 7872K, reserved 1048576K

Heap Regions: E=young(eden), S=young(survivor), O=old, HS=humongous(starts), HC=humongous(continues), CS=collection set, F=free, OA=open archive, CA=closed archive, TAMS=top-at-mark-start (previous, next)
|   0|0x0000000080000000, 0x0000000080100000, 0x0000000080100000|100%|HS|  |TAMS 0x0000000080100000, 0x0000000080100000| Complete 
|   1|0x0000000080100000, 0x0000000080200000, 0x0000000080200000|100%|HC|  |TAMS 0x0000000080200000, 0x0000000080200000| Complete 
|   2|0x0000000080200000, 0x0000000080300000, 0x0000000080300000|100%|HC|  |TAMS 0x0000000080300000, 0x0000000080300000| Complete 
|   3|0x0000000080300000, 0x0000000080400000, 0x0000000080400000|100%|HC|  |TAMS 0x0000000080400000, 0x0000000080400000| Complete 
|   4|0x0000000080400000, 0x0000000080500000, 0x0000000080500000|100%| O|  |TAMS 0x0000000080500000, 0x0000000080500000| Untracked 
|   5|0x0000000080500000, 0x0000000080600000, 0x0000000080600000|100%| O|  |TAMS 0x0000000080600000, 0x0000000080600000| Untracked 
|   6|0x0000000080600000, 0x0000000080700000, 0x0000000080700000|100%| O|  |TAMS 0x0000000080700000, 0x0000000080700000| Untracked 
|   7|0x0000000080700000, 0x0000000080800000, 0x0000000080800000|100%| O|  |TAMS 0x0000000080800000, 0x0000000080800000| Untracked 
|   8|0x0000000080800000, 0x0000000080900000, 0x0000000080900000|100%| O|  |TAMS 0x0000000080900000, 0x0000000080900000| Untracked 
|   9|0x0000000080900000, 0x0000000080a00000, 0x0000000080a00000|100%| O|  |TAMS 0x0000000080a00000, 0x0000000080a00000| Untracked 
|  10|0x0000000080a00000, 0x0000000080b00000, 0x0000000080b00000|100%| O|  |TAMS 0x0000000080b00000, 0x0000000080b00000| Untracked 
|  11|0x0000000080b00000, 0x0000000080c00000, 0x0000000080c00000|100%| O|  |TAMS 0x0000000080c00000, 0x0000000080c00000| Untracked 
|  12|0x0000000080c00000, 0x0000000080d00000, 0x0000000080d00000|100%| O|  |TAMS 0x0000000080d00000, 0x0000000080d00000| Untracked 
|  13|0x0000000080d00000, 0x0000000080e00000, 0x0000000080e00000|100%| O|  |TAMS 0x0000000080e00000, 0x0000000080e00000| Untracked 
|  14|0x0000000080e00000, 0x0000000080f00000, 0x0000000080f00000|100%| O|  |TAMS 0x0000000080f00000, 0x0000000080f00000| Untracked 
|  15|0x0000000080f00000, 0x0000000081000000, 0x0000000081000000|100%| O|  |TAMS 0x0000000081000000, 0x0000000081000000| Untracked 
|  16|0x0000000081000000, 0x0000000081100000, 0x0000000081100000|100%| O|  |TAMS 0x0000000081100000, 0x0000000081100000| Untracked 
|  17|0x0000000081100000, 0x0000000081200000, 0x0000000081200000|100%| O|  |TAMS 0x0000000081200000, 0x0000000081200000| Untracked 
|  18|0x0000000081200000, 0x0000000081300000, 0x0000000081300000|100%| O|  |TAMS 0x0000000081300000, 0x0000000081300000| Untracked 
|  19|0x0000000081300000, 0x0000000081400000, 0x0000000081400000|100%|HS|  |TAMS 0x0000000081400000, 0x0000000081400000| Complete 
|  20|0x0000000081400000, 0x0000000081500000, 0x0000000081500000|100%|HC|  |TAMS 0x0000000081500000, 0x0000000081500000| Complete 
|  21|0x0000000081500000, 0x0000000081600000, 0x0000000081600000|100%| O|  |TAMS 0x0000000081600000, 0x0000000081600000| Untracked 
|  22|0x0000000081600000, 0x0000000081700000, 0x0000000081700000|100%|HS|  |TAMS 0x0000000081700000, 0x0000000081700000| Complete 
|  23|0x0000000081700000, 0x0000000081800000, 0x0000000081800000|100%|HC|  |TAMS 0x0000000081800000, 0x0000000081800000| Complete 
|  24|0x0000000081800000, 0x0000000081900000, 0x0000000081900000|100%|HS|  |TAMS 0x0000000081900000, 0x0000000081900000| Complete 
|  25|0x0000000081900000, 0x0000000081a00000, 0x0000000081a00000|100%|HC|  |TAMS 0x0000000081a00000, 0x0000000081a00000| Complete 
|  26|0x0000000081a00000, 0x0000000081b00000, 0x0000000081b00000|100%|HC|  |TAMS 0x0000000081b00000, 0x0000000081b00000| Complete 
|  27|0x0000000081b00000, 0x0000000081c00000, 0x0000000081c00000|100%|HS|  |TAMS 0x0000000081c00000, 0x0000000081c00000| Complete 
|  28|0x0000000081c00000, 0x0000000081d00000, 0x0000000081d00000|100%|HC|  |TAMS 0x0000000081d00000, 0x0000000081d00000| Complete 
|  29|0x0000000081d00000, 0x0000000081e00000, 0x0000000081e00000|100%|HC|  |TAMS 0x0000000081e00000, 0x0000000081e00000| Complete 
|  30|0x0000000081e00000, 0x0000000081f00000, 0x0000000081f00000|100%| O|  |TAMS 0x0000000081f00000, 0x0000000081f00000| Untracked 
|  31|0x0000000081f00000, 0x0000000082000000, 0x0000000082000000|100%| O|  |TAMS 0x0000000082000000, 0x0000000082000000| Untracked 
|  32|0x0000000082000000, 0x0000000082100000, 0x0000000082100000|100%| O|  |TAMS 0x0000000082100000, 0x0000000082100000| Untracked 
|  33|0x0000000082100000, 0x0000000082200000, 0x0000000082200000|100%| O|  |TAMS 0x0000000082200000, 0x0000000082200000| Untracked 
|  34|0x0000000082200000, 0x0000000082300000, 0x0000000082300000|100%| O|  |TAMS 0x0000000082300000, 0x0000000082300000| Untracked 
|  35|0x0000000082300000, 0x0000000082400000, 0x0000000082400000|100%| O|  |TAMS 0x0000000082400000, 0x0000000082400000| Untracked 
|  36|0x0000000082400000, 0x0000000082500000, 0x0000000082500000|100%| O|  |TAMS 0x0000000082500000, 0x0000000082500000| Untracked 
|  37|0x0000000082500000, 0x0000000082600000, 0x0000000082600000|100%| O|  |TAMS 0x0000000082600000, 0x0000000082600000| Untracked 
|  38|0x0000000082600000, 0x0000000082700000, 0x0000000082700000|100%| O|  |TAMS 0x0000000082700000, 0x0000000082700000| Untracked 
|  39|0x0000000082700000, 0x0000000082800000, 0x0000000082800000|100%| O|  |TAMS 0x0000000082800000, 0x0000000082800000| Untracked 
|  40|0x0000000082800000, 0x0000000082900000, 0x0000000082900000|100%| O|  |TAMS 0x0000000082900000, 0x0000000082900000| Untracked 
|  41|0x0000000082900000, 0x0000000082a00000, 0x0000000082a00000|100%| O|  |TAMS 0x0000000082a00000, 0x0000000082a00000| Untracked 
|  42|0x0000000082a00000, 0x0000000082b00000, 0x0000000082b00000|100%| O|  |TAMS 0x0000000082b00000, 0x0000000082b00000| Untracked 
|  43|0x0000000082b00000, 0x0000000082c00000, 0x0000000082c00000|100%| O|  |TAMS 0x0000000082c00000, 0x0000000082c00000| Untracked 
|  44|0x0000000082c00000, 0x0000000082d00000, 0x0000000082d00000|100%| O|  |TAMS 0x0000000082d00000, 0x0000000082d00000| Untracked 
|  45|0x0000000082d00000, 0x0000000082e00000, 0x0000000082e00000|100%|HS|  |TAMS 0x0000000082e00000, 0x0000000082e00000| Complete 
|  46|0x0000000082e00000, 0x0000000082f00000, 0x0000000082f00000|100%|HC|  |TAMS 0x0000000082f00000, 0x0000000082f00000| Complete 
|  47|0x0000000082f00000, 0x0000000083000000, 0x0000000083000000|100%|HC|  |TAMS 0x0000000083000000, 0x0000000083000000| Complete 
|  48|0x0000000083000000, 0x0000000083100000, 0x0000000083100000|100%|HC|  |TAMS 0x0000000083100000, 0x0000000083100000| Complete 
|  49|0x0000000083100000, 0x0000000083200000, 0x0000000083200000|100%|HC|  |TAMS 0x0000000083200000, 0x0000000083200000| Complete 
|  50|0x0000000083200000, 0x0000000083300000, 0x0000000083300000|100%|HC|  |TAMS 0x0000000083300000, 0x0000000083300000| Complete 
|  51|0x0000000083300000, 0x0000000083400000, 0x0000000083400000|100%|HC|  |TAMS 0x0000000083400000, 0x0000000083400000| Complete 
|  52|0x0000000083400000, 0x0000000083500000, 0x0000000083500000|100%|HC|  |TAMS 0x0000000083500000, 0x0000000083500000| Complete 
|  53|0x0000000083500000, 0x0000000083600000, 0x0000000083600000|100%|HC|  |TAMS 0x0000000083600000, 0x0000000083600000| Complete 
|  54|0x0000000083600000, 0x0000000083700000, 0x0000000083700000|100%|HC|  |TAMS 0x0000000083700000, 0x0000000083700000| Complete 
|  55|0x0000000083700000, 0x0000000083800000, 0x0000000083800000|100%|HC|  |TAMS 0x0000000083800000, 0x0000000083800000| Complete 
|  56|0x0000000083800000, 0x0000000083900000, 0x0000000083900000|100%|HC|  |TAMS 0x0000000083900000, 0x0000000083900000| Complete 
|  57|0x0000000083900000, 0x0000000083a00000, 0x0000000083a00000|100%|HS|  |TAMS 0x0000000083a00000, 0x0000000083a00000| Complete 
|  58|0x0000000083a00000, 0x0000000083b00000, 0x0000000083b00000|100%|HC|  |TAMS 0x0000000083b00000, 0x0000000083b00000| Complete 
|  59|0x0000000083b00000, 0x0000000083c00000, 0x0000000083c00000|100%|HC|  |TAMS 0x0000000083c00000, 0x0000000083c00000| Complete 
|  60|0x0000000083c00000, 0x0000000083d00000, 0x0000000083d00000|100%|HS|  |TAMS 0x0000000083d00000, 0x0000000083d00000| Complete 
|  61|0x0000000083d00000, 0x0000000083e00000, 0x0000000083e00000|100%|HC|  |TAMS 0x0000000083e00000, 0x0000000083e00000| Complete 
|  62|0x0000000083e00000, 0x0000000083f00000, 0x0000000083f00000|100%|HC|  |TAMS 0x0000000083f00000, 0x0000000083f00000| Complete 
|  63|0x0000000083f00000, 0x0000000084000000, 0x0000000084000000|100%| O|  |TAMS 0x0000000084000000, 0x0000000084000000| Untracked 
|  64|0x0000000084000000, 0x0000000084100000, 0x0000000084100000|100%| O|  |TAMS 0x0000000084100000, 0x0000000084100000| Untracked 
|  65|0x0000000084100000, 0x0000000084200000, 0x0000000084200000|100%| O|  |TAMS 0x0000000084200000, 0x0000000084200000| Untracked 
|  66|0x0000000084200000, 0x0000000084300000, 0x0000000084300000|100%| O|  |TAMS 0x0000000084300000, 0x0000000084300000| Untracked 
|  67|0x0000000084300000, 0x0000000084400000, 0x0000000084400000|100%| O|  |TAMS 0x0000000084400000, 0x0000000084400000| Untracked 
|  68|0x0000000084400000, 0x0000000084500000, 0x0000000084500000|100%| O|  |TAMS 0x0000000084430e00, 0x0000000084500000| Untracked 
|  69|0x0000000084500000, 0x0000000084600000, 0x0000000084600000|100%| O|  |TAMS 0x0000000084500000, 0x0000000084600000| Untracked 
|  70|0x0000000084600000, 0x0000000084700000, 0x0000000084700000|100%| O|  |TAMS 0x0000000084600000, 0x0000000084700000| Untracked 
|  71|0x0000000084700000, 0x000000008475b400, 0x0000000084800000| 35%| O|  |TAMS 0x0000000084700000, 0x000000008475b400| Untracked 
|  72|0x0000000084800000, 0x0000000084900000, 0x0000000084900000|100%|HS|  |TAMS 0x0000000084800000, 0x0000000084900000| Complete 
|  73|0x0000000084900000, 0x0000000084a00000, 0x0000000084a00000|100%|HS|  |TAMS 0x0000000084900000, 0x0000000084a00000| Complete 
|  74|0x0000000084a00000, 0x0000000084b00000, 0x0000000084b00000|100%|HS|  |TAMS 0x0000000084a00000, 0x0000000084b00000| Complete 
|  75|0x0000000084b00000, 0x0000000084c00000, 0x0000000084c00000|100%|HC|  |TAMS 0x0000000084b00000, 0x0000000084c00000| Complete 
|  76|0x0000000084c00000, 0x0000000084d00000, 0x0000000084d00000|100%|HS|  |TAMS 0x0000000084c00000, 0x0000000084d00000| Complete 
|  77|0x0000000084d00000, 0x0000000084d00000, 0x0000000084e00000|  0%| F|  |TAMS 0x0000000084d00000, 0x0000000084d00000| Untracked 
|  78|0x0000000084e00000, 0x0000000084e00000, 0x0000000084f00000|  0%| F|  |TAMS 0x0000000084e00000, 0x0000000084e00000| Untracked 
|  79|0x0000000084f00000, 0x0000000084f00000, 0x0000000085000000|  0%| F|  |TAMS 0x0000000084f00000, 0x0000000084f00000| Untracked 
|  80|0x0000000085000000, 0x0000000085000000, 0x0000000085100000|  0%| F|  |TAMS 0x0000000085000000, 0x0000000085000000| Untracked 
|  81|0x0000000085100000, 0x0000000085100000, 0x0000000085200000|  0%| F|  |TAMS 0x0000000085100000, 0x0000000085100000| Untracked 
|  82|0x0000000085200000, 0x0000000085200000, 0x0000000085300000|  0%| F|  |TAMS 0x0000000085200000, 0x0000000085200000| Untracked 
|  83|0x0000000085300000, 0x0000000085300000, 0x0000000085400000|  0%| F|  |TAMS 0x0000000085300000, 0x0000000085300000| Untracked 
|  84|0x0000000085400000, 0x0000000085400000, 0x0000000085500000|  0%| F|  |TAMS 0x0000000085400000, 0x0000000085400000| Untracked 
|  85|0x0000000085500000, 0x0000000085500000, 0x0000000085600000|  0%| F|  |TAMS 0x0000000085500000, 0x0000000085500000| Untracked 
|  86|0x0000000085600000, 0x0000000085600000, 0x0000000085700000|  0%| F|  |TAMS 0x0000000085600000, 0x0000000085600000| Untracked 
|  87|0x0000000085700000, 0x0000000085700000, 0x0000000085800000|  0%| F|  |TAMS 0x0000000085700000, 0x0000000085700000| Untracked 
|  88|0x0000000085800000, 0x0000000085800000, 0x0000000085900000|  0%| F|  |TAMS 0x0000000085800000, 0x0000000085800000| Untracked 
|  89|0x0000000085900000, 0x0000000085900000, 0x0000000085a00000|  0%| F|  |TAMS 0x0000000085900000, 0x0000000085900000| Untracked 
|  90|0x0000000085a00000, 0x0000000085a00000, 0x0000000085b00000|  0%| F|  |TAMS 0x0000000085a00000, 0x0000000085a00000| Untracked 
|  91|0x0000000085b00000, 0x0000000085b00000, 0x0000000085c00000|  0%| F|  |TAMS 0x0000000085b00000, 0x0000000085b00000| Untracked 
|  92|0x0000000085c00000, 0x0000000085c00000, 0x0000000085d00000|  0%| F|  |TAMS 0x0000000085c00000, 0x0000000085c00000| Untracked 
|  93|0x0000000085d00000, 0x0000000085d00000, 0x0000000085e00000|  0%| F|  |TAMS 0x0000000085d00000, 0x0000000085d00000| Untracked 
|  94|0x0000000085e00000, 0x0000000085e00000, 0x0000000085f00000|  0%| F|  |TAMS 0x0000000085e00000, 0x0000000085e00000| Untracked 
|  95|0x0000000085f00000, 0x0000000085f00000, 0x0000000086000000|  0%| F|  |TAMS 0x0000000085f00000, 0x0000000085f00000| Untracked 
|  96|0x0000000086000000, 0x0000000086000000, 0x0000000086100000|  0%| F|  |TAMS 0x0000000086000000, 0x0000000086000000| Untracked 
|  97|0x0000000086100000, 0x0000000086100000, 0x0000000086200000|  0%| F|  |TAMS 0x0000000086100000, 0x0000000086100000| Untracked 
|  98|0x0000000086200000, 0x0000000086200000, 0x0000000086300000|  0%| F|  |TAMS 0x0000000086200000, 0x0000000086200000| Untracked 
|  99|0x0000000086300000, 0x0000000086300000, 0x0000000086400000|  0%| F|  |TAMS 0x0000000086300000, 0x0000000086300000| Untracked 
| 100|0x0000000086400000, 0x0000000086400000, 0x0000000086500000|  0%| F|  |TAMS 0x0000000086400000, 0x0000000086400000| Untracked 
| 101|0x0000000086500000, 0x0000000086500000, 0x0000000086600000|  0%| F|  |TAMS 0x0000000086500000, 0x0000000086500000| Untracked 
| 102|0x0000000086600000, 0x0000000086600000, 0x0000000086700000|  0%| F|  |TAMS 0x0000000086600000, 0x0000000086600000| Untracked 
| 103|0x0000000086700000, 0x0000000086700000, 0x0000000086800000|  0%| F|  |TAMS 0x0000000086700000, 0x0000000086700000| Untracked 
| 104|0x0000000086800000, 0x0000000086800000, 0x0000000086900000|  0%| F|  |TAMS 0x0000000086800000, 0x0000000086800000| Untracked 
| 105|0x0000000086900000, 0x0000000086900000, 0x0000000086a00000|  0%| F|  |TAMS 0x0000000086900000, 0x0000000086900000| Untracked 
| 106|0x0000000086a00000, 0x0000000086a00000, 0x0000000086b00000|  0%| F|  |TAMS 0x0000000086a00000, 0x0000000086a00000| Untracked 
| 107|0x0000000086b00000, 0x0000000086b00000, 0x0000000086c00000|  0%| F|  |TAMS 0x0000000086b00000, 0x0000000086b00000| Untracked 
| 108|0x0000000086c00000, 0x0000000086c00000, 0x0000000086d00000|  0%| F|  |TAMS 0x0000000086c00000, 0x0000000086c00000| Untracked 
| 109|0x0000000086d00000, 0x0000000086d00000, 0x0000000086e00000|  0%| F|  |TAMS 0x0000000086d00000, 0x0000000086d00000| Untracked 
| 110|0x0000000086e00000, 0x0000000086e00000, 0x0000000086f00000|  0%| F|  |TAMS 0x0000000086e00000, 0x0000000086e00000| Untracked 
| 111|0x0000000086f00000, 0x0000000086f00000, 0x0000000087000000|  0%| F|  |TAMS 0x0000000086f00000, 0x0000000086f00000| Untracked 
| 112|0x0000000087000000, 0x0000000087000000, 0x0000000087100000|  0%| F|  |TAMS 0x0000000087000000, 0x0000000087000000| Untracked 
| 113|0x0000000087100000, 0x0000000087100000, 0x0000000087200000|  0%| F|  |TAMS 0x0000000087100000, 0x0000000087100000| Untracked 
| 114|0x0000000087200000, 0x0000000087200000, 0x0000000087300000|  0%| F|  |TAMS 0x0000000087200000, 0x0000000087200000| Untracked 
| 115|0x0000000087300000, 0x0000000087300000, 0x0000000087400000|  0%| F|  |TAMS 0x0000000087300000, 0x0000000087300000| Untracked 
| 116|0x0000000087400000, 0x0000000087400000, 0x0000000087500000|  0%| F|  |TAMS 0x0000000087400000, 0x0000000087400000| Untracked 
| 117|0x0000000087500000, 0x0000000087500000, 0x0000000087600000|  0%| F|  |TAMS 0x0000000087500000, 0x0000000087500000| Untracked 
| 118|0x0000000087600000, 0x0000000087600000, 0x0000000087700000|  0%| F|  |TAMS 0x0000000087600000, 0x0000000087600000| Untracked 
| 119|0x0000000087700000, 0x0000000087700000, 0x0000000087800000|  0%| F|  |TAMS 0x0000000087700000, 0x0000000087700000| Untracked 
| 120|0x0000000087800000, 0x0000000087800000, 0x0000000087900000|  0%| F|  |TAMS 0x0000000087800000, 0x0000000087800000| Untracked 
| 121|0x0000000087900000, 0x0000000087900000, 0x0000000087a00000|  0%| F|  |TAMS 0x0000000087900000, 0x0000000087900000| Untracked 
| 122|0x0000000087a00000, 0x0000000087a00000, 0x0000000087b00000|  0%| F|  |TAMS 0x0000000087a00000, 0x0000000087a00000| Untracked 
| 123|0x0000000087b00000, 0x0000000087b00000, 0x0000000087c00000|  0%| F|  |TAMS 0x0000000087b00000, 0x0000000087b00000| Untracked 
| 124|0x0000000087c00000, 0x0000000087c00000, 0x0000000087d00000|  0%| F|  |TAMS 0x0000000087c00000, 0x0000000087c00000| Untracked 
| 125|0x0000000087d00000, 0x0000000087d00000, 0x0000000087e00000|  0%| F|  |TAMS 0x0000000087d00000, 0x0000000087d00000| Untracked 
| 126|0x0000000087e00000, 0x0000000087e00000, 0x0000000087f00000|  0%| F|  |TAMS 0x0000000087e00000, 0x0000000087e00000| Untracked 
| 127|0x0000000087f00000, 0x0000000087f00000, 0x0000000088000000|  0%| F|  |TAMS 0x0000000087f00000, 0x0000000087f00000| Untracked 
| 128|0x0000000088000000, 0x0000000088000000, 0x0000000088100000|  0%| F|  |TAMS 0x0000000088000000, 0x0000000088000000| Untracked 
| 129|0x0000000088100000, 0x00000000881ef990, 0x0000000088200000| 93%| S|CS|TAMS 0x0000000088100000, 0x0000000088100000| Complete 
| 202|0x000000008ca00000, 0x000000008cb00000, 0x000000008cb00000|100%| S|CS|TAMS 0x000000008ca00000, 0x000000008ca00000| Complete 
| 203|0x000000008cb00000, 0x000000008cc00000, 0x000000008cc00000|100%| S|CS|TAMS 0x000000008cb00000, 0x000000008cb00000| Complete 
| 204|0x000000008cc00000, 0x000000008cd00000, 0x000000008cd00000|100%| S|CS|TAMS 0x000000008cc00000, 0x000000008cc00000| Complete 
| 205|0x000000008cd00000, 0x000000008ce00000, 0x000000008ce00000|100%| S|CS|TAMS 0x000000008cd00000, 0x000000008cd00000| Complete 
| 206|0x000000008ce00000, 0x000000008ce00000, 0x000000008cf00000|  0%| F|  |TAMS 0x000000008ce00000, 0x000000008ce00000| Untracked 
| 207|0x000000008cf00000, 0x000000008cf00000, 0x000000008d000000|  0%| F|  |TAMS 0x000000008cf00000, 0x000000008cf00000| Untracked 
| 208|0x000000008d000000, 0x000000008d000000, 0x000000008d100000|  0%| F|  |TAMS 0x000000008d000000, 0x000000008d000000| Untracked 
| 209|0x000000008d100000, 0x000000008d100000, 0x000000008d200000|  0%| F|  |TAMS 0x000000008d100000, 0x000000008d100000| Untracked 
| 251|0x000000008fb00000, 0x000000008fb00000, 0x000000008fc00000|  0%| F|  |TAMS 0x000000008fb00000, 0x000000008fb00000| Untracked 

Card table byte_map: [0x00000161621d0000,0x00000161625d0000] _byte_map_base: 0x0000016161dd0000

Marking Bits (Prev, Next): (CMBitMap*) 0x000001614d71c960, (CMBitMap*) 0x000001614d71c9a0
 Prev Bits: [0x00000161629d0000, 0x00000161649d0000)
 Next Bits: [0x00000161649d0000, 0x00000161669d0000)

Polling page: 0x000001614d790000

Metaspace:

Usage:
  Non-class:     47.75 MB used.
      Class:      7.43 MB used.
       Both:     55.18 MB used.

Virtual space:
  Non-class space:       56.00 MB reserved,      48.12 MB ( 86%) committed,  7 nodes.
      Class space:        1.00 GB reserved,       7.69 MB ( <1%) committed,  1 nodes.
             Both:        1.05 GB reserved,      55.81 MB (  5%) committed. 

Chunk freelists:
   Non-Class:  3.27 MB
       Class:  196.00 KB
        Both:  3.46 MB

MaxMetaspaceSize: unlimited
CompressedClassSpaceSize: 1.00 GB
Initial GC threshold: 21.00 MB
Current GC threshold: 93.06 MB
CDS: off
MetaspaceReclaimPolicy: balanced
 - commit_granule_bytes: 65536.
 - commit_granule_words: 8192.
 - virtual_space_node_default_size: 1048576.
 - enlarge_chunks_in_place: 1.
 - new_chunks_are_fully_committed: 0.
 - uncommit_free_chunks: 1.
 - use_allocation_guard: 0.
 - handle_deallocations: 1.


Internal statistics:

num_allocs_failed_limit: 3.
num_arena_births: 682.
num_arena_deaths: 0.
num_vsnodes_births: 8.
num_vsnodes_deaths: 0.
num_space_committed: 893.
num_space_uncommitted: 0.
num_chunks_returned_to_freelist: 3.
num_chunks_taken_from_freelist: 2603.
num_chunk_merges: 3.
num_chunk_splits: 1696.
num_chunks_enlarged: 1109.
num_purges: 0.
num_inconsistent_stats: 0.

CodeHeap 'non-profiled nmethods': size=120000Kb used=2993Kb max_used=3554Kb free=117006Kb
 bounds [0x0000016159e30000, 0x000001615a1b0000, 0x0000016161360000]
CodeHeap 'profiled nmethods': size=120000Kb used=10180Kb max_used=11179Kb free=109819Kb
 bounds [0x0000016152360000, 0x0000016152e50000, 0x0000016159890000]
CodeHeap 'non-nmethods': size=5760Kb used=2337Kb max_used=2391Kb free=3422Kb
 bounds [0x0000016159890000, 0x0000016159b00000, 0x0000016159e30000]
 total_blobs=6257 nmethods=5409 adapters=759
 compilation: enabled
              stopped_count=0, restarted_count=0
 full_count=0

Compilation events (20 events):
Event: 4.177 Thread 0x000001616a089a70 6212       3       jdk.internal.loader.URLClassPath$Loader::<init> (10 bytes)
Event: 4.178 Thread 0x000001616a089a70 nmethod 6212 0x00000161526e7490 code [0x00000161526e7620, 0x00000161526e77d8]
Event: 4.178 Thread 0x000001616a089a70 6214       3       jdk.internal.loader.URLClassPath$JarLoader::getJarFile (102 bytes)
Event: 4.178 Thread 0x000001616a089a70 nmethod 6214 0x000001615241ca10 code [0x000001615241cce0, 0x000001615241d9a8]
Event: 4.180 Thread 0x000001616a089a70 6217       3       java.io.RandomAccessFile::<init> (262 bytes)
Event: 4.181 Thread 0x000001616db1cb10 nmethod 6215 0x0000016159eac290 code [0x0000016159eac440, 0x0000016159eacc28]
Event: 4.182 Thread 0x000001616a089a70 nmethod 6217 0x0000016152491e90 code [0x0000016152492240, 0x00000161524937e8]
Event: 4.183 Thread 0x000001616a089a70 6218 %     3       java.util.jar.Manifest$FastInputStream::readLine @ 86 (296 bytes)
Event: 4.184 Thread 0x000001616a089a70 nmethod 6218% 0x0000016152452e90 code [0x00000161524530c0, 0x0000016152453b88]
Event: 4.184 Thread 0x000001616a089a70 6219       3       java.util.jar.Manifest$FastInputStream::readLine (296 bytes)
Event: 4.184 Thread 0x000001616a0890c0 6220       4       java.net.URLStreamHandler::setURL (73 bytes)
Event: 4.185 Thread 0x000001616a089a70 nmethod 6219 0x0000016152592210 code [0x0000016152592440, 0x0000016152592d48]
Event: 4.185 Thread 0x000001616a089a70 6221       3       sun.nio.fs.WindowsFileSystemProvider::readAttributes (63 bytes)
Event: 4.185 Thread 0x000001616a089a70 nmethod 6221 0x0000016152452390 code [0x00000161524525a0, 0x0000016152452bb8]
Event: 4.186 Thread 0x000001616a089a70 6222       3       sun.nio.fs.WindowsFileAttributeViews$Basic::readAttributes (5 bytes)
Event: 4.187 Thread 0x000001616a089a70 nmethod 6222 0x0000016152a8bb10 code [0x0000016152a8bd20, 0x0000016152a8c348]
Event: 4.187 Thread 0x000001616a089a70 6223   !   3       sun.nio.fs.WindowsFileAttributeViews$Basic::readAttributes (30 bytes)
Event: 4.187 Thread 0x000001616a089a70 nmethod 6223 0x0000016152591810 code [0x0000016152591a00, 0x0000016152591fc8]
Event: 4.190 Thread 0x000001616db1cb10 6224   !   4       jdk.internal.loader.URLClassPath$JarLoader::ensureOpen (36 bytes)
Event: 4.191 Thread 0x000001616a089a70 6225   !   3       java.util.zip.ZipFile$Source::get (190 bytes)

GC Heap History (20 events):
Event: 2.619 GC heap after
{Heap after GC invocations=12 (full 0):
 garbage-first heap   total 95232K, used 54744K [0x0000000080000000, 0x0000000100000000)
  region size 1024K, 4 young (4096K), 4 survivors (4096K)
 Metaspace       used 41715K, committed 42176K, reserved 1089536K
  class space    used 5583K, committed 5760K, reserved 1048576K
}
Event: 2.701 GC heap before
{Heap before GC invocations=13 (full 0):
 garbage-first heap   total 102400K, used 67032K [0x0000000080000000, 0x0000000100000000)
  region size 1024K, 18 young (18432K), 4 survivors (4096K)
 Metaspace       used 42152K, committed 42560K, reserved 1089536K
  class space    used 5629K, committed 5824K, reserved 1048576K
}
Event: 2.704 GC heap after
{Heap after GC invocations=14 (full 0):
 garbage-first heap   total 102400K, used 56548K [0x0000000080000000, 0x0000000100000000)
  region size 1024K, 3 young (3072K), 3 survivors (3072K)
 Metaspace       used 42152K, committed 42560K, reserved 1089536K
  class space    used 5629K, committed 5824K, reserved 1048576K
}
Event: 2.963 GC heap before
{Heap before GC invocations=15 (full 0):
 garbage-first heap   total 104448K, used 84196K [0x0000000080000000, 0x0000000100000000)
  region size 1024K, 27 young (27648K), 3 survivors (3072K)
 Metaspace       used 46146K, committed 46528K, reserved 1089536K
  class space    used 6123K, committed 6272K, reserved 1048576K
}
Event: 2.965 GC heap after
{Heap after GC invocations=16 (full 0):
 garbage-first heap   total 104448K, used 57540K [0x0000000080000000, 0x0000000100000000)
  region size 1024K, 4 young (4096K), 4 survivors (4096K)
 Metaspace       used 46146K, committed 46528K, reserved 1089536K
  class space    used 6123K, committed 6272K, reserved 1048576K
}
Event: 3.034 GC heap before
{Heap before GC invocations=16 (full 0):
 garbage-first heap   total 104448K, used 63684K [0x0000000080000000, 0x0000000100000000)
  region size 1024K, 11 young (11264K), 4 survivors (4096K)
 Metaspace       used 46622K, committed 47104K, reserved 1089536K
  class space    used 6198K, committed 6400K, reserved 1048576K
}
Event: 3.036 GC heap after
{Heap after GC invocations=17 (full 0):
 garbage-first heap   total 104448K, used 59057K [0x0000000080000000, 0x0000000100000000)
  region size 1024K, 4 young (4096K), 4 survivors (4096K)
 Metaspace       used 46622K, committed 47104K, reserved 1089536K
  class space    used 6198K, committed 6400K, reserved 1048576K
}
Event: 3.137 GC heap before
{Heap before GC invocations=18 (full 0):
 garbage-first heap   total 114688K, used 74417K [0x0000000080000000, 0x0000000100000000)
  region size 1024K, 15 young (15360K), 4 survivors (4096K)
 Metaspace       used 47345K, committed 47808K, reserved 1097728K
  class space    used 6281K, committed 6464K, reserved 1048576K
}
Event: 3.140 GC heap after
{Heap after GC invocations=19 (full 0):
 garbage-first heap   total 114688K, used 67740K [0x0000000080000000, 0x0000000100000000)
  region size 1024K, 4 young (4096K), 4 survivors (4096K)
 Metaspace       used 47345K, committed 47808K, reserved 1097728K
  class space    used 6281K, committed 6464K, reserved 1048576K
}
Event: 3.314 GC heap before
{Heap before GC invocations=20 (full 0):
 garbage-first heap   total 117760K, used 88220K [0x0000000080000000, 0x0000000100000000)
  region size 1024K, 23 young (23552K), 4 survivors (4096K)
 Metaspace       used 49635K, committed 50176K, reserved 1097728K
  class space    used 6512K, committed 6720K, reserved 1048576K
}
Event: 3.316 GC heap after
{Heap after GC invocations=21 (full 0):
 garbage-first heap   total 117760K, used 68675K [0x0000000080000000, 0x0000000100000000)
  region size 1024K, 2 young (2048K), 2 survivors (2048K)
 Metaspace       used 49635K, committed 50176K, reserved 1097728K
  class space    used 6512K, committed 6720K, reserved 1048576K
}
Event: 3.500 GC heap before
{Heap before GC invocations=21 (full 0):
 garbage-first heap   total 117760K, used 90179K [0x0000000080000000, 0x0000000100000000)
  region size 1024K, 24 young (24576K), 2 survivors (2048K)
 Metaspace       used 51670K, committed 52288K, reserved 1097728K
  class space    used 6882K, committed 7168K, reserved 1048576K
}
Event: 3.503 GC heap after
{Heap after GC invocations=22 (full 0):
 garbage-first heap   total 117760K, used 69950K [0x0000000080000000, 0x0000000100000000)
  region size 1024K, 2 young (2048K), 2 survivors (2048K)
 Metaspace       used 51670K, committed 52288K, reserved 1097728K
  class space    used 6882K, committed 7168K, reserved 1048576K
}
Event: 3.746 GC heap before
{Heap before GC invocations=23 (full 0):
 garbage-first heap   total 122880K, used 91454K [0x0000000080000000, 0x0000000100000000)
  region size 1024K, 24 young (24576K), 2 survivors (2048K)
 Metaspace       used 54228K, committed 54912K, reserved 1097728K
  class space    used 7310K, committed 7616K, reserved 1048576K
}
Event: 3.748 GC heap after
{Heap after GC invocations=24 (full 0):
 garbage-first heap   total 122880K, used 71500K [0x0000000080000000, 0x0000000100000000)
  region size 1024K, 3 young (3072K), 3 survivors (3072K)
 Metaspace       used 54228K, committed 54912K, reserved 1097728K
  class space    used 7310K, committed 7616K, reserved 1048576K
}
Event: 3.983 GC heap before
{Heap before GC invocations=24 (full 0):
 garbage-first heap   total 122880K, used 98124K [0x0000000080000000, 0x0000000100000000)
  region size 1024K, 29 young (29696K), 3 survivors (3072K)
 Metaspace       used 56100K, committed 56768K, reserved 1105920K
  class space    used 7574K, committed 7872K, reserved 1048576K
}
Event: 3.987 GC heap after
{Heap after GC invocations=25 (full 0):
 garbage-first heap   total 122880K, used 73876K [0x0000000080000000, 0x0000000100000000)
  region size 1024K, 4 young (4096K), 4 survivors (4096K)
 Metaspace       used 56100K, committed 56768K, reserved 1105920K
  class space    used 7574K, committed 7872K, reserved 1048576K
}
Event: 4.146 GC heap before
{Heap before GC invocations=26 (full 0):
 garbage-first heap   total 135168K, used 91284K [0x0000000080000000, 0x0000000100000000)
  region size 1024K, 23 young (23552K), 4 survivors (4096K)
 Metaspace       used 56427K, committed 57024K, reserved 1105920K
  class space    used 7599K, committed 7872K, reserved 1048576K
}
Event: 4.150 GC heap after
{Heap after GC invocations=27 (full 0):
 garbage-first heap   total 135168K, used 75285K [0x0000000080000000, 0x0000000100000000)
  region size 1024K, 3 young (3072K), 3 survivors (3072K)
 Metaspace       used 56427K, committed 57024K, reserved 1105920K
  class space    used 7599K, committed 7872K, reserved 1048576K
}
Event: 4.191 GC heap before
{Heap before GC invocations=28 (full 0):
 garbage-first heap   total 142336K, used 83477K [0x0000000080000000, 0x0000000100000000)
  region size 1024K, 8 young (8192K), 3 survivors (3072K)
 Metaspace       used 56505K, committed 57152K, reserved 1105920K
  class space    used 7608K, committed 7872K, reserved 1048576K
}

Dll operation events (2 events):
Event: 0.006 Loaded shared library C:\Program Files\Android\Android Studio\jbr\bin\java.dll
Event: 0.203 Loaded shared library C:\Program Files\Android\Android Studio\jbr\bin\verify.dll

Deoptimization events (20 events):
Event: 4.124 Thread 0x000001616ab7ec90 DEOPT PACKING pc=0x0000016152d6c751 sp=0x00000052fa9f8610
Event: 4.124 Thread 0x000001616ab7ec90 DEOPT UNPACKING pc=0x00000161598eace3 sp=0x00000052fa9f7b08 mode 0
Event: 4.125 Thread 0x000001616ab7ec90 DEOPT PACKING pc=0x0000016152d6c751 sp=0x00000052fa9f8610
Event: 4.125 Thread 0x000001616ab7ec90 DEOPT UNPACKING pc=0x00000161598eace3 sp=0x00000052fa9f7b08 mode 0
Event: 4.144 Thread 0x000001616ab7ec90 Uncommon trap: trap_request=0xfffffff4 fr.pc=0x000001615a183200 relative=0x0000000000000720
Event: 4.144 Thread 0x000001616ab7ec90 Uncommon trap: reason=null_check action=make_not_entrant pc=0x000001615a183200 method=org.gradle.util.internal.SimpleMapInterner.intern(Ljava/lang/Object;)Ljava/lang/Object; @ 2 c2
Event: 4.144 Thread 0x000001616ab7ec90 DEOPT PACKING pc=0x000001615a183200 sp=0x00000052fa9f8a30
Event: 4.144 Thread 0x000001616ab7ec90 DEOPT UNPACKING pc=0x00000161598ea1a3 sp=0x00000052fa9f89f8 mode 2
Event: 4.144 Thread 0x000001616ab7ec90 Uncommon trap: trap_request=0xffffff45 fr.pc=0x000001615a18b37c relative=0x000000000000071c
Event: 4.144 Thread 0x000001616ab7ec90 Uncommon trap: reason=unstable_if action=reinterpret pc=0x000001615a18b37c method=org.gradle.util.internal.SimpleMapInterner.intern(Ljava/lang/String;)Ljava/lang/String; @ 1 c2
Event: 4.144 Thread 0x000001616ab7ec90 DEOPT PACKING pc=0x000001615a18b37c sp=0x00000052fa9f89c0
Event: 4.144 Thread 0x000001616ab7ec90 DEOPT UNPACKING pc=0x00000161598ea1a3 sp=0x00000052fa9f8988 mode 2
Event: 4.144 Thread 0x000001616ab7ec90 Uncommon trap: trap_request=0xffffffc6 fr.pc=0x0000016159f781d8 relative=0x0000000000000218
Event: 4.144 Thread 0x000001616ab7ec90 Uncommon trap: reason=bimorphic_or_optimized_type_check action=maybe_recompile pc=0x0000016159f781d8 method=com.google.common.base.CharMatcher.indexIn(Ljava/lang/CharSequence;I)I @ 31 c2
Event: 4.144 Thread 0x000001616ab7ec90 DEOPT PACKING pc=0x0000016159f781d8 sp=0x00000052fa9f8f30
Event: 4.144 Thread 0x000001616ab7ec90 DEOPT UNPACKING pc=0x00000161598ea1a3 sp=0x00000052fa9f8ed8 mode 2
Event: 4.162 Thread 0x000001616ab7ec90 Uncommon trap: trap_request=0xffffff45 fr.pc=0x0000016159e86b10 relative=0x0000000000000650
Event: 4.162 Thread 0x000001616ab7ec90 Uncommon trap: reason=unstable_if action=reinterpret pc=0x0000016159e86b10 method=java.util.jar.Manifest$FastInputStream.readLine([BII)I @ 130 c2
Event: 4.162 Thread 0x000001616ab7ec90 DEOPT PACKING pc=0x0000016159e86b10 sp=0x00000052fa9f7f60
Event: 4.162 Thread 0x000001616ab7ec90 DEOPT UNPACKING pc=0x00000161598ea1a3 sp=0x00000052fa9f7ef0 mode 2

Classes unloaded (0 events):
No events

Classes redefined (0 events):
No events

Internal exceptions (20 events):
Event: 3.368 Thread 0x000001616ab7ec90 Exception <a 'java/lang/IncompatibleClassChangeError'{0x00000000869612b0}: Found class java.lang.Object, but interface was expected> (0x00000000869612b0) 
thrown [s\src\hotspot\share\interpreter\linkResolver.cpp, line 838]
Event: 3.379 Thread 0x000001616ab7ec90 Exception <a 'java/lang/NoSuchMethodError'{0x00000000868e3100}: 'int java.lang.invoke.DirectMethodHandle$Holder.invokeStaticInit(java.lang.Object, java.lang.Object, java.lang.Object, java.lang.Object, java.lang.Object)'> (0x00000000868e3100) 
thrown [s\src\hotspot\share\interpreter\linkResolver.cpp, line 771]
Event: 3.430 Thread 0x000001616ab7ec90 Exception <a 'java/lang/NoSuchMethodError'{0x00000000861398e0}: 'void java.lang.invoke.DirectMethodHandle$Holder.invokeInterface(java.lang.Object, java.lang.Object)'> (0x00000000861398e0) 
thrown [s\src\hotspot\share\interpreter\linkResolver.cpp, line 771]
Event: 3.430 Thread 0x000001616ab7ec90 Exception <a 'java/lang/IncompatibleClassChangeError'{0x0000000086144e78}: Found class java.lang.Object, but interface was expected> (0x0000000086144e78) 
thrown [s\src\hotspot\share\interpreter\linkResolver.cpp, line 838]
Event: 3.487 Thread 0x000001616ab7ec90 Exception <a 'java/lang/ClassNotFoundException'{0x0000000085ed64c0}: org/jetbrains/plugins/gradle/model/web/WebConfigurationBeanInfo> (0x0000000085ed64c0) 
thrown [s\src\hotspot\share\classfile\systemDictionary.cpp, line 256]
Event: 3.487 Thread 0x000001616ab7ec90 Exception <a 'java/lang/ClassNotFoundException'{0x0000000085edeb88}: org/jetbrains/plugins/gradle/model/web/WebConfigurationCustomizer> (0x0000000085edeb88) 
thrown [s\src\hotspot\share\classfile\systemDictionary.cpp, line 256]
Event: 3.489 Thread 0x000001616ab7ec90 Exception <a 'java/lang/ClassNotFoundException'{0x0000000085efd908}: org/jetbrains/plugins/gradle/model/scala/ScalaModelBeanInfo> (0x0000000085efd908) 
thrown [s\src\hotspot\share\classfile\systemDictionary.cpp, line 256]
Event: 3.489 Thread 0x000001616ab7ec90 Exception <a 'java/lang/ClassNotFoundException'{0x0000000085d060c8}: org/jetbrains/plugins/gradle/model/scala/ScalaModelCustomizer> (0x0000000085d060c8) 
thrown [s\src\hotspot\share\classfile\systemDictionary.cpp, line 256]
Event: 3.491 Thread 0x000001616ab7ec90 Exception <a 'java/lang/ClassNotFoundException'{0x0000000085d371e0}: org/jetbrains/plugins/gradle/model/DependencyAccessorsModelBeanInfo> (0x0000000085d371e0) 
thrown [s\src\hotspot\share\classfile\systemDictionary.cpp, line 256]
Event: 3.491 Thread 0x000001616ab7ec90 Exception <a 'java/lang/ClassNotFoundException'{0x0000000085d3f590}: org/jetbrains/plugins/gradle/model/DependencyAccessorsModelCustomizer> (0x0000000085d3f590) 
thrown [s\src\hotspot\share\classfile\systemDictionary.cpp, line 256]
Event: 3.576 Thread 0x000001616ab7ec90 Exception <a 'java/lang/ClassNotFoundException'{0x000000008cc7c880}: org/gradle/api/internal/project/DefaultProject_DecoratedBeanInfo> (0x000000008cc7c880) 
thrown [s\src\hotspot\share\classfile\systemDictionary.cpp, line 256]
Event: 3.576 Thread 0x000001616ab7ec90 Exception <a 'java/lang/ClassNotFoundException'{0x000000008cc893d8}: org/gradle/api/internal/project/DefaultProjectBeanInfo> (0x000000008cc893d8) 
thrown [s\src\hotspot\share\classfile\systemDictionary.cpp, line 256]
Event: 3.577 Thread 0x000001616ab7ec90 Exception <a 'java/lang/ClassNotFoundException'{0x000000008cc95f38}: org/gradle/api/internal/project/DefaultProjectCustomizer> (0x000000008cc95f38) 
thrown [s\src\hotspot\share\classfile\systemDictionary.cpp, line 256]
Event: 3.579 Thread 0x000001616ab7ec90 Exception <a 'java/lang/ClassNotFoundException'{0x000000008cb3f798}: org/gradle/api/internal/project/DefaultProject_DecoratedCustomizer> (0x000000008cb3f798) 
thrown [s\src\hotspot\share\classfile\systemDictionary.cpp, line 256]
Event: 3.808 Thread 0x000001616ab7ec90 Exception <a 'java/lang/NoSuchMethodError'{0x000000008cbee820}: 'java.lang.Object java.lang.invoke.DirectMethodHandle$Holder.newInvokeSpecial(java.lang.Object, java.lang.Object, java.lang.Object, java.lang.Object, java.lang.Object, int)'> (0x000000008cbee820) 
thrown [s\src\hotspot\share\interpreter\linkResolver.cpp, line 771]
Event: 3.809 Thread 0x000001616ab7ec90 Exception <a 'java/lang/NoSuchMethodError'{0x000000008cbf3e78}: 'java.lang.Object java.lang.invoke.DirectMethodHandle$Holder.invokeSpecial(java.lang.Object, java.lang.Object, java.lang.Object, java.lang.Object, java.lang.Object, java.lang.Object, int)'> (0x000000008cbf3e78) 
thrown [s\src\hotspot\share\interpreter\linkResolver.cpp, line 771]
Event: 3.813 Thread 0x000001616ab7ec90 Exception <a 'java/lang/NoSuchMethodError'{0x000000008ca93f50}: 'void java.lang.invoke.DirectMethodHandle$Holder.invokeStatic(java.lang.Object, java.lang.Object, java.lang.Object, int, java.lang.Object)'> (0x000000008ca93f50) 
thrown [s\src\hotspot\share\interpreter\linkResolver.cpp, line 771]
Event: 3.962 Thread 0x000001616ab7ec90 Implicit null exception at 0x000001615a18e36f to 0x000001615a18e5b8
Event: 4.144 Thread 0x000001616ab7ec90 Implicit null exception at 0x000001615a182b12 to 0x000001615a1831f0
Event: 4.144 Thread 0x000001616ab7ec90 Implicit null exception at 0x000001615a18ac94 to 0x000001615a18b364

VM Operations (20 events):
Event: 3.942 Executing VM operation: HandshakeAllThreads done
Event: 3.950 Executing VM operation: HandshakeAllThreads
Event: 3.950 Executing VM operation: HandshakeAllThreads done
Event: 3.975 Executing VM operation: ICBufferFull
Event: 3.975 Executing VM operation: ICBufferFull done
Event: 3.983 Executing VM operation: G1CollectForAllocation
Event: 3.987 Executing VM operation: G1CollectForAllocation done
Event: 4.014 Executing VM operation: G1Concurrent
Event: 4.017 Executing VM operation: G1Concurrent done
Event: 4.028 Executing VM operation: G1Concurrent
Event: 4.029 Executing VM operation: G1Concurrent done
Event: 4.144 Executing VM operation: ICBufferFull
Event: 4.144 Executing VM operation: ICBufferFull done
Event: 4.146 Executing VM operation: G1TryInitiateConcMark
Event: 4.150 Executing VM operation: G1TryInitiateConcMark done
Event: 4.173 Executing VM operation: G1Concurrent
Event: 4.174 Executing VM operation: G1Concurrent done
Event: 4.187 Executing VM operation: G1Concurrent
Event: 4.187 Executing VM operation: G1Concurrent done
Event: 4.191 Executing VM operation: G1TryInitiateConcMark

Events (20 events):
Event: 3.979 Thread 0x0000016170860220 Thread added: 0x0000016170860220
Event: 3.980 Thread 0x000001617085e540 Thread added: 0x000001617085e540
Event: 3.980 Thread 0x0000016170861090 Thread added: 0x0000016170861090
Event: 3.980 Thread 0x0000016170864a50 Thread added: 0x0000016170864a50
Event: 3.981 Thread 0x0000016170863710 Thread added: 0x0000016170863710
Event: 3.981 Thread 0x0000016170863240 Thread added: 0x0000016170863240
Event: 3.981 Thread 0x00000161708640b0 Thread added: 0x00000161708640b0
Event: 3.981 Thread 0x00000161708606f0 Thread added: 0x00000161708606f0
Event: 3.981 Thread 0x000001617085f3b0 Thread added: 0x000001617085f3b0
Event: 3.981 Thread 0x00000161708653f0 Thread added: 0x00000161708653f0
Event: 3.982 Thread 0x000001617085f880 Thread added: 0x000001617085f880
Event: 3.982 Thread 0x000001617085dba0 Thread added: 0x000001617085dba0
Event: 3.982 Thread 0x0000016170860bc0 Thread added: 0x0000016170860bc0
Event: 3.982 Thread 0x0000016170861560 Thread added: 0x0000016170861560
Event: 3.982 Thread 0x000001617085e070 Thread added: 0x000001617085e070
Event: 3.982 Thread 0x0000016170861f00 Thread added: 0x0000016170861f00
Event: 3.983 Thread 0x00000161737b6a80 Thread added: 0x00000161737b6a80
Event: 3.983 Thread 0x00000161737b95d0 Thread added: 0x00000161737b95d0
Event: 3.987 Thread 0x00000161737bb780 Thread added: 0x00000161737bb780
Event: 3.989 Thread 0x00000161737b7420 Thread added: 0x00000161737b7420


Dynamic libraries:
0x00007ff77ac40000 - 0x00007ff77ac4a000 	C:\Program Files\Android\Android Studio\jbr\bin\java.exe
0x00007ff84fa90000 - 0x00007ff84fc88000 	C:\Windows\SYSTEM32\ntdll.dll
0x00007ff84e290000 - 0x00007ff84e34f000 	C:\Windows\System32\KERNEL32.DLL
0x00007ff84d640000 - 0x00007ff84d912000 	C:\Windows\System32\KERNELBASE.dll
0x00007ff84d140000 - 0x00007ff84d240000 	C:\Windows\System32\ucrtbase.dll
0x00007ff831ac0000 - 0x00007ff831adb000 	C:\Program Files\Android\Android Studio\jbr\bin\VCRUNTIME140.dll
0x00007ff80cfe0000 - 0x00007ff80cff7000 	C:\Program Files\Android\Android Studio\jbr\bin\jli.dll
0x00007ff84e040000 - 0x00007ff84e1dd000 	C:\Windows\System32\USER32.dll
0x00007ff832a60000 - 0x00007ff832cfa000 	C:\Windows\WinSxS\amd64_microsoft.windows.common-controls_6595b64144ccf1df_6.0.19041.1110_none_60b5254171f9507e\COMCTL32.dll
0x00007ff84d610000 - 0x00007ff84d632000 	C:\Windows\System32\win32u.dll
0x00007ff84e350000 - 0x00007ff84e37b000 	C:\Windows\System32\GDI32.dll
0x00007ff84d920000 - 0x00007ff84d9be000 	C:\Windows\System32\msvcrt.dll
0x00007ff84cfc0000 - 0x00007ff84d0cf000 	C:\Windows\System32\gdi32full.dll
0x00007ff84d3b0000 - 0x00007ff84d44d000 	C:\Windows\System32\msvcp_win.dll
0x00007ff84f340000 - 0x00007ff84f372000 	C:\Windows\System32\IMM32.DLL
0x00007ff840c30000 - 0x00007ff840c3c000 	C:\Program Files\Android\Android Studio\jbr\bin\vcruntime140_1.dll
0x00007ff831600000 - 0x00007ff83168d000 	C:\Program Files\Android\Android Studio\jbr\bin\msvcp140.dll
0x00007fffc9cb0000 - 0x00007fffca91e000 	C:\Program Files\Android\Android Studio\jbr\bin\server\jvm.dll
0x00007ff84f260000 - 0x00007ff84f30e000 	C:\Windows\System32\ADVAPI32.dll
0x00007ff84ead0000 - 0x00007ff84eb6c000 	C:\Windows\System32\sechost.dll
0x00007ff84efb0000 - 0x00007ff84f0d5000 	C:\Windows\System32\RPCRT4.dll
0x00007ff82f3f0000 - 0x00007ff82f3f9000 	C:\Windows\SYSTEM32\WSOCK32.dll
0x00007ff84dfd0000 - 0x00007ff84e03b000 	C:\Windows\System32\WS2_32.dll
0x00007ff83fdb0000 - 0x00007ff83fdba000 	C:\Windows\SYSTEM32\VERSION.dll
0x00007ff83d6a0000 - 0x00007ff83d6c7000 	C:\Windows\SYSTEM32\WINMM.dll
0x00007ff84d5f0000 - 0x00007ff84d602000 	C:\Windows\System32\kernel.appcore.dll
0x00007ff83b8c0000 - 0x00007ff83b8ca000 	C:\Program Files\Android\Android Studio\jbr\bin\jimage.dll
0x00007ff84b300000 - 0x00007ff84b4e4000 	C:\Windows\SYSTEM32\DBGHELP.DLL
0x00007ff83b880000 - 0x00007ff83b8ac000 	C:\Windows\SYSTEM32\dbgcore.DLL
0x00007ff84d560000 - 0x00007ff84d5e2000 	C:\Windows\System32\bcryptPrimitives.dll
0x00007ff839de0000 - 0x00007ff839e05000 	C:\Program Files\Android\Android Studio\jbr\bin\java.dll
0x00007ff831c80000 - 0x00007ff831c98000 	C:\Program Files\Android\Android Studio\jbr\bin\zip.dll
0x00007ff84e380000 - 0x00007ff84eac3000 	C:\Windows\System32\SHELL32.dll
0x00007ff84aa90000 - 0x00007ff84b222000 	C:\Windows\SYSTEM32\windows.storage.dll
0x00007ff84d9d0000 - 0x00007ff84dd24000 	C:\Windows\System32\combase.dll
0x00007ff84c880000 - 0x00007ff84c8b0000 	C:\Windows\SYSTEM32\Wldp.dll
0x00007ff84e1e0000 - 0x00007ff84e28d000 	C:\Windows\System32\SHCORE.dll
0x00007ff84eb70000 - 0x00007ff84ebc5000 	C:\Windows\System32\shlwapi.dll
0x00007ff84cd60000 - 0x00007ff84cd7f000 	C:\Windows\SYSTEM32\profapi.dll
0x00007ff831c60000 - 0x00007ff831c79000 	C:\Program Files\Android\Android Studio\jbr\bin\net.dll
0x00007ff8433d0000 - 0x00007ff8434dc000 	C:\Windows\SYSTEM32\WINHTTP.dll
0x00007ff84c5e0000 - 0x00007ff84c64a000 	C:\Windows\system32\mswsock.dll
0x00007ff81bfd0000 - 0x00007ff81bfe6000 	C:\Program Files\Android\Android Studio\jbr\bin\nio.dll
0x00007ff839dd0000 - 0x00007ff839de0000 	C:\Program Files\Android\Android Studio\jbr\bin\verify.dll
0x00007fffe67d0000 - 0x00007fffe67f7000 	F:\MyApplication2\.gradle\native\68d5fa5c4cc2d200863cafc0d521ce42e7d3e7ee720ec0a83991735586a16f82\windows-amd64\native-platform.dll
0x00007fffceec0000 - 0x00007fffcf004000 	F:\MyApplication2\.gradle\native\e376f236ea51e6404a007f0833ffe2c6e607c4080706a723a18a27aeea778392\windows-amd64\native-platform-file-events.dll
0x00007ff82cd40000 - 0x00007ff82cd49000 	C:\Program Files\Android\Android Studio\jbr\bin\management.dll
0x00007ff81bf80000 - 0x00007ff81bf8b000 	C:\Program Files\Android\Android Studio\jbr\bin\management_ext.dll
0x00007ff84f330000 - 0x00007ff84f338000 	C:\Windows\System32\PSAPI.DLL
0x00007ff84c7e0000 - 0x00007ff84c7f8000 	C:\Windows\SYSTEM32\CRYPTSP.dll
0x00007ff84bee0000 - 0x00007ff84bf14000 	C:\Windows\system32\rsaenh.dll
0x00007ff84d530000 - 0x00007ff84d557000 	C:\Windows\System32\bcrypt.dll
0x00007ff84cd20000 - 0x00007ff84cd4e000 	C:\Windows\SYSTEM32\USERENV.dll
0x00007ff84c7d0000 - 0x00007ff84c7dc000 	C:\Windows\SYSTEM32\CRYPTBASE.dll
0x00007ff84c2d0000 - 0x00007ff84c30b000 	C:\Windows\SYSTEM32\IPHLPAPI.DLL
0x00007ff84d9c0000 - 0x00007ff84d9c8000 	C:\Windows\System32\NSI.dll
0x00007ff840e80000 - 0x00007ff840e97000 	C:\Windows\SYSTEM32\dhcpcsvc6.DLL
0x00007ff8404a0000 - 0x00007ff8404bd000 	C:\Windows\SYSTEM32\dhcpcsvc.DLL
0x00007ff84c310000 - 0x00007ff84c3da000 	C:\Windows\SYSTEM32\DNSAPI.dll
0x00007ff822370000 - 0x00007ff822377000 	C:\Windows\system32\wshunix.dll

dbghelp: loaded successfully - version: 4.0.5 - missing functions: none
symbol engine: initialized successfully - sym options: 0x614 - pdb path: .;C:\Program Files\Android\Android Studio\jbr\bin;C:\Windows\SYSTEM32;C:\Windows\WinSxS\amd64_microsoft.windows.common-controls_6595b64144ccf1df_6.0.19041.1110_none_60b5254171f9507e;C:\Program Files\Android\Android Studio\jbr\bin\server;F:\MyApplication2\.gradle\native\68d5fa5c4cc2d200863cafc0d521ce42e7d3e7ee720ec0a83991735586a16f82\windows-amd64;F:\MyApplication2\.gradle\native\e376f236ea51e6404a007f0833ffe2c6e607c4080706a723a18a27aeea778392\windows-amd64

VM Arguments:
jvm_args: --add-opens=java.base/java.util=ALL-UNNAMED --add-opens=java.base/java.lang=ALL-UNNAMED --add-opens=java.base/java.lang.invoke=ALL-UNNAMED --add-opens=java.prefs/java.util.prefs=ALL-UNNAMED --add-opens=java.base/java.nio.charset=ALL-UNNAMED --add-opens=java.base/java.net=ALL-UNNAMED --add-opens=java.base/java.util.concurrent.atomic=ALL-UNNAMED -Xmx2048m -Dfile.encoding=UTF-8 -Duser.country=CN -Duser.language=zh -Duser.variant 
java_command: org.gradle.launcher.daemon.bootstrap.GradleDaemon 8.0
java_class_path (initial): F:\MyApplication2\.gradle\wrapper\dists\gradle-8.0-bin\ca5e32bp14vu59qr306oxotwh\gradle-8.0\lib\gradle-launcher-8.0.jar
Launcher Type: SUN_STANDARD

[Global flags]
     intx CICompilerCount                          = 4                                         {product} {ergonomic}
     uint ConcGCThreads                            = 2                                         {product} {ergonomic}
     uint G1ConcRefinementThreads                  = 8                                         {product} {ergonomic}
   size_t G1HeapRegionSize                         = 1048576                                   {product} {ergonomic}
    uintx GCDrainStackTargetSize                   = 64                                        {product} {ergonomic}
   size_t InitialHeapSize                          = 264241152                                 {product} {ergonomic}
   size_t MarkStackSize                            = 4194304                                   {product} {ergonomic}
   size_t MaxHeapSize                              = 2147483648                                {product} {command line}
   size_t MaxNewSize                               = 1287651328                                {product} {ergonomic}
   size_t MinHeapDeltaBytes                        = 1048576                                   {product} {ergonomic}
   size_t MinHeapSize                              = 8388608                                   {product} {ergonomic}
    uintx NonNMethodCodeHeapSize                   = 5839372                                {pd product} {ergonomic}
    uintx NonProfiledCodeHeapSize                  = 122909434                              {pd product} {ergonomic}
    uintx ProfiledCodeHeapSize                     = 122909434                              {pd product} {ergonomic}
    uintx ReservedCodeCacheSize                    = 251658240                              {pd product} {ergonomic}
     bool SegmentedCodeCache                       = true                                      {product} {ergonomic}
   size_t SoftMaxHeapSize                          = 2147483648                             {manageable} {ergonomic}
     bool UseCompressedClassPointers               = true                           {product lp64_product} {ergonomic}
     bool UseCompressedOops                        = true                           {product lp64_product} {ergonomic}
     bool UseG1GC                                  = true                                      {product} {ergonomic}
     bool UseLargePagesIndividualAllocation        = false                                  {pd product} {ergonomic}

Logging:
Log output configuration:
 #0: stdout all=warning uptime,level,tags
 #1: stderr all=off uptime,level,tags

Environment Variables:
JAVA_HOME=C:\Program Files\Java\jdk-17.0.1
CLASSPATH=C:\Program Files\Java\jdk-17.0.1\lib\dt.jar;C:\Program Files\Java\jdk-17.0.1\lib\tools.jar;
PATH=C:\Program Files\Java\jdk-17.0.1\bin;C:\Program Files\Java\jdk-17.0.1\jre\bin;;C:\Program Files\Common Files\Oracle\Java\javapath;D:\\Scripts\;D:\\;C:\Program Files\Microsoft MPI\Bin\;C:\Program Files (x86)\NVIDIA Corporation\PhysX\Common;C:\Windows\system32;C:\Windows;C:\Windows\System32\Wbem;C:\Windows\System32\WindowsPowerShell\v1.0\;C:\Windows\System32\OpenSSH\;C:\Program Files\NVIDIA Corporation\NVIDIA NvDLISR;C:\Program Files\dotnet\;D:\bin;C:\Strawberry\c\bin;C:\Strawberry\perl\site\bin;C:\Strawberry\perl\bin;D:\\Microsoft VS Code\;C:\Program Files\MySQL\MySQL Server 8.0\bin;D:\\160\Tools\Binn\;C:\Program Files\Microsoft SQL Server\160\Tools\Binn\;C:\Program Files\Microsoft SQL Server\Client SDK\ODBC\170\Tools\Binn\;C:\Program Files\Microsoft SQL Server\160\DTS\Binn\;D:\\160\DTS\Binn\;C:\Program Files\Azure Data Studio\bin;C:\Users\25599\matlab2016\runtime\win64;C:\Users\25599\matlab2016\bin;C:\Users\25599\matlab2016\polyspace\bin;C:\Program Files\MySQL\MySQL Shell 8.0\bin\;C:\Users\25599\AppData\Local\Microsoft\WindowsApps;%IntelliJ IDEA Community Edition%;D:\\Microsoft VS Code\bin;C:\Users\25599\AppData\Roaming\npm;%IntelliJ IDEA%;C:\Program Files\Azure Data Studio\bin;C:\ProgramData\25599\GitHubDesktop\bin;C:\intelFPGA\18.1\modelsim_ase\win32aloem;D:\inmodlesim\win64
USERNAME=25599
OS=Windows_NT
PROCESSOR_IDENTIFIER=Intel64 Family 6 Model 140 Stepping 1, GenuineIntel
TMP=C:\Users\25599\AppData\Local\Temp
TEMP=C:\Users\25599\AppData\Local\Temp


JNI global refs:
JNI global refs: 26, weak refs: 0

JNI global refs memory usage: 843, weak refs: 841


---------------  S Y S T E M  ---------------

OS:
 Windows 10 , 64 bit Build 19041 (10.0.19041.2251)
OS uptime: 0 days 0:41 hours
Hyper-V role detected

CPU: total 8 (initial active 8) (4 cores per cpu, 2 threads per core) family 6 model 140 stepping 1 microcode 0xac, cx8, cmov, fxsr, ht, mmx, 3dnowpref, sse, sse2, sse3, ssse3, sse4.1, sse4.2, popcnt, lzcnt, tsc, tscinvbit, avx, avx2, aes, erms, clmul, bmi1, bmi2, adx, avx512f, avx512dq, avx512cd, avx512bw, avx512vl, sha, fma, vzeroupper, avx512_vpopcntdq, avx512_vpclmulqdq, avx512_vaes, avx512_vnni, clflush, clflushopt, clwb, avx512_vbmi2, avx512_vbmi, hv

Memory: 4k page, system-wide physical 16106M (2492M free)
TotalPageFile size 16106M (AvailPageFile size 14M)
current process WorkingSet (physical memory assigned to process): 345M, peak: 345M
current process commit charge ("private bytes"): 389M, peak: 415M

vm_info: OpenJDK 64-Bit Server VM (17.0.6+0-b2043.56-10027231) for windows-amd64 JRE (17.0.6+0-b2043.56-10027231), built on Apr 28 2023 00:43:19 by "androidbuild" with MS VC++ 16.10 / 16.11 (VS2019)

END.
