#
# There is insufficient memory for the Java Runtime Environment to continue.
# Native memory allocation (mmap) failed to map 30408704 bytes for G1 virtual space
# Possible reasons:
#   The system is out of physical RAM or swap space
#   The process is running with CompressedOops enabled, and the Java Heap may be blocking the growth of the native heap
# Possible solutions:
#   Reduce memory load on the system
#   Increase physical memory or swap space
#   Check if swap backing store is full
#   Decrease Java heap size (-Xmx/-Xms)
#   Decrease number of Java threads
#   Decrease Java thread stack sizes (-Xss)
#   Set larger code cache with -XX:ReservedCodeCacheSize=
#   JVM is running with Unscaled Compressed Oops mode in which the Java heap is
#     placed in the first 4GB address space. The Java Heap base address is the
#     maximum limit for the native heap growth. Please use -XX:HeapBaseMinAddress
#     to set the Java Heap base and to place the Java Heap above 4GB virtual address.
# This output file may be truncated or incomplete.
#
#  Out of Memory Error (os_windows.cpp:3769), pid=9804, tid=1332
#
# JRE version: OpenJDK Runtime Environment (17.0.6) (build 17.0.6+0-b2043.56-10027231)
# Java VM: OpenJDK 64-Bit Server VM (17.0.6+0-b2043.56-10027231, mixed mode, tiered, compressed oops, compressed class ptrs, g1 gc, windows-amd64)
# No core dump will be written. Minidumps are not enabled by default on client versions of Windows
#

---------------  S U M M A R Y ------------

Command Line: --add-opens=java.base/java.util=ALL-UNNAMED --add-opens=java.base/java.lang=ALL-UNNAMED --add-opens=java.base/java.lang.invoke=ALL-UNNAMED --add-opens=java.prefs/java.util.prefs=ALL-UNNAMED --add-opens=java.base/java.nio.charset=ALL-UNNAMED --add-opens=java.base/java.net=ALL-UNNAMED --add-opens=java.base/java.util.concurrent.atomic=ALL-UNNAMED -Xmx2048m -Dfile.encoding=UTF-8 -Duser.country=CN -Duser.language=zh -Duser.variant org.gradle.launcher.daemon.bootstrap.GradleDaemon 8.0

Host: 11th Gen Intel(R) Core(TM) i7-1165G7 @ 2.80GHz, 8 cores, 15G,  Windows 10 , 64 bit Build 19041 (10.0.19041.2251)
Time: Tue Jan 16 16:04:29 2024  Windows 10 , 64 bit Build 19041 (10.0.19041.2251) elapsed time: 4.592021 seconds (0d 0h 0m 4s)

---------------  T H R E A D  ---------------

Current thread (0x000001924a40b7d0):  VMThread "VM Thread" [stack: 0x0000003786c00000,0x0000003786d00000] [id=1332]

Stack: [0x0000003786c00000,0x0000003786d00000]
Native frames: (J=compiled Java code, j=interpreted, Vv=VM code, C=native code)
V  [jvm.dll+0x683c9a]
V  [jvm.dll+0x8427a4]
V  [jvm.dll+0x843f9e]
V  [jvm.dll+0x844603]
V  [jvm.dll+0x249b75]
V  [jvm.dll+0x680b69]
V  [jvm.dll+0x67505a]
V  [jvm.dll+0x309acb]
V  [jvm.dll+0x310f86]
V  [jvm.dll+0x3608ee]
V  [jvm.dll+0x360b1f]
V  [jvm.dll+0x2dfbf8]
V  [jvm.dll+0x2ddec4]
V  [jvm.dll+0x2dd4cc]
V  [jvm.dll+0x321f3b]
V  [jvm.dll+0x848ccb]
V  [jvm.dll+0x849a04]
V  [jvm.dll+0x849f1d]
V  [jvm.dll+0x84a2f4]
V  [jvm.dll+0x84a3c0]
V  [jvm.dll+0x7f274a]
V  [jvm.dll+0x682ad5]
C  [ucrtbase.dll+0x21bb2]
C  [KERNEL32.DLL+0x174b4]
C  [ntdll.dll+0x526a1]

VM_Operation (0x00000037885f4ed0): G1CollectForAllocation, mode: safepoint, requested by thread 0x000001924d71a6e0


---------------  P R O C E S S  ---------------

Threads class SMR info:
_java_thread_list=0x000001924f81f360, length=126, elements={
0x000001922fa4da40, 0x000001924a43c370, 0x000001924a43ce30, 0x000001924a4582c0,
0x000001924a458b80, 0x000001924a459440, 0x000001924a459d00, 0x000001924a4d2f30,
0x000001924a4d3830, 0x000001924a4d4130, 0x000001924a6575a0, 0x000001924a669150,
0x000001924a6a5960, 0x000001924d445030, 0x000001924bfc2600, 0x000001924bfceaf0,
0x000001924bf92070, 0x000001924b844f90, 0x000001924cbfe750, 0x000001924d71a6e0,
0x000001924d0c0440, 0x000001924d0c2ac0, 0x000001924d0bff70, 0x000001924d0c25f0,
0x000001924d0c0910, 0x000001924d0c0de0, 0x000001924d6cd7b0, 0x000001924d0c12b0,
0x000001924d0c1c50, 0x000001924d0c1780, 0x000001924d0c2120, 0x000001924d0bf100,
0x000001924d0bf5d0, 0x000001924da4f240, 0x000001924da518c0, 0x000001924da51d90,
0x000001924da50a50, 0x000001924da50580, 0x000001924da50f20, 0x000001924da4e3d0,
0x000001924da53a70, 0x000001924da513f0, 0x000001924da4f710, 0x000001924da530d0,
0x000001924da535a0, 0x000001924da548e0, 0x000001924dbef580, 0x000001924dbf0d90,
0x000001924dbee240, 0x000001924dbf03f0, 0x000001924dbf1260, 0x000001924dbedd70,
0x000001924dbefa50, 0x000001924dbed8a0, 0x000001924dbf08c0, 0x000001924dbee710,
0x000001924dbef0b0, 0x000001924dbeebe0, 0x000001924dbeff20, 0x0000019250ccf720,
0x0000019250ccb3c0, 0x0000019250cc9bb0, 0x0000019250ccd570, 0x0000019250ccb890,
0x0000019250ccfbf0, 0x0000019250cca080, 0x0000019250cd00c0, 0x0000019250ccdf10,
0x0000019250ccc230, 0x0000019250cd0590, 0x0000019250ccf250, 0x0000019250cced80,
0x0000019250ccc700, 0x0000019250cccbd0, 0x0000019250cd0a60, 0x0000019250cc9210,
0x0000019250cc96e0, 0x0000019250ccaa20, 0x0000019250cca550, 0x0000019250ccda40,
0x0000019250ccbd60, 0x0000019250cce3e0, 0x0000019250ccaef0, 0x0000019250ccd0a0,
0x0000019250cce8b0, 0x0000019250da7ef0, 0x0000019250da7080, 0x0000019250da83c0,
0x0000019250da4530, 0x0000019250da7550, 0x0000019250daaa40, 0x0000019250da8890,
0x0000019250da6210, 0x0000019250da9230, 0x0000019250da5d40, 0x0000019250da8d60,
0x0000019250da66e0, 0x0000019250da6bb0, 0x0000019250da9700, 0x0000019250da9bd0,
0x0000019250da7a20, 0x0000019250da5870, 0x0000019250da4a00, 0x0000019250daa0a0,
0x0000019250daa570, 0x0000019250dab3e0, 0x0000019250daaf10, 0x0000019250da3b90,
0x0000019250da4060, 0x0000019250da4ed0, 0x0000019250da53a0, 0x0000019250e63f50,
0x0000019250e630e0, 0x0000019250e61da0, 0x0000019250e64420, 0x0000019250e65c30,
0x0000019250e635b0, 0x0000019250e648f0, 0x0000019250e63a80, 0x0000019250e64dc0,
0x0000019250e62270, 0x0000019250e65290, 0x0000019250e66100, 0x0000019250e665d0,
0x0000019250e66f70, 0x0000019250e62740
}

Java Threads: ( => current thread )
  0x000001922fa4da40 JavaThread "main" [_thread_blocked, id=20340, stack(0x0000003786600000,0x0000003786700000)]
  0x000001924a43c370 JavaThread "Reference Handler" daemon [_thread_blocked, id=22496, stack(0x0000003786d00000,0x0000003786e00000)]
  0x000001924a43ce30 JavaThread "Finalizer" daemon [_thread_blocked, id=16628, stack(0x0000003786e00000,0x0000003786f00000)]
  0x000001924a4582c0 JavaThread "Signal Dispatcher" daemon [_thread_blocked, id=17384, stack(0x0000003786f00000,0x0000003787000000)]
  0x000001924a458b80 JavaThread "Attach Listener" daemon [_thread_blocked, id=16552, stack(0x0000003787000000,0x0000003787100000)]
  0x000001924a459440 JavaThread "Service Thread" daemon [_thread_blocked, id=16488, stack(0x0000003787100000,0x0000003787200000)]
  0x000001924a459d00 JavaThread "Monitor Deflation Thread" daemon [_thread_blocked, id=16184, stack(0x0000003787200000,0x0000003787300000)]
  0x000001924a4d2f30 JavaThread "C2 CompilerThread0" daemon [_thread_in_native, id=22276, stack(0x0000003787300000,0x0000003787400000)]
  0x000001924a4d3830 JavaThread "C1 CompilerThread0" daemon [_thread_blocked, id=4136, stack(0x0000003787400000,0x0000003787500000)]
  0x000001924a4d4130 JavaThread "Sweeper thread" daemon [_thread_blocked, id=3884, stack(0x0000003787500000,0x0000003787600000)]
  0x000001924a6575a0 JavaThread "Common-Cleaner" daemon [_thread_blocked, id=10796, stack(0x0000003787600000,0x0000003787700000)]
  0x000001924a669150 JavaThread "Notification Thread" daemon [_thread_blocked, id=10792, stack(0x0000003787700000,0x0000003787800000)]
  0x000001924a6a5960 JavaThread "C2 CompilerThread1" daemon [_thread_blocked, id=13200, stack(0x0000003787900000,0x0000003787a00000)]
  0x000001924d445030 JavaThread "Daemon health stats" [_thread_blocked, id=23920, stack(0x0000003788000000,0x0000003788100000)]
  0x000001924bfc2600 JavaThread "Incoming local TCP Connector on port 49851" [_thread_in_native, id=1912, stack(0x0000003787f00000,0x0000003788000000)]
  0x000001924bfceaf0 JavaThread "Daemon periodic checks" [_thread_blocked, id=15348, stack(0x0000003788100000,0x0000003788200000)]
  0x000001924bf92070 JavaThread "Daemon" [_thread_blocked, id=11956, stack(0x0000003788200000,0x0000003788300000)]
  0x000001924b844f90 JavaThread "Handler for socket connection from /127.0.0.1:49851 to /127.0.0.1:49852" [_thread_in_native, id=5816, stack(0x0000003788300000,0x0000003788400000)]
  0x000001924cbfe750 JavaThread "Cancel handler" [_thread_blocked, id=7348, stack(0x0000003788400000,0x0000003788500000)]
  0x000001924d71a6e0 JavaThread "Daemon worker" [_thread_blocked, id=2496, stack(0x0000003788500000,0x0000003788600000)]
  0x000001924d0c0440 JavaThread "Asynchronous log dispatcher for DefaultDaemonConnection: socket connection from /127.0.0.1:49851 to /127.0.0.1:49852" [_thread_blocked, id=23128, stack(0x0000003788600000,0x0000003788700000)]
  0x000001924d0c2ac0 JavaThread "Stdin handler" [_thread_blocked, id=22252, stack(0x0000003788700000,0x0000003788800000)]
  0x000001924d0bff70 JavaThread "Daemon client event forwarder" [_thread_blocked, id=20572, stack(0x0000003788800000,0x0000003788900000)]
  0x000001924d0c25f0 JavaThread "Cache worker for journal cache (F:\MyApplication2\.gradle\caches\journal-1)" [_thread_blocked, id=3752, stack(0x0000003788c00000,0x0000003788d00000)]
  0x000001924d0c0910 JavaThread "File lock request listener" [_thread_in_native, id=23132, stack(0x0000003788d00000,0x0000003788e00000)]
  0x000001924d0c0de0 JavaThread "Cache worker for file hash cache (F:\MyApplication2\.gradle\caches\8.0\fileHashes)" [_thread_blocked, id=24488, stack(0x0000003788e00000,0x0000003788f00000)]
  0x000001924d6cd7b0 JavaThread "C2 CompilerThread2" daemon [_thread_blocked, id=8180, stack(0x0000003788f00000,0x0000003789000000)]
  0x000001924d0c12b0 JavaThread "File watcher server" daemon [_thread_in_native, id=3844, stack(0x0000003789000000,0x0000003789100000)]
  0x000001924d0c1c50 JavaThread "File watcher consumer" daemon [_thread_blocked, id=20568, stack(0x0000003789100000,0x0000003789200000)]
  0x000001924d0c1780 JavaThread "jar transforms" [_thread_blocked, id=8380, stack(0x0000003789200000,0x0000003789300000)]
  0x000001924d0c2120 JavaThread "jar transforms Thread 2" [_thread_blocked, id=17496, stack(0x0000003789300000,0x0000003789400000)]
  0x000001924d0bf100 JavaThread "jar transforms Thread 3" [_thread_blocked, id=21804, stack(0x0000003789400000,0x0000003789500000)]
  0x000001924d0bf5d0 JavaThread "jar transforms Thread 4" [_thread_blocked, id=4088, stack(0x0000003789500000,0x0000003789600000)]
  0x000001924da4f240 JavaThread "jar transforms Thread 5" [_thread_blocked, id=17048, stack(0x0000003789600000,0x0000003789700000)]
  0x000001924da518c0 JavaThread "jar transforms Thread 6" [_thread_blocked, id=24008, stack(0x0000003789700000,0x0000003789800000)]
  0x000001924da51d90 JavaThread "jar transforms Thread 7" [_thread_blocked, id=9292, stack(0x0000003789800000,0x0000003789900000)]
  0x000001924da50a50 JavaThread "jar transforms Thread 8" [_thread_blocked, id=1456, stack(0x0000003789900000,0x0000003789a00000)]
  0x000001924da50580 JavaThread "Cache worker for checksums cache (F:\myapp\.gradle\8.0\checksums)" [_thread_blocked, id=23172, stack(0x0000003789a00000,0x0000003789b00000)]
  0x000001924da50f20 JavaThread "Cache worker for cache directory md-rule (F:\MyApplication2\.gradle\caches\8.0\md-rule)" [_thread_blocked, id=22484, stack(0x0000003789b00000,0x0000003789c00000)]
  0x000001924da4e3d0 JavaThread "Cache worker for file content cache (F:\MyApplication2\.gradle\caches\8.0\fileContent)" [_thread_blocked, id=24104, stack(0x0000003789c00000,0x0000003789d00000)]
  0x000001924da53a70 JavaThread "Cache worker for file hash cache (F:\myapp\.gradle\8.0\fileHashes)" [_thread_blocked, id=20208, stack(0x0000003789d00000,0x0000003789e00000)]
  0x000001924da513f0 JavaThread "Cache worker for cache directory md-supplier (F:\MyApplication2\.gradle\caches\8.0\md-supplier)" [_thread_blocked, id=17900, stack(0x0000003789e00000,0x0000003789f00000)]
  0x000001924da4f710 JavaThread "Cache worker for execution history cache (F:\MyApplication2\.gradle\caches\8.0\executionHistory)" [_thread_blocked, id=20184, stack(0x0000003789f00000,0x000000378a000000)]
  0x000001924da530d0 JavaThread "Cache worker for kotlin-dsl (F:\MyApplication2\.gradle\caches\8.0\kotlin-dsl)" [_thread_blocked, id=10156, stack(0x000000378a000000,0x000000378a100000)]
  0x000001924da535a0 JavaThread "Cache worker for dependencies-accessors (F:\myapp\.gradle\8.0\dependencies-accessors)" [_thread_blocked, id=11804, stack(0x000000378a100000,0x000000378a200000)]
  0x000001924da548e0 JavaThread "Cache worker for Build Output Cleanup Cache (F:\myapp\.gradle\buildOutputCleanup)" [_thread_blocked, id=19784, stack(0x000000378a200000,0x000000378a300000)]
  0x000001924dbef580 JavaThread "Unconstrained build operations" [_thread_blocked, id=20900, stack(0x000000378a300000,0x000000378a400000)]
  0x000001924dbf0d90 JavaThread "Unconstrained build operations Thread 2" [_thread_blocked, id=10012, stack(0x000000378a400000,0x000000378a500000)]
  0x000001924dbee240 JavaThread "Unconstrained build operations Thread 3" [_thread_blocked, id=3028, stack(0x000000378a500000,0x000000378a600000)]
  0x000001924dbf03f0 JavaThread "Unconstrained build operations Thread 4" [_thread_blocked, id=19852, stack(0x000000378a600000,0x000000378a700000)]
  0x000001924dbf1260 JavaThread "Unconstrained build operations Thread 5" [_thread_blocked, id=13708, stack(0x000000378a700000,0x000000378a800000)]
  0x000001924dbedd70 JavaThread "Unconstrained build operations Thread 6" [_thread_blocked, id=15072, stack(0x000000378a800000,0x000000378a900000)]
  0x000001924dbefa50 JavaThread "Unconstrained build operations Thread 7" [_thread_blocked, id=17172, stack(0x000000378a900000,0x000000378aa00000)]
  0x000001924dbed8a0 JavaThread "Unconstrained build operations Thread 8" [_thread_blocked, id=5264, stack(0x000000378aa00000,0x000000378ab00000)]
  0x000001924dbf08c0 JavaThread "Unconstrained build operations Thread 9" [_thread_blocked, id=5328, stack(0x000000378ab00000,0x000000378ac00000)]
  0x000001924dbee710 JavaThread "Unconstrained build operations Thread 10" [_thread_blocked, id=18892, stack(0x000000378ac00000,0x000000378ad00000)]
  0x000001924dbef0b0 JavaThread "Unconstrained build operations Thread 11" [_thread_blocked, id=21428, stack(0x000000378ad00000,0x000000378ae00000)]
  0x000001924dbeebe0 JavaThread "Unconstrained build operations Thread 12" [_thread_blocked, id=17164, stack(0x000000378ae00000,0x000000378af00000)]
  0x000001924dbeff20 JavaThread "Unconstrained build operations Thread 13" [_thread_blocked, id=8964, stack(0x000000378af00000,0x000000378b000000)]
  0x0000019250ccf720 JavaThread "Unconstrained build operations Thread 14" [_thread_blocked, id=17052, stack(0x000000378b000000,0x000000378b100000)]
  0x0000019250ccb3c0 JavaThread "Unconstrained build operations Thread 15" [_thread_blocked, id=10460, stack(0x000000378b100000,0x000000378b200000)]
  0x0000019250cc9bb0 JavaThread "Unconstrained build operations Thread 16" [_thread_blocked, id=22472, stack(0x000000378b200000,0x000000378b300000)]
  0x0000019250ccd570 JavaThread "Unconstrained build operations Thread 17" [_thread_blocked, id=2884, stack(0x000000378b300000,0x000000378b400000)]
  0x0000019250ccb890 JavaThread "Unconstrained build operations Thread 18" [_thread_blocked, id=6704, stack(0x000000378b400000,0x000000378b500000)]
  0x0000019250ccfbf0 JavaThread "Unconstrained build operations Thread 19" [_thread_blocked, id=2916, stack(0x000000378b500000,0x000000378b600000)]
  0x0000019250cca080 JavaThread "Unconstrained build operations Thread 20" [_thread_blocked, id=10892, stack(0x000000378b600000,0x000000378b700000)]
  0x0000019250cd00c0 JavaThread "Unconstrained build operations Thread 21" [_thread_blocked, id=21712, stack(0x000000378b700000,0x000000378b800000)]
  0x0000019250ccdf10 JavaThread "Unconstrained build operations Thread 22" [_thread_blocked, id=6484, stack(0x000000378b800000,0x000000378b900000)]
  0x0000019250ccc230 JavaThread "Unconstrained build operations Thread 23" [_thread_blocked, id=11940, stack(0x000000378b900000,0x000000378ba00000)]
  0x0000019250cd0590 JavaThread "Unconstrained build operations Thread 24" [_thread_blocked, id=24096, stack(0x000000378ba00000,0x000000378bb00000)]
  0x0000019250ccf250 JavaThread "Unconstrained build operations Thread 25" [_thread_blocked, id=1160, stack(0x000000378bb00000,0x000000378bc00000)]
  0x0000019250cced80 JavaThread "Unconstrained build operations Thread 26" [_thread_blocked, id=152, stack(0x000000378bc00000,0x000000378bd00000)]
  0x0000019250ccc700 JavaThread "Unconstrained build operations Thread 27" [_thread_blocked, id=15724, stack(0x000000378bd00000,0x000000378be00000)]
  0x0000019250cccbd0 JavaThread "Unconstrained build operations Thread 28" [_thread_blocked, id=22328, stack(0x000000378be00000,0x000000378bf00000)]
  0x0000019250cd0a60 JavaThread "Unconstrained build operations Thread 29" [_thread_blocked, id=16324, stack(0x000000378bf00000,0x000000378c000000)]
  0x0000019250cc9210 JavaThread "Unconstrained build operations Thread 30" [_thread_blocked, id=6240, stack(0x000000378c000000,0x000000378c100000)]
  0x0000019250cc96e0 JavaThread "Unconstrained build operations Thread 31" [_thread_blocked, id=15900, stack(0x000000378c100000,0x000000378c200000)]
  0x0000019250ccaa20 JavaThread "Unconstrained build operations Thread 32" [_thread_blocked, id=20020, stack(0x000000378c200000,0x000000378c300000)]
  0x0000019250cca550 JavaThread "Unconstrained build operations Thread 33" [_thread_blocked, id=19092, stack(0x000000378c300000,0x000000378c400000)]
  0x0000019250ccda40 JavaThread "Unconstrained build operations Thread 34" [_thread_blocked, id=6388, stack(0x000000378c400000,0x000000378c500000)]
  0x0000019250ccbd60 JavaThread "Unconstrained build operations Thread 35" [_thread_blocked, id=2748, stack(0x000000378c500000,0x000000378c600000)]
  0x0000019250cce3e0 JavaThread "Unconstrained build operations Thread 36" [_thread_blocked, id=15160, stack(0x000000378c600000,0x000000378c700000)]
  0x0000019250ccaef0 JavaThread "Unconstrained build operations Thread 37" [_thread_blocked, id=10832, stack(0x000000378c700000,0x000000378c800000)]
  0x0000019250ccd0a0 JavaThread "Unconstrained build operations Thread 38" [_thread_blocked, id=21652, stack(0x000000378c800000,0x000000378c900000)]
  0x0000019250cce8b0 JavaThread "Unconstrained build operations Thread 39" [_thread_blocked, id=4412, stack(0x000000378c900000,0x000000378ca00000)]
  0x0000019250da7ef0 JavaThread "Unconstrained build operations Thread 40" [_thread_blocked, id=15556, stack(0x000000378ca00000,0x000000378cb00000)]
  0x0000019250da7080 JavaThread "Unconstrained build operations Thread 41" [_thread_blocked, id=12040, stack(0x000000378cb00000,0x000000378cc00000)]
  0x0000019250da83c0 JavaThread "Unconstrained build operations Thread 42" [_thread_blocked, id=9284, stack(0x000000378cc00000,0x000000378cd00000)]
  0x0000019250da4530 JavaThread "Unconstrained build operations Thread 43" [_thread_blocked, id=15464, stack(0x000000378cd00000,0x000000378ce00000)]
  0x0000019250da7550 JavaThread "Unconstrained build operations Thread 44" [_thread_blocked, id=13612, stack(0x000000378ce00000,0x000000378cf00000)]
  0x0000019250daaa40 JavaThread "Unconstrained build operations Thread 45" [_thread_blocked, id=18648, stack(0x000000378cf00000,0x000000378d000000)]
  0x0000019250da8890 JavaThread "Unconstrained build operations Thread 46" [_thread_blocked, id=18704, stack(0x000000378d000000,0x000000378d100000)]
  0x0000019250da6210 JavaThread "Unconstrained build operations Thread 47" [_thread_blocked, id=14808, stack(0x000000378d100000,0x000000378d200000)]
  0x0000019250da9230 JavaThread "Unconstrained build operations Thread 48" [_thread_blocked, id=20764, stack(0x000000378d200000,0x000000378d300000)]
  0x0000019250da5d40 JavaThread "Unconstrained build operations Thread 49" [_thread_blocked, id=15320, stack(0x000000378d300000,0x000000378d400000)]
  0x0000019250da8d60 JavaThread "Unconstrained build operations Thread 50" [_thread_blocked, id=19460, stack(0x000000378d400000,0x000000378d500000)]
  0x0000019250da66e0 JavaThread "Unconstrained build operations Thread 51" [_thread_blocked, id=15140, stack(0x000000378d500000,0x000000378d600000)]
  0x0000019250da6bb0 JavaThread "Unconstrained build operations Thread 52" [_thread_blocked, id=11324, stack(0x000000378d600000,0x000000378d700000)]
  0x0000019250da9700 JavaThread "Unconstrained build operations Thread 53" [_thread_blocked, id=24212, stack(0x000000378d700000,0x000000378d800000)]
  0x0000019250da9bd0 JavaThread "Unconstrained build operations Thread 54" [_thread_blocked, id=13432, stack(0x000000378d800000,0x000000378d900000)]
  0x0000019250da7a20 JavaThread "Unconstrained build operations Thread 55" [_thread_blocked, id=9964, stack(0x000000378d900000,0x000000378da00000)]
  0x0000019250da5870 JavaThread "Unconstrained build operations Thread 56" [_thread_blocked, id=17008, stack(0x000000378da00000,0x000000378db00000)]
  0x0000019250da4a00 JavaThread "Unconstrained build operations Thread 57" [_thread_blocked, id=22500, stack(0x000000378db00000,0x000000378dc00000)]
  0x0000019250daa0a0 JavaThread "Unconstrained build operations Thread 58" [_thread_blocked, id=5260, stack(0x000000378dc00000,0x000000378dd00000)]
  0x0000019250daa570 JavaThread "Unconstrained build operations Thread 59" [_thread_blocked, id=7532, stack(0x000000378dd00000,0x000000378de00000)]
  0x0000019250dab3e0 JavaThread "Unconstrained build operations Thread 60" [_thread_blocked, id=23864, stack(0x000000378de00000,0x000000378df00000)]
  0x0000019250daaf10 JavaThread "Unconstrained build operations Thread 61" [_thread_blocked, id=21720, stack(0x000000378df00000,0x000000378e000000)]
  0x0000019250da3b90 JavaThread "Unconstrained build operations Thread 62" [_thread_blocked, id=23080, stack(0x000000378e000000,0x000000378e100000)]
  0x0000019250da4060 JavaThread "Unconstrained build operations Thread 63" [_thread_blocked, id=16092, stack(0x000000378e100000,0x000000378e200000)]
  0x0000019250da4ed0 JavaThread "Unconstrained build operations Thread 64" [_thread_blocked, id=16132, stack(0x000000378e200000,0x000000378e300000)]
  0x0000019250da53a0 JavaThread "Unconstrained build operations Thread 65" [_thread_blocked, id=18116, stack(0x000000378e300000,0x000000378e400000)]
  0x0000019250e63f50 JavaThread "Unconstrained build operations Thread 66" [_thread_blocked, id=24336, stack(0x000000378e400000,0x000000378e500000)]
  0x0000019250e630e0 JavaThread "Unconstrained build operations Thread 67" [_thread_blocked, id=19792, stack(0x000000378e500000,0x000000378e600000)]
  0x0000019250e61da0 JavaThread "Unconstrained build operations Thread 68" [_thread_blocked, id=22244, stack(0x000000378e600000,0x000000378e700000)]
  0x0000019250e64420 JavaThread "Unconstrained build operations Thread 69" [_thread_blocked, id=20316, stack(0x000000378e700000,0x000000378e800000)]
  0x0000019250e65c30 JavaThread "Unconstrained build operations Thread 70" [_thread_blocked, id=16208, stack(0x000000378e800000,0x000000378e900000)]
  0x0000019250e635b0 JavaThread "Unconstrained build operations Thread 71" [_thread_blocked, id=18296, stack(0x000000378e900000,0x000000378ea00000)]
  0x0000019250e648f0 JavaThread "Unconstrained build operations Thread 72" [_thread_blocked, id=7340, stack(0x000000378ea00000,0x000000378eb00000)]
  0x0000019250e63a80 JavaThread "Unconstrained build operations Thread 73" [_thread_blocked, id=19180, stack(0x000000378eb00000,0x000000378ec00000)]
  0x0000019250e64dc0 JavaThread "Unconstrained build operations Thread 74" [_thread_blocked, id=8236, stack(0x000000378ec00000,0x000000378ed00000)]
  0x0000019250e62270 JavaThread "Unconstrained build operations Thread 75" [_thread_blocked, id=21848, stack(0x000000378ed00000,0x000000378ee00000)]
  0x0000019250e65290 JavaThread "Unconstrained build operations Thread 76" [_thread_blocked, id=21252, stack(0x000000378ee00000,0x000000378ef00000)]
  0x0000019250e66100 JavaThread "Unconstrained build operations Thread 77" [_thread_blocked, id=11796, stack(0x000000378ef00000,0x000000378f000000)]
  0x0000019250e665d0 JavaThread "Unconstrained build operations Thread 78" [_thread_blocked, id=4440, stack(0x000000378f000000,0x000000378f100000)]
  0x0000019250e66f70 JavaThread "Unconstrained build operations Thread 79" [_thread_blocked, id=13932, stack(0x000000378f100000,0x000000378f200000)]
  0x0000019250e62740 JavaThread "Unconstrained build operations Thread 80" [_thread_blocked, id=19280, stack(0x000000378f200000,0x000000378f300000)]

Other Threads:
=>0x000001924a40b7d0 VMThread "VM Thread" [stack: 0x0000003786c00000,0x0000003786d00000] [id=1332]
  0x000001924a657a70 WatcherThread [stack: 0x0000003787800000,0x0000003787900000] [id=2164]
  0x000001922faabbd0 GCTaskThread "GC Thread#0" [stack: 0x0000003786700000,0x0000003786800000] [id=10812]
  0x000001924aba1030 GCTaskThread "GC Thread#1" [stack: 0x0000003787a00000,0x0000003787b00000] [id=18644]
  0x000001924b0b6670 GCTaskThread "GC Thread#2" [stack: 0x0000003787b00000,0x0000003787c00000] [id=23888]
  0x000001924b354d60 GCTaskThread "GC Thread#3" [stack: 0x0000003787c00000,0x0000003787d00000] [id=7540]
  0x000001924b355010 GCTaskThread "GC Thread#4" [stack: 0x0000003787d00000,0x0000003787e00000] [id=19296]
  0x000001924ab9f880 GCTaskThread "GC Thread#5" [stack: 0x0000003787e00000,0x0000003787f00000] [id=15524]
  0x000001924ab9f320 GCTaskThread "GC Thread#6" [stack: 0x0000003788900000,0x0000003788a00000] [id=23808]
  0x000001924aba0340 GCTaskThread "GC Thread#7" [stack: 0x0000003788a00000,0x0000003788b00000] [id=20920]
  0x000001922fabca20 ConcurrentGCThread "G1 Main Marker" [stack: 0x0000003786800000,0x0000003786900000] [id=9356]
  0x000001922fabe350 ConcurrentGCThread "G1 Conc#0" [stack: 0x0000003786900000,0x0000003786a00000] [id=12188]
  0x000001924ab9f5d0 ConcurrentGCThread "G1 Conc#1" [stack: 0x0000003788b00000,0x0000003788c00000] [id=19908]
  0x000001924977e2b0 ConcurrentGCThread "G1 Refine#0" [stack: 0x0000003786a00000,0x0000003786b00000] [id=1552]
  0x000001924977ebe0 ConcurrentGCThread "G1 Service" [stack: 0x0000003786b00000,0x0000003786c00000] [id=20744]

Threads with active compile tasks:
C2 CompilerThread0     4611 6240       4       org.objectweb.asm.SymbolTable::addConstantMemberReference (147 bytes)

VM state: at safepoint (normal execution)

VM Mutex/Monitor currently owned by a thread:  ([mutex/lock_event])
[0x000001922fa48f60] Threads_lock - owner thread: 0x000001924a40b7d0
[0x000001922fa49aa0] Heap_lock - owner thread: 0x000001924d71a6e0

Heap address: 0x0000000080000000, size: 2048 MB, Compressed Oops mode: 32-bit

CDS archive(s) not mapped
Compressed class space mapped at: 0x0000000100000000-0x0000000140000000, reserved size: 1073741824
Narrow klass base: 0x0000000000000000, Narrow klass shift: 3, Narrow klass range: 0x140000000

GC Precious Log:
 CPUs: 8 total, 8 available
 Memory: 16106M
 Large Page Support: Disabled
 NUMA Support: Disabled
 Compressed Oops: Enabled (32-bit)
 Heap Region Size: 1M
 Heap Min Capacity: 8M
 Heap Initial Capacity: 252M
 Heap Max Capacity: 2G
 Pre-touch: Disabled
 Parallel Workers: 8
 Concurrent Workers: 2
 Concurrent Refinement Workers: 8
 Periodic GC: Disabled

Heap:
 garbage-first heap   total 145408K, used 93276K [0x0000000080000000, 0x0000000100000000)
  region size 1024K, 1 young (1024K), 1 survivors (1024K)
 Metaspace       used 59931K, committed 60608K, reserved 1105920K
  class space    used 8081K, committed 8384K, reserved 1048576K

Heap Regions: E=young(eden), S=young(survivor), O=old, HS=humongous(starts), HC=humongous(continues), CS=collection set, F=free, OA=open archive, CA=closed archive, TAMS=top-at-mark-start (previous, next)
|   0|0x0000000080000000, 0x0000000080100000, 0x0000000080100000|100%|HS|  |TAMS 0x0000000080100000, 0x0000000080000000| Complete 
|   1|0x0000000080100000, 0x0000000080200000, 0x0000000080200000|100%|HC|  |TAMS 0x0000000080200000, 0x0000000080100000| Complete 
|   2|0x0000000080200000, 0x0000000080300000, 0x0000000080300000|100%|HC|  |TAMS 0x0000000080300000, 0x0000000080200000| Complete 
|   3|0x0000000080300000, 0x0000000080400000, 0x0000000080400000|100%|HC|  |TAMS 0x0000000080400000, 0x0000000080300000| Complete 
|   4|0x0000000080400000, 0x0000000080500000, 0x0000000080500000|100%| O|  |TAMS 0x0000000080500000, 0x0000000080400000| Untracked 
|   5|0x0000000080500000, 0x0000000080600000, 0x0000000080600000|100%| O|  |TAMS 0x0000000080600000, 0x0000000080500000| Untracked 
|   6|0x0000000080600000, 0x0000000080700000, 0x0000000080700000|100%| O|  |TAMS 0x0000000080700000, 0x0000000080600000| Untracked 
|   7|0x0000000080700000, 0x0000000080800000, 0x0000000080800000|100%| O|  |TAMS 0x0000000080800000, 0x0000000080700000| Untracked 
|   8|0x0000000080800000, 0x0000000080900000, 0x0000000080900000|100%| O|  |TAMS 0x0000000080900000, 0x0000000080800000| Untracked 
|   9|0x0000000080900000, 0x0000000080a00000, 0x0000000080a00000|100%| O|  |TAMS 0x0000000080a00000, 0x0000000080900000| Untracked 
|  10|0x0000000080a00000, 0x0000000080b00000, 0x0000000080b00000|100%| O|  |TAMS 0x0000000080b00000, 0x0000000080a00000| Untracked 
|  11|0x0000000080b00000, 0x0000000080b00000, 0x0000000080c00000|  0%| F|  |TAMS 0x0000000080b00000, 0x0000000080b00000| Untracked 
|  12|0x0000000080c00000, 0x0000000080d00000, 0x0000000080d00000|100%| O|  |TAMS 0x0000000080d00000, 0x0000000080c00000| Untracked 
|  13|0x0000000080d00000, 0x0000000080e00000, 0x0000000080e00000|100%| O|  |TAMS 0x0000000080e00000, 0x0000000080d00000| Untracked 
|  14|0x0000000080e00000, 0x0000000080f00000, 0x0000000080f00000|100%| O|  |TAMS 0x0000000080f00000, 0x0000000080e00000| Untracked 
|  15|0x0000000080f00000, 0x0000000081000000, 0x0000000081000000|100%| O|  |TAMS 0x0000000081000000, 0x0000000080f00000| Untracked 
|  16|0x0000000081000000, 0x0000000081100000, 0x0000000081100000|100%| O|  |TAMS 0x0000000081100000, 0x0000000081000000| Untracked 
|  17|0x0000000081100000, 0x0000000081200000, 0x0000000081200000|100%| O|  |TAMS 0x0000000081200000, 0x0000000081100000| Untracked 
|  18|0x0000000081200000, 0x0000000081300000, 0x0000000081300000|100%| O|  |TAMS 0x0000000081300000, 0x0000000081200000| Untracked 
|  19|0x0000000081300000, 0x0000000081400000, 0x0000000081400000|100%|HS|  |TAMS 0x0000000081400000, 0x0000000081300000| Complete 
|  20|0x0000000081400000, 0x0000000081500000, 0x0000000081500000|100%|HC|  |TAMS 0x0000000081500000, 0x0000000081400000| Complete 
|  21|0x0000000081500000, 0x0000000081600000, 0x0000000081600000|100%|HS|  |TAMS 0x0000000081600000, 0x0000000081500000| Complete 
|  22|0x0000000081600000, 0x0000000081700000, 0x0000000081700000|100%|HC|  |TAMS 0x0000000081700000, 0x0000000081600000| Complete 
|  23|0x0000000081700000, 0x0000000081800000, 0x0000000081800000|100%|HC|  |TAMS 0x0000000081800000, 0x0000000081700000| Complete 
|  24|0x0000000081800000, 0x0000000081900000, 0x0000000081900000|100%| O|  |TAMS 0x0000000081900000, 0x0000000081800000| Untracked 
|  25|0x0000000081900000, 0x0000000081a00000, 0x0000000081a00000|100%| O|  |TAMS 0x0000000081a00000, 0x0000000081900000| Untracked 
|  26|0x0000000081a00000, 0x0000000081b00000, 0x0000000081b00000|100%| O|  |TAMS 0x0000000081b00000, 0x0000000081a00000| Untracked 
|  27|0x0000000081b00000, 0x0000000081c00000, 0x0000000081c00000|100%| O|  |TAMS 0x0000000081c00000, 0x0000000081b00000| Untracked 
|  28|0x0000000081c00000, 0x0000000081d00000, 0x0000000081d00000|100%|HS|  |TAMS 0x0000000081d00000, 0x0000000081c00000| Complete 
|  29|0x0000000081d00000, 0x0000000081e00000, 0x0000000081e00000|100%|HC|  |TAMS 0x0000000081e00000, 0x0000000081d00000| Complete 
|  30|0x0000000081e00000, 0x0000000081f00000, 0x0000000081f00000|100%|HC|  |TAMS 0x0000000081f00000, 0x0000000081e00000| Complete 
|  31|0x0000000081f00000, 0x0000000082000000, 0x0000000082000000|100%| O|  |TAMS 0x0000000082000000, 0x0000000081f00000| Untracked 
|  32|0x0000000082000000, 0x0000000082100000, 0x0000000082100000|100%|HS|  |TAMS 0x0000000082100000, 0x0000000082000000| Complete 
|  33|0x0000000082100000, 0x0000000082200000, 0x0000000082200000|100%|HC|  |TAMS 0x0000000082200000, 0x0000000082100000| Complete 
|  34|0x0000000082200000, 0x0000000082300000, 0x0000000082300000|100%|HC|  |TAMS 0x0000000082300000, 0x0000000082200000| Complete 
|  35|0x0000000082300000, 0x0000000082400000, 0x0000000082400000|100%|HC|  |TAMS 0x0000000082400000, 0x0000000082300000| Complete 
|  36|0x0000000082400000, 0x0000000082500000, 0x0000000082500000|100%|HC|  |TAMS 0x0000000082500000, 0x0000000082400000| Complete 
|  37|0x0000000082500000, 0x0000000082600000, 0x0000000082600000|100%|HC|  |TAMS 0x0000000082600000, 0x0000000082500000| Complete 
|  38|0x0000000082600000, 0x0000000082700000, 0x0000000082700000|100%|HC|  |TAMS 0x0000000082700000, 0x0000000082600000| Complete 
|  39|0x0000000082700000, 0x0000000082800000, 0x0000000082800000|100%|HC|  |TAMS 0x0000000082800000, 0x0000000082700000| Complete 
|  40|0x0000000082800000, 0x0000000082900000, 0x0000000082900000|100%|HC|  |TAMS 0x0000000082900000, 0x0000000082800000| Complete 
|  41|0x0000000082900000, 0x0000000082a00000, 0x0000000082a00000|100%|HC|  |TAMS 0x0000000082a00000, 0x0000000082900000| Complete 
|  42|0x0000000082a00000, 0x0000000082b00000, 0x0000000082b00000|100%|HC|  |TAMS 0x0000000082b00000, 0x0000000082a00000| Complete 
|  43|0x0000000082b00000, 0x0000000082c00000, 0x0000000082c00000|100%|HC|  |TAMS 0x0000000082c00000, 0x0000000082b00000| Complete 
|  44|0x0000000082c00000, 0x0000000082d00000, 0x0000000082d00000|100%| O|  |TAMS 0x0000000082d00000, 0x0000000082c00000| Untracked 
|  45|0x0000000082d00000, 0x0000000082e00000, 0x0000000082e00000|100%|HS|  |TAMS 0x0000000082e00000, 0x0000000082d00000| Complete 
|  46|0x0000000082e00000, 0x0000000082f00000, 0x0000000082f00000|100%|HC|  |TAMS 0x0000000082f00000, 0x0000000082e00000| Complete 
|  47|0x0000000082f00000, 0x0000000083000000, 0x0000000083000000|100%| O|  |TAMS 0x0000000083000000, 0x0000000082f00000| Untracked 
|  48|0x0000000083000000, 0x0000000083100000, 0x0000000083100000|100%| O|  |TAMS 0x0000000083100000, 0x0000000083000000| Untracked 
|  49|0x0000000083100000, 0x0000000083200000, 0x0000000083200000|100%| O|  |TAMS 0x0000000083200000, 0x0000000083100000| Untracked 
|  50|0x0000000083200000, 0x0000000083300000, 0x0000000083300000|100%| O|  |TAMS 0x0000000083300000, 0x0000000083200000| Untracked 
|  51|0x0000000083300000, 0x0000000083400000, 0x0000000083400000|100%| O|  |TAMS 0x0000000083400000, 0x0000000083300000| Untracked 
|  52|0x0000000083400000, 0x0000000083500000, 0x0000000083500000|100%| O|  |TAMS 0x0000000083500000, 0x0000000083400000| Untracked 
|  53|0x0000000083500000, 0x0000000083600000, 0x0000000083600000|100%| O|  |TAMS 0x0000000083600000, 0x0000000083500000| Untracked 
|  54|0x0000000083600000, 0x0000000083700000, 0x0000000083700000|100%| O|  |TAMS 0x0000000083700000, 0x0000000083600000| Untracked 
|  55|0x0000000083700000, 0x0000000083800000, 0x0000000083800000|100%|HS|  |TAMS 0x0000000083800000, 0x0000000083700000| Complete 
|  56|0x0000000083800000, 0x0000000083900000, 0x0000000083900000|100%|HC|  |TAMS 0x0000000083900000, 0x0000000083800000| Complete 
|  57|0x0000000083900000, 0x0000000083a00000, 0x0000000083a00000|100%|HC|  |TAMS 0x0000000083a00000, 0x0000000083900000| Complete 
|  58|0x0000000083a00000, 0x0000000083b00000, 0x0000000083b00000|100%| O|  |TAMS 0x0000000083b00000, 0x0000000083a00000| Untracked 
|  59|0x0000000083b00000, 0x0000000083c00000, 0x0000000083c00000|100%| O|  |TAMS 0x0000000083c00000, 0x0000000083b00000| Untracked 
|  60|0x0000000083c00000, 0x0000000083d00000, 0x0000000083d00000|100%|HS|  |TAMS 0x0000000083d00000, 0x0000000083c00000| Complete 
|  61|0x0000000083d00000, 0x0000000083e00000, 0x0000000083e00000|100%|HC|  |TAMS 0x0000000083e00000, 0x0000000083d00000| Complete 
|  62|0x0000000083e00000, 0x0000000083f00000, 0x0000000083f00000|100%|HC|  |TAMS 0x0000000083f00000, 0x0000000083e00000| Complete 
|  63|0x0000000083f00000, 0x0000000084000000, 0x0000000084000000|100%| O|  |TAMS 0x0000000084000000, 0x0000000083f00000| Untracked 
|  64|0x0000000084000000, 0x0000000084100000, 0x0000000084100000|100%| O|  |TAMS 0x0000000084100000, 0x0000000084000000| Untracked 
|  65|0x0000000084100000, 0x0000000084200000, 0x0000000084200000|100%| O|  |TAMS 0x0000000084200000, 0x0000000084100000| Untracked 
|  66|0x0000000084200000, 0x0000000084300000, 0x0000000084300000|100%| O|  |TAMS 0x0000000084300000, 0x0000000084200000| Untracked 
|  67|0x0000000084300000, 0x0000000084400000, 0x0000000084400000|100%| O|  |TAMS 0x0000000084400000, 0x0000000084300000| Untracked 
|  68|0x0000000084400000, 0x0000000084500000, 0x0000000084500000|100%| O|  |TAMS 0x0000000084500000, 0x0000000084400000| Untracked 
|  69|0x0000000084500000, 0x0000000084600000, 0x0000000084600000|100%| O|  |TAMS 0x0000000084600000, 0x0000000084500000| Untracked 
|  70|0x0000000084600000, 0x0000000084700000, 0x0000000084700000|100%| O|  |TAMS 0x0000000084626400, 0x0000000084600000| Untracked 
|  71|0x0000000084700000, 0x0000000084800000, 0x0000000084800000|100%| O|  |TAMS 0x0000000084700000, 0x0000000084700000| Untracked 
|  72|0x0000000084800000, 0x0000000084900000, 0x0000000084900000|100%| O|  |TAMS 0x0000000084800000, 0x0000000084800000| Untracked 
|  73|0x0000000084900000, 0x0000000084a00000, 0x0000000084a00000|100%| O|  |TAMS 0x0000000084900000, 0x0000000084900000| Untracked 
|  74|0x0000000084a00000, 0x0000000084b00000, 0x0000000084b00000|100%|HS|  |TAMS 0x0000000084a00000, 0x0000000084a00000| Complete 
|  75|0x0000000084b00000, 0x0000000084c00000, 0x0000000084c00000|100%|HS|  |TAMS 0x0000000084b00000, 0x0000000084b00000| Complete 
|  76|0x0000000084c00000, 0x0000000084d00000, 0x0000000084d00000|100%|HS|  |TAMS 0x0000000084c00000, 0x0000000084c00000| Complete 
|  77|0x0000000084d00000, 0x0000000084e00000, 0x0000000084e00000|100%|HC|  |TAMS 0x0000000084d00000, 0x0000000084d00000| Complete 
|  78|0x0000000084e00000, 0x0000000084f00000, 0x0000000084f00000|100%|HS|  |TAMS 0x0000000084e00000, 0x0000000084e00000| Complete 
|  79|0x0000000084f00000, 0x0000000085000000, 0x0000000085000000|100%|HS|  |TAMS 0x0000000084f00000, 0x0000000084f00000| Complete 
|  80|0x0000000085000000, 0x0000000085100000, 0x0000000085100000|100%|HC|  |TAMS 0x0000000085000000, 0x0000000085000000| Complete 
|  81|0x0000000085100000, 0x0000000085200000, 0x0000000085200000|100%|HC|  |TAMS 0x0000000085100000, 0x0000000085100000| Complete 
|  82|0x0000000085200000, 0x0000000085300000, 0x0000000085300000|100%|HC|  |TAMS 0x0000000085200000, 0x0000000085200000| Complete 
|  83|0x0000000085300000, 0x0000000085400000, 0x0000000085400000|100%| O|  |TAMS 0x0000000085300000, 0x0000000085300000| Untracked 
|  84|0x0000000085400000, 0x0000000085500000, 0x0000000085500000|100%| O|  |TAMS 0x0000000085400000, 0x0000000085400000| Untracked 
|  85|0x0000000085500000, 0x0000000085600000, 0x0000000085600000|100%| O|  |TAMS 0x0000000085500000, 0x0000000085500000| Untracked 
|  86|0x0000000085600000, 0x0000000085700000, 0x0000000085700000|100%| O|  |TAMS 0x0000000085600000, 0x0000000085600000| Untracked 
|  87|0x0000000085700000, 0x0000000085800000, 0x0000000085800000|100%| O|  |TAMS 0x0000000085700000, 0x0000000085700000| Untracked 
|  88|0x0000000085800000, 0x0000000085900000, 0x0000000085900000|100%| O|  |TAMS 0x0000000085800000, 0x0000000085800000| Untracked 
|  89|0x0000000085900000, 0x0000000085a00000, 0x0000000085a00000|100%| O|  |TAMS 0x0000000085900000, 0x0000000085900000| Untracked 
|  90|0x0000000085a00000, 0x0000000085b00000, 0x0000000085b00000|100%| O|  |TAMS 0x0000000085a00000, 0x0000000085a00000| Untracked 
|  91|0x0000000085b00000, 0x0000000085bb1000, 0x0000000085c00000| 69%| O|  |TAMS 0x0000000085b00000, 0x0000000085b00000| Untracked 
|  92|0x0000000085c00000, 0x0000000085c00000, 0x0000000085d00000|  0%| F|  |TAMS 0x0000000085c00000, 0x0000000085c00000| Untracked 
|  93|0x0000000085d00000, 0x0000000085d00000, 0x0000000085e00000|  0%| F|  |TAMS 0x0000000085d00000, 0x0000000085d00000| Untracked 
|  94|0x0000000085e00000, 0x0000000085e00000, 0x0000000085f00000|  0%| F|  |TAMS 0x0000000085e00000, 0x0000000085e00000| Untracked 
|  95|0x0000000085f00000, 0x0000000085f00000, 0x0000000086000000|  0%| F|  |TAMS 0x0000000085f00000, 0x0000000085f00000| Untracked 
|  96|0x0000000086000000, 0x0000000086000000, 0x0000000086100000|  0%| F|  |TAMS 0x0000000086000000, 0x0000000086000000| Untracked 
|  97|0x0000000086100000, 0x0000000086100000, 0x0000000086200000|  0%| F|  |TAMS 0x0000000086100000, 0x0000000086100000| Untracked 
|  98|0x0000000086200000, 0x0000000086200000, 0x0000000086300000|  0%| F|  |TAMS 0x0000000086200000, 0x0000000086200000| Untracked 
|  99|0x0000000086300000, 0x0000000086300000, 0x0000000086400000|  0%| F|  |TAMS 0x0000000086300000, 0x0000000086300000| Untracked 
| 100|0x0000000086400000, 0x0000000086400000, 0x0000000086500000|  0%| F|  |TAMS 0x0000000086400000, 0x0000000086400000| Untracked 
| 101|0x0000000086500000, 0x0000000086500000, 0x0000000086600000|  0%| F|  |TAMS 0x0000000086500000, 0x0000000086500000| Untracked 
| 102|0x0000000086600000, 0x0000000086600000, 0x0000000086700000|  0%| F|  |TAMS 0x0000000086600000, 0x0000000086600000| Untracked 
| 103|0x0000000086700000, 0x0000000086700000, 0x0000000086800000|  0%| F|  |TAMS 0x0000000086700000, 0x0000000086700000| Untracked 
| 104|0x0000000086800000, 0x0000000086800000, 0x0000000086900000|  0%| F|  |TAMS 0x0000000086800000, 0x0000000086800000| Untracked 
| 105|0x0000000086900000, 0x0000000086900000, 0x0000000086a00000|  0%| F|  |TAMS 0x0000000086900000, 0x0000000086900000| Untracked 
| 106|0x0000000086a00000, 0x0000000086a00000, 0x0000000086b00000|  0%| F|  |TAMS 0x0000000086a00000, 0x0000000086a00000| Untracked 
| 107|0x0000000086b00000, 0x0000000086b00000, 0x0000000086c00000|  0%| F|  |TAMS 0x0000000086b00000, 0x0000000086b00000| Untracked 
| 108|0x0000000086c00000, 0x0000000086c00000, 0x0000000086d00000|  0%| F|  |TAMS 0x0000000086c00000, 0x0000000086c00000| Untracked 
| 109|0x0000000086d00000, 0x0000000086d00000, 0x0000000086e00000|  0%| F|  |TAMS 0x0000000086d00000, 0x0000000086d00000| Untracked 
| 110|0x0000000086e00000, 0x0000000086e00000, 0x0000000086f00000|  0%| F|  |TAMS 0x0000000086e00000, 0x0000000086e00000| Untracked 
| 111|0x0000000086f00000, 0x0000000086f00000, 0x0000000087000000|  0%| F|  |TAMS 0x0000000086f00000, 0x0000000086f00000| Untracked 
| 112|0x0000000087000000, 0x0000000087000000, 0x0000000087100000|  0%| F|  |TAMS 0x0000000087000000, 0x0000000087000000| Untracked 
| 113|0x0000000087100000, 0x0000000087100000, 0x0000000087200000|  0%| F|  |TAMS 0x0000000087100000, 0x0000000087100000| Untracked 
| 114|0x0000000087200000, 0x0000000087200000, 0x0000000087300000|  0%| F|  |TAMS 0x0000000087200000, 0x0000000087200000| Untracked 
| 115|0x0000000087300000, 0x0000000087300000, 0x0000000087400000|  0%| F|  |TAMS 0x0000000087300000, 0x0000000087300000| Untracked 
| 116|0x0000000087400000, 0x0000000087400000, 0x0000000087500000|  0%| F|  |TAMS 0x0000000087400000, 0x0000000087400000| Untracked 
| 117|0x0000000087500000, 0x0000000087500000, 0x0000000087600000|  0%| F|  |TAMS 0x0000000087500000, 0x0000000087500000| Untracked 
| 118|0x0000000087600000, 0x0000000087600000, 0x0000000087700000|  0%| F|  |TAMS 0x0000000087600000, 0x0000000087600000| Untracked 
| 119|0x0000000087700000, 0x0000000087700000, 0x0000000087800000|  0%| F|  |TAMS 0x0000000087700000, 0x0000000087700000| Untracked 
| 120|0x0000000087800000, 0x0000000087800000, 0x0000000087900000|  0%| F|  |TAMS 0x0000000087800000, 0x0000000087800000| Untracked 
| 121|0x0000000087900000, 0x0000000087900000, 0x0000000087a00000|  0%| F|  |TAMS 0x0000000087900000, 0x0000000087900000| Untracked 
| 122|0x0000000087a00000, 0x0000000087a00000, 0x0000000087b00000|  0%| F|  |TAMS 0x0000000087a00000, 0x0000000087a00000| Untracked 
| 123|0x0000000087b00000, 0x0000000087b00000, 0x0000000087c00000|  0%| F|  |TAMS 0x0000000087b00000, 0x0000000087b00000| Untracked 
| 124|0x0000000087c00000, 0x0000000087c00000, 0x0000000087d00000|  0%| F|  |TAMS 0x0000000087c00000, 0x0000000087c00000| Untracked 
| 125|0x0000000087d00000, 0x0000000087d00000, 0x0000000087e00000|  0%| F|  |TAMS 0x0000000087d00000, 0x0000000087d00000| Untracked 
| 126|0x0000000087e00000, 0x0000000087e00000, 0x0000000087f00000|  0%| F|  |TAMS 0x0000000087e00000, 0x0000000087e00000| Untracked 
| 127|0x0000000087f00000, 0x0000000087f00000, 0x0000000088000000|  0%| F|  |TAMS 0x0000000087f00000, 0x0000000087f00000| Untracked 
| 128|0x0000000088000000, 0x0000000088000000, 0x0000000088100000|  0%| F|  |TAMS 0x0000000088000000, 0x0000000088000000| Untracked 
| 129|0x0000000088100000, 0x0000000088100000, 0x0000000088200000|  0%| F|  |TAMS 0x0000000088100000, 0x0000000088100000| Untracked 
| 130|0x0000000088200000, 0x0000000088200000, 0x0000000088300000|  0%| F|  |TAMS 0x0000000088200000, 0x0000000088200000| Untracked 
| 131|0x0000000088300000, 0x0000000088300000, 0x0000000088400000|  0%| F|  |TAMS 0x0000000088300000, 0x0000000088300000| Untracked 
| 200|0x000000008c800000, 0x000000008c800000, 0x000000008c900000|  0%| F|  |TAMS 0x000000008c800000, 0x000000008c800000| Untracked 
| 201|0x000000008c900000, 0x000000008c900000, 0x000000008ca00000|  0%| F|  |TAMS 0x000000008c900000, 0x000000008c900000| Untracked 
| 202|0x000000008ca00000, 0x000000008ca00000, 0x000000008cb00000|  0%| F|  |TAMS 0x000000008ca00000, 0x000000008ca00000| Untracked 
| 203|0x000000008cb00000, 0x000000008cb00000, 0x000000008cc00000|  0%| F|  |TAMS 0x000000008cb00000, 0x000000008cb00000| Untracked 
| 204|0x000000008cc00000, 0x000000008cc00000, 0x000000008cd00000|  0%| F|  |TAMS 0x000000008cc00000, 0x000000008cc00000| Untracked 
| 205|0x000000008cd00000, 0x000000008cd00000, 0x000000008ce00000|  0%| F|  |TAMS 0x000000008cd00000, 0x000000008cd00000| Untracked 
| 206|0x000000008ce00000, 0x000000008ce00000, 0x000000008cf00000|  0%| F|  |TAMS 0x000000008ce00000, 0x000000008ce00000| Untracked 
| 207|0x000000008cf00000, 0x000000008cf66280, 0x000000008d000000| 39%| S|CS|TAMS 0x000000008cf00000, 0x000000008cf00000| Complete 
| 208|0x000000008d000000, 0x000000008d000000, 0x000000008d100000|  0%| F|  |TAMS 0x000000008d000000, 0x000000008d000000| Untracked 
| 251|0x000000008fb00000, 0x000000008fb00000, 0x000000008fc00000|  0%| F|  |TAMS 0x000000008fb00000, 0x000000008fb00000| Untracked 

Card table byte_map: [0x0000019242650000,0x0000019242a50000] _byte_map_base: 0x0000019242250000

Marking Bits (Prev, Next): (CMBitMap*) 0x000001922faac0f0, (CMBitMap*) 0x000001922faac130
 Prev Bits: [0x0000019242e50000, 0x0000019244e50000)
 Next Bits: [0x0000019244e50000, 0x0000019246e50000)

Polling page: 0x000001922d980000

Metaspace:

Usage:
  Non-class:     50.63 MB used.
      Class:      7.89 MB used.
       Both:     58.53 MB used.

Virtual space:
  Non-class space:       56.00 MB reserved,      51.00 MB ( 91%) committed,  7 nodes.
      Class space:        1.00 GB reserved,       8.19 MB ( <1%) committed,  1 nodes.
             Both:        1.05 GB reserved,      59.19 MB (  5%) committed. 

Chunk freelists:
   Non-Class:  336.00 KB
       Class:  3.73 MB
        Both:  4.05 MB

MaxMetaspaceSize: unlimited
CompressedClassSpaceSize: 1.00 GB
Initial GC threshold: 21.00 MB
Current GC threshold: 92.94 MB
CDS: off
MetaspaceReclaimPolicy: balanced
 - commit_granule_bytes: 65536.
 - commit_granule_words: 8192.
 - virtual_space_node_default_size: 1048576.
 - enlarge_chunks_in_place: 1.
 - new_chunks_are_fully_committed: 0.
 - uncommit_free_chunks: 1.
 - use_allocation_guard: 0.
 - handle_deallocations: 1.


Internal statistics:

num_allocs_failed_limit: 3.
num_arena_births: 708.
num_arena_deaths: 0.
num_vsnodes_births: 8.
num_vsnodes_deaths: 0.
num_space_committed: 947.
num_space_uncommitted: 0.
num_chunks_returned_to_freelist: 3.
num_chunks_taken_from_freelist: 2765.
num_chunk_merges: 0.
num_chunk_splits: 1808.
num_chunks_enlarged: 1201.
num_purges: 0.
num_inconsistent_stats: 0.

CodeHeap 'non-profiled nmethods': size=120000Kb used=3153Kb max_used=3675Kb free=116846Kb
 bounds [0x000001923a9f0000, 0x000001923ad90000, 0x0000019241f20000]
CodeHeap 'profiled nmethods': size=120000Kb used=10362Kb max_used=11454Kb free=109637Kb
 bounds [0x0000019232f20000, 0x0000019233a50000, 0x000001923a450000]
CodeHeap 'non-nmethods': size=5760Kb used=2344Kb max_used=2392Kb free=3415Kb
 bounds [0x000001923a450000, 0x000001923a6c0000, 0x000001923a9f0000]
 total_blobs=6356 nmethods=5501 adapters=767
 compilation: enabled
              stopped_count=0, restarted_count=0
 full_count=0

Compilation events (20 events):
Event: 4.553 Thread 0x000001924a4d3830 6312       3       org.gradle.internal.instantiation.generator.AbstractClassGenerator$ClassGenerationHandler::startType (1 bytes)
Event: 4.553 Thread 0x000001924a4d3830 nmethod 6312 0x0000019233443d90 code [0x0000019233443f20, 0x0000019233444038]
Event: 4.554 Thread 0x000001924a4d3830 6314       3       org.gradle.model.internal.asm.MethodVisitorScope::_PUTFIELD (11 bytes)
Event: 4.554 Thread 0x000001924a4d3830 nmethod 6314 0x0000019233102c90 code [0x0000019233102e60, 0x0000019233103228]
Event: 4.557 Thread 0x000001924a6a5960 nmethod 6310 0x000001923aa38f90 code [0x000001923aa39140, 0x000001923aa39518]
Event: 4.557 Thread 0x000001924a6a5960 6313       4       jdk.internal.org.objectweb.asm.ClassReader::<init> (371 bytes)
Event: 4.560 Thread 0x000001924d6cd7b0 nmethod 6292 0x000001923aa79190 code [0x000001923aa79460, 0x000001923aa7b368]
Event: 4.561 Thread 0x000001924d6cd7b0 6315       4       jdk.internal.org.objectweb.asm.ClassReader::readUtf (161 bytes)
Event: 4.568 Thread 0x000001924a6a5960 nmethod 6313 0x000001923aa42890 code [0x000001923aa42a40, 0x000001923aa433f8]
Event: 4.568 Thread 0x000001924a6a5960 6309       4       org.gradle.internal.instantiation.generator.AbstractClassGenerator$InjectionAnnotationValidator::validateMethod (502 bytes)
Event: 4.570 Thread 0x000001924d6cd7b0 nmethod 6315 0x000001923aa41a10 code [0x000001923aa41bc0, 0x000001923aa42498]
Event: 4.573 Thread 0x000001924a6a5960 nmethod 6309 0x000001923ac34190 code [0x000001923ac34380, 0x000001923ac34990]
Event: 4.573 Thread 0x000001924a4d3830 6317       3       jdk.internal.misc.CDS::isDumpingClassList (4 bytes)
Event: 4.573 Thread 0x000001924a4d3830 nmethod 6317 0x0000019232f31c10 code [0x0000019232f31da0, 0x0000019232f31e98]
Event: 4.574 Thread 0x000001924a4d3830 6318       3       java.lang.reflect.Method::toShortSignature (78 bytes)
Event: 4.575 Thread 0x000001924a4d3830 nmethod 6318 0x0000019233181d10 code [0x0000019233181fa0, 0x0000019233182938]
Event: 4.580 Thread 0x000001924a6a5960 6319       4       org.gradle.model.internal.asm.MethodVisitorScope::_ALOAD (8 bytes)
Event: 4.583 Thread 0x000001924a6a5960 nmethod 6319 0x000001923aa38610 code [0x000001923aa387c0, 0x000001923aa38bc8]
Event: 4.585 Thread 0x000001924a4d3830 6320       3       java.lang.invoke.LambdaForm$MH/0x00000001000ac000::invoke (25 bytes)
Event: 4.585 Thread 0x000001924a4d3830 nmethod 6320 0x00000192331e8410 code [0x00000192331e85e0, 0x00000192331e8ad8]

GC Heap History (20 events):
Event: 2.862 GC heap after
{Heap after GC invocations=15 (full 0):
 garbage-first heap   total 102400K, used 57883K [0x0000000080000000, 0x0000000100000000)
  region size 1024K, 3 young (3072K), 3 survivors (3072K)
 Metaspace       used 42167K, committed 42560K, reserved 1089536K
  class space    used 5631K, committed 5824K, reserved 1048576K
}
Event: 3.108 GC heap before
{Heap before GC invocations=16 (full 0):
 garbage-first heap   total 106496K, used 83483K [0x0000000080000000, 0x0000000100000000)
  region size 1024K, 25 young (25600K), 3 survivors (3072K)
 Metaspace       used 45935K, committed 46400K, reserved 1089536K
  class space    used 6088K, committed 6272K, reserved 1048576K
}
Event: 3.111 GC heap after
{Heap after GC invocations=17 (full 0):
 garbage-first heap   total 106496K, used 58890K [0x0000000080000000, 0x0000000100000000)
  region size 1024K, 2 young (2048K), 2 survivors (2048K)
 Metaspace       used 45935K, committed 46400K, reserved 1089536K
  class space    used 6088K, committed 6272K, reserved 1048576K
}
Event: 3.193 GC heap before
{Heap before GC invocations=17 (full 0):
 garbage-first heap   total 106496K, used 66058K [0x0000000080000000, 0x0000000100000000)
  region size 1024K, 11 young (11264K), 2 survivors (2048K)
 Metaspace       used 46624K, committed 47040K, reserved 1097728K
  class space    used 6201K, committed 6400K, reserved 1048576K
}
Event: 3.195 GC heap after
{Heap after GC invocations=18 (full 0):
 garbage-first heap   total 106496K, used 60284K [0x0000000080000000, 0x0000000100000000)
  region size 1024K, 4 young (4096K), 4 survivors (4096K)
 Metaspace       used 46624K, committed 47040K, reserved 1097728K
  class space    used 6201K, committed 6400K, reserved 1048576K
}
Event: 3.281 GC heap before
{Heap before GC invocations=19 (full 0):
 garbage-first heap   total 117760K, used 75644K [0x0000000080000000, 0x0000000100000000)
  region size 1024K, 15 young (15360K), 4 survivors (4096K)
 Metaspace       used 47349K, committed 47808K, reserved 1097728K
  class space    used 6284K, committed 6464K, reserved 1048576K
}
Event: 3.284 GC heap after
{Heap after GC invocations=20 (full 0):
 garbage-first heap   total 117760K, used 68882K [0x0000000080000000, 0x0000000100000000)
  region size 1024K, 4 young (4096K), 4 survivors (4096K)
 Metaspace       used 47349K, committed 47808K, reserved 1097728K
  class space    used 6284K, committed 6464K, reserved 1048576K
}
Event: 3.475 GC heap before
{Heap before GC invocations=21 (full 0):
 garbage-first heap   total 119808K, used 90386K [0x0000000080000000, 0x0000000100000000)
  region size 1024K, 24 young (24576K), 4 survivors (4096K)
 Metaspace       used 49657K, committed 50176K, reserved 1097728K
  class space    used 6516K, committed 6720K, reserved 1048576K
}
Event: 3.478 GC heap after
{Heap after GC invocations=22 (full 0):
 garbage-first heap   total 119808K, used 69848K [0x0000000080000000, 0x0000000100000000)
  region size 1024K, 2 young (2048K), 2 survivors (2048K)
 Metaspace       used 49657K, committed 50176K, reserved 1097728K
  class space    used 6516K, committed 6720K, reserved 1048576K
}
Event: 3.684 GC heap before
{Heap before GC invocations=22 (full 0):
 garbage-first heap   total 119808K, used 92376K [0x0000000080000000, 0x0000000100000000)
  region size 1024K, 24 young (24576K), 2 survivors (2048K)
 Metaspace       used 51823K, committed 52416K, reserved 1097728K
  class space    used 6902K, committed 7168K, reserved 1048576K
}
Event: 3.687 GC heap after
{Heap after GC invocations=23 (full 0):
 garbage-first heap   total 119808K, used 71255K [0x0000000080000000, 0x0000000100000000)
  region size 1024K, 2 young (2048K), 2 survivors (2048K)
 Metaspace       used 51823K, committed 52416K, reserved 1097728K
  class space    used 6902K, committed 7168K, reserved 1048576K
}
Event: 3.957 GC heap before
{Heap before GC invocations=24 (full 0):
 garbage-first heap   total 124928K, used 92759K [0x0000000080000000, 0x0000000100000000)
  region size 1024K, 24 young (24576K), 2 survivors (2048K)
 Metaspace       used 54375K, committed 55040K, reserved 1097728K
  class space    used 7336K, committed 7616K, reserved 1048576K
}
Event: 3.959 GC heap after
{Heap after GC invocations=25 (full 0):
 garbage-first heap   total 124928K, used 72712K [0x0000000080000000, 0x0000000100000000)
  region size 1024K, 3 young (3072K), 3 survivors (3072K)
 Metaspace       used 54375K, committed 55040K, reserved 1097728K
  class space    used 7336K, committed 7616K, reserved 1048576K
}
Event: 4.203 GC heap before
{Heap before GC invocations=25 (full 0):
 garbage-first heap   total 124928K, used 99336K [0x0000000080000000, 0x0000000100000000)
  region size 1024K, 29 young (29696K), 3 survivors (3072K)
 Metaspace       used 56097K, committed 56768K, reserved 1105920K
  class space    used 7562K, committed 7872K, reserved 1048576K
}
Event: 4.206 GC heap after
{Heap after GC invocations=26 (full 0):
 garbage-first heap   total 124928K, used 75162K [0x0000000080000000, 0x0000000100000000)
  region size 1024K, 4 young (4096K), 4 survivors (4096K)
 Metaspace       used 56097K, committed 56768K, reserved 1105920K
  class space    used 7562K, committed 7872K, reserved 1048576K
}
Event: 4.324 GC heap before
{Heap before GC invocations=27 (full 0):
 garbage-first heap   total 137216K, used 91546K [0x0000000080000000, 0x0000000100000000)
  region size 1024K, 22 young (22528K), 4 survivors (4096K)
 Metaspace       used 56402K, committed 57024K, reserved 1105920K
  class space    used 7586K, committed 7872K, reserved 1048576K
}
Event: 4.327 GC heap after
{Heap after GC invocations=28 (full 0):
 garbage-first heap   total 137216K, used 76526K [0x0000000080000000, 0x0000000100000000)
  region size 1024K, 3 young (3072K), 3 survivors (3072K)
 Metaspace       used 56402K, committed 57024K, reserved 1105920K
  class space    used 7586K, committed 7872K, reserved 1048576K
}
Event: 4.562 GC heap before
{Heap before GC invocations=29 (full 0):
 garbage-first heap   total 145408K, used 118510K [0x0000000080000000, 0x0000000100000000)
  region size 1024K, 35 young (35840K), 3 survivors (3072K)
 Metaspace       used 59633K, committed 60288K, reserved 1105920K
  class space    used 8034K, committed 8320K, reserved 1048576K
}
Event: 4.565 GC heap after
{Heap after GC invocations=30 (full 0):
 garbage-first heap   total 145408K, used 92948K [0x0000000080000000, 0x0000000100000000)
  region size 1024K, 5 young (5120K), 5 survivors (5120K)
 Metaspace       used 59633K, committed 60288K, reserved 1105920K
  class space    used 8034K, committed 8320K, reserved 1048576K
}
Event: 4.588 GC heap before
{Heap before GC invocations=30 (full 0):
 garbage-first heap   total 145408K, used 93972K [0x0000000080000000, 0x0000000100000000)
  region size 1024K, 7 young (7168K), 5 survivors (5120K)
 Metaspace       used 59931K, committed 60608K, reserved 1105920K
  class space    used 8081K, committed 8384K, reserved 1048576K
}

Dll operation events (2 events):
Event: 0.006 Loaded shared library C:\Program Files\Android\Android Studio\jbr\bin\java.dll
Event: 0.189 Loaded shared library C:\Program Files\Android\Android Studio\jbr\bin\verify.dll

Deoptimization events (20 events):
Event: 4.339 Thread 0x000001924d71a6e0 Uncommon trap: trap_request=0xffffff45 fr.pc=0x000001923aa4724c relative=0x000000000000068c
Event: 4.339 Thread 0x000001924d71a6e0 Uncommon trap: reason=unstable_if action=reinterpret pc=0x000001923aa4724c method=java.util.jar.Manifest$FastInputStream.readLine([BII)I @ 130 c2
Event: 4.339 Thread 0x000001924d71a6e0 DEOPT PACKING pc=0x000001923aa4724c sp=0x00000037885f81e0
Event: 4.339 Thread 0x000001924d71a6e0 DEOPT UNPACKING pc=0x000001923a4aa1a3 sp=0x00000037885f8170 mode 2
Event: 4.346 Thread 0x000001924d71a6e0 DEOPT PACKING pc=0x000001923358ee02 sp=0x00000037885f7520
Event: 4.346 Thread 0x000001924d71a6e0 DEOPT UNPACKING pc=0x000001923a4aace3 sp=0x00000037885f6a00 mode 0
Event: 4.463 Thread 0x000001924d71a6e0 Uncommon trap: trap_request=0xffffff45 fr.pc=0x000001923ac5ec90 relative=0x0000000000005d10
Event: 4.463 Thread 0x000001924d71a6e0 Uncommon trap: reason=unstable_if action=reinterpret pc=0x000001923ac5ec90 method=org.objectweb.asm.Frame.execute(IILorg/objectweb/asm/Symbol;Lorg/objectweb/asm/SymbolTable;)V @ 1 c2
Event: 4.463 Thread 0x000001924d71a6e0 DEOPT PACKING pc=0x000001923ac5ec90 sp=0x00000037885f6050
Event: 4.463 Thread 0x000001924d71a6e0 DEOPT UNPACKING pc=0x000001923a4aa1a3 sp=0x00000037885f5ff8 mode 2
Event: 4.558 Thread 0x000001924d71a6e0 DEOPT PACKING pc=0x00000192332be51b sp=0x00000037885f4ed0
Event: 4.558 Thread 0x000001924d71a6e0 DEOPT UNPACKING pc=0x000001923a4aace3 sp=0x00000037885f4340 mode 0
Event: 4.579 Thread 0x000001924d71a6e0 Uncommon trap: trap_request=0xffffff45 fr.pc=0x000001923aa39e6c relative=0x00000000000002ac
Event: 4.579 Thread 0x000001924d71a6e0 Uncommon trap: reason=unstable_if action=reinterpret pc=0x000001923aa39e6c method=org.gradle.internal.instantiation.generator.AbstractClassGenerator$InjectionAnnotationValidator.validateMethod(Ljava/lang/reflect/Method;Lorg/gradle/internal/reflect/Propert
Event: 4.579 Thread 0x000001924d71a6e0 DEOPT PACKING pc=0x000001923aa39e6c sp=0x00000037885f6830
Event: 4.579 Thread 0x000001924d71a6e0 DEOPT UNPACKING pc=0x000001923a4aa1a3 sp=0x00000037885f67f8 mode 2
Event: 4.579 Thread 0x000001924d71a6e0 Uncommon trap: trap_request=0xffffffde fr.pc=0x000001923ac34790 relative=0x0000000000000410
Event: 4.579 Thread 0x000001924d71a6e0 Uncommon trap: reason=class_check action=maybe_recompile pc=0x000001923ac34790 method=org.gradle.internal.instantiation.generator.AbstractClassGenerator$InjectionAnnotationValidator.validateMethod(Ljava/lang/reflect/Method;Lorg/gradle/internal/reflect/Pro
Event: 4.579 Thread 0x000001924d71a6e0 DEOPT PACKING pc=0x000001923ac34790 sp=0x00000037885f6790
Event: 4.579 Thread 0x000001924d71a6e0 DEOPT UNPACKING pc=0x000001923a4aa1a3 sp=0x00000037885f6760 mode 2

Classes unloaded (0 events):
No events

Classes redefined (0 events):
No events

Internal exceptions (20 events):
Event: 3.661 Thread 0x000001924d71a6e0 Exception <a 'java/lang/ClassNotFoundException'{0x00000000861dadc0}: org/jetbrains/plugins/gradle/model/web/WebConfigurationBeanInfo> (0x00000000861dadc0) 
thrown [s\src\hotspot\share\classfile\systemDictionary.cpp, line 256]
Event: 3.662 Thread 0x000001924d71a6e0 Exception <a 'java/lang/ClassNotFoundException'{0x00000000861e3398}: org/jetbrains/plugins/gradle/model/web/WebConfigurationCustomizer> (0x00000000861e3398) 
thrown [s\src\hotspot\share\classfile\systemDictionary.cpp, line 256]
Event: 3.663 Thread 0x000001924d71a6e0 Exception <a 'java/lang/ClassNotFoundException'{0x0000000086001dc8}: org/jetbrains/plugins/gradle/model/scala/ScalaModelBeanInfo> (0x0000000086001dc8) 
thrown [s\src\hotspot\share\classfile\systemDictionary.cpp, line 256]
Event: 3.663 Thread 0x000001924d71a6e0 Exception <a 'java/lang/ClassNotFoundException'{0x000000008600a0d0}: org/jetbrains/plugins/gradle/model/scala/ScalaModelCustomizer> (0x000000008600a0d0) 
thrown [s\src\hotspot\share\classfile\systemDictionary.cpp, line 256]
Event: 3.665 Thread 0x000001924d71a6e0 Exception <a 'java/lang/ClassNotFoundException'{0x000000008603b9e8}: org/jetbrains/plugins/gradle/model/DependencyAccessorsModelBeanInfo> (0x000000008603b9e8) 
thrown [s\src\hotspot\share\classfile\systemDictionary.cpp, line 256]
Event: 3.665 Thread 0x000001924d71a6e0 Exception <a 'java/lang/ClassNotFoundException'{0x0000000086043d98}: org/jetbrains/plugins/gradle/model/DependencyAccessorsModelCustomizer> (0x0000000086043d98) 
thrown [s\src\hotspot\share\classfile\systemDictionary.cpp, line 256]
Event: 3.744 Thread 0x000001924d71a6e0 Exception <a 'java/lang/ClassNotFoundException'{0x000000008cc837f0}: org/gradle/api/internal/project/DefaultProject_DecoratedBeanInfo> (0x000000008cc837f0) 
thrown [s\src\hotspot\share\classfile\systemDictionary.cpp, line 256]
Event: 3.744 Thread 0x000001924d71a6e0 Exception <a 'java/lang/ClassNotFoundException'{0x000000008cc90348}: org/gradle/api/internal/project/DefaultProjectBeanInfo> (0x000000008cc90348) 
thrown [s\src\hotspot\share\classfile\systemDictionary.cpp, line 256]
Event: 3.744 Thread 0x000001924d71a6e0 Exception <a 'java/lang/ClassNotFoundException'{0x000000008cc9cea8}: org/gradle/api/internal/project/DefaultProjectCustomizer> (0x000000008cc9cea8) 
thrown [s\src\hotspot\share\classfile\systemDictionary.cpp, line 256]
Event: 3.747 Thread 0x000001924d71a6e0 Exception <a 'java/lang/ClassNotFoundException'{0x000000008cb46728}: org/gradle/api/internal/project/DefaultProject_DecoratedCustomizer> (0x000000008cb46728) 
thrown [s\src\hotspot\share\classfile\systemDictionary.cpp, line 256]
Event: 4.015 Thread 0x000001924d71a6e0 Exception <a 'java/lang/NoSuchMethodError'{0x000000008cbf19a8}: 'java.lang.Object java.lang.invoke.DirectMethodHandle$Holder.newInvokeSpecial(java.lang.Object, java.lang.Object, java.lang.Object, java.lang.Object, java.lang.Object, int)'> (0x000000008cbf19a8) 
thrown [s\src\hotspot\share\interpreter\linkResolver.cpp, line 771]
Event: 4.016 Thread 0x000001924d71a6e0 Exception <a 'java/lang/NoSuchMethodError'{0x000000008cbf7000}: 'java.lang.Object java.lang.invoke.DirectMethodHandle$Holder.invokeSpecial(java.lang.Object, java.lang.Object, java.lang.Object, java.lang.Object, java.lang.Object, java.lang.Object, int)'> (0x000000008cbf7000) 
thrown [s\src\hotspot\share\interpreter\linkResolver.cpp, line 771]
Event: 4.020 Thread 0x000001924d71a6e0 Exception <a 'java/lang/NoSuchMethodError'{0x000000008ca970c0}: 'void java.lang.invoke.DirectMethodHandle$Holder.invokeStatic(java.lang.Object, java.lang.Object, java.lang.Object, int, java.lang.Object)'> (0x000000008ca970c0) 
thrown [s\src\hotspot\share\interpreter\linkResolver.cpp, line 771]
Event: 4.177 Thread 0x000001924d71a6e0 Implicit null exception at 0x000001923ad6baef to 0x000001923ad6bd38
Event: 4.322 Thread 0x000001924d71a6e0 Implicit null exception at 0x000001923ad58192 to 0x000001923ad58870
Event: 4.322 Thread 0x000001924d71a6e0 Implicit null exception at 0x000001923ad5a194 to 0x000001923ad5a864
Event: 4.458 Thread 0x000001924d71a6e0 Exception <a 'java/lang/NoSuchMethodError'{0x0000000087a97688}: 'java.lang.Object java.lang.invoke.DirectMethodHandle$Holder.newInvokeSpecial(java.lang.Object, java.lang.Object, java.lang.Object, java.lang.Object, int)'> (0x0000000087a97688) 
thrown [s\src\hotspot\share\interpreter\linkResolver.cpp, line 771]
Event: 4.458 Thread 0x000001924d71a6e0 Exception <a 'java/lang/NoSuchMethodError'{0x0000000087a9cad0}: 'java.lang.Object java.lang.invoke.DirectMethodHandle$Holder.invokeSpecial(java.lang.Object, java.lang.Object, java.lang.Object, java.lang.Object, java.lang.Object, int)'> (0x0000000087a9cad0) 
thrown [s\src\hotspot\share\interpreter\linkResolver.cpp, line 771]
Event: 4.458 Thread 0x000001924d71a6e0 Exception <a 'java/lang/NoSuchMethodError'{0x0000000087aa1850}: 'java.lang.Object java.lang.invoke.Invokers$Holder.linkToTargetMethod(java.lang.Object, java.lang.Object, java.lang.Object, int, java.lang.Object)'> (0x0000000087aa1850) 
thrown [s\src\hotspot\share\interpreter\linkResolver.cpp, line 771]
Event: 4.573 Thread 0x000001924d71a6e0 Exception <a 'java/lang/NoSuchMethodError'{0x000000008fb815d0}: 'int java.lang.invoke.DirectMethodHandle$Holder.invokeInterface(java.lang.Object, java.lang.Object, java.lang.Object, java.lang.Object)'> (0x000000008fb815d0) 
thrown [s\src\hotspot\share\interpreter\linkResolver.cpp, line 771]

VM Operations (20 events):
Event: 4.227 Executing VM operation: HandshakeAllThreads done
Event: 4.236 Executing VM operation: G1Concurrent
Event: 4.238 Executing VM operation: G1Concurrent done
Event: 4.250 Executing VM operation: G1Concurrent
Event: 4.250 Executing VM operation: G1Concurrent done
Event: 4.323 Executing VM operation: ICBufferFull
Event: 4.323 Executing VM operation: ICBufferFull done
Event: 4.324 Executing VM operation: G1TryInitiateConcMark
Event: 4.328 Executing VM operation: G1TryInitiateConcMark done
Event: 4.351 Executing VM operation: G1Concurrent
Event: 4.353 Executing VM operation: G1Concurrent done
Event: 4.365 Executing VM operation: G1Concurrent
Event: 4.365 Executing VM operation: G1Concurrent done
Event: 4.562 Executing VM operation: G1CollectForAllocation
Event: 4.565 Executing VM operation: G1CollectForAllocation done
Event: 4.568 Executing VM operation: HandshakeAllThreads
Event: 4.568 Executing VM operation: HandshakeAllThreads done
Event: 4.572 Executing VM operation: HandshakeAllThreads
Event: 4.573 Executing VM operation: HandshakeAllThreads done
Event: 4.588 Executing VM operation: G1CollectForAllocation

Events (20 events):
Event: 4.234 Thread 0x000001924a4d4130 flushing nmethod 0x000001923393f410
Event: 4.234 Thread 0x000001924a4d4130 flushing nmethod 0x000001923393ff10
Event: 4.234 Thread 0x000001924a4d4130 flushing nmethod 0x0000019233940a10
Event: 4.234 Thread 0x000001924a4d4130 flushing nmethod 0x0000019233941210
Event: 4.234 Thread 0x000001924a4d4130 flushing nmethod 0x0000019233941890
Event: 4.234 Thread 0x000001924a4d4130 flushing nmethod 0x0000019233948e10
Event: 4.234 Thread 0x000001924a4d4130 flushing nmethod 0x000001923394a090
Event: 4.234 Thread 0x000001924a4d4130 flushing nmethod 0x0000019233969f90
Event: 4.234 Thread 0x000001924a4d4130 flushing nmethod 0x00000192339d0290
Event: 4.235 Thread 0x000001924a4d4130 flushing nmethod 0x0000019233a11d90
Event: 4.470 loading class sun/reflect/ReflectionFactory
Event: 4.470 loading class sun/reflect/ReflectionFactory done
Event: 4.470 loading class sun/reflect/ReflectionFactory$1
Event: 4.470 loading class sun/reflect/ReflectionFactory$1 done
Event: 4.520 loading class java/util/concurrent/atomic/AtomicIntegerArray
Event: 4.520 loading class java/util/concurrent/atomic/AtomicIntegerArray done
Event: 4.521 loading class java/util/Currency
Event: 4.521 loading class java/util/Currency done
Event: 4.528 loading class java/util/concurrent/atomic/AtomicLongArray
Event: 4.528 loading class java/util/concurrent/atomic/AtomicLongArray done


Dynamic libraries:
0x00007ff605f90000 - 0x00007ff605f9a000 	C:\Program Files\Android\Android Studio\jbr\bin\java.exe
0x00007ffe36670000 - 0x00007ffe36868000 	C:\Windows\SYSTEM32\ntdll.dll
0x00007ffe348b0000 - 0x00007ffe3496f000 	C:\Windows\System32\KERNEL32.DLL
0x00007ffe33a50000 - 0x00007ffe33d22000 	C:\Windows\System32\KERNELBASE.dll
0x00007ffe33dd0000 - 0x00007ffe33ed0000 	C:\Windows\System32\ucrtbase.dll
0x00007ffe28c20000 - 0x00007ffe28c37000 	C:\Program Files\Android\Android Studio\jbr\bin\jli.dll
0x00007ffe16770000 - 0x00007ffe1678b000 	C:\Program Files\Android\Android Studio\jbr\bin\VCRUNTIME140.dll
0x00007ffe35670000 - 0x00007ffe3580d000 	C:\Windows\System32\USER32.dll
0x00007ffe34290000 - 0x00007ffe342b2000 	C:\Windows\System32\win32u.dll
0x00007ffe34f40000 - 0x00007ffe34f6b000 	C:\Windows\System32\GDI32.dll
0x00007ffe343d0000 - 0x00007ffe344df000 	C:\Windows\System32\gdi32full.dll
0x00007ffe19340000 - 0x00007ffe195da000 	C:\Windows\WinSxS\amd64_microsoft.windows.common-controls_6595b64144ccf1df_6.0.19041.1110_none_60b5254171f9507e\COMCTL32.dll
0x00007ffe33d30000 - 0x00007ffe33dcd000 	C:\Windows\System32\msvcp_win.dll
0x00007ffe35d20000 - 0x00007ffe35dbe000 	C:\Windows\System32\msvcrt.dll
0x00007ffe35bd0000 - 0x00007ffe35c02000 	C:\Windows\System32\IMM32.DLL
0x00007ffe1fbc0000 - 0x00007ffe1fbcc000 	C:\Program Files\Android\Android Studio\jbr\bin\vcruntime140_1.dll
0x00007ffde6260000 - 0x00007ffde62ed000 	C:\Program Files\Android\Android Studio\jbr\bin\msvcp140.dll
0x00007ffdde720000 - 0x00007ffddf38e000 	C:\Program Files\Android\Android Studio\jbr\bin\server\jvm.dll
0x00007ffe34ce0000 - 0x00007ffe34d8e000 	C:\Windows\System32\ADVAPI32.dll
0x00007ffe345a0000 - 0x00007ffe3463c000 	C:\Windows\System32\sechost.dll
0x00007ffe34a40000 - 0x00007ffe34b65000 	C:\Windows\System32\RPCRT4.dll
0x00007ffe23e20000 - 0x00007ffe23e47000 	C:\Windows\SYSTEM32\WINMM.dll
0x00007ffe163a0000 - 0x00007ffe163a9000 	C:\Windows\SYSTEM32\WSOCK32.dll
0x00007ffe27190000 - 0x00007ffe2719a000 	C:\Windows\SYSTEM32\VERSION.dll
0x00007ffe35590000 - 0x00007ffe355fb000 	C:\Windows\System32\WS2_32.dll
0x00007ffe344e0000 - 0x00007ffe344f2000 	C:\Windows\System32\kernel.appcore.dll
0x00007ffe2b310000 - 0x00007ffe2b31a000 	C:\Program Files\Android\Android Studio\jbr\bin\jimage.dll
0x00007ffe31ef0000 - 0x00007ffe320d4000 	C:\Windows\SYSTEM32\DBGHELP.DLL
0x00007ffe205a0000 - 0x00007ffe205cc000 	C:\Windows\SYSTEM32\dbgcore.DLL
0x00007ffe34340000 - 0x00007ffe343c2000 	C:\Windows\System32\bcryptPrimitives.dll
0x00007ffe293c0000 - 0x00007ffe293e5000 	C:\Program Files\Android\Android Studio\jbr\bin\java.dll
0x00007ffe2a010000 - 0x00007ffe2a028000 	C:\Program Files\Android\Android Studio\jbr\bin\zip.dll
0x00007ffe35dc0000 - 0x00007ffe36503000 	C:\Windows\System32\SHELL32.dll
0x00007ffe2d180000 - 0x00007ffe2d912000 	C:\Windows\SYSTEM32\windows.storage.dll
0x00007ffe35870000 - 0x00007ffe35bc4000 	C:\Windows\System32\combase.dll
0x00007ffe33460000 - 0x00007ffe33490000 	C:\Windows\SYSTEM32\Wldp.dll
0x00007ffe35c10000 - 0x00007ffe35cbd000 	C:\Windows\System32\SHCORE.dll
0x00007ffe34850000 - 0x00007ffe348a5000 	C:\Windows\System32\shlwapi.dll
0x00007ffe33940000 - 0x00007ffe3395f000 	C:\Windows\SYSTEM32\profapi.dll
0x00007ffe28d30000 - 0x00007ffe28d49000 	C:\Program Files\Android\Android Studio\jbr\bin\net.dll
0x00007ffe29f00000 - 0x00007ffe2a00c000 	C:\Windows\SYSTEM32\WINHTTP.dll
0x00007ffe331c0000 - 0x00007ffe3322a000 	C:\Windows\system32\mswsock.dll
0x00007ffe28ce0000 - 0x00007ffe28cf6000 	C:\Program Files\Android\Android Studio\jbr\bin\nio.dll
0x00007ffe29440000 - 0x00007ffe29450000 	C:\Program Files\Android\Android Studio\jbr\bin\verify.dll
0x00007ffdf7510000 - 0x00007ffdf7537000 	F:\MyApplication2\.gradle\native\68d5fa5c4cc2d200863cafc0d521ce42e7d3e7ee720ec0a83991735586a16f82\windows-amd64\native-platform.dll
0x00007ffde5990000 - 0x00007ffde5ad4000 	F:\MyApplication2\.gradle\native\e376f236ea51e6404a007f0833ffe2c6e607c4080706a723a18a27aeea778392\windows-amd64\native-platform-file-events.dll
0x00007ffe28c60000 - 0x00007ffe28c69000 	C:\Program Files\Android\Android Studio\jbr\bin\management.dll
0x00007ffe28c50000 - 0x00007ffe28c5b000 	C:\Program Files\Android\Android Studio\jbr\bin\management_ext.dll
0x00007ffe35600000 - 0x00007ffe35608000 	C:\Windows\System32\PSAPI.DLL
0x00007ffe333b0000 - 0x00007ffe333c8000 	C:\Windows\SYSTEM32\CRYPTSP.dll
0x00007ffe32ac0000 - 0x00007ffe32af4000 	C:\Windows\system32\rsaenh.dll
0x00007ffe34310000 - 0x00007ffe34337000 	C:\Windows\System32\bcrypt.dll
0x00007ffe33900000 - 0x00007ffe3392e000 	C:\Windows\SYSTEM32\USERENV.dll
0x00007ffe333d0000 - 0x00007ffe333dc000 	C:\Windows\SYSTEM32\CRYPTBASE.dll
0x00007ffe32eb0000 - 0x00007ffe32eeb000 	C:\Windows\SYSTEM32\IPHLPAPI.DLL
0x00007ffe35110000 - 0x00007ffe35118000 	C:\Windows\System32\NSI.dll
0x00007ffe27660000 - 0x00007ffe27677000 	C:\Windows\SYSTEM32\dhcpcsvc6.DLL
0x00007ffe271a0000 - 0x00007ffe271bd000 	C:\Windows\SYSTEM32\dhcpcsvc.DLL
0x00007ffe32f00000 - 0x00007ffe32fca000 	C:\Windows\SYSTEM32\DNSAPI.dll
0x00007ffdae180000 - 0x00007ffdae187000 	C:\Windows\system32\wshunix.dll

dbghelp: loaded successfully - version: 4.0.5 - missing functions: none
symbol engine: initialized successfully - sym options: 0x614 - pdb path: .;C:\Program Files\Android\Android Studio\jbr\bin;C:\Windows\SYSTEM32;C:\Windows\WinSxS\amd64_microsoft.windows.common-controls_6595b64144ccf1df_6.0.19041.1110_none_60b5254171f9507e;C:\Program Files\Android\Android Studio\jbr\bin\server;F:\MyApplication2\.gradle\native\68d5fa5c4cc2d200863cafc0d521ce42e7d3e7ee720ec0a83991735586a16f82\windows-amd64;F:\MyApplication2\.gradle\native\e376f236ea51e6404a007f0833ffe2c6e607c4080706a723a18a27aeea778392\windows-amd64

VM Arguments:
jvm_args: --add-opens=java.base/java.util=ALL-UNNAMED --add-opens=java.base/java.lang=ALL-UNNAMED --add-opens=java.base/java.lang.invoke=ALL-UNNAMED --add-opens=java.prefs/java.util.prefs=ALL-UNNAMED --add-opens=java.base/java.nio.charset=ALL-UNNAMED --add-opens=java.base/java.net=ALL-UNNAMED --add-opens=java.base/java.util.concurrent.atomic=ALL-UNNAMED -Xmx2048m -Dfile.encoding=UTF-8 -Duser.country=CN -Duser.language=zh -Duser.variant 
java_command: org.gradle.launcher.daemon.bootstrap.GradleDaemon 8.0
java_class_path (initial): F:\MyApplication2\.gradle\wrapper\dists\gradle-8.0-bin\ca5e32bp14vu59qr306oxotwh\gradle-8.0\lib\gradle-launcher-8.0.jar
Launcher Type: SUN_STANDARD

[Global flags]
     intx CICompilerCount                          = 4                                         {product} {ergonomic}
     uint ConcGCThreads                            = 2                                         {product} {ergonomic}
     uint G1ConcRefinementThreads                  = 8                                         {product} {ergonomic}
   size_t G1HeapRegionSize                         = 1048576                                   {product} {ergonomic}
    uintx GCDrainStackTargetSize                   = 64                                        {product} {ergonomic}
   size_t InitialHeapSize                          = 264241152                                 {product} {ergonomic}
   size_t MarkStackSize                            = 4194304                                   {product} {ergonomic}
   size_t MaxHeapSize                              = 2147483648                                {product} {command line}
   size_t MaxNewSize                               = 1287651328                                {product} {ergonomic}
   size_t MinHeapDeltaBytes                        = 1048576                                   {product} {ergonomic}
   size_t MinHeapSize                              = 8388608                                   {product} {ergonomic}
    uintx NonNMethodCodeHeapSize                   = 5839372                                {pd product} {ergonomic}
    uintx NonProfiledCodeHeapSize                  = 122909434                              {pd product} {ergonomic}
    uintx ProfiledCodeHeapSize                     = 122909434                              {pd product} {ergonomic}
    uintx ReservedCodeCacheSize                    = 251658240                              {pd product} {ergonomic}
     bool SegmentedCodeCache                       = true                                      {product} {ergonomic}
   size_t SoftMaxHeapSize                          = 2147483648                             {manageable} {ergonomic}
     bool UseCompressedClassPointers               = true                           {product lp64_product} {ergonomic}
     bool UseCompressedOops                        = true                           {product lp64_product} {ergonomic}
     bool UseG1GC                                  = true                                      {product} {ergonomic}
     bool UseLargePagesIndividualAllocation        = false                                  {pd product} {ergonomic}

Logging:
Log output configuration:
 #0: stdout all=warning uptime,level,tags
 #1: stderr all=off uptime,level,tags

Environment Variables:
JAVA_HOME=C:\Program Files\Java\jdk-17.0.1
CLASSPATH=C:\Program Files\Java\jdk-17.0.1\lib\dt.jar;C:\Program Files\Java\jdk-17.0.1\lib\tools.jar;
PATH=C:\Program Files\Java\jdk-17.0.1\bin;C:\Program Files\Java\jdk-17.0.1\jre\bin;;C:\Program Files\Common Files\Oracle\Java\javapath;D:\\Scripts\;D:\\;C:\Program Files\Microsoft MPI\Bin\;C:\Program Files (x86)\NVIDIA Corporation\PhysX\Common;C:\Windows\system32;C:\Windows;C:\Windows\System32\Wbem;C:\Windows\System32\WindowsPowerShell\v1.0\;C:\Windows\System32\OpenSSH\;C:\Program Files\NVIDIA Corporation\NVIDIA NvDLISR;C:\Program Files\dotnet\;D:\bin;C:\Strawberry\c\bin;C:\Strawberry\perl\site\bin;C:\Strawberry\perl\bin;D:\\Microsoft VS Code\;C:\Program Files\MySQL\MySQL Server 8.0\bin;D:\\160\Tools\Binn\;C:\Program Files\Microsoft SQL Server\160\Tools\Binn\;C:\Program Files\Microsoft SQL Server\Client SDK\ODBC\170\Tools\Binn\;C:\Program Files\Microsoft SQL Server\160\DTS\Binn\;D:\\160\DTS\Binn\;C:\Program Files\Azure Data Studio\bin;C:\Users\25599\matlab2016\runtime\win64;C:\Users\25599\matlab2016\bin;C:\Users\25599\matlab2016\polyspace\bin;C:\Program Files\MySQL\MySQL Shell 8.0\bin\;C:\Users\25599\AppData\Local\Microsoft\WindowsApps;%IntelliJ IDEA Community Edition%;D:\\Microsoft VS Code\bin;C:\Users\25599\AppData\Roaming\npm;%IntelliJ IDEA%;C:\Program Files\Azure Data Studio\bin;C:\ProgramData\25599\GitHubDesktop\bin;C:\intelFPGA\18.1\modelsim_ase\win32aloem;D:\inmodlesim\win64
USERNAME=25599
OS=Windows_NT
PROCESSOR_IDENTIFIER=Intel64 Family 6 Model 140 Stepping 1, GenuineIntel
TMP=C:\Users\25599\AppData\Local\Temp
TEMP=C:\Users\25599\AppData\Local\Temp


JNI global refs:
JNI global refs: 26, weak refs: 0

JNI global refs memory usage: 843, weak refs: 841


---------------  S Y S T E M  ---------------

OS:
 Windows 10 , 64 bit Build 19041 (10.0.19041.2251)
OS uptime: 0 days 1:48 hours
Hyper-V role detected

CPU: total 8 (initial active 8) (4 cores per cpu, 2 threads per core) family 6 model 140 stepping 1 microcode 0xac, cx8, cmov, fxsr, ht, mmx, 3dnowpref, sse, sse2, sse3, ssse3, sse4.1, sse4.2, popcnt, lzcnt, tsc, tscinvbit, avx, avx2, aes, erms, clmul, bmi1, bmi2, adx, avx512f, avx512dq, avx512cd, avx512bw, avx512vl, sha, fma, vzeroupper, avx512_vpopcntdq, avx512_vpclmulqdq, avx512_vaes, avx512_vnni, clflush, clflushopt, clwb, avx512_vbmi2, avx512_vbmi, hv

Memory: 4k page, system-wide physical 16106M (3286M free)
TotalPageFile size 16106M (AvailPageFile size 19M)
current process WorkingSet (physical memory assigned to process): 354M, peak: 354M
current process commit charge ("private bytes"): 391M, peak: 420M

vm_info: OpenJDK 64-Bit Server VM (17.0.6+0-b2043.56-10027231) for windows-amd64 JRE (17.0.6+0-b2043.56-10027231), built on Apr 28 2023 00:43:19 by "androidbuild" with MS VC++ 16.10 / 16.11 (VS2019)

END.
