#
# There is insufficient memory for the Java Runtime Environment to continue.
# Native memory allocation (mmap) failed to map 74448896 bytes for G1 virtual space
# Possible reasons:
#   The system is out of physical RAM or swap space
#   The process is running with CompressedOops enabled, and the Java Heap may be blocking the growth of the native heap
# Possible solutions:
#   Reduce memory load on the system
#   Increase physical memory or swap space
#   Check if swap backing store is full
#   Decrease Java heap size (-Xmx/-Xms)
#   Decrease number of Java threads
#   Decrease Java thread stack sizes (-Xss)
#   Set larger code cache with -XX:ReservedCodeCacheSize=
#   JVM is running with Unscaled Compressed Oops mode in which the Java heap is
#     placed in the first 4GB address space. The Java Heap base address is the
#     maximum limit for the native heap growth. Please use -XX:HeapBaseMinAddress
#     to set the Java Heap base and to place the Java Heap above 4GB virtual address.
# This output file may be truncated or incomplete.
#
#  Out of Memory Error (os_windows.cpp:3769), pid=17132, tid=22968
#
# JRE version: OpenJDK Runtime Environment (17.0.6) (build 17.0.6+0-b2043.56-10027231)
# Java VM: OpenJDK 64-Bit Server VM (17.0.6+0-b2043.56-10027231, mixed mode, tiered, compressed oops, compressed class ptrs, g1 gc, windows-amd64)
# No core dump will be written. Minidumps are not enabled by default on client versions of Windows
#

---------------  S U M M A R Y ------------

Command Line: --add-opens=java.base/java.util=ALL-UNNAMED --add-opens=java.base/java.lang=ALL-UNNAMED --add-opens=java.base/java.lang.invoke=ALL-UNNAMED --add-opens=java.prefs/java.util.prefs=ALL-UNNAMED --add-opens=java.base/java.nio.charset=ALL-UNNAMED --add-opens=java.base/java.net=ALL-UNNAMED --add-opens=java.base/java.util.concurrent.atomic=ALL-UNNAMED -Xmx2048m -Dfile.encoding=UTF-8 -Duser.country=CN -Duser.language=zh -Duser.variant org.gradle.launcher.daemon.bootstrap.GradleDaemon 8.0

Host: 11th Gen Intel(R) Core(TM) i7-1165G7 @ 2.80GHz, 8 cores, 15G,  Windows 10 , 64 bit Build 19041 (10.0.19041.2251)
Time: Tue Jan 16 16:04:40 2024  Windows 10 , 64 bit Build 19041 (10.0.19041.2251) elapsed time: 5.059769 seconds (0d 0h 0m 5s)

---------------  T H R E A D  ---------------

Current thread (0x000001e8bb828360):  VMThread "VM Thread" [stack: 0x0000009972000000,0x0000009972100000] [id=22968]

Stack: [0x0000009972000000,0x0000009972100000]
Native frames: (J=compiled Java code, j=interpreted, Vv=VM code, C=native code)
V  [jvm.dll+0x683c9a]
V  [jvm.dll+0x8427a4]
V  [jvm.dll+0x843f9e]
V  [jvm.dll+0x844603]
V  [jvm.dll+0x249b75]
V  [jvm.dll+0x680b69]
V  [jvm.dll+0x67505a]
V  [jvm.dll+0x309acb]
V  [jvm.dll+0x310f86]
V  [jvm.dll+0x3608ee]
V  [jvm.dll+0x360b1f]
V  [jvm.dll+0x2dfbf8]
V  [jvm.dll+0x2ddec4]
V  [jvm.dll+0x2dd4cc]
V  [jvm.dll+0x321f3b]
V  [jvm.dll+0x848ccb]
V  [jvm.dll+0x849a04]
V  [jvm.dll+0x849f1d]
V  [jvm.dll+0x84a2f4]
V  [jvm.dll+0x84a3c0]
V  [jvm.dll+0x7f274a]
V  [jvm.dll+0x682ad5]
C  [ucrtbase.dll+0x21bb2]
C  [KERNEL32.DLL+0x174b4]
C  [ntdll.dll+0x526a1]

VM_Operation (0x00000099739f4780): G1CollectForAllocation, mode: safepoint, requested by thread 0x000001e8be98e3a0


---------------  P R O C E S S  ---------------

Threads class SMR info:
_java_thread_list=0x000001e8c1a4db80, length=126, elements={
0x000001e8a0ef6060, 0x000001e8bb82f370, 0x000001e8bb82fe30, 0x000001e8bb876880,
0x000001e8bb877140, 0x000001e8bb877a00, 0x000001e8bb8782c0, 0x000001e8bb89ac20,
0x000001e8bb89b5d0, 0x000001e8bb89bed0, 0x000001e8bba23750, 0x000001e8bba25c30,
0x000001e8bbadc320, 0x000001e8be160df0, 0x000001e8be013410, 0x000001e8be0fa890,
0x000001e8bd077880, 0x000001e8be139d50, 0x000001e8be98ded0, 0x000001e8be98e3a0,
0x000001e8be97d250, 0x000001e8bd02b710, 0x000001e8bd02dd90, 0x000001e8bd02a8a0,
0x000001e8bd02a3d0, 0x000001e8bd02b240, 0x000001e8be6d4680, 0x000001e8bd02ad70,
0x000001e8bd02d8c0, 0x000001e8bd02c0b0, 0x000001e8bd02bbe0, 0x000001e8bd02c580,
0x000001e8bd02ca50, 0x000001e8bd02cf20, 0x000001e8bd02d3f0, 0x000001e8be911570,
0x000001e8be90d210, 0x000001e8be90f890, 0x000001e8be90bed0, 0x000001e8be9123e0,
0x000001e8be90ea20, 0x000001e8be90c870, 0x000001e8be910230, 0x000001e8be90cd40,
0x000001e8be90d6e0, 0x000001e8be9110a0, 0x000001e8be90f3c0, 0x000001e8be90c3a0,
0x000001e8be90fd60, 0x000001e8be910700, 0x000001e8be90dbb0, 0x000001e8be90e080,
0x000001e8be911f10, 0x000001e8be90b530, 0x000001e8be90ba00, 0x000001e8bfe43700,
0x000001e8bfe440a0, 0x000001e8bfe458b0, 0x000001e8bfe42890, 0x000001e8bfe44a40,
0x000001e8bfe41080, 0x000001e8bfe3f3a0, 0x000001e8bfe3e060, 0x000001e8bfe43bd0,
0x000001e8bfe44570, 0x000001e8bfe41550, 0x000001e8bfe41a20, 0x000001e8bfe41ef0,
0x000001e8bfe3f870, 0x000001e8bfe423c0, 0x000001e8bfe42d60, 0x000001e8bfe43230,
0x000001e8bfe3fd40, 0x000001e8bfe40210, 0x000001e8bfe406e0, 0x000001e8bfe44f10,
0x000001e8bfe40bb0, 0x000001e8bfe453e0, 0x000001e8bfe3e530, 0x000001e8bfe3ea00,
0x000001e8bfe3eed0, 0x000001e8c16d0b60, 0x000001e8c16d2370, 0x000001e8c16cf820,
0x000001e8c16d19d0, 0x000001e8c16ce9b0, 0x000001e8c16d1030, 0x000001e8c16cd670,
0x000001e8c16d1500, 0x000001e8c16ce4e0, 0x000001e8c16cdb40, 0x000001e8c16d0690,
0x000001e8c16cf350, 0x000001e8c16d1ea0, 0x000001e8c16cee80, 0x000001e8c16d2840,
0x000001e8c16caff0, 0x000001e8c16cb4c0, 0x000001e8c16cfcf0, 0x000001e8c16cb990,
0x000001e8c16cbe60, 0x000001e8c16d01c0, 0x000001e8c16cc330, 0x000001e8c16cc800,
0x000001e8c16cccd0, 0x000001e8c16cd1a0, 0x000001e8c16ce010, 0x000001e8c242a6e0,
0x000001e8c242abb0, 0x000001e8c242dbd0, 0x000001e8c242d700, 0x000001e8c2428530,
0x000001e8c2428060, 0x000001e8c2428a00, 0x000001e8c242cd60, 0x000001e8c242e0a0,
0x000001e8c242e570, 0x000001e8c242ea40, 0x000001e8c242ef10, 0x000001e8c242f8b0,
0x000001e8c242a210, 0x000001e8c242f3e0, 0x000001e8c2428ed0, 0x000001e8c242b080,
0x000001e8c24293a0, 0x000001e8c242c3c0
}

Java Threads: ( => current thread )
  0x000001e8a0ef6060 JavaThread "main" [_thread_blocked, id=3740, stack(0x0000009971a00000,0x0000009971b00000)]
  0x000001e8bb82f370 JavaThread "Reference Handler" daemon [_thread_blocked, id=10608, stack(0x0000009972100000,0x0000009972200000)]
  0x000001e8bb82fe30 JavaThread "Finalizer" daemon [_thread_blocked, id=3676, stack(0x0000009972200000,0x0000009972300000)]
  0x000001e8bb876880 JavaThread "Signal Dispatcher" daemon [_thread_blocked, id=21112, stack(0x0000009972300000,0x0000009972400000)]
  0x000001e8bb877140 JavaThread "Attach Listener" daemon [_thread_blocked, id=23512, stack(0x0000009972400000,0x0000009972500000)]
  0x000001e8bb877a00 JavaThread "Service Thread" daemon [_thread_blocked, id=20980, stack(0x0000009972500000,0x0000009972600000)]
  0x000001e8bb8782c0 JavaThread "Monitor Deflation Thread" daemon [_thread_blocked, id=8784, stack(0x0000009972600000,0x0000009972700000)]
  0x000001e8bb89ac20 JavaThread "C2 CompilerThread0" daemon [_thread_blocked, id=2416, stack(0x0000009972700000,0x0000009972800000)]
  0x000001e8bb89b5d0 JavaThread "C1 CompilerThread0" daemon [_thread_blocked, id=18532, stack(0x0000009972800000,0x0000009972900000)]
  0x000001e8bb89bed0 JavaThread "Sweeper thread" daemon [_thread_blocked, id=12700, stack(0x0000009972900000,0x0000009972a00000)]
  0x000001e8bba23750 JavaThread "Common-Cleaner" daemon [_thread_blocked, id=19896, stack(0x0000009972a00000,0x0000009972b00000)]
  0x000001e8bba25c30 JavaThread "Notification Thread" daemon [_thread_blocked, id=6992, stack(0x0000009972b00000,0x0000009972c00000)]
  0x000001e8bbadc320 JavaThread "C2 CompilerThread1" daemon [_thread_blocked, id=23440, stack(0x0000009972d00000,0x0000009972e00000)]
  0x000001e8be160df0 JavaThread "Daemon health stats" [_thread_blocked, id=23776, stack(0x0000009973400000,0x0000009973500000)]
  0x000001e8be013410 JavaThread "Incoming local TCP Connector on port 49864" [_thread_in_native, id=14700, stack(0x0000009973300000,0x0000009973400000)]
  0x000001e8be0fa890 JavaThread "Daemon periodic checks" [_thread_blocked, id=5788, stack(0x0000009973500000,0x0000009973600000)]
  0x000001e8bd077880 JavaThread "Daemon" [_thread_blocked, id=13480, stack(0x0000009973600000,0x0000009973700000)]
  0x000001e8be139d50 JavaThread "Handler for socket connection from /127.0.0.1:49864 to /127.0.0.1:49865" [_thread_in_native, id=22628, stack(0x0000009973700000,0x0000009973800000)]
  0x000001e8be98ded0 JavaThread "Cancel handler" [_thread_blocked, id=1680, stack(0x0000009973800000,0x0000009973900000)]
  0x000001e8be98e3a0 JavaThread "Daemon worker" [_thread_blocked, id=18840, stack(0x0000009973900000,0x0000009973a00000)]
  0x000001e8be97d250 JavaThread "Asynchronous log dispatcher for DefaultDaemonConnection: socket connection from /127.0.0.1:49864 to /127.0.0.1:49865" [_thread_blocked, id=22568, stack(0x0000009973a00000,0x0000009973b00000)]
  0x000001e8bd02b710 JavaThread "Stdin handler" [_thread_blocked, id=22920, stack(0x0000009973b00000,0x0000009973c00000)]
  0x000001e8bd02dd90 JavaThread "Daemon client event forwarder" [_thread_blocked, id=14564, stack(0x0000009973c00000,0x0000009973d00000)]
  0x000001e8bd02a8a0 JavaThread "Cache worker for journal cache (F:\MyApplication2\.gradle\caches\journal-1)" [_thread_blocked, id=13676, stack(0x0000009974000000,0x0000009974100000)]
  0x000001e8bd02a3d0 JavaThread "File lock request listener" [_thread_in_native, id=21244, stack(0x0000009974100000,0x0000009974200000)]
  0x000001e8bd02b240 JavaThread "Cache worker for file hash cache (F:\MyApplication2\.gradle\caches\8.0\fileHashes)" [_thread_blocked, id=19944, stack(0x0000009974200000,0x0000009974300000)]
  0x000001e8be6d4680 JavaThread "C2 CompilerThread2" daemon [_thread_blocked, id=18684, stack(0x0000009974300000,0x0000009974400000)]
  0x000001e8bd02ad70 JavaThread "File watcher server" daemon [_thread_in_native, id=5496, stack(0x0000009974400000,0x0000009974500000)]
  0x000001e8bd02d8c0 JavaThread "File watcher consumer" daemon [_thread_blocked, id=13852, stack(0x0000009974500000,0x0000009974600000)]
  0x000001e8bd02c0b0 JavaThread "jar transforms" [_thread_blocked, id=16836, stack(0x0000009974600000,0x0000009974700000)]
  0x000001e8bd02bbe0 JavaThread "jar transforms Thread 2" [_thread_blocked, id=24032, stack(0x0000009974700000,0x0000009974800000)]
  0x000001e8bd02c580 JavaThread "jar transforms Thread 3" [_thread_blocked, id=11476, stack(0x0000009974800000,0x0000009974900000)]
  0x000001e8bd02ca50 JavaThread "jar transforms Thread 4" [_thread_blocked, id=13952, stack(0x0000009974900000,0x0000009974a00000)]
  0x000001e8bd02cf20 JavaThread "jar transforms Thread 5" [_thread_blocked, id=24200, stack(0x0000009974a00000,0x0000009974b00000)]
  0x000001e8bd02d3f0 JavaThread "jar transforms Thread 6" [_thread_blocked, id=22768, stack(0x0000009974b00000,0x0000009974c00000)]
  0x000001e8be911570 JavaThread "jar transforms Thread 7" [_thread_blocked, id=4360, stack(0x0000009974c00000,0x0000009974d00000)]
  0x000001e8be90d210 JavaThread "jar transforms Thread 8" [_thread_blocked, id=21364, stack(0x0000009974d00000,0x0000009974e00000)]
  0x000001e8be90f890 JavaThread "Cache worker for checksums cache (F:\myapp\.gradle\8.0\checksums)" [_thread_blocked, id=13624, stack(0x0000009974e00000,0x0000009974f00000)]
  0x000001e8be90bed0 JavaThread "Cache worker for cache directory md-rule (F:\MyApplication2\.gradle\caches\8.0\md-rule)" [_thread_blocked, id=13140, stack(0x0000009974f00000,0x0000009975000000)]
  0x000001e8be9123e0 JavaThread "Cache worker for file content cache (F:\MyApplication2\.gradle\caches\8.0\fileContent)" [_thread_blocked, id=9596, stack(0x0000009975000000,0x0000009975100000)]
  0x000001e8be90ea20 JavaThread "Cache worker for file hash cache (F:\myapp\.gradle\8.0\fileHashes)" [_thread_blocked, id=23916, stack(0x0000009975100000,0x0000009975200000)]
  0x000001e8be90c870 JavaThread "Cache worker for cache directory md-supplier (F:\MyApplication2\.gradle\caches\8.0\md-supplier)" [_thread_blocked, id=7140, stack(0x0000009975200000,0x0000009975300000)]
  0x000001e8be910230 JavaThread "Cache worker for execution history cache (F:\MyApplication2\.gradle\caches\8.0\executionHistory)" [_thread_blocked, id=9884, stack(0x0000009975300000,0x0000009975400000)]
  0x000001e8be90cd40 JavaThread "Cache worker for kotlin-dsl (F:\MyApplication2\.gradle\caches\8.0\kotlin-dsl)" [_thread_blocked, id=1728, stack(0x0000009975400000,0x0000009975500000)]
  0x000001e8be90d6e0 JavaThread "Cache worker for dependencies-accessors (F:\myapp\.gradle\8.0\dependencies-accessors)" [_thread_blocked, id=22852, stack(0x0000009975500000,0x0000009975600000)]
  0x000001e8be9110a0 JavaThread "Cache worker for Build Output Cleanup Cache (F:\myapp\.gradle\buildOutputCleanup)" [_thread_blocked, id=12444, stack(0x0000009975600000,0x0000009975700000)]
  0x000001e8be90f3c0 JavaThread "Unconstrained build operations" [_thread_blocked, id=24172, stack(0x0000009975700000,0x0000009975800000)]
  0x000001e8be90c3a0 JavaThread "Unconstrained build operations Thread 2" [_thread_blocked, id=24408, stack(0x0000009975800000,0x0000009975900000)]
  0x000001e8be90fd60 JavaThread "Unconstrained build operations Thread 3" [_thread_blocked, id=17492, stack(0x0000009975900000,0x0000009975a00000)]
  0x000001e8be910700 JavaThread "Unconstrained build operations Thread 4" [_thread_blocked, id=17912, stack(0x0000009975a00000,0x0000009975b00000)]
  0x000001e8be90dbb0 JavaThread "Unconstrained build operations Thread 5" [_thread_blocked, id=14176, stack(0x0000009975b00000,0x0000009975c00000)]
  0x000001e8be90e080 JavaThread "Unconstrained build operations Thread 6" [_thread_blocked, id=11740, stack(0x0000009975c00000,0x0000009975d00000)]
  0x000001e8be911f10 JavaThread "Unconstrained build operations Thread 7" [_thread_blocked, id=956, stack(0x0000009975d00000,0x0000009975e00000)]
  0x000001e8be90b530 JavaThread "Unconstrained build operations Thread 8" [_thread_blocked, id=6216, stack(0x0000009975e00000,0x0000009975f00000)]
  0x000001e8be90ba00 JavaThread "Unconstrained build operations Thread 9" [_thread_blocked, id=7332, stack(0x0000009975f00000,0x0000009976000000)]
  0x000001e8bfe43700 JavaThread "Unconstrained build operations Thread 10" [_thread_blocked, id=8764, stack(0x0000009976000000,0x0000009976100000)]
  0x000001e8bfe440a0 JavaThread "Unconstrained build operations Thread 11" [_thread_blocked, id=15648, stack(0x0000009976100000,0x0000009976200000)]
  0x000001e8bfe458b0 JavaThread "Unconstrained build operations Thread 12" [_thread_blocked, id=18996, stack(0x0000009976200000,0x0000009976300000)]
  0x000001e8bfe42890 JavaThread "Unconstrained build operations Thread 13" [_thread_blocked, id=20452, stack(0x0000009976300000,0x0000009976400000)]
  0x000001e8bfe44a40 JavaThread "Unconstrained build operations Thread 14" [_thread_blocked, id=23652, stack(0x0000009976400000,0x0000009976500000)]
  0x000001e8bfe41080 JavaThread "Unconstrained build operations Thread 15" [_thread_blocked, id=23320, stack(0x0000009976500000,0x0000009976600000)]
  0x000001e8bfe3f3a0 JavaThread "Unconstrained build operations Thread 16" [_thread_blocked, id=11660, stack(0x0000009976600000,0x0000009976700000)]
  0x000001e8bfe3e060 JavaThread "Unconstrained build operations Thread 17" [_thread_blocked, id=14228, stack(0x0000009976700000,0x0000009976800000)]
  0x000001e8bfe43bd0 JavaThread "Unconstrained build operations Thread 18" [_thread_blocked, id=21936, stack(0x0000009976800000,0x0000009976900000)]
  0x000001e8bfe44570 JavaThread "Unconstrained build operations Thread 19" [_thread_blocked, id=20044, stack(0x0000009976900000,0x0000009976a00000)]
  0x000001e8bfe41550 JavaThread "Unconstrained build operations Thread 20" [_thread_blocked, id=13476, stack(0x0000009976a00000,0x0000009976b00000)]
  0x000001e8bfe41a20 JavaThread "Unconstrained build operations Thread 21" [_thread_blocked, id=10236, stack(0x0000009976b00000,0x0000009976c00000)]
  0x000001e8bfe41ef0 JavaThread "Unconstrained build operations Thread 22" [_thread_blocked, id=10784, stack(0x0000009976c00000,0x0000009976d00000)]
  0x000001e8bfe3f870 JavaThread "Unconstrained build operations Thread 23" [_thread_blocked, id=16512, stack(0x0000009976d00000,0x0000009976e00000)]
  0x000001e8bfe423c0 JavaThread "Unconstrained build operations Thread 24" [_thread_blocked, id=18168, stack(0x0000009976e00000,0x0000009976f00000)]
  0x000001e8bfe42d60 JavaThread "Unconstrained build operations Thread 25" [_thread_blocked, id=16392, stack(0x0000009976f00000,0x0000009977000000)]
  0x000001e8bfe43230 JavaThread "Unconstrained build operations Thread 26" [_thread_blocked, id=15700, stack(0x0000009977000000,0x0000009977100000)]
  0x000001e8bfe3fd40 JavaThread "Unconstrained build operations Thread 27" [_thread_blocked, id=21744, stack(0x0000009977100000,0x0000009977200000)]
  0x000001e8bfe40210 JavaThread "Unconstrained build operations Thread 28" [_thread_blocked, id=4484, stack(0x0000009977200000,0x0000009977300000)]
  0x000001e8bfe406e0 JavaThread "Unconstrained build operations Thread 29" [_thread_blocked, id=22012, stack(0x0000009977300000,0x0000009977400000)]
  0x000001e8bfe44f10 JavaThread "Unconstrained build operations Thread 30" [_thread_blocked, id=15740, stack(0x0000009977400000,0x0000009977500000)]
  0x000001e8bfe40bb0 JavaThread "Unconstrained build operations Thread 31" [_thread_blocked, id=24224, stack(0x0000009977500000,0x0000009977600000)]
  0x000001e8bfe453e0 JavaThread "Unconstrained build operations Thread 32" [_thread_blocked, id=10348, stack(0x0000009977600000,0x0000009977700000)]
  0x000001e8bfe3e530 JavaThread "Unconstrained build operations Thread 33" [_thread_blocked, id=17600, stack(0x0000009977700000,0x0000009977800000)]
  0x000001e8bfe3ea00 JavaThread "Unconstrained build operations Thread 34" [_thread_blocked, id=17256, stack(0x0000009977800000,0x0000009977900000)]
  0x000001e8bfe3eed0 JavaThread "Unconstrained build operations Thread 35" [_thread_blocked, id=11828, stack(0x0000009977900000,0x0000009977a00000)]
  0x000001e8c16d0b60 JavaThread "Unconstrained build operations Thread 36" [_thread_blocked, id=23660, stack(0x0000009977a00000,0x0000009977b00000)]
  0x000001e8c16d2370 JavaThread "Unconstrained build operations Thread 37" [_thread_blocked, id=11464, stack(0x0000009977b00000,0x0000009977c00000)]
  0x000001e8c16cf820 JavaThread "Unconstrained build operations Thread 38" [_thread_blocked, id=13184, stack(0x0000009977c00000,0x0000009977d00000)]
  0x000001e8c16d19d0 JavaThread "Unconstrained build operations Thread 39" [_thread_blocked, id=14860, stack(0x0000009977d00000,0x0000009977e00000)]
  0x000001e8c16ce9b0 JavaThread "Unconstrained build operations Thread 40" [_thread_blocked, id=20072, stack(0x0000009977e00000,0x0000009977f00000)]
  0x000001e8c16d1030 JavaThread "Unconstrained build operations Thread 41" [_thread_blocked, id=24176, stack(0x0000009977f00000,0x0000009978000000)]
  0x000001e8c16cd670 JavaThread "Unconstrained build operations Thread 42" [_thread_blocked, id=12048, stack(0x0000009978000000,0x0000009978100000)]
  0x000001e8c16d1500 JavaThread "Unconstrained build operations Thread 43" [_thread_blocked, id=21296, stack(0x0000009978100000,0x0000009978200000)]
  0x000001e8c16ce4e0 JavaThread "Unconstrained build operations Thread 44" [_thread_blocked, id=22760, stack(0x0000009978200000,0x0000009978300000)]
  0x000001e8c16cdb40 JavaThread "Unconstrained build operations Thread 45" [_thread_blocked, id=5128, stack(0x0000009978300000,0x0000009978400000)]
  0x000001e8c16d0690 JavaThread "Unconstrained build operations Thread 46" [_thread_blocked, id=17200, stack(0x0000009978400000,0x0000009978500000)]
  0x000001e8c16cf350 JavaThread "Unconstrained build operations Thread 47" [_thread_blocked, id=7780, stack(0x0000009978500000,0x0000009978600000)]
  0x000001e8c16d1ea0 JavaThread "Unconstrained build operations Thread 48" [_thread_blocked, id=15992, stack(0x0000009978600000,0x0000009978700000)]
  0x000001e8c16cee80 JavaThread "Unconstrained build operations Thread 49" [_thread_blocked, id=4552, stack(0x0000009978700000,0x0000009978800000)]
  0x000001e8c16d2840 JavaThread "Unconstrained build operations Thread 50" [_thread_blocked, id=6728, stack(0x0000009978800000,0x0000009978900000)]
  0x000001e8c16caff0 JavaThread "Unconstrained build operations Thread 51" [_thread_blocked, id=10528, stack(0x0000009978900000,0x0000009978a00000)]
  0x000001e8c16cb4c0 JavaThread "Unconstrained build operations Thread 52" [_thread_blocked, id=11760, stack(0x0000009978a00000,0x0000009978b00000)]
  0x000001e8c16cfcf0 JavaThread "Unconstrained build operations Thread 53" [_thread_blocked, id=23292, stack(0x0000009978b00000,0x0000009978c00000)]
  0x000001e8c16cb990 JavaThread "Unconstrained build operations Thread 54" [_thread_blocked, id=11580, stack(0x0000009978c00000,0x0000009978d00000)]
  0x000001e8c16cbe60 JavaThread "Unconstrained build operations Thread 55" [_thread_blocked, id=10036, stack(0x0000009978d00000,0x0000009978e00000)]
  0x000001e8c16d01c0 JavaThread "Unconstrained build operations Thread 56" [_thread_blocked, id=6448, stack(0x0000009978e00000,0x0000009978f00000)]
  0x000001e8c16cc330 JavaThread "Unconstrained build operations Thread 57" [_thread_blocked, id=21516, stack(0x0000009978f00000,0x0000009979000000)]
  0x000001e8c16cc800 JavaThread "Unconstrained build operations Thread 58" [_thread_blocked, id=6548, stack(0x0000009979000000,0x0000009979100000)]
  0x000001e8c16cccd0 JavaThread "Unconstrained build operations Thread 59" [_thread_blocked, id=22152, stack(0x0000009979100000,0x0000009979200000)]
  0x000001e8c16cd1a0 JavaThread "Unconstrained build operations Thread 60" [_thread_blocked, id=23028, stack(0x0000009979200000,0x0000009979300000)]
  0x000001e8c16ce010 JavaThread "Unconstrained build operations Thread 61" [_thread_blocked, id=9972, stack(0x0000009979300000,0x0000009979400000)]
  0x000001e8c242a6e0 JavaThread "Unconstrained build operations Thread 62" [_thread_blocked, id=14320, stack(0x0000009979400000,0x0000009979500000)]
  0x000001e8c242abb0 JavaThread "Unconstrained build operations Thread 63" [_thread_blocked, id=23928, stack(0x0000009979500000,0x0000009979600000)]
  0x000001e8c242dbd0 JavaThread "Unconstrained build operations Thread 64" [_thread_blocked, id=15468, stack(0x0000009979600000,0x0000009979700000)]
  0x000001e8c242d700 JavaThread "Unconstrained build operations Thread 65" [_thread_blocked, id=17184, stack(0x0000009979700000,0x0000009979800000)]
  0x000001e8c2428530 JavaThread "Unconstrained build operations Thread 66" [_thread_blocked, id=24124, stack(0x0000009979800000,0x0000009979900000)]
  0x000001e8c2428060 JavaThread "Unconstrained build operations Thread 67" [_thread_blocked, id=19680, stack(0x0000009979900000,0x0000009979a00000)]
  0x000001e8c2428a00 JavaThread "Unconstrained build operations Thread 68" [_thread_blocked, id=15804, stack(0x0000009979a00000,0x0000009979b00000)]
  0x000001e8c242cd60 JavaThread "Unconstrained build operations Thread 69" [_thread_blocked, id=19996, stack(0x0000009979b00000,0x0000009979c00000)]
  0x000001e8c242e0a0 JavaThread "Unconstrained build operations Thread 70" [_thread_blocked, id=23852, stack(0x0000009979c00000,0x0000009979d00000)]
  0x000001e8c242e570 JavaThread "Unconstrained build operations Thread 71" [_thread_blocked, id=3364, stack(0x0000009979d00000,0x0000009979e00000)]
  0x000001e8c242ea40 JavaThread "Unconstrained build operations Thread 72" [_thread_blocked, id=9320, stack(0x0000009979e00000,0x0000009979f00000)]
  0x000001e8c242ef10 JavaThread "Unconstrained build operations Thread 73" [_thread_blocked, id=15396, stack(0x0000009979f00000,0x000000997a000000)]
  0x000001e8c242f8b0 JavaThread "Unconstrained build operations Thread 74" [_thread_blocked, id=23024, stack(0x000000997a000000,0x000000997a100000)]
  0x000001e8c242a210 JavaThread "Unconstrained build operations Thread 75" [_thread_blocked, id=2932, stack(0x000000997a100000,0x000000997a200000)]
  0x000001e8c242f3e0 JavaThread "Unconstrained build operations Thread 76" [_thread_blocked, id=21836, stack(0x000000997a200000,0x000000997a300000)]
  0x000001e8c2428ed0 JavaThread "Unconstrained build operations Thread 77" [_thread_blocked, id=1920, stack(0x000000997a300000,0x000000997a400000)]
  0x000001e8c242b080 JavaThread "Unconstrained build operations Thread 78" [_thread_blocked, id=13456, stack(0x000000997a400000,0x000000997a500000)]
  0x000001e8c24293a0 JavaThread "Unconstrained build operations Thread 79" [_thread_blocked, id=22772, stack(0x000000997a500000,0x000000997a600000)]
  0x000001e8c242c3c0 JavaThread "Unconstrained build operations Thread 80" [_thread_blocked, id=23796, stack(0x000000997a600000,0x000000997a700000)]

Other Threads:
=>0x000001e8bb828360 VMThread "VM Thread" [stack: 0x0000009972000000,0x0000009972100000] [id=22968]
  0x000001e8bba21420 WatcherThread [stack: 0x0000009972c00000,0x0000009972d00000] [id=14940]
  0x000001e8a0f5aa90 GCTaskThread "GC Thread#0" [stack: 0x0000009971b00000,0x0000009971c00000] [id=24528]
  0x000001e8bbf37420 GCTaskThread "GC Thread#1" [stack: 0x0000009972e00000,0x0000009972f00000] [id=22580]
  0x000001e8bbe31cb0 GCTaskThread "GC Thread#2" [stack: 0x0000009972f00000,0x0000009973000000] [id=20040]
  0x000001e8bbe31f60 GCTaskThread "GC Thread#3" [stack: 0x0000009973000000,0x0000009973100000] [id=17844]
  0x000001e8bbe32210 GCTaskThread "GC Thread#4" [stack: 0x0000009973100000,0x0000009973200000] [id=16412]
  0x000001e8bc634850 GCTaskThread "GC Thread#5" [stack: 0x0000009973200000,0x0000009973300000] [id=23664]
  0x000001e8be960c60 GCTaskThread "GC Thread#6" [stack: 0x0000009973d00000,0x0000009973e00000] [id=23964]
  0x000001e8bd077d50 GCTaskThread "GC Thread#7" [stack: 0x0000009973e00000,0x0000009973f00000] [id=21128]
  0x000001e8a0f6b8e0 ConcurrentGCThread "G1 Main Marker" [stack: 0x0000009971c00000,0x0000009971d00000] [id=17976]
  0x000001e8a0f6d210 ConcurrentGCThread "G1 Conc#0" [stack: 0x0000009971d00000,0x0000009971e00000] [id=17908]
  0x000001e8bdf8b680 ConcurrentGCThread "G1 Conc#1" [stack: 0x0000009973f00000,0x0000009974000000] [id=19336]
  0x000001e8a0fbdeb0 ConcurrentGCThread "G1 Refine#0" [stack: 0x0000009971e00000,0x0000009971f00000] [id=15412]
  0x000001e8a0fbe7e0 ConcurrentGCThread "G1 Service" [stack: 0x0000009971f00000,0x0000009972000000] [id=4808]

Threads with active compile tasks:
C2 CompilerThread0     5084 6550   !   4       com.google.common.reflect.TypeVisitor::visit (244 bytes)
C2 CompilerThread1     5084 6416       4       com.google.common.collect.ImmutableSet$RegularSetBuilderImpl::add (68 bytes)
C2 CompilerThread2     5084 6616       4       org.objectweb.asm.Frame::execute (2318 bytes)

VM state: at safepoint (normal execution)

VM Mutex/Monitor currently owned by a thread:  ([mutex/lock_event])
[0x000001e8a0ef2210] Threads_lock - owner thread: 0x000001e8bb828360
[0x000001e8a0ef1f40] Heap_lock - owner thread: 0x000001e8be98e3a0

Heap address: 0x0000000080000000, size: 2048 MB, Compressed Oops mode: 32-bit

CDS archive(s) not mapped
Compressed class space mapped at: 0x0000000100000000-0x0000000140000000, reserved size: 1073741824
Narrow klass base: 0x0000000000000000, Narrow klass shift: 3, Narrow klass range: 0x140000000

GC Precious Log:
 CPUs: 8 total, 8 available
 Memory: 16106M
 Large Page Support: Disabled
 NUMA Support: Disabled
 Compressed Oops: Enabled (32-bit)
 Heap Region Size: 1M
 Heap Min Capacity: 8M
 Heap Initial Capacity: 252M
 Heap Max Capacity: 2G
 Pre-touch: Disabled
 Parallel Workers: 8
 Concurrent Workers: 2
 Concurrent Refinement Workers: 8
 Periodic GC: Disabled

Heap:
 garbage-first heap   total 142336K, used 91655K [0x0000000080000000, 0x0000000100000000)
  region size 1024K, 2 young (2048K), 2 survivors (2048K)
 Metaspace       used 63673K, committed 64256K, reserved 1105920K
  class space    used 8446K, committed 8704K, reserved 1048576K

Heap Regions: E=young(eden), S=young(survivor), O=old, HS=humongous(starts), HC=humongous(continues), CS=collection set, F=free, OA=open archive, CA=closed archive, TAMS=top-at-mark-start (previous, next)
|   0|0x0000000080000000, 0x0000000080100000, 0x0000000080100000|100%|HS|  |TAMS 0x0000000080100000, 0x0000000080100000| Complete 
|   1|0x0000000080100000, 0x0000000080200000, 0x0000000080200000|100%|HC|  |TAMS 0x0000000080200000, 0x0000000080200000| Complete 
|   2|0x0000000080200000, 0x0000000080300000, 0x0000000080300000|100%|HC|  |TAMS 0x0000000080300000, 0x0000000080300000| Complete 
|   3|0x0000000080300000, 0x0000000080400000, 0x0000000080400000|100%|HC|  |TAMS 0x0000000080400000, 0x0000000080400000| Complete 
|   4|0x0000000080400000, 0x0000000080500000, 0x0000000080500000|100%| O|  |TAMS 0x0000000080500000, 0x0000000080500000| Untracked 
|   5|0x0000000080500000, 0x0000000080600000, 0x0000000080600000|100%| O|  |TAMS 0x0000000080600000, 0x0000000080600000| Untracked 
|   6|0x0000000080600000, 0x0000000080700000, 0x0000000080700000|100%| O|  |TAMS 0x0000000080700000, 0x0000000080700000| Untracked 
|   7|0x0000000080700000, 0x0000000080800000, 0x0000000080800000|100%| O|  |TAMS 0x0000000080800000, 0x0000000080800000| Untracked 
|   8|0x0000000080800000, 0x0000000080900000, 0x0000000080900000|100%| O|  |TAMS 0x0000000080900000, 0x0000000080900000| Untracked 
|   9|0x0000000080900000, 0x0000000080a00000, 0x0000000080a00000|100%| O|  |TAMS 0x0000000080a00000, 0x0000000080a00000| Untracked 
|  10|0x0000000080a00000, 0x0000000080b00000, 0x0000000080b00000|100%| O|  |TAMS 0x0000000080b00000, 0x0000000080b00000| Untracked 
|  11|0x0000000080b00000, 0x0000000080b00000, 0x0000000080c00000|  0%| F|  |TAMS 0x0000000080b00000, 0x0000000080b00000| Untracked 
|  12|0x0000000080c00000, 0x0000000080d00000, 0x0000000080d00000|100%| O|  |TAMS 0x0000000080d00000, 0x0000000080d00000| Untracked 
|  13|0x0000000080d00000, 0x0000000080e00000, 0x0000000080e00000|100%| O|  |TAMS 0x0000000080e00000, 0x0000000080e00000| Untracked 
|  14|0x0000000080e00000, 0x0000000080f00000, 0x0000000080f00000|100%| O|  |TAMS 0x0000000080f00000, 0x0000000080f00000| Untracked 
|  15|0x0000000080f00000, 0x0000000081000000, 0x0000000081000000|100%| O|  |TAMS 0x0000000081000000, 0x0000000081000000| Untracked 
|  16|0x0000000081000000, 0x0000000081100000, 0x0000000081100000|100%| O|  |TAMS 0x0000000081100000, 0x0000000081100000| Untracked 
|  17|0x0000000081100000, 0x0000000081200000, 0x0000000081200000|100%| O|  |TAMS 0x0000000081200000, 0x0000000081200000| Untracked 
|  18|0x0000000081200000, 0x0000000081300000, 0x0000000081300000|100%| O|  |TAMS 0x0000000081300000, 0x0000000081300000| Untracked 
|  19|0x0000000081300000, 0x0000000081400000, 0x0000000081400000|100%|HS|  |TAMS 0x0000000081400000, 0x0000000081400000| Complete 
|  20|0x0000000081400000, 0x0000000081500000, 0x0000000081500000|100%|HC|  |TAMS 0x0000000081500000, 0x0000000081500000| Complete 
|  21|0x0000000081500000, 0x0000000081600000, 0x0000000081600000|100%|HS|  |TAMS 0x0000000081600000, 0x0000000081600000| Complete 
|  22|0x0000000081600000, 0x0000000081700000, 0x0000000081700000|100%|HC|  |TAMS 0x0000000081700000, 0x0000000081700000| Complete 
|  23|0x0000000081700000, 0x0000000081800000, 0x0000000081800000|100%|HC|  |TAMS 0x0000000081800000, 0x0000000081800000| Complete 
|  24|0x0000000081800000, 0x0000000081900000, 0x0000000081900000|100%| O|  |TAMS 0x0000000081900000, 0x0000000081900000| Untracked 
|  25|0x0000000081900000, 0x0000000081a00000, 0x0000000081a00000|100%| O|  |TAMS 0x0000000081a00000, 0x0000000081a00000| Untracked 
|  26|0x0000000081a00000, 0x0000000081b00000, 0x0000000081b00000|100%| O|  |TAMS 0x0000000081b00000, 0x0000000081b00000| Untracked 
|  27|0x0000000081b00000, 0x0000000081c00000, 0x0000000081c00000|100%| O|  |TAMS 0x0000000081c00000, 0x0000000081c00000| Untracked 
|  28|0x0000000081c00000, 0x0000000081d00000, 0x0000000081d00000|100%|HS|  |TAMS 0x0000000081d00000, 0x0000000081d00000| Complete 
|  29|0x0000000081d00000, 0x0000000081e00000, 0x0000000081e00000|100%|HC|  |TAMS 0x0000000081e00000, 0x0000000081e00000| Complete 
|  30|0x0000000081e00000, 0x0000000081f00000, 0x0000000081f00000|100%|HC|  |TAMS 0x0000000081f00000, 0x0000000081f00000| Complete 
|  31|0x0000000081f00000, 0x0000000082000000, 0x0000000082000000|100%| O|  |TAMS 0x0000000082000000, 0x0000000082000000| Untracked 
|  32|0x0000000082000000, 0x0000000082100000, 0x0000000082100000|100%|HS|  |TAMS 0x0000000082100000, 0x0000000082100000| Complete 
|  33|0x0000000082100000, 0x0000000082200000, 0x0000000082200000|100%|HC|  |TAMS 0x0000000082200000, 0x0000000082200000| Complete 
|  34|0x0000000082200000, 0x0000000082300000, 0x0000000082300000|100%|HC|  |TAMS 0x0000000082300000, 0x0000000082300000| Complete 
|  35|0x0000000082300000, 0x0000000082400000, 0x0000000082400000|100%|HC|  |TAMS 0x0000000082400000, 0x0000000082400000| Complete 
|  36|0x0000000082400000, 0x0000000082500000, 0x0000000082500000|100%|HC|  |TAMS 0x0000000082500000, 0x0000000082500000| Complete 
|  37|0x0000000082500000, 0x0000000082600000, 0x0000000082600000|100%|HC|  |TAMS 0x0000000082600000, 0x0000000082600000| Complete 
|  38|0x0000000082600000, 0x0000000082700000, 0x0000000082700000|100%|HC|  |TAMS 0x0000000082700000, 0x0000000082700000| Complete 
|  39|0x0000000082700000, 0x0000000082800000, 0x0000000082800000|100%|HC|  |TAMS 0x0000000082800000, 0x0000000082800000| Complete 
|  40|0x0000000082800000, 0x0000000082900000, 0x0000000082900000|100%|HC|  |TAMS 0x0000000082900000, 0x0000000082900000| Complete 
|  41|0x0000000082900000, 0x0000000082a00000, 0x0000000082a00000|100%|HC|  |TAMS 0x0000000082a00000, 0x0000000082a00000| Complete 
|  42|0x0000000082a00000, 0x0000000082b00000, 0x0000000082b00000|100%|HC|  |TAMS 0x0000000082b00000, 0x0000000082b00000| Complete 
|  43|0x0000000082b00000, 0x0000000082c00000, 0x0000000082c00000|100%|HC|  |TAMS 0x0000000082c00000, 0x0000000082c00000| Complete 
|  44|0x0000000082c00000, 0x0000000082d00000, 0x0000000082d00000|100%| O|  |TAMS 0x0000000082d00000, 0x0000000082d00000| Untracked 
|  45|0x0000000082d00000, 0x0000000082e00000, 0x0000000082e00000|100%|HS|  |TAMS 0x0000000082e00000, 0x0000000082e00000| Complete 
|  46|0x0000000082e00000, 0x0000000082f00000, 0x0000000082f00000|100%|HC|  |TAMS 0x0000000082f00000, 0x0000000082f00000| Complete 
|  47|0x0000000082f00000, 0x0000000083000000, 0x0000000083000000|100%| O|  |TAMS 0x0000000083000000, 0x0000000083000000| Untracked 
|  48|0x0000000083000000, 0x0000000083100000, 0x0000000083100000|100%| O|  |TAMS 0x0000000083100000, 0x0000000083100000| Untracked 
|  49|0x0000000083100000, 0x0000000083200000, 0x0000000083200000|100%| O|  |TAMS 0x0000000083200000, 0x0000000083200000| Untracked 
|  50|0x0000000083200000, 0x0000000083300000, 0x0000000083300000|100%| O|  |TAMS 0x0000000083300000, 0x0000000083300000| Untracked 
|  51|0x0000000083300000, 0x0000000083400000, 0x0000000083400000|100%| O|  |TAMS 0x0000000083400000, 0x0000000083400000| Untracked 
|  52|0x0000000083400000, 0x0000000083500000, 0x0000000083500000|100%| O|  |TAMS 0x0000000083500000, 0x0000000083500000| Untracked 
|  53|0x0000000083500000, 0x0000000083600000, 0x0000000083600000|100%| O|  |TAMS 0x0000000083600000, 0x0000000083600000| Untracked 
|  54|0x0000000083600000, 0x0000000083700000, 0x0000000083700000|100%| O|  |TAMS 0x0000000083700000, 0x0000000083700000| Untracked 
|  55|0x0000000083700000, 0x0000000083800000, 0x0000000083800000|100%|HS|  |TAMS 0x0000000083800000, 0x0000000083800000| Complete 
|  56|0x0000000083800000, 0x0000000083900000, 0x0000000083900000|100%|HC|  |TAMS 0x0000000083900000, 0x0000000083900000| Complete 
|  57|0x0000000083900000, 0x0000000083a00000, 0x0000000083a00000|100%|HC|  |TAMS 0x0000000083a00000, 0x0000000083a00000| Complete 
|  58|0x0000000083a00000, 0x0000000083b00000, 0x0000000083b00000|100%|HS|  |TAMS 0x0000000083b00000, 0x0000000083b00000| Complete 
|  59|0x0000000083b00000, 0x0000000083c00000, 0x0000000083c00000|100%|HC|  |TAMS 0x0000000083c00000, 0x0000000083c00000| Complete 
|  60|0x0000000083c00000, 0x0000000083d00000, 0x0000000083d00000|100%|HC|  |TAMS 0x0000000083d00000, 0x0000000083d00000| Complete 
|  61|0x0000000083d00000, 0x0000000083e00000, 0x0000000083e00000|100%| O|  |TAMS 0x0000000083e00000, 0x0000000083e00000| Untracked 
|  62|0x0000000083e00000, 0x0000000083f00000, 0x0000000083f00000|100%| O|  |TAMS 0x0000000083f00000, 0x0000000083f00000| Untracked 
|  63|0x0000000083f00000, 0x0000000084000000, 0x0000000084000000|100%| O|  |TAMS 0x0000000084000000, 0x0000000084000000| Untracked 
|  64|0x0000000084000000, 0x0000000084100000, 0x0000000084100000|100%| O|  |TAMS 0x0000000084100000, 0x0000000084100000| Untracked 
|  65|0x0000000084100000, 0x0000000084200000, 0x0000000084200000|100%| O|  |TAMS 0x0000000084200000, 0x0000000084200000| Untracked 
|  66|0x0000000084200000, 0x0000000084300000, 0x0000000084300000|100%| O|  |TAMS 0x0000000084300000, 0x0000000084300000| Untracked 
|  67|0x0000000084300000, 0x0000000084400000, 0x0000000084400000|100%| O|  |TAMS 0x0000000084400000, 0x0000000084400000| Untracked 
|  68|0x0000000084400000, 0x0000000084500000, 0x0000000084500000|100%| O|  |TAMS 0x000000008444b200, 0x0000000084500000| Untracked 
|  69|0x0000000084500000, 0x0000000084600000, 0x0000000084600000|100%| O|  |TAMS 0x0000000084500000, 0x0000000084600000| Untracked 
|  70|0x0000000084600000, 0x0000000084700000, 0x0000000084700000|100%| O|  |TAMS 0x0000000084600000, 0x0000000084700000| Untracked 
|  71|0x0000000084700000, 0x0000000084800000, 0x0000000084800000|100%| O|  |TAMS 0x0000000084700000, 0x0000000084800000| Untracked 
|  72|0x0000000084800000, 0x0000000084900000, 0x0000000084900000|100%|HS|  |TAMS 0x0000000084800000, 0x0000000084900000| Complete 
|  73|0x0000000084900000, 0x0000000084a00000, 0x0000000084a00000|100%|HS|  |TAMS 0x0000000084900000, 0x0000000084a00000| Complete 
|  74|0x0000000084a00000, 0x0000000084b00000, 0x0000000084b00000|100%|HS|  |TAMS 0x0000000084a00000, 0x0000000084b00000| Complete 
|  75|0x0000000084b00000, 0x0000000084c00000, 0x0000000084c00000|100%|HC|  |TAMS 0x0000000084b00000, 0x0000000084c00000| Complete 
|  76|0x0000000084c00000, 0x0000000084d00000, 0x0000000084d00000|100%|HS|  |TAMS 0x0000000084c00000, 0x0000000084d00000| Complete 
|  77|0x0000000084d00000, 0x0000000084e00000, 0x0000000084e00000|100%|HS|  |TAMS 0x0000000084d00000, 0x0000000084e00000| Complete 
|  78|0x0000000084e00000, 0x0000000084f00000, 0x0000000084f00000|100%|HC|  |TAMS 0x0000000084e00000, 0x0000000084f00000| Complete 
|  79|0x0000000084f00000, 0x0000000085000000, 0x0000000085000000|100%|HC|  |TAMS 0x0000000084f00000, 0x0000000085000000| Complete 
|  80|0x0000000085000000, 0x0000000085100000, 0x0000000085100000|100%|HC|  |TAMS 0x0000000085000000, 0x0000000085100000| Complete 
|  81|0x0000000085100000, 0x0000000085200000, 0x0000000085200000|100%| O|  |TAMS 0x0000000085100000, 0x0000000085200000| Untracked 
|  82|0x0000000085200000, 0x0000000085300000, 0x0000000085300000|100%| O|  |TAMS 0x0000000085200000, 0x0000000085300000| Untracked 
|  83|0x0000000085300000, 0x0000000085400000, 0x0000000085400000|100%| O|  |TAMS 0x0000000085300000, 0x0000000085400000| Untracked 
|  84|0x0000000085400000, 0x0000000085500000, 0x0000000085500000|100%| O|  |TAMS 0x0000000085400000, 0x0000000085500000| Untracked 
|  85|0x0000000085500000, 0x0000000085600000, 0x0000000085600000|100%| O|  |TAMS 0x0000000085500000, 0x0000000085600000| Untracked 
|  86|0x0000000085600000, 0x0000000085700000, 0x0000000085700000|100%| O|  |TAMS 0x0000000085600000, 0x0000000085700000| Untracked 
|  87|0x0000000085700000, 0x0000000085800000, 0x0000000085800000|100%| O|  |TAMS 0x0000000085700000, 0x0000000085800000| Untracked 
|  88|0x0000000085800000, 0x0000000085900000, 0x0000000085900000|100%| O|  |TAMS 0x0000000085800000, 0x0000000085900000| Untracked 
|  89|0x0000000085900000, 0x0000000085968400, 0x0000000085a00000| 40%| O|  |TAMS 0x0000000085900000, 0x0000000085968400| Untracked 
|  90|0x0000000085a00000, 0x0000000085a00000, 0x0000000085b00000|  0%| F|  |TAMS 0x0000000085a00000, 0x0000000085a00000| Untracked 
|  91|0x0000000085b00000, 0x0000000085b00000, 0x0000000085c00000|  0%| F|  |TAMS 0x0000000085b00000, 0x0000000085b00000| Untracked 
|  92|0x0000000085c00000, 0x0000000085c00000, 0x0000000085d00000|  0%| F|  |TAMS 0x0000000085c00000, 0x0000000085c00000| Untracked 
|  93|0x0000000085d00000, 0x0000000085d00000, 0x0000000085e00000|  0%| F|  |TAMS 0x0000000085d00000, 0x0000000085d00000| Untracked 
|  94|0x0000000085e00000, 0x0000000085e00000, 0x0000000085f00000|  0%| F|  |TAMS 0x0000000085e00000, 0x0000000085e00000| Untracked 
|  95|0x0000000085f00000, 0x0000000085f00000, 0x0000000086000000|  0%| F|  |TAMS 0x0000000085f00000, 0x0000000085f00000| Untracked 
|  96|0x0000000086000000, 0x0000000086000000, 0x0000000086100000|  0%| F|  |TAMS 0x0000000086000000, 0x0000000086000000| Untracked 
|  97|0x0000000086100000, 0x0000000086100000, 0x0000000086200000|  0%| F|  |TAMS 0x0000000086100000, 0x0000000086100000| Untracked 
|  98|0x0000000086200000, 0x0000000086200000, 0x0000000086300000|  0%| F|  |TAMS 0x0000000086200000, 0x0000000086200000| Untracked 
|  99|0x0000000086300000, 0x0000000086300000, 0x0000000086400000|  0%| F|  |TAMS 0x0000000086300000, 0x0000000086300000| Untracked 
| 100|0x0000000086400000, 0x0000000086400000, 0x0000000086500000|  0%| F|  |TAMS 0x0000000086400000, 0x0000000086400000| Untracked 
| 101|0x0000000086500000, 0x0000000086500000, 0x0000000086600000|  0%| F|  |TAMS 0x0000000086500000, 0x0000000086500000| Untracked 
| 102|0x0000000086600000, 0x0000000086600000, 0x0000000086700000|  0%| F|  |TAMS 0x0000000086600000, 0x0000000086600000| Untracked 
| 103|0x0000000086700000, 0x0000000086700000, 0x0000000086800000|  0%| F|  |TAMS 0x0000000086700000, 0x0000000086700000| Untracked 
| 104|0x0000000086800000, 0x0000000086800000, 0x0000000086900000|  0%| F|  |TAMS 0x0000000086800000, 0x0000000086800000| Untracked 
| 105|0x0000000086900000, 0x0000000086900000, 0x0000000086a00000|  0%| F|  |TAMS 0x0000000086900000, 0x0000000086900000| Untracked 
| 106|0x0000000086a00000, 0x0000000086a00000, 0x0000000086b00000|  0%| F|  |TAMS 0x0000000086a00000, 0x0000000086a00000| Untracked 
| 107|0x0000000086b00000, 0x0000000086b00000, 0x0000000086c00000|  0%| F|  |TAMS 0x0000000086b00000, 0x0000000086b00000| Untracked 
| 108|0x0000000086c00000, 0x0000000086c00000, 0x0000000086d00000|  0%| F|  |TAMS 0x0000000086c00000, 0x0000000086c00000| Untracked 
| 109|0x0000000086d00000, 0x0000000086d00000, 0x0000000086e00000|  0%| F|  |TAMS 0x0000000086d00000, 0x0000000086d00000| Untracked 
| 110|0x0000000086e00000, 0x0000000086e00000, 0x0000000086f00000|  0%| F|  |TAMS 0x0000000086e00000, 0x0000000086e00000| Untracked 
| 111|0x0000000086f00000, 0x0000000086f00000, 0x0000000087000000|  0%| F|  |TAMS 0x0000000086f00000, 0x0000000086f00000| Untracked 
| 112|0x0000000087000000, 0x00000000870199e0, 0x0000000087100000| 10%| S|CS|TAMS 0x0000000087000000, 0x0000000087000000| Complete 
| 113|0x0000000087100000, 0x0000000087200000, 0x0000000087200000|100%| S|CS|TAMS 0x0000000087100000, 0x0000000087100000| Complete 
| 114|0x0000000087200000, 0x0000000087200000, 0x0000000087300000|  0%| F|  |TAMS 0x0000000087200000, 0x0000000087200000| Untracked 
| 115|0x0000000087300000, 0x0000000087300000, 0x0000000087400000|  0%| F|  |TAMS 0x0000000087300000, 0x0000000087300000| Untracked 
| 116|0x0000000087400000, 0x0000000087400000, 0x0000000087500000|  0%| F|  |TAMS 0x0000000087400000, 0x0000000087400000| Untracked 
| 117|0x0000000087500000, 0x0000000087500000, 0x0000000087600000|  0%| F|  |TAMS 0x0000000087500000, 0x0000000087500000| Untracked 
| 118|0x0000000087600000, 0x0000000087600000, 0x0000000087700000|  0%| F|  |TAMS 0x0000000087600000, 0x0000000087600000| Untracked 
| 119|0x0000000087700000, 0x0000000087700000, 0x0000000087800000|  0%| F|  |TAMS 0x0000000087700000, 0x0000000087700000| Untracked 
| 120|0x0000000087800000, 0x0000000087800000, 0x0000000087900000|  0%| F|  |TAMS 0x0000000087800000, 0x0000000087800000| Untracked 
| 121|0x0000000087900000, 0x0000000087900000, 0x0000000087a00000|  0%| F|  |TAMS 0x0000000087900000, 0x0000000087900000| Untracked 
| 122|0x0000000087a00000, 0x0000000087a00000, 0x0000000087b00000|  0%| F|  |TAMS 0x0000000087a00000, 0x0000000087a00000| Untracked 
| 123|0x0000000087b00000, 0x0000000087b00000, 0x0000000087c00000|  0%| F|  |TAMS 0x0000000087b00000, 0x0000000087b00000| Untracked 
| 124|0x0000000087c00000, 0x0000000087c00000, 0x0000000087d00000|  0%| F|  |TAMS 0x0000000087c00000, 0x0000000087c00000| Untracked 
| 125|0x0000000087d00000, 0x0000000087d00000, 0x0000000087e00000|  0%| F|  |TAMS 0x0000000087d00000, 0x0000000087d00000| Untracked 
| 126|0x0000000087e00000, 0x0000000087e00000, 0x0000000087f00000|  0%| F|  |TAMS 0x0000000087e00000, 0x0000000087e00000| Untracked 
| 127|0x0000000087f00000, 0x0000000087f00000, 0x0000000088000000|  0%| F|  |TAMS 0x0000000087f00000, 0x0000000087f00000| Untracked 
| 128|0x0000000088000000, 0x0000000088000000, 0x0000000088100000|  0%| F|  |TAMS 0x0000000088000000, 0x0000000088000000| Untracked 
| 200|0x000000008c800000, 0x000000008c800000, 0x000000008c900000|  0%| F|  |TAMS 0x000000008c800000, 0x000000008c800000| Untracked 
| 201|0x000000008c900000, 0x000000008c900000, 0x000000008ca00000|  0%| F|  |TAMS 0x000000008c900000, 0x000000008c900000| Untracked 
| 202|0x000000008ca00000, 0x000000008ca00000, 0x000000008cb00000|  0%| F|  |TAMS 0x000000008ca00000, 0x000000008ca00000| Untracked 
| 203|0x000000008cb00000, 0x000000008cb00000, 0x000000008cc00000|  0%| F|  |TAMS 0x000000008cb00000, 0x000000008cb00000| Untracked 
| 204|0x000000008cc00000, 0x000000008cc00000, 0x000000008cd00000|  0%| F|  |TAMS 0x000000008cc00000, 0x000000008cc00000| Untracked 
| 205|0x000000008cd00000, 0x000000008cd00000, 0x000000008ce00000|  0%| F|  |TAMS 0x000000008cd00000, 0x000000008cd00000| Untracked 
| 206|0x000000008ce00000, 0x000000008ce00000, 0x000000008cf00000|  0%| F|  |TAMS 0x000000008ce00000, 0x000000008ce00000| Untracked 
| 207|0x000000008cf00000, 0x000000008cf00000, 0x000000008d000000|  0%| F|  |TAMS 0x000000008cf00000, 0x000000008cf00000| Untracked 
| 208|0x000000008d000000, 0x000000008d000000, 0x000000008d100000|  0%| F|  |TAMS 0x000000008d000000, 0x000000008d000000| Untracked 
| 251|0x000000008fb00000, 0x000000008fb00000, 0x000000008fc00000|  0%| F|  |TAMS 0x000000008fb00000, 0x000000008fb00000| Untracked 

Card table byte_map: [0x000001e8b3af0000,0x000001e8b3ef0000] _byte_map_base: 0x000001e8b36f0000

Marking Bits (Prev, Next): (CMBitMap*) 0x000001e8a0f5afb0, (CMBitMap*) 0x000001e8a0f5aff0
 Prev Bits: [0x000001e8b42f0000, 0x000001e8b62f0000)
 Next Bits: [0x000001e8b62f0000, 0x000001e8b82f0000)

Polling page: 0x000001e89ee30000

Metaspace:

Usage:
  Non-class:     53.93 MB used.
      Class:      8.25 MB used.
       Both:     62.18 MB used.

Virtual space:
  Non-class space:       56.00 MB reserved,      54.25 MB ( 97%) committed,  7 nodes.
      Class space:        1.00 GB reserved,       8.50 MB ( <1%) committed,  1 nodes.
             Both:        1.05 GB reserved,      62.75 MB (  6%) committed. 

Chunk freelists:
   Non-Class:  1.31 MB
       Class:  3.39 MB
        Both:  4.70 MB

MaxMetaspaceSize: unlimited
CompressedClassSpaceSize: 1.00 GB
Initial GC threshold: 21.00 MB
Current GC threshold: 93.06 MB
CDS: off
MetaspaceReclaimPolicy: balanced
 - commit_granule_bytes: 65536.
 - commit_granule_words: 8192.
 - virtual_space_node_default_size: 1048576.
 - enlarge_chunks_in_place: 1.
 - new_chunks_are_fully_committed: 0.
 - uncommit_free_chunks: 1.
 - use_allocation_guard: 0.
 - handle_deallocations: 1.


Internal statistics:

num_allocs_failed_limit: 3.
num_arena_births: 730.
num_arena_deaths: 0.
num_vsnodes_births: 8.
num_vsnodes_deaths: 0.
num_space_committed: 1004.
num_space_uncommitted: 0.
num_chunks_returned_to_freelist: 3.
num_chunks_taken_from_freelist: 2923.
num_chunk_merges: 3.
num_chunk_splits: 1931.
num_chunks_enlarged: 1299.
num_purges: 0.
num_inconsistent_stats: 0.

CodeHeap 'non-profiled nmethods': size=120000Kb used=3246Kb max_used=3483Kb free=116754Kb
 bounds [0x000001e8abe90000, 0x000001e8ac200000, 0x000001e8b33c0000]
CodeHeap 'profiled nmethods': size=120000Kb used=11034Kb max_used=11034Kb free=108965Kb
 bounds [0x000001e8a43c0000, 0x000001e8a4e90000, 0x000001e8ab8f0000]
CodeHeap 'non-nmethods': size=5760Kb used=2354Kb max_used=2410Kb free=3405Kb
 bounds [0x000001e8ab8f0000, 0x000001e8abb60000, 0x000001e8abe90000]
 total_blobs=6686 nmethods=5823 adapters=775
 compilation: enabled
              stopped_count=0, restarted_count=0
 full_count=0

Compilation events (20 events):
Event: 5.047 Thread 0x000001e8bb89b5d0 6604       3       org.gradle.internal.snapshot.impl.AbstractArraySnapshot::<init> (10 bytes)
Event: 5.047 Thread 0x000001e8bb89b5d0 nmethod 6604 0x000001e8a4e82910 code [0x000001e8a4e82aa0, 0x000001e8a4e82c58]
Event: 5.047 Thread 0x000001e8bb89b5d0 6605       3       org.gradle.internal.instantiation.generator.DefaultInstantiationScheme::<init> (59 bytes)
Event: 5.047 Thread 0x000001e8bb89b5d0 nmethod 6605 0x000001e8a4e82d10 code [0x000001e8a4e82f00, 0x000001e8a4e836f8]
Event: 5.048 Thread 0x000001e8bb89b5d0 6611       3       com.google.common.collect.MapMakerInternalMap$Segment::copyEntry (19 bytes)
Event: 5.048 Thread 0x000001e8bb89b5d0 nmethod 6611 0x000001e8a4e83890 code [0x000001e8a4e83a40, 0x000001e8a4e83cf8]
Event: 5.048 Thread 0x000001e8bb89b5d0 6612       3       com.google.common.collect.MapMakerInternalMap$StrongKeyWeakValueEntry$Helper::copy (17 bytes)
Event: 5.048 Thread 0x000001e8bb89b5d0 nmethod 6612 0x000001e8a4e83e10 code [0x000001e8a4e84000, 0x000001e8a4e846d8]
Event: 5.048 Thread 0x000001e8bb89b5d0 6613       3       com.google.common.collect.MapMakerInternalMap$StrongKeyWeakValueEntry$Helper::copy (19 bytes)
Event: 5.049 Thread 0x000001e8bb89b5d0 nmethod 6613 0x000001e8a4e84910 code [0x000001e8a4e84ae0, 0x000001e8a4e84eb8]
Event: 5.049 Thread 0x000001e8bb89b5d0 6614       3       java.util.TreeMap$Values::iterator (19 bytes)
Event: 5.049 Thread 0x000001e8bb89b5d0 nmethod 6614 0x000001e8a4e85090 code [0x000001e8a4e85260, 0x000001e8a4e85778]
Event: 5.049 Thread 0x000001e8bb89b5d0 6615       3       java.util.TreeMap$ValueIterator::<init> (12 bytes)
Event: 5.049 Thread 0x000001e8bb89b5d0 nmethod 6615 0x000001e8a4e85990 code [0x000001e8a4e85b40, 0x000001e8a4e85e58]
Event: 5.050 Thread 0x000001e8bb89b5d0 6617       3       sun.reflect.annotation.AnnotationParser::parseArray (220 bytes)
Event: 5.051 Thread 0x000001e8bb89b5d0 nmethod 6617 0x000001e8a4e85f90 code [0x000001e8a4e86300, 0x000001e8a4e87258]
Event: 5.051 Thread 0x000001e8bb89b5d0 6618       3       org.gradle.api.internal.provider.AbstractProperty$NonFinalizedValue::maybeFinalizeOnRead (66 bytes)
Event: 5.051 Thread 0x000001e8be6d4680 nmethod 6595 0x000001e8abf9c990 code [0x000001e8abf9cb40, 0x000001e8abf9d778]
Event: 5.051 Thread 0x000001e8bb89b5d0 nmethod 6618 0x000001e8a4e87690 code [0x000001e8a4e87880, 0x000001e8a4e87d68]
Event: 5.051 Thread 0x000001e8be6d4680 6616       4       org.objectweb.asm.Frame::execute (2318 bytes)

GC Heap History (20 events):
Event: 3.250 GC heap after
{Heap after GC invocations=17 (full 0):
 garbage-first heap   total 102400K, used 56807K [0x0000000080000000, 0x0000000100000000)
  region size 1024K, 3 young (3072K), 3 survivors (3072K)
 Metaspace       used 46064K, committed 46464K, reserved 1089536K
  class space    used 6106K, committed 6272K, reserved 1048576K
}
Event: 3.335 GC heap before
{Heap before GC invocations=17 (full 0):
 garbage-first heap   total 102400K, used 63975K [0x0000000080000000, 0x0000000100000000)
  region size 1024K, 11 young (11264K), 3 survivors (3072K)
 Metaspace       used 46636K, committed 47040K, reserved 1097728K
  class space    used 6196K, committed 6400K, reserved 1048576K
}
Event: 3.338 GC heap after
{Heap after GC invocations=18 (full 0):
 garbage-first heap   total 102400K, used 58451K [0x0000000080000000, 0x0000000100000000)
  region size 1024K, 4 young (4096K), 4 survivors (4096K)
 Metaspace       used 46636K, committed 47040K, reserved 1097728K
  class space    used 6196K, committed 6400K, reserved 1048576K
}
Event: 3.460 GC heap before
{Heap before GC invocations=19 (full 0):
 garbage-first heap   total 114688K, used 73811K [0x0000000080000000, 0x0000000100000000)
  region size 1024K, 15 young (15360K), 4 survivors (4096K)
 Metaspace       used 47359K, committed 47808K, reserved 1097728K
  class space    used 6279K, committed 6464K, reserved 1048576K
}
Event: 3.463 GC heap after
{Heap after GC invocations=20 (full 0):
 garbage-first heap   total 114688K, used 66800K [0x0000000080000000, 0x0000000100000000)
  region size 1024K, 4 young (4096K), 4 survivors (4096K)
 Metaspace       used 47359K, committed 47808K, reserved 1097728K
  class space    used 6279K, committed 6464K, reserved 1048576K
}
Event: 3.661 GC heap before
{Heap before GC invocations=21 (full 0):
 garbage-first heap   total 117760K, used 87280K [0x0000000080000000, 0x0000000100000000)
  region size 1024K, 23 young (23552K), 4 survivors (4096K)
 Metaspace       used 49664K, committed 50176K, reserved 1097728K
  class space    used 6511K, committed 6720K, reserved 1048576K
}
Event: 3.664 GC heap after
{Heap after GC invocations=22 (full 0):
 garbage-first heap   total 117760K, used 68192K [0x0000000080000000, 0x0000000100000000)
  region size 1024K, 2 young (2048K), 2 survivors (2048K)
 Metaspace       used 49664K, committed 50176K, reserved 1097728K
  class space    used 6511K, committed 6720K, reserved 1048576K
}
Event: 3.847 GC heap before
{Heap before GC invocations=22 (full 0):
 garbage-first heap   total 117760K, used 89696K [0x0000000080000000, 0x0000000100000000)
  region size 1024K, 23 young (23552K), 2 survivors (2048K)
 Metaspace       used 51607K, committed 52224K, reserved 1097728K
  class space    used 6865K, committed 7168K, reserved 1048576K
}
Event: 3.849 GC heap after
{Heap after GC invocations=23 (full 0):
 garbage-first heap   total 117760K, used 69396K [0x0000000080000000, 0x0000000100000000)
  region size 1024K, 2 young (2048K), 2 survivors (2048K)
 Metaspace       used 51607K, committed 52224K, reserved 1097728K
  class space    used 6865K, committed 7168K, reserved 1048576K
}
Event: 4.069 GC heap before
{Heap before GC invocations=24 (full 0):
 garbage-first heap   total 122880K, used 90900K [0x0000000080000000, 0x0000000100000000)
  region size 1024K, 23 young (23552K), 2 survivors (2048K)
 Metaspace       used 53998K, committed 54656K, reserved 1097728K
  class space    used 7266K, committed 7552K, reserved 1048576K
}
Event: 4.071 GC heap after
{Heap after GC invocations=25 (full 0):
 garbage-first heap   total 122880K, used 70781K [0x0000000080000000, 0x0000000100000000)
  region size 1024K, 3 young (3072K), 3 survivors (3072K)
 Metaspace       used 53998K, committed 54656K, reserved 1097728K
  class space    used 7266K, committed 7552K, reserved 1048576K
}
Event: 4.432 GC heap before
{Heap before GC invocations=25 (full 0):
 garbage-first heap   total 122880K, used 96381K [0x0000000080000000, 0x0000000100000000)
  region size 1024K, 28 young (28672K), 3 survivors (3072K)
 Metaspace       used 56100K, committed 56768K, reserved 1105920K
  class space    used 7554K, committed 7872K, reserved 1048576K
}
Event: 4.436 GC heap after
{Heap after GC invocations=26 (full 0):
 garbage-first heap   total 122880K, used 73221K [0x0000000080000000, 0x0000000100000000)
  region size 1024K, 4 young (4096K), 4 survivors (4096K)
 Metaspace       used 56100K, committed 56768K, reserved 1105920K
  class space    used 7554K, committed 7872K, reserved 1048576K
}
Event: 4.590 GC heap before
{Heap before GC invocations=27 (full 0):
 garbage-first heap   total 133120K, used 91653K [0x0000000080000000, 0x0000000100000000)
  region size 1024K, 24 young (24576K), 4 survivors (4096K)
 Metaspace       used 56430K, committed 57088K, reserved 1105920K
  class space    used 7580K, committed 7872K, reserved 1048576K
}
Event: 4.594 GC heap after
{Heap after GC invocations=28 (full 0):
 garbage-first heap   total 133120K, used 74937K [0x0000000080000000, 0x0000000100000000)
  region size 1024K, 3 young (3072K), 3 survivors (3072K)
 Metaspace       used 56430K, committed 57088K, reserved 1105920K
  class space    used 7580K, committed 7872K, reserved 1048576K
}
Event: 4.803 GC heap before
{Heap before GC invocations=29 (full 0):
 garbage-first heap   total 142336K, used 114873K [0x0000000080000000, 0x0000000100000000)
  region size 1024K, 33 young (33792K), 3 survivors (3072K)
 Metaspace       used 59363K, committed 60032K, reserved 1105920K
  class space    used 7992K, committed 8256K, reserved 1048576K
}
Event: 4.806 GC heap after
{Heap after GC invocations=30 (full 0):
 garbage-first heap   total 142336K, used 90902K [0x0000000080000000, 0x0000000100000000)
  region size 1024K, 5 young (5120K), 5 survivors (5120K)
 Metaspace       used 59363K, committed 60032K, reserved 1105920K
  class space    used 7992K, committed 8256K, reserved 1048576K
}
Event: 4.820 GC heap before
{Heap before GC invocations=30 (full 0):
 garbage-first heap   total 142336K, used 91926K [0x0000000080000000, 0x0000000100000000)
  region size 1024K, 6 young (6144K), 5 survivors (5120K)
 Metaspace       used 59527K, committed 60224K, reserved 1105920K
  class space    used 8003K, committed 8320K, reserved 1048576K
}
Event: 4.822 GC heap after
{Heap after GC invocations=31 (full 0):
 garbage-first heap   total 142336K, used 90989K [0x0000000080000000, 0x0000000100000000)
  region size 1024K, 1 young (1024K), 1 survivors (1024K)
 Metaspace       used 59527K, committed 60224K, reserved 1105920K
  class space    used 8003K, committed 8320K, reserved 1048576K
}
Event: 5.056 GC heap before
{Heap before GC invocations=31 (full 0):
 garbage-first heap   total 142336K, used 115565K [0x0000000080000000, 0x0000000100000000)
  region size 1024K, 25 young (25600K), 1 survivors (1024K)
 Metaspace       used 63673K, committed 64256K, reserved 1105920K
  class space    used 8446K, committed 8704K, reserved 1048576K
}

Dll operation events (2 events):
Event: 0.006 Loaded shared library C:\Program Files\Android\Android Studio\jbr\bin\java.dll
Event: 0.241 Loaded shared library C:\Program Files\Android\Android Studio\jbr\bin\verify.dll

Deoptimization events (20 events):
Event: 4.862 Thread 0x000001e8be98e3a0 Uncommon trap: trap_request=0xffffffde fr.pc=0x000001e8ac165144 relative=0x0000000000000364
Event: 4.862 Thread 0x000001e8be98e3a0 Uncommon trap: reason=class_check action=maybe_recompile pc=0x000001e8ac165144 method=java.util.stream.AbstractPipeline.copyIntoWithCancel(Ljava/util/stream/Sink;Ljava/util/Spliterator;)Z @ 32 c2
Event: 4.862 Thread 0x000001e8be98e3a0 DEOPT PACKING pc=0x000001e8ac165144 sp=0x00000099739f6350
Event: 4.862 Thread 0x000001e8be98e3a0 DEOPT UNPACKING pc=0x000001e8ab94a1a3 sp=0x00000099739f6210 mode 2
Event: 4.862 Thread 0x000001e8be98e3a0 Uncommon trap: trap_request=0xffffffde fr.pc=0x000001e8ac165144 relative=0x0000000000000364
Event: 4.862 Thread 0x000001e8be98e3a0 Uncommon trap: reason=class_check action=maybe_recompile pc=0x000001e8ac165144 method=java.util.stream.AbstractPipeline.copyIntoWithCancel(Ljava/util/stream/Sink;Ljava/util/Spliterator;)Z @ 32 c2
Event: 4.862 Thread 0x000001e8be98e3a0 DEOPT PACKING pc=0x000001e8ac165144 sp=0x00000099739f6350
Event: 4.862 Thread 0x000001e8be98e3a0 DEOPT UNPACKING pc=0x000001e8ab94a1a3 sp=0x00000099739f6210 mode 2
Event: 4.862 Thread 0x000001e8be98e3a0 Uncommon trap: trap_request=0xffffffde fr.pc=0x000001e8ac165144 relative=0x0000000000000364
Event: 4.862 Thread 0x000001e8be98e3a0 Uncommon trap: reason=class_check action=maybe_recompile pc=0x000001e8ac165144 method=java.util.stream.AbstractPipeline.copyIntoWithCancel(Ljava/util/stream/Sink;Ljava/util/Spliterator;)Z @ 32 c2
Event: 4.862 Thread 0x000001e8be98e3a0 DEOPT PACKING pc=0x000001e8ac165144 sp=0x00000099739f6350
Event: 4.862 Thread 0x000001e8be98e3a0 DEOPT UNPACKING pc=0x000001e8ab94a1a3 sp=0x00000099739f6210 mode 2
Event: 4.937 Thread 0x000001e8be98e3a0 Uncommon trap: trap_request=0xffffffc6 fr.pc=0x000001e8abedd098 relative=0x0000000000000058
Event: 4.937 Thread 0x000001e8be98e3a0 Uncommon trap: reason=bimorphic_or_optimized_type_check action=maybe_recompile pc=0x000001e8abedd098 method=java.util.AbstractQueue.add(Ljava/lang/Object;)Z @ 2 c2
Event: 4.937 Thread 0x000001e8be98e3a0 DEOPT PACKING pc=0x000001e8abedd098 sp=0x00000099739f6ec0
Event: 4.937 Thread 0x000001e8be98e3a0 DEOPT UNPACKING pc=0x000001e8ab94a1a3 sp=0x00000099739f6e88 mode 2
Event: 4.937 Thread 0x000001e8be98e3a0 Uncommon trap: trap_request=0xffffffc6 fr.pc=0x000001e8abedd098 relative=0x0000000000000058
Event: 4.937 Thread 0x000001e8be98e3a0 Uncommon trap: reason=bimorphic_or_optimized_type_check action=maybe_recompile pc=0x000001e8abedd098 method=java.util.AbstractQueue.add(Ljava/lang/Object;)Z @ 2 c2
Event: 4.937 Thread 0x000001e8be98e3a0 DEOPT PACKING pc=0x000001e8abedd098 sp=0x00000099739f6ec0
Event: 4.937 Thread 0x000001e8be98e3a0 DEOPT UNPACKING pc=0x000001e8ab94a1a3 sp=0x00000099739f6e88 mode 2

Classes unloaded (0 events):
No events

Classes redefined (0 events):
No events

Internal exceptions (20 events):
Event: 3.845 Thread 0x000001e8be98e3a0 Exception <a 'java/lang/ClassNotFoundException'{0x0000000085ee2400}: org/jetbrains/plugins/gradle/model/web/WebConfigurationBeanInfo> (0x0000000085ee2400) 
thrown [s\src\hotspot\share\classfile\systemDictionary.cpp, line 256]
Event: 3.845 Thread 0x000001e8be98e3a0 Exception <a 'java/lang/ClassNotFoundException'{0x0000000085eea788}: org/jetbrains/plugins/gradle/model/web/WebConfigurationCustomizer> (0x0000000085eea788) 
thrown [s\src\hotspot\share\classfile\systemDictionary.cpp, line 256]
Event: 3.849 Thread 0x000001e8be98e3a0 Exception <a 'java/lang/ClassNotFoundException'{0x000000008fb09938}: org/jetbrains/plugins/gradle/model/scala/ScalaModelBeanInfo> (0x000000008fb09938) 
thrown [s\src\hotspot\share\classfile\systemDictionary.cpp, line 256]
Event: 3.850 Thread 0x000001e8be98e3a0 Exception <a 'java/lang/ClassNotFoundException'{0x000000008fb11c40}: org/jetbrains/plugins/gradle/model/scala/ScalaModelCustomizer> (0x000000008fb11c40) 
thrown [s\src\hotspot\share\classfile\systemDictionary.cpp, line 256]
Event: 3.852 Thread 0x000001e8be98e3a0 Exception <a 'java/lang/ClassNotFoundException'{0x000000008fb42d58}: org/jetbrains/plugins/gradle/model/DependencyAccessorsModelBeanInfo> (0x000000008fb42d58) 
thrown [s\src\hotspot\share\classfile\systemDictionary.cpp, line 256]
Event: 3.853 Thread 0x000001e8be98e3a0 Exception <a 'java/lang/ClassNotFoundException'{0x000000008fb4b108}: org/jetbrains/plugins/gradle/model/DependencyAccessorsModelCustomizer> (0x000000008fb4b108) 
thrown [s\src\hotspot\share\classfile\systemDictionary.cpp, line 256]
Event: 3.932 Thread 0x000001e8be98e3a0 Exception <a 'java/lang/ClassNotFoundException'{0x000000008ca7e3d0}: org/gradle/api/internal/project/DefaultProject_DecoratedBeanInfo> (0x000000008ca7e3d0) 
thrown [s\src\hotspot\share\classfile\systemDictionary.cpp, line 256]
Event: 3.933 Thread 0x000001e8be98e3a0 Exception <a 'java/lang/ClassNotFoundException'{0x000000008ca8af28}: org/gradle/api/internal/project/DefaultProjectBeanInfo> (0x000000008ca8af28) 
thrown [s\src\hotspot\share\classfile\systemDictionary.cpp, line 256]
Event: 3.933 Thread 0x000001e8be98e3a0 Exception <a 'java/lang/ClassNotFoundException'{0x000000008ca97a88}: org/gradle/api/internal/project/DefaultProjectCustomizer> (0x000000008ca97a88) 
thrown [s\src\hotspot\share\classfile\systemDictionary.cpp, line 256]
Event: 3.935 Thread 0x000001e8be98e3a0 Exception <a 'java/lang/ClassNotFoundException'{0x000000008c941290}: org/gradle/api/internal/project/DefaultProject_DecoratedCustomizer> (0x000000008c941290) 
thrown [s\src\hotspot\share\classfile\systemDictionary.cpp, line 256]
Event: 4.157 Thread 0x000001e8be98e3a0 Exception <a 'java/lang/NoSuchMethodError'{0x0000000086d02bf0}: 'java.lang.Object java.lang.invoke.DirectMethodHandle$Holder.newInvokeSpecial(java.lang.Object, java.lang.Object, java.lang.Object, java.lang.Object, java.lang.Object, int)'> (0x0000000086d02bf0) 
thrown [s\src\hotspot\share\interpreter\linkResolver.cpp, line 771]
Event: 4.158 Thread 0x000001e8be98e3a0 Exception <a 'java/lang/NoSuchMethodError'{0x0000000086d08248}: 'java.lang.Object java.lang.invoke.DirectMethodHandle$Holder.invokeSpecial(java.lang.Object, java.lang.Object, java.lang.Object, java.lang.Object, java.lang.Object, java.lang.Object, int)'> (0x0000000086d08248) 
thrown [s\src\hotspot\share\interpreter\linkResolver.cpp, line 771]
Event: 4.163 Thread 0x000001e8be98e3a0 Exception <a 'java/lang/NoSuchMethodError'{0x0000000086da8f28}: 'void java.lang.invoke.DirectMethodHandle$Holder.invokeStatic(java.lang.Object, java.lang.Object, java.lang.Object, int, java.lang.Object)'> (0x0000000086da8f28) 
thrown [s\src\hotspot\share\interpreter\linkResolver.cpp, line 771]
Event: 4.423 Thread 0x000001e8be98e3a0 Implicit null exception at 0x000001e8ac1f53ef to 0x000001e8ac1f5638
Event: 4.588 Thread 0x000001e8be98e3a0 Implicit null exception at 0x000001e8ac1e7c92 to 0x000001e8ac1e8370
Event: 4.588 Thread 0x000001e8be98e3a0 Implicit null exception at 0x000001e8ac1e8c94 to 0x000001e8ac1e9360
Event: 4.719 Thread 0x000001e8be98e3a0 Exception <a 'java/lang/NoSuchMethodError'{0x0000000087793018}: 'java.lang.Object java.lang.invoke.DirectMethodHandle$Holder.newInvokeSpecial(java.lang.Object, java.lang.Object, java.lang.Object, java.lang.Object, int)'> (0x0000000087793018) 
thrown [s\src\hotspot\share\interpreter\linkResolver.cpp, line 771]
Event: 4.719 Thread 0x000001e8be98e3a0 Exception <a 'java/lang/NoSuchMethodError'{0x0000000087798460}: 'java.lang.Object java.lang.invoke.DirectMethodHandle$Holder.invokeSpecial(java.lang.Object, java.lang.Object, java.lang.Object, java.lang.Object, java.lang.Object, int)'> (0x0000000087798460) 
thrown [s\src\hotspot\share\interpreter\linkResolver.cpp, line 771]
Event: 4.719 Thread 0x000001e8be98e3a0 Exception <a 'java/lang/NoSuchMethodError'{0x000000008779d1e0}: 'java.lang.Object java.lang.invoke.Invokers$Holder.linkToTargetMethod(java.lang.Object, java.lang.Object, java.lang.Object, int, java.lang.Object)'> (0x000000008779d1e0) 
thrown [s\src\hotspot\share\interpreter\linkResolver.cpp, line 771]
Event: 4.841 Thread 0x000001e8be98e3a0 Exception <a 'java/lang/NoSuchMethodError'{0x000000008cfa67c8}: 'int java.lang.invoke.DirectMethodHandle$Holder.invokeInterface(java.lang.Object, java.lang.Object, java.lang.Object, java.lang.Object)'> (0x000000008cfa67c8) 
thrown [s\src\hotspot\share\interpreter\linkResolver.cpp, line 771]

VM Operations (20 events):
Event: 4.468 Executing VM operation: G1Concurrent done
Event: 4.480 Executing VM operation: G1Concurrent
Event: 4.480 Executing VM operation: G1Concurrent done
Event: 4.585 Executing VM operation: ICBufferFull
Event: 4.585 Executing VM operation: ICBufferFull done
Event: 4.590 Executing VM operation: G1TryInitiateConcMark
Event: 4.594 Executing VM operation: G1TryInitiateConcMark done
Event: 4.620 Executing VM operation: G1Concurrent
Event: 4.623 Executing VM operation: G1Concurrent done
Event: 4.633 Executing VM operation: G1Concurrent
Event: 4.633 Executing VM operation: G1Concurrent done
Event: 4.803 Executing VM operation: G1CollectForAllocation
Event: 4.806 Executing VM operation: G1CollectForAllocation done
Event: 4.819 Executing VM operation: G1CollectForAllocation
Event: 4.822 Executing VM operation: G1CollectForAllocation done
Event: 4.836 Executing VM operation: HandshakeAllThreads
Event: 4.836 Executing VM operation: HandshakeAllThreads done
Event: 4.840 Executing VM operation: HandshakeAllThreads
Event: 4.840 Executing VM operation: HandshakeAllThreads done
Event: 5.056 Executing VM operation: G1CollectForAllocation

Events (20 events):
Event: 4.919 loading class java/time/format/DateTimeFormatterBuilder$InstantPrinterParser
Event: 4.919 loading class java/time/format/DateTimeFormatterBuilder$InstantPrinterParser done
Event: 4.919 loading class java/time/format/DateTimeTextProvider$LocaleStore
Event: 4.919 loading class java/time/format/DateTimeTextProvider$LocaleStore done
Event: 4.919 loading class java/time/format/DateTimeTextProvider
Event: 4.920 loading class java/time/format/DateTimeTextProvider done
Event: 4.920 loading class java/time/format/DateTimeTextProvider$1
Event: 4.920 loading class java/time/format/DateTimeTextProvider$1 done
Event: 4.920 loading class java/time/format/DateTimeFormatterBuilder$1
Event: 4.920 loading class java/time/format/DateTimeFormatterBuilder$1 done
Event: 4.920 loading class java/time/format/DateTimeFormatterBuilder$TextPrinterParser
Event: 4.920 loading class java/time/format/DateTimeFormatterBuilder$TextPrinterParser done
Event: 4.920 loading class java/util/concurrent/Executors$DefaultThreadFactory
Event: 4.920 loading class java/util/concurrent/Executors$DefaultThreadFactory done
Event: 4.971 loading class java/util/IdentityHashMap$KeyIterator
Event: 4.971 loading class java/util/IdentityHashMap$IdentityHashMapIterator
Event: 4.971 loading class java/util/IdentityHashMap$IdentityHashMapIterator done
Event: 4.971 loading class java/util/IdentityHashMap$KeyIterator done
Event: 4.976 loading class jdk/internal/access/foreign/MemorySegmentProxy
Event: 4.976 loading class jdk/internal/access/foreign/MemorySegmentProxy done


Dynamic libraries:
0x00007ff605f90000 - 0x00007ff605f9a000 	C:\Program Files\Android\Android Studio\jbr\bin\java.exe
0x00007ffe36670000 - 0x00007ffe36868000 	C:\Windows\SYSTEM32\ntdll.dll
0x00007ffe348b0000 - 0x00007ffe3496f000 	C:\Windows\System32\KERNEL32.DLL
0x00007ffe33a50000 - 0x00007ffe33d22000 	C:\Windows\System32\KERNELBASE.dll
0x00007ffe33dd0000 - 0x00007ffe33ed0000 	C:\Windows\System32\ucrtbase.dll
0x00007ffe16770000 - 0x00007ffe1678b000 	C:\Program Files\Android\Android Studio\jbr\bin\VCRUNTIME140.dll
0x00007ffe28c20000 - 0x00007ffe28c37000 	C:\Program Files\Android\Android Studio\jbr\bin\jli.dll
0x00007ffe35670000 - 0x00007ffe3580d000 	C:\Windows\System32\USER32.dll
0x00007ffe34290000 - 0x00007ffe342b2000 	C:\Windows\System32\win32u.dll
0x00007ffe34f40000 - 0x00007ffe34f6b000 	C:\Windows\System32\GDI32.dll
0x00007ffe343d0000 - 0x00007ffe344df000 	C:\Windows\System32\gdi32full.dll
0x00007ffe19340000 - 0x00007ffe195da000 	C:\Windows\WinSxS\amd64_microsoft.windows.common-controls_6595b64144ccf1df_6.0.19041.1110_none_60b5254171f9507e\COMCTL32.dll
0x00007ffe33d30000 - 0x00007ffe33dcd000 	C:\Windows\System32\msvcp_win.dll
0x00007ffe35d20000 - 0x00007ffe35dbe000 	C:\Windows\System32\msvcrt.dll
0x00007ffe35bd0000 - 0x00007ffe35c02000 	C:\Windows\System32\IMM32.DLL
0x00007ffe1fbc0000 - 0x00007ffe1fbcc000 	C:\Program Files\Android\Android Studio\jbr\bin\vcruntime140_1.dll
0x00007ffde6260000 - 0x00007ffde62ed000 	C:\Program Files\Android\Android Studio\jbr\bin\msvcp140.dll
0x00007ffdde720000 - 0x00007ffddf38e000 	C:\Program Files\Android\Android Studio\jbr\bin\server\jvm.dll
0x00007ffe34ce0000 - 0x00007ffe34d8e000 	C:\Windows\System32\ADVAPI32.dll
0x00007ffe345a0000 - 0x00007ffe3463c000 	C:\Windows\System32\sechost.dll
0x00007ffe34a40000 - 0x00007ffe34b65000 	C:\Windows\System32\RPCRT4.dll
0x00007ffe23e20000 - 0x00007ffe23e47000 	C:\Windows\SYSTEM32\WINMM.dll
0x00007ffe163a0000 - 0x00007ffe163a9000 	C:\Windows\SYSTEM32\WSOCK32.dll
0x00007ffe35590000 - 0x00007ffe355fb000 	C:\Windows\System32\WS2_32.dll
0x00007ffe27190000 - 0x00007ffe2719a000 	C:\Windows\SYSTEM32\VERSION.dll
0x00007ffe344e0000 - 0x00007ffe344f2000 	C:\Windows\System32\kernel.appcore.dll
0x00007ffe2b310000 - 0x00007ffe2b31a000 	C:\Program Files\Android\Android Studio\jbr\bin\jimage.dll
0x00007ffe31ef0000 - 0x00007ffe320d4000 	C:\Windows\SYSTEM32\DBGHELP.DLL
0x00007ffe205a0000 - 0x00007ffe205cc000 	C:\Windows\SYSTEM32\dbgcore.DLL
0x00007ffe34340000 - 0x00007ffe343c2000 	C:\Windows\System32\bcryptPrimitives.dll
0x00007ffe293c0000 - 0x00007ffe293e5000 	C:\Program Files\Android\Android Studio\jbr\bin\java.dll
0x00007ffe2a010000 - 0x00007ffe2a028000 	C:\Program Files\Android\Android Studio\jbr\bin\zip.dll
0x00007ffe35dc0000 - 0x00007ffe36503000 	C:\Windows\System32\SHELL32.dll
0x00007ffe2d180000 - 0x00007ffe2d912000 	C:\Windows\SYSTEM32\windows.storage.dll
0x00007ffe35870000 - 0x00007ffe35bc4000 	C:\Windows\System32\combase.dll
0x00007ffe33460000 - 0x00007ffe33490000 	C:\Windows\SYSTEM32\Wldp.dll
0x00007ffe35c10000 - 0x00007ffe35cbd000 	C:\Windows\System32\SHCORE.dll
0x00007ffe34850000 - 0x00007ffe348a5000 	C:\Windows\System32\shlwapi.dll
0x00007ffe33940000 - 0x00007ffe3395f000 	C:\Windows\SYSTEM32\profapi.dll
0x00007ffe28d30000 - 0x00007ffe28d49000 	C:\Program Files\Android\Android Studio\jbr\bin\net.dll
0x00007ffe29f00000 - 0x00007ffe2a00c000 	C:\Windows\SYSTEM32\WINHTTP.dll
0x00007ffe331c0000 - 0x00007ffe3322a000 	C:\Windows\system32\mswsock.dll
0x00007ffe28ce0000 - 0x00007ffe28cf6000 	C:\Program Files\Android\Android Studio\jbr\bin\nio.dll
0x00007ffe29440000 - 0x00007ffe29450000 	C:\Program Files\Android\Android Studio\jbr\bin\verify.dll
0x00007ffdf7510000 - 0x00007ffdf7537000 	F:\MyApplication2\.gradle\native\68d5fa5c4cc2d200863cafc0d521ce42e7d3e7ee720ec0a83991735586a16f82\windows-amd64\native-platform.dll
0x00007ffde5990000 - 0x00007ffde5ad4000 	F:\MyApplication2\.gradle\native\e376f236ea51e6404a007f0833ffe2c6e607c4080706a723a18a27aeea778392\windows-amd64\native-platform-file-events.dll
0x00007ffe28c60000 - 0x00007ffe28c69000 	C:\Program Files\Android\Android Studio\jbr\bin\management.dll
0x00007ffe28c50000 - 0x00007ffe28c5b000 	C:\Program Files\Android\Android Studio\jbr\bin\management_ext.dll
0x00007ffe35600000 - 0x00007ffe35608000 	C:\Windows\System32\PSAPI.DLL
0x00007ffe333b0000 - 0x00007ffe333c8000 	C:\Windows\SYSTEM32\CRYPTSP.dll
0x00007ffe32ac0000 - 0x00007ffe32af4000 	C:\Windows\system32\rsaenh.dll
0x00007ffe34310000 - 0x00007ffe34337000 	C:\Windows\System32\bcrypt.dll
0x00007ffe33900000 - 0x00007ffe3392e000 	C:\Windows\SYSTEM32\USERENV.dll
0x00007ffe333d0000 - 0x00007ffe333dc000 	C:\Windows\SYSTEM32\CRYPTBASE.dll
0x00007ffe32eb0000 - 0x00007ffe32eeb000 	C:\Windows\SYSTEM32\IPHLPAPI.DLL
0x00007ffe35110000 - 0x00007ffe35118000 	C:\Windows\System32\NSI.dll
0x00007ffe27660000 - 0x00007ffe27677000 	C:\Windows\SYSTEM32\dhcpcsvc6.DLL
0x00007ffe271a0000 - 0x00007ffe271bd000 	C:\Windows\SYSTEM32\dhcpcsvc.DLL
0x00007ffe32f00000 - 0x00007ffe32fca000 	C:\Windows\SYSTEM32\DNSAPI.dll
0x00007ffdae180000 - 0x00007ffdae187000 	C:\Windows\system32\wshunix.dll

dbghelp: loaded successfully - version: 4.0.5 - missing functions: none
symbol engine: initialized successfully - sym options: 0x614 - pdb path: .;C:\Program Files\Android\Android Studio\jbr\bin;C:\Windows\SYSTEM32;C:\Windows\WinSxS\amd64_microsoft.windows.common-controls_6595b64144ccf1df_6.0.19041.1110_none_60b5254171f9507e;C:\Program Files\Android\Android Studio\jbr\bin\server;F:\MyApplication2\.gradle\native\68d5fa5c4cc2d200863cafc0d521ce42e7d3e7ee720ec0a83991735586a16f82\windows-amd64;F:\MyApplication2\.gradle\native\e376f236ea51e6404a007f0833ffe2c6e607c4080706a723a18a27aeea778392\windows-amd64

VM Arguments:
jvm_args: --add-opens=java.base/java.util=ALL-UNNAMED --add-opens=java.base/java.lang=ALL-UNNAMED --add-opens=java.base/java.lang.invoke=ALL-UNNAMED --add-opens=java.prefs/java.util.prefs=ALL-UNNAMED --add-opens=java.base/java.nio.charset=ALL-UNNAMED --add-opens=java.base/java.net=ALL-UNNAMED --add-opens=java.base/java.util.concurrent.atomic=ALL-UNNAMED -Xmx2048m -Dfile.encoding=UTF-8 -Duser.country=CN -Duser.language=zh -Duser.variant 
java_command: org.gradle.launcher.daemon.bootstrap.GradleDaemon 8.0
java_class_path (initial): F:\MyApplication2\.gradle\wrapper\dists\gradle-8.0-bin\ca5e32bp14vu59qr306oxotwh\gradle-8.0\lib\gradle-launcher-8.0.jar
Launcher Type: SUN_STANDARD

[Global flags]
     intx CICompilerCount                          = 4                                         {product} {ergonomic}
     uint ConcGCThreads                            = 2                                         {product} {ergonomic}
     uint G1ConcRefinementThreads                  = 8                                         {product} {ergonomic}
   size_t G1HeapRegionSize                         = 1048576                                   {product} {ergonomic}
    uintx GCDrainStackTargetSize                   = 64                                        {product} {ergonomic}
   size_t InitialHeapSize                          = 264241152                                 {product} {ergonomic}
   size_t MarkStackSize                            = 4194304                                   {product} {ergonomic}
   size_t MaxHeapSize                              = 2147483648                                {product} {command line}
   size_t MaxNewSize                               = 1287651328                                {product} {ergonomic}
   size_t MinHeapDeltaBytes                        = 1048576                                   {product} {ergonomic}
   size_t MinHeapSize                              = 8388608                                   {product} {ergonomic}
    uintx NonNMethodCodeHeapSize                   = 5839372                                {pd product} {ergonomic}
    uintx NonProfiledCodeHeapSize                  = 122909434                              {pd product} {ergonomic}
    uintx ProfiledCodeHeapSize                     = 122909434                              {pd product} {ergonomic}
    uintx ReservedCodeCacheSize                    = 251658240                              {pd product} {ergonomic}
     bool SegmentedCodeCache                       = true                                      {product} {ergonomic}
   size_t SoftMaxHeapSize                          = 2147483648                             {manageable} {ergonomic}
     bool UseCompressedClassPointers               = true                           {product lp64_product} {ergonomic}
     bool UseCompressedOops                        = true                           {product lp64_product} {ergonomic}
     bool UseG1GC                                  = true                                      {product} {ergonomic}
     bool UseLargePagesIndividualAllocation        = false                                  {pd product} {ergonomic}

Logging:
Log output configuration:
 #0: stdout all=warning uptime,level,tags
 #1: stderr all=off uptime,level,tags

Environment Variables:
JAVA_HOME=C:\Program Files\Java\jdk-17.0.1
CLASSPATH=C:\Program Files\Java\jdk-17.0.1\lib\dt.jar;C:\Program Files\Java\jdk-17.0.1\lib\tools.jar;
PATH=C:\Program Files\Java\jdk-17.0.1\bin;C:\Program Files\Java\jdk-17.0.1\jre\bin;;C:\Program Files\Common Files\Oracle\Java\javapath;D:\\Scripts\;D:\\;C:\Program Files\Microsoft MPI\Bin\;C:\Program Files (x86)\NVIDIA Corporation\PhysX\Common;C:\Windows\system32;C:\Windows;C:\Windows\System32\Wbem;C:\Windows\System32\WindowsPowerShell\v1.0\;C:\Windows\System32\OpenSSH\;C:\Program Files\NVIDIA Corporation\NVIDIA NvDLISR;C:\Program Files\dotnet\;D:\bin;C:\Strawberry\c\bin;C:\Strawberry\perl\site\bin;C:\Strawberry\perl\bin;D:\\Microsoft VS Code\;C:\Program Files\MySQL\MySQL Server 8.0\bin;D:\\160\Tools\Binn\;C:\Program Files\Microsoft SQL Server\160\Tools\Binn\;C:\Program Files\Microsoft SQL Server\Client SDK\ODBC\170\Tools\Binn\;C:\Program Files\Microsoft SQL Server\160\DTS\Binn\;D:\\160\DTS\Binn\;C:\Program Files\Azure Data Studio\bin;C:\Users\25599\matlab2016\runtime\win64;C:\Users\25599\matlab2016\bin;C:\Users\25599\matlab2016\polyspace\bin;C:\Program Files\MySQL\MySQL Shell 8.0\bin\;C:\Users\25599\AppData\Local\Microsoft\WindowsApps;%IntelliJ IDEA Community Edition%;D:\\Microsoft VS Code\bin;C:\Users\25599\AppData\Roaming\npm;%IntelliJ IDEA%;C:\Program Files\Azure Data Studio\bin;C:\ProgramData\25599\GitHubDesktop\bin;C:\intelFPGA\18.1\modelsim_ase\win32aloem;D:\inmodlesim\win64
USERNAME=25599
OS=Windows_NT
PROCESSOR_IDENTIFIER=Intel64 Family 6 Model 140 Stepping 1, GenuineIntel
TMP=C:\Users\25599\AppData\Local\Temp
TEMP=C:\Users\25599\AppData\Local\Temp


JNI global refs:
JNI global refs: 28, weak refs: 1

JNI global refs memory usage: 843, weak refs: 841


---------------  S Y S T E M  ---------------

OS:
 Windows 10 , 64 bit Build 19041 (10.0.19041.2251)
OS uptime: 0 days 1:48 hours
Hyper-V role detected

CPU: total 8 (initial active 8) (4 cores per cpu, 2 threads per core) family 6 model 140 stepping 1 microcode 0xac, cx8, cmov, fxsr, ht, mmx, 3dnowpref, sse, sse2, sse3, ssse3, sse4.1, sse4.2, popcnt, lzcnt, tsc, tscinvbit, avx, avx2, aes, erms, clmul, bmi1, bmi2, adx, avx512f, avx512dq, avx512cd, avx512bw, avx512vl, sha, fma, vzeroupper, avx512_vpopcntdq, avx512_vpclmulqdq, avx512_vaes, avx512_vnni, clflush, clflushopt, clwb, avx512_vbmi2, avx512_vbmi, hv

Memory: 4k page, system-wide physical 16106M (3300M free)
TotalPageFile size 16106M (AvailPageFile size 45M)
current process WorkingSet (physical memory assigned to process): 348M, peak: 349M
current process commit charge ("private bytes"): 385M, peak: 457M

vm_info: OpenJDK 64-Bit Server VM (17.0.6+0-b2043.56-10027231) for windows-amd64 JRE (17.0.6+0-b2043.56-10027231), built on Apr 28 2023 00:43:19 by "androidbuild" with MS VC++ 16.10 / 16.11 (VS2019)

END.
