#
# There is insufficient memory for the Java Runtime Environment to continue.
# Native memory allocation (malloc) failed to allocate 1716368 bytes for Chunk::new
# Possible reasons:
#   The system is out of physical RAM or swap space
#   The process is running with CompressedOops enabled, and the Java Heap may be blocking the growth of the native heap
# Possible solutions:
#   Reduce memory load on the system
#   Increase physical memory or swap space
#   Check if swap backing store is full
#   Decrease Java heap size (-Xmx/-Xms)
#   Decrease number of Java threads
#   Decrease Java thread stack sizes (-Xss)
#   Set larger code cache with -XX:ReservedCodeCacheSize=
#   JVM is running with Unscaled Compressed Oops mode in which the Java heap is
#     placed in the first 4GB address space. The Java Heap base address is the
#     maximum limit for the native heap growth. Please use -XX:HeapBaseMinAddress
#     to set the Java Heap base and to place the Java Heap above 4GB virtual address.
# This output file may be truncated or incomplete.
#
#  Out of Memory Error (arena.cpp:189), pid=2064, tid=16020
#
# JRE version: OpenJDK Runtime Environment (17.0.6) (build 17.0.6+0-b2043.56-10027231)
# Java VM: OpenJDK 64-Bit Server VM (17.0.6+0-b2043.56-10027231, mixed mode, tiered, compressed oops, compressed class ptrs, g1 gc, windows-amd64)
# No core dump will be written. Minidumps are not enabled by default on client versions of Windows
#

---------------  S U M M A R Y ------------

Command Line: --add-opens=java.base/java.util=ALL-UNNAMED --add-opens=java.base/java.lang=ALL-UNNAMED --add-opens=java.base/java.lang.invoke=ALL-UNNAMED --add-opens=java.prefs/java.util.prefs=ALL-UNNAMED --add-opens=java.base/java.nio.charset=ALL-UNNAMED --add-opens=java.base/java.net=ALL-UNNAMED --add-opens=java.base/java.util.concurrent.atomic=ALL-UNNAMED -Xmx2048m -Dfile.encoding=UTF-8 -Duser.country=CN -Duser.language=zh -Duser.variant org.gradle.launcher.daemon.bootstrap.GradleDaemon 8.0

Host: 11th Gen Intel(R) Core(TM) i7-1165G7 @ 2.80GHz, 8 cores, 15G,  Windows 10 , 64 bit Build 19041 (10.0.19041.2251)
Time: Wed Jan 17 06:09:21 2024  Windows 10 , 64 bit Build 19041 (10.0.19041.2251) elapsed time: 4.916130 seconds (0d 0h 0m 4s)

---------------  T H R E A D  ---------------

Current thread (0x00000231eb4e27b0):  JavaThread "C2 CompilerThread0" daemon [_thread_in_native, id=16020, stack(0x000000709c400000,0x000000709c500000)]


Current CompileTask:
C2:   4916 6414       4       com.google.common.collect.ImmutableSet$RegularSetBuilderImpl::add (68 bytes)

Stack: [0x000000709c400000,0x000000709c500000]
Native frames: (J=compiled Java code, j=interpreted, Vv=VM code, C=native code)
V  [jvm.dll+0x683c9a]
V  [jvm.dll+0x8427a4]
V  [jvm.dll+0x843f9e]
V  [jvm.dll+0x844603]
V  [jvm.dll+0x249b75]
V  [jvm.dll+0xabcac]
V  [jvm.dll+0xac27c]
V  [jvm.dll+0x368857]
V  [jvm.dll+0x332f31]
V  [jvm.dll+0x3323da]
V  [jvm.dll+0x21c201]
V  [jvm.dll+0x21b621]
V  [jvm.dll+0x1a4fdd]
V  [jvm.dll+0x22b098]
V  [jvm.dll+0x229159]
V  [jvm.dll+0x7f81ec]
V  [jvm.dll+0x7f274a]
V  [jvm.dll+0x682ad5]
C  [ucrtbase.dll+0x21bb2]
C  [KERNEL32.DLL+0x174b4]
C  [ntdll.dll+0x526a1]


---------------  P R O C E S S  ---------------

Threads class SMR info:
_java_thread_list=0x00000231f2932a50, length=126, elements={
0x00000231ced9dbd0, 0x00000231eb468410, 0x00000231eb468ed0, 0x00000231eb4c2130,
0x00000231eb4c29f0, 0x00000231eb4df6e0, 0x00000231eb4e1bc0, 0x00000231eb4e27b0,
0x00000231eb4e3160, 0x00000231eb4e4070, 0x00000231eb672020, 0x00000231eb674b40,
0x00000231eb72a0a0, 0x00000231eb72b2c0, 0x00000231ee37d910, 0x00000231ee241440,
0x00000231ec93b270, 0x00000231eca3fb10, 0x00000231eca3ffe0, 0x00000231edcb6f10,
0x00000231ecb1ff30, 0x00000231ecc8e160, 0x00000231edf01a10, 0x00000231edf04560,
0x00000231edf023b0, 0x00000231edf02d50, 0x00000231edf036f0, 0x00000231edf04a30,
0x00000231edf03bc0, 0x00000231edf01070, 0x00000231edf04090, 0x00000231edf01540,
0x00000231edf01ee0, 0x00000231edf02880, 0x00000231f1ff7740, 0x00000231f1ff5f30,
0x00000231f1ffbaa0, 0x00000231f1ff9420, 0x00000231f1ff6400, 0x00000231f1ffc440,
0x00000231f1ff8a80, 0x00000231f1ffbf70, 0x00000231f1ff50c0, 0x00000231f1ff5a60,
0x00000231f1ff6da0, 0x00000231f1ff8f50, 0x00000231f1ff85b0, 0x00000231f1ff9dc0,
0x00000231f1ffa290, 0x00000231f44ef700, 0x00000231f44f2720, 0x00000231f44ef230,
0x00000231f44efbd0, 0x00000231f44eed60, 0x00000231f44edef0, 0x00000231f44f00a0,
0x00000231f44f4400, 0x00000231f44f0f10, 0x00000231f44f1d80, 0x00000231f44f3a60,
0x00000231f44f48d0, 0x00000231f44f13e0, 0x00000231f44ed080, 0x00000231f44f0570,
0x00000231f44ee3c0, 0x00000231f44f0a40, 0x00000231f44f30c0, 0x00000231f44ed550,
0x00000231f44f3590, 0x00000231f44f3f30, 0x00000231f44ee890, 0x00000231f44f18b0,
0x00000231f44f2250, 0x00000231f44f2bf0, 0x00000231f44eda20, 0x00000231f4505580,
0x00000231f450c900, 0x00000231f450ba90, 0x00000231f4505f20, 0x00000231f4507730,
0x00000231f450b0f0, 0x00000231f4505a50, 0x00000231f45063f0, 0x00000231f4509410,
0x00000231f450a280, 0x00000231f450bf60, 0x00000231f4507c00, 0x00000231f4509db0,
0x00000231f45080d0, 0x00000231f45098e0, 0x00000231f450a750, 0x00000231f4506d90,
0x00000231f4507260, 0x00000231f450b5c0, 0x00000231f45068c0, 0x00000231f450c430,
0x00000231f45085a0, 0x00000231f4508a70, 0x00000231f45050b0, 0x00000231f4508f40,
0x00000231f450ac20, 0x00000231ef9fc5e0, 0x00000231ef9fa430, 0x00000231ef9fb770,
0x00000231efa01c80, 0x00000231ef9ffad0, 0x00000231ef9fa900, 0x00000231ef9fadd0,
0x00000231ef9fe2c0, 0x00000231ef9fcab0, 0x00000231efa00940, 0x00000231efa017b0,
0x00000231efa00470, 0x00000231efa00e10, 0x00000231efa012e0, 0x00000231ef9ff130,
0x00000231ef9fe790, 0x00000231ef9fffa0, 0x00000231ef9ff600, 0x00000231ef9fb2a0,
0x00000231ef9fbc40, 0x00000231ef9fc110, 0x00000231ef9fddf0, 0x00000231ef9fcf80,
0x00000231ef9fd450, 0x00000231ef9fd920
}

Java Threads: ( => current thread )
  0x00000231ced9dbd0 JavaThread "main" [_thread_blocked, id=8776, stack(0x000000709b700000,0x000000709b800000)]
  0x00000231eb468410 JavaThread "Reference Handler" daemon [_thread_blocked, id=1604, stack(0x000000709be00000,0x000000709bf00000)]
  0x00000231eb468ed0 JavaThread "Finalizer" daemon [_thread_blocked, id=444, stack(0x000000709bf00000,0x000000709c000000)]
  0x00000231eb4c2130 JavaThread "Signal Dispatcher" daemon [_thread_blocked, id=14960, stack(0x000000709c000000,0x000000709c100000)]
  0x00000231eb4c29f0 JavaThread "Attach Listener" daemon [_thread_blocked, id=20452, stack(0x000000709c100000,0x000000709c200000)]
  0x00000231eb4df6e0 JavaThread "Service Thread" daemon [_thread_blocked, id=17816, stack(0x000000709c200000,0x000000709c300000)]
  0x00000231eb4e1bc0 JavaThread "Monitor Deflation Thread" daemon [_thread_blocked, id=17376, stack(0x000000709c300000,0x000000709c400000)]
=>0x00000231eb4e27b0 JavaThread "C2 CompilerThread0" daemon [_thread_in_native, id=16020, stack(0x000000709c400000,0x000000709c500000)]
  0x00000231eb4e3160 JavaThread "C1 CompilerThread0" daemon [_thread_blocked, id=3016, stack(0x000000709c500000,0x000000709c600000)]
  0x00000231eb4e4070 JavaThread "Sweeper thread" daemon [_thread_blocked, id=6212, stack(0x000000709c600000,0x000000709c700000)]
  0x00000231eb672020 JavaThread "Common-Cleaner" daemon [_thread_blocked, id=5540, stack(0x000000709c700000,0x000000709c800000)]
  0x00000231eb674b40 JavaThread "Notification Thread" daemon [_thread_blocked, id=15344, stack(0x000000709c800000,0x000000709c900000)]
  0x00000231eb72a0a0 JavaThread "C2 CompilerThread1" daemon [_thread_blocked, id=12828, stack(0x000000709ca00000,0x000000709cb00000)]
  0x00000231eb72b2c0 JavaThread "C2 CompilerThread2" daemon [_thread_in_native, id=14512, stack(0x000000709cb00000,0x000000709cc00000)]
  0x00000231ee37d910 JavaThread "Daemon health stats" [_thread_blocked, id=13784, stack(0x000000709d100000,0x000000709d200000)]
  0x00000231ee241440 JavaThread "Incoming local TCP Connector on port 54046" [_thread_in_native, id=16868, stack(0x000000709d200000,0x000000709d300000)]
  0x00000231ec93b270 JavaThread "Daemon periodic checks" [_thread_blocked, id=17524, stack(0x000000709d300000,0x000000709d400000)]
  0x00000231eca3fb10 JavaThread "Daemon" [_thread_blocked, id=22228, stack(0x000000709d400000,0x000000709d500000)]
  0x00000231eca3ffe0 JavaThread "Handler for socket connection from /127.0.0.1:54046 to /127.0.0.1:54047" [_thread_in_native, id=19756, stack(0x000000709d500000,0x000000709d600000)]
  0x00000231edcb6f10 JavaThread "Cancel handler" [_thread_blocked, id=23204, stack(0x000000709d600000,0x000000709d700000)]
  0x00000231ecb1ff30 JavaThread "Daemon worker" [_thread_in_vm, id=20352, stack(0x000000709d700000,0x000000709d800000)]
  0x00000231ecc8e160 JavaThread "Asynchronous log dispatcher for DefaultDaemonConnection: socket connection from /127.0.0.1:54046 to /127.0.0.1:54047" [_thread_blocked, id=16988, stack(0x000000709d800000,0x000000709d900000)]
  0x00000231edf01a10 JavaThread "Stdin handler" [_thread_blocked, id=20960, stack(0x000000709d900000,0x000000709da00000)]
  0x00000231edf04560 JavaThread "Daemon client event forwarder" [_thread_blocked, id=3196, stack(0x000000709da00000,0x000000709db00000)]
  0x00000231edf023b0 JavaThread "Cache worker for journal cache (F:\MyApplication2\.gradle\caches\journal-1)" [_thread_blocked, id=18556, stack(0x000000709de00000,0x000000709df00000)]
  0x00000231edf02d50 JavaThread "File lock request listener" [_thread_in_native, id=21956, stack(0x000000709df00000,0x000000709e000000)]
  0x00000231edf036f0 JavaThread "Cache worker for file hash cache (F:\MyApplication2\.gradle\caches\8.0\fileHashes)" [_thread_blocked, id=20460, stack(0x000000709e000000,0x000000709e100000)]
  0x00000231edf04a30 JavaThread "File watcher server" daemon [_thread_in_native, id=16348, stack(0x000000709e100000,0x000000709e200000)]
  0x00000231edf03bc0 JavaThread "File watcher consumer" daemon [_thread_blocked, id=18316, stack(0x000000709e200000,0x000000709e300000)]
  0x00000231edf01070 JavaThread "jar transforms" [_thread_blocked, id=12572, stack(0x000000709e300000,0x000000709e400000)]
  0x00000231edf04090 JavaThread "jar transforms Thread 2" [_thread_blocked, id=10884, stack(0x000000709e400000,0x000000709e500000)]
  0x00000231edf01540 JavaThread "jar transforms Thread 3" [_thread_blocked, id=13500, stack(0x000000709e500000,0x000000709e600000)]
  0x00000231edf01ee0 JavaThread "jar transforms Thread 4" [_thread_blocked, id=7060, stack(0x000000709e600000,0x000000709e700000)]
  0x00000231edf02880 JavaThread "jar transforms Thread 5" [_thread_blocked, id=13812, stack(0x000000709e700000,0x000000709e800000)]
  0x00000231f1ff7740 JavaThread "jar transforms Thread 6" [_thread_blocked, id=15392, stack(0x000000709e800000,0x000000709e900000)]
  0x00000231f1ff5f30 JavaThread "jar transforms Thread 7" [_thread_blocked, id=13276, stack(0x000000709e900000,0x000000709ea00000)]
  0x00000231f1ffbaa0 JavaThread "jar transforms Thread 8" [_thread_blocked, id=9440, stack(0x000000709ea00000,0x000000709eb00000)]
  0x00000231f1ff9420 JavaThread "Cache worker for checksums cache (F:\myapp\.gradle\8.0\checksums)" [_thread_blocked, id=4084, stack(0x000000709eb00000,0x000000709ec00000)]
  0x00000231f1ff6400 JavaThread "Cache worker for cache directory md-rule (F:\MyApplication2\.gradle\caches\8.0\md-rule)" [_thread_blocked, id=16544, stack(0x000000709ec00000,0x000000709ed00000)]
  0x00000231f1ffc440 JavaThread "Cache worker for file content cache (F:\MyApplication2\.gradle\caches\8.0\fileContent)" [_thread_blocked, id=11636, stack(0x000000709ed00000,0x000000709ee00000)]
  0x00000231f1ff8a80 JavaThread "Cache worker for file hash cache (F:\myapp\.gradle\8.0\fileHashes)" [_thread_blocked, id=16200, stack(0x000000709ee00000,0x000000709ef00000)]
  0x00000231f1ffbf70 JavaThread "Cache worker for cache directory md-supplier (F:\MyApplication2\.gradle\caches\8.0\md-supplier)" [_thread_blocked, id=22076, stack(0x000000709ef00000,0x000000709f000000)]
  0x00000231f1ff50c0 JavaThread "Cache worker for execution history cache (F:\MyApplication2\.gradle\caches\8.0\executionHistory)" [_thread_blocked, id=9160, stack(0x000000709f000000,0x000000709f100000)]
  0x00000231f1ff5a60 JavaThread "Cache worker for kotlin-dsl (F:\MyApplication2\.gradle\caches\8.0\kotlin-dsl)" [_thread_blocked, id=7740, stack(0x000000709f100000,0x000000709f200000)]
  0x00000231f1ff6da0 JavaThread "Cache worker for dependencies-accessors (F:\myapp\.gradle\8.0\dependencies-accessors)" [_thread_blocked, id=9192, stack(0x000000709f200000,0x000000709f300000)]
  0x00000231f1ff8f50 JavaThread "Cache worker for Build Output Cleanup Cache (F:\myapp\.gradle\buildOutputCleanup)" [_thread_blocked, id=6452, stack(0x000000709f300000,0x000000709f400000)]
  0x00000231f1ff85b0 JavaThread "Unconstrained build operations" [_thread_blocked, id=1864, stack(0x000000709f400000,0x000000709f500000)]
  0x00000231f1ff9dc0 JavaThread "Unconstrained build operations Thread 2" [_thread_blocked, id=8984, stack(0x000000709f500000,0x000000709f600000)]
  0x00000231f1ffa290 JavaThread "Unconstrained build operations Thread 3" [_thread_blocked, id=22700, stack(0x000000709f600000,0x000000709f700000)]
  0x00000231f44ef700 JavaThread "Unconstrained build operations Thread 4" [_thread_blocked, id=22628, stack(0x000000709f700000,0x000000709f800000)]
  0x00000231f44f2720 JavaThread "Unconstrained build operations Thread 5" [_thread_blocked, id=12944, stack(0x000000709f800000,0x000000709f900000)]
  0x00000231f44ef230 JavaThread "Unconstrained build operations Thread 6" [_thread_blocked, id=18892, stack(0x000000709f900000,0x000000709fa00000)]
  0x00000231f44efbd0 JavaThread "Unconstrained build operations Thread 7" [_thread_blocked, id=21480, stack(0x000000709fa00000,0x000000709fb00000)]
  0x00000231f44eed60 JavaThread "Unconstrained build operations Thread 8" [_thread_blocked, id=14864, stack(0x000000709fb00000,0x000000709fc00000)]
  0x00000231f44edef0 JavaThread "Unconstrained build operations Thread 9" [_thread_blocked, id=2408, stack(0x000000709fc00000,0x000000709fd00000)]
  0x00000231f44f00a0 JavaThread "Unconstrained build operations Thread 10" [_thread_blocked, id=22604, stack(0x000000709fd00000,0x000000709fe00000)]
  0x00000231f44f4400 JavaThread "Unconstrained build operations Thread 11" [_thread_blocked, id=22456, stack(0x000000709fe00000,0x000000709ff00000)]
  0x00000231f44f0f10 JavaThread "Unconstrained build operations Thread 12" [_thread_blocked, id=16652, stack(0x000000709ff00000,0x00000070a0000000)]
  0x00000231f44f1d80 JavaThread "Unconstrained build operations Thread 13" [_thread_blocked, id=18712, stack(0x00000070a0000000,0x00000070a0100000)]
  0x00000231f44f3a60 JavaThread "Unconstrained build operations Thread 14" [_thread_blocked, id=8992, stack(0x00000070a0100000,0x00000070a0200000)]
  0x00000231f44f48d0 JavaThread "Unconstrained build operations Thread 15" [_thread_blocked, id=9808, stack(0x00000070a0200000,0x00000070a0300000)]
  0x00000231f44f13e0 JavaThread "Unconstrained build operations Thread 16" [_thread_blocked, id=7760, stack(0x00000070a0300000,0x00000070a0400000)]
  0x00000231f44ed080 JavaThread "Unconstrained build operations Thread 17" [_thread_blocked, id=18540, stack(0x00000070a0400000,0x00000070a0500000)]
  0x00000231f44f0570 JavaThread "Unconstrained build operations Thread 18" [_thread_blocked, id=15752, stack(0x00000070a0500000,0x00000070a0600000)]
  0x00000231f44ee3c0 JavaThread "Unconstrained build operations Thread 19" [_thread_blocked, id=14588, stack(0x00000070a0600000,0x00000070a0700000)]
  0x00000231f44f0a40 JavaThread "Unconstrained build operations Thread 20" [_thread_blocked, id=10180, stack(0x00000070a0700000,0x00000070a0800000)]
  0x00000231f44f30c0 JavaThread "Unconstrained build operations Thread 21" [_thread_blocked, id=5048, stack(0x00000070a0800000,0x00000070a0900000)]
  0x00000231f44ed550 JavaThread "Unconstrained build operations Thread 22" [_thread_blocked, id=15208, stack(0x00000070a0900000,0x00000070a0a00000)]
  0x00000231f44f3590 JavaThread "Unconstrained build operations Thread 23" [_thread_blocked, id=18700, stack(0x00000070a0a00000,0x00000070a0b00000)]
  0x00000231f44f3f30 JavaThread "Unconstrained build operations Thread 24" [_thread_blocked, id=3384, stack(0x00000070a0b00000,0x00000070a0c00000)]
  0x00000231f44ee890 JavaThread "Unconstrained build operations Thread 25" [_thread_blocked, id=6800, stack(0x00000070a0c00000,0x00000070a0d00000)]
  0x00000231f44f18b0 JavaThread "Unconstrained build operations Thread 26" [_thread_blocked, id=3212, stack(0x00000070a0d00000,0x00000070a0e00000)]
  0x00000231f44f2250 JavaThread "Unconstrained build operations Thread 27" [_thread_blocked, id=16480, stack(0x00000070a0e00000,0x00000070a0f00000)]
  0x00000231f44f2bf0 JavaThread "Unconstrained build operations Thread 28" [_thread_blocked, id=15460, stack(0x00000070a0f00000,0x00000070a1000000)]
  0x00000231f44eda20 JavaThread "Unconstrained build operations Thread 29" [_thread_blocked, id=15272, stack(0x00000070a1000000,0x00000070a1100000)]
  0x00000231f4505580 JavaThread "Unconstrained build operations Thread 30" [_thread_blocked, id=9712, stack(0x00000070a1100000,0x00000070a1200000)]
  0x00000231f450c900 JavaThread "Unconstrained build operations Thread 31" [_thread_blocked, id=7364, stack(0x00000070a1200000,0x00000070a1300000)]
  0x00000231f450ba90 JavaThread "Unconstrained build operations Thread 32" [_thread_blocked, id=2248, stack(0x00000070a1300000,0x00000070a1400000)]
  0x00000231f4505f20 JavaThread "Unconstrained build operations Thread 33" [_thread_blocked, id=16904, stack(0x00000070a1400000,0x00000070a1500000)]
  0x00000231f4507730 JavaThread "Unconstrained build operations Thread 34" [_thread_blocked, id=16648, stack(0x00000070a1500000,0x00000070a1600000)]
  0x00000231f450b0f0 JavaThread "Unconstrained build operations Thread 35" [_thread_blocked, id=7000, stack(0x00000070a1600000,0x00000070a1700000)]
  0x00000231f4505a50 JavaThread "Unconstrained build operations Thread 36" [_thread_blocked, id=4168, stack(0x00000070a1700000,0x00000070a1800000)]
  0x00000231f45063f0 JavaThread "Unconstrained build operations Thread 37" [_thread_blocked, id=19356, stack(0x00000070a1800000,0x00000070a1900000)]
  0x00000231f4509410 JavaThread "Unconstrained build operations Thread 38" [_thread_blocked, id=14716, stack(0x00000070a1900000,0x00000070a1a00000)]
  0x00000231f450a280 JavaThread "Unconstrained build operations Thread 39" [_thread_blocked, id=2808, stack(0x00000070a1a00000,0x00000070a1b00000)]
  0x00000231f450bf60 JavaThread "Unconstrained build operations Thread 40" [_thread_blocked, id=15436, stack(0x00000070a1b00000,0x00000070a1c00000)]
  0x00000231f4507c00 JavaThread "Unconstrained build operations Thread 41" [_thread_blocked, id=6508, stack(0x00000070a1c00000,0x00000070a1d00000)]
  0x00000231f4509db0 JavaThread "Unconstrained build operations Thread 42" [_thread_blocked, id=7272, stack(0x00000070a1d00000,0x00000070a1e00000)]
  0x00000231f45080d0 JavaThread "Unconstrained build operations Thread 43" [_thread_blocked, id=23164, stack(0x00000070a1e00000,0x00000070a1f00000)]
  0x00000231f45098e0 JavaThread "Unconstrained build operations Thread 44" [_thread_blocked, id=16748, stack(0x00000070a1f00000,0x00000070a2000000)]
  0x00000231f450a750 JavaThread "Unconstrained build operations Thread 45" [_thread_blocked, id=3296, stack(0x00000070a2000000,0x00000070a2100000)]
  0x00000231f4506d90 JavaThread "Unconstrained build operations Thread 46" [_thread_blocked, id=13380, stack(0x00000070a2100000,0x00000070a2200000)]
  0x00000231f4507260 JavaThread "Unconstrained build operations Thread 47" [_thread_blocked, id=3580, stack(0x00000070a2200000,0x00000070a2300000)]
  0x00000231f450b5c0 JavaThread "Unconstrained build operations Thread 48" [_thread_blocked, id=5596, stack(0x00000070a2300000,0x00000070a2400000)]
  0x00000231f45068c0 JavaThread "Unconstrained build operations Thread 49" [_thread_blocked, id=17824, stack(0x00000070a2400000,0x00000070a2500000)]
  0x00000231f450c430 JavaThread "Unconstrained build operations Thread 50" [_thread_blocked, id=18948, stack(0x00000070a2500000,0x00000070a2600000)]
  0x00000231f45085a0 JavaThread "Unconstrained build operations Thread 51" [_thread_blocked, id=9596, stack(0x00000070a2600000,0x00000070a2700000)]
  0x00000231f4508a70 JavaThread "Unconstrained build operations Thread 52" [_thread_blocked, id=21460, stack(0x00000070a2700000,0x00000070a2800000)]
  0x00000231f45050b0 JavaThread "Unconstrained build operations Thread 53" [_thread_blocked, id=18356, stack(0x00000070a2800000,0x00000070a2900000)]
  0x00000231f4508f40 JavaThread "Unconstrained build operations Thread 54" [_thread_blocked, id=10720, stack(0x00000070a2900000,0x00000070a2a00000)]
  0x00000231f450ac20 JavaThread "Unconstrained build operations Thread 55" [_thread_blocked, id=11572, stack(0x00000070a2a00000,0x00000070a2b00000)]
  0x00000231ef9fc5e0 JavaThread "Unconstrained build operations Thread 56" [_thread_blocked, id=22992, stack(0x00000070a2b00000,0x00000070a2c00000)]
  0x00000231ef9fa430 JavaThread "Unconstrained build operations Thread 57" [_thread_blocked, id=13748, stack(0x00000070a2c00000,0x00000070a2d00000)]
  0x00000231ef9fb770 JavaThread "Unconstrained build operations Thread 58" [_thread_blocked, id=23216, stack(0x00000070a2d00000,0x00000070a2e00000)]
  0x00000231efa01c80 JavaThread "Unconstrained build operations Thread 59" [_thread_blocked, id=21908, stack(0x00000070a2e00000,0x00000070a2f00000)]
  0x00000231ef9ffad0 JavaThread "Unconstrained build operations Thread 60" [_thread_blocked, id=8108, stack(0x00000070a2f00000,0x00000070a3000000)]
  0x00000231ef9fa900 JavaThread "Unconstrained build operations Thread 61" [_thread_blocked, id=21744, stack(0x00000070a3000000,0x00000070a3100000)]
  0x00000231ef9fadd0 JavaThread "Unconstrained build operations Thread 62" [_thread_blocked, id=15480, stack(0x00000070a3100000,0x00000070a3200000)]
  0x00000231ef9fe2c0 JavaThread "Unconstrained build operations Thread 63" [_thread_blocked, id=22260, stack(0x00000070a3200000,0x00000070a3300000)]
  0x00000231ef9fcab0 JavaThread "Unconstrained build operations Thread 64" [_thread_blocked, id=23168, stack(0x00000070a3300000,0x00000070a3400000)]
  0x00000231efa00940 JavaThread "Unconstrained build operations Thread 65" [_thread_blocked, id=9100, stack(0x00000070a3400000,0x00000070a3500000)]
  0x00000231efa017b0 JavaThread "Unconstrained build operations Thread 66" [_thread_blocked, id=21236, stack(0x00000070a3500000,0x00000070a3600000)]
  0x00000231efa00470 JavaThread "Unconstrained build operations Thread 67" [_thread_blocked, id=17760, stack(0x00000070a3600000,0x00000070a3700000)]
  0x00000231efa00e10 JavaThread "Unconstrained build operations Thread 68" [_thread_blocked, id=22932, stack(0x00000070a3700000,0x00000070a3800000)]
  0x00000231efa012e0 JavaThread "Unconstrained build operations Thread 69" [_thread_blocked, id=5548, stack(0x00000070a3800000,0x00000070a3900000)]
  0x00000231ef9ff130 JavaThread "Unconstrained build operations Thread 70" [_thread_blocked, id=13156, stack(0x00000070a3900000,0x00000070a3a00000)]
  0x00000231ef9fe790 JavaThread "Unconstrained build operations Thread 71" [_thread_blocked, id=16896, stack(0x00000070a3a00000,0x00000070a3b00000)]
  0x00000231ef9fffa0 JavaThread "Unconstrained build operations Thread 72" [_thread_blocked, id=14540, stack(0x00000070a3b00000,0x00000070a3c00000)]
  0x00000231ef9ff600 JavaThread "Unconstrained build operations Thread 73" [_thread_blocked, id=13316, stack(0x00000070a3c00000,0x00000070a3d00000)]
  0x00000231ef9fb2a0 JavaThread "Unconstrained build operations Thread 74" [_thread_blocked, id=13248, stack(0x00000070a3d00000,0x00000070a3e00000)]
  0x00000231ef9fbc40 JavaThread "Unconstrained build operations Thread 75" [_thread_blocked, id=3896, stack(0x00000070a3e00000,0x00000070a3f00000)]
  0x00000231ef9fc110 JavaThread "Unconstrained build operations Thread 76" [_thread_blocked, id=15828, stack(0x00000070a3f00000,0x00000070a4000000)]
  0x00000231ef9fddf0 JavaThread "Unconstrained build operations Thread 77" [_thread_blocked, id=18868, stack(0x00000070a4000000,0x00000070a4100000)]
  0x00000231ef9fcf80 JavaThread "Unconstrained build operations Thread 78" [_thread_blocked, id=3948, stack(0x00000070a4100000,0x00000070a4200000)]
  0x00000231ef9fd450 JavaThread "Unconstrained build operations Thread 79" [_thread_blocked, id=4236, stack(0x00000070a4200000,0x00000070a4300000)]
  0x00000231ef9fd920 JavaThread "Unconstrained build operations Thread 80" [_thread_blocked, id=2344, stack(0x00000070a4300000,0x00000070a4400000)]

Other Threads:
  0x00000231eb465950 VMThread "VM Thread" [stack: 0x000000709bd00000,0x000000709be00000] [id=8480]
  0x00000231eb675010 WatcherThread [stack: 0x000000709c900000,0x000000709ca00000] [id=13888]
  0x00000231cedfbc00 GCTaskThread "GC Thread#0" [stack: 0x000000709b800000,0x000000709b900000] [id=14080]
  0x00000231ec188030 GCTaskThread "GC Thread#1" [stack: 0x000000709cc00000,0x000000709cd00000] [id=12880]
  0x00000231ebdc6c70 GCTaskThread "GC Thread#2" [stack: 0x000000709cd00000,0x000000709ce00000] [id=3292]
  0x00000231ec448080 GCTaskThread "GC Thread#3" [stack: 0x000000709ce00000,0x000000709cf00000] [id=21980]
  0x00000231ec449350 GCTaskThread "GC Thread#4" [stack: 0x000000709cf00000,0x000000709d000000] [id=16344]
  0x00000231ec449600 GCTaskThread "GC Thread#5" [stack: 0x000000709d000000,0x000000709d100000] [id=10988]
  0x00000231ec448330 GCTaskThread "GC Thread#6" [stack: 0x000000709db00000,0x000000709dc00000] [id=23176]
  0x00000231ec448890 GCTaskThread "GC Thread#7" [stack: 0x000000709dc00000,0x000000709dd00000] [id=12964]
  0x00000231cee0ca50 ConcurrentGCThread "G1 Main Marker" [stack: 0x000000709b900000,0x000000709ba00000] [id=13720]
  0x00000231cee0eb20 ConcurrentGCThread "G1 Conc#0" [stack: 0x000000709ba00000,0x000000709bb00000] [id=868]
  0x00000231ec449b60 ConcurrentGCThread "G1 Conc#1" [stack: 0x000000709dd00000,0x000000709de00000] [id=8464]
  0x00000231cee6d310 ConcurrentGCThread "G1 Refine#0" [stack: 0x000000709bb00000,0x000000709bc00000] [id=9028]
  0x00000231cee6dc40 ConcurrentGCThread "G1 Service" [stack: 0x000000709bc00000,0x000000709bd00000] [id=15756]

Threads with active compile tasks:
C2 CompilerThread0     4950 6414       4       com.google.common.collect.ImmutableSet$RegularSetBuilderImpl::add (68 bytes)
C2 CompilerThread2     4950 6454   !   4       com.google.common.reflect.TypeVisitor::visit (244 bytes)

VM state: not at safepoint (normal execution)

VM Mutex/Monitor currently owned by a thread:  ([mutex/lock_event])
[0x00000231ced98620] MethodData_lock - owner thread: 0x00000231eb4e3160
[0x00000231ced99550] MethodCompileQueue_lock - owner thread: 0x0000000000000000

Heap address: 0x0000000080000000, size: 2048 MB, Compressed Oops mode: 32-bit

CDS archive(s) not mapped
Compressed class space mapped at: 0x0000000100000000-0x0000000140000000, reserved size: 1073741824
Narrow klass base: 0x0000000000000000, Narrow klass shift: 3, Narrow klass range: 0x140000000

GC Precious Log:
 CPUs: 8 total, 8 available
 Memory: 16106M
 Large Page Support: Disabled
 NUMA Support: Disabled
 Compressed Oops: Enabled (32-bit)
 Heap Region Size: 1M
 Heap Min Capacity: 8M
 Heap Initial Capacity: 252M
 Heap Max Capacity: 2G
 Pre-touch: Disabled
 Parallel Workers: 8
 Concurrent Workers: 2
 Concurrent Refinement Workers: 8
 Periodic GC: Disabled

Heap:
 garbage-first heap   total 155648K, used 113042K [0x0000000080000000, 0x0000000100000000)
  region size 1024K, 26 young (26624K), 4 survivors (4096K)
 Metaspace       used 63075K, committed 63744K, reserved 1105920K
  class space    used 8389K, committed 8640K, reserved 1048576K

Heap Regions: E=young(eden), S=young(survivor), O=old, HS=humongous(starts), HC=humongous(continues), CS=collection set, F=free, OA=open archive, CA=closed archive, TAMS=top-at-mark-start (previous, next)
|   0|0x0000000080000000, 0x0000000080100000, 0x0000000080100000|100%|HS|  |TAMS 0x0000000080100000, 0x0000000080000000| Complete 
|   1|0x0000000080100000, 0x0000000080200000, 0x0000000080200000|100%|HC|  |TAMS 0x0000000080200000, 0x0000000080100000| Complete 
|   2|0x0000000080200000, 0x0000000080300000, 0x0000000080300000|100%|HC|  |TAMS 0x0000000080300000, 0x0000000080200000| Complete 
|   3|0x0000000080300000, 0x0000000080400000, 0x0000000080400000|100%|HC|  |TAMS 0x0000000080400000, 0x0000000080300000| Complete 
|   4|0x0000000080400000, 0x0000000080500000, 0x0000000080500000|100%| O|  |TAMS 0x0000000080500000, 0x0000000080400000| Untracked 
|   5|0x0000000080500000, 0x0000000080600000, 0x0000000080600000|100%| O|  |TAMS 0x0000000080600000, 0x0000000080500000| Untracked 
|   6|0x0000000080600000, 0x0000000080700000, 0x0000000080700000|100%| O|  |TAMS 0x0000000080700000, 0x0000000080600000| Untracked 
|   7|0x0000000080700000, 0x0000000080800000, 0x0000000080800000|100%| O|  |TAMS 0x0000000080800000, 0x0000000080700000| Untracked 
|   8|0x0000000080800000, 0x0000000080900000, 0x0000000080900000|100%| O|  |TAMS 0x0000000080900000, 0x0000000080800000| Untracked 
|   9|0x0000000080900000, 0x0000000080a00000, 0x0000000080a00000|100%| O|  |TAMS 0x0000000080a00000, 0x0000000080900000| Untracked 
|  10|0x0000000080a00000, 0x0000000080b00000, 0x0000000080b00000|100%| O|  |TAMS 0x0000000080b00000, 0x0000000080a00000| Untracked 
|  11|0x0000000080b00000, 0x0000000080c00000, 0x0000000080c00000|100%| O|  |TAMS 0x0000000080c00000, 0x0000000080b00000| Untracked 
|  12|0x0000000080c00000, 0x0000000080d00000, 0x0000000080d00000|100%| O|  |TAMS 0x0000000080d00000, 0x0000000080c00000| Untracked 
|  13|0x0000000080d00000, 0x0000000080e00000, 0x0000000080e00000|100%| O|  |TAMS 0x0000000080e00000, 0x0000000080d00000| Untracked 
|  14|0x0000000080e00000, 0x0000000080f00000, 0x0000000080f00000|100%| O|  |TAMS 0x0000000080f00000, 0x0000000080e00000| Untracked 
|  15|0x0000000080f00000, 0x0000000081000000, 0x0000000081000000|100%| O|  |TAMS 0x0000000081000000, 0x0000000080f00000| Untracked 
|  16|0x0000000081000000, 0x0000000081100000, 0x0000000081100000|100%| O|  |TAMS 0x0000000081100000, 0x0000000081000000| Untracked 
|  17|0x0000000081100000, 0x0000000081200000, 0x0000000081200000|100%| O|  |TAMS 0x0000000081200000, 0x0000000081100000| Untracked 
|  18|0x0000000081200000, 0x0000000081300000, 0x0000000081300000|100%| O|  |TAMS 0x0000000081300000, 0x0000000081200000| Untracked 
|  19|0x0000000081300000, 0x0000000081400000, 0x0000000081400000|100%| O|  |TAMS 0x0000000081400000, 0x0000000081300000| Untracked 
|  20|0x0000000081400000, 0x0000000081500000, 0x0000000081500000|100%| O|  |TAMS 0x0000000081500000, 0x0000000081400000| Untracked 
|  21|0x0000000081500000, 0x0000000081600000, 0x0000000081600000|100%|HS|  |TAMS 0x0000000081600000, 0x0000000081500000| Complete 
|  22|0x0000000081600000, 0x0000000081700000, 0x0000000081700000|100%|HC|  |TAMS 0x0000000081700000, 0x0000000081600000| Complete 
|  23|0x0000000081700000, 0x0000000081800000, 0x0000000081800000|100%|HS|  |TAMS 0x0000000081800000, 0x0000000081700000| Complete 
|  24|0x0000000081800000, 0x0000000081900000, 0x0000000081900000|100%|HC|  |TAMS 0x0000000081900000, 0x0000000081800000| Complete 
|  25|0x0000000081900000, 0x0000000081a00000, 0x0000000081a00000|100%|HC|  |TAMS 0x0000000081a00000, 0x0000000081900000| Complete 
|  26|0x0000000081a00000, 0x0000000081b00000, 0x0000000081b00000|100%|HS|  |TAMS 0x0000000081b00000, 0x0000000081a00000| Complete 
|  27|0x0000000081b00000, 0x0000000081c00000, 0x0000000081c00000|100%|HC|  |TAMS 0x0000000081c00000, 0x0000000081b00000| Complete 
|  28|0x0000000081c00000, 0x0000000081d00000, 0x0000000081d00000|100%|HC|  |TAMS 0x0000000081d00000, 0x0000000081c00000| Complete 
|  29|0x0000000081d00000, 0x0000000081e00000, 0x0000000081e00000|100%|HS|  |TAMS 0x0000000081e00000, 0x0000000081d00000| Complete 
|  30|0x0000000081e00000, 0x0000000081f00000, 0x0000000081f00000|100%|HC|  |TAMS 0x0000000081f00000, 0x0000000081e00000| Complete 
|  31|0x0000000081f00000, 0x0000000082000000, 0x0000000082000000|100%|HC|  |TAMS 0x0000000082000000, 0x0000000081f00000| Complete 
|  32|0x0000000082000000, 0x0000000082100000, 0x0000000082100000|100%|HC|  |TAMS 0x0000000082100000, 0x0000000082000000| Complete 
|  33|0x0000000082100000, 0x0000000082200000, 0x0000000082200000|100%|HC|  |TAMS 0x0000000082200000, 0x0000000082100000| Complete 
|  34|0x0000000082200000, 0x0000000082300000, 0x0000000082300000|100%|HC|  |TAMS 0x0000000082300000, 0x0000000082200000| Complete 
|  35|0x0000000082300000, 0x0000000082400000, 0x0000000082400000|100%|HC|  |TAMS 0x0000000082400000, 0x0000000082300000| Complete 
|  36|0x0000000082400000, 0x0000000082500000, 0x0000000082500000|100%|HC|  |TAMS 0x0000000082500000, 0x0000000082400000| Complete 
|  37|0x0000000082500000, 0x0000000082600000, 0x0000000082600000|100%|HC|  |TAMS 0x0000000082600000, 0x0000000082500000| Complete 
|  38|0x0000000082600000, 0x0000000082700000, 0x0000000082700000|100%|HC|  |TAMS 0x0000000082700000, 0x0000000082600000| Complete 
|  39|0x0000000082700000, 0x0000000082800000, 0x0000000082800000|100%|HC|  |TAMS 0x0000000082800000, 0x0000000082700000| Complete 
|  40|0x0000000082800000, 0x0000000082900000, 0x0000000082900000|100%|HC|  |TAMS 0x0000000082900000, 0x0000000082800000| Complete 
|  41|0x0000000082900000, 0x0000000082a00000, 0x0000000082a00000|100%| O|  |TAMS 0x0000000082a00000, 0x0000000082900000| Untracked 
|  42|0x0000000082a00000, 0x0000000082b00000, 0x0000000082b00000|100%|HS|  |TAMS 0x0000000082b00000, 0x0000000082a00000| Complete 
|  43|0x0000000082b00000, 0x0000000082c00000, 0x0000000082c00000|100%|HC|  |TAMS 0x0000000082c00000, 0x0000000082b00000| Complete 
|  44|0x0000000082c00000, 0x0000000082d00000, 0x0000000082d00000|100%| O|  |TAMS 0x0000000082d00000, 0x0000000082c00000| Untracked 
|  45|0x0000000082d00000, 0x0000000082e00000, 0x0000000082e00000|100%| O|  |TAMS 0x0000000082e00000, 0x0000000082d00000| Untracked 
|  46|0x0000000082e00000, 0x0000000082f00000, 0x0000000082f00000|100%| O|  |TAMS 0x0000000082f00000, 0x0000000082e00000| Untracked 
|  47|0x0000000082f00000, 0x0000000083000000, 0x0000000083000000|100%| O|  |TAMS 0x0000000083000000, 0x0000000082f00000| Untracked 
|  48|0x0000000083000000, 0x0000000083100000, 0x0000000083100000|100%| O|  |TAMS 0x0000000083100000, 0x0000000083000000| Untracked 
|  49|0x0000000083100000, 0x0000000083200000, 0x0000000083200000|100%| O|  |TAMS 0x0000000083200000, 0x0000000083100000| Untracked 
|  50|0x0000000083200000, 0x0000000083300000, 0x0000000083300000|100%| O|  |TAMS 0x0000000083300000, 0x0000000083200000| Untracked 
|  51|0x0000000083300000, 0x0000000083400000, 0x0000000083400000|100%| O|  |TAMS 0x0000000083400000, 0x0000000083300000| Untracked 
|  52|0x0000000083400000, 0x0000000083500000, 0x0000000083500000|100%| O|  |TAMS 0x0000000083500000, 0x0000000083400000| Untracked 
|  53|0x0000000083500000, 0x0000000083600000, 0x0000000083600000|100%| O|  |TAMS 0x0000000083600000, 0x0000000083500000| Untracked 
|  54|0x0000000083600000, 0x0000000083700000, 0x0000000083700000|100%| O|  |TAMS 0x0000000083700000, 0x0000000083600000| Untracked 
|  55|0x0000000083700000, 0x0000000083800000, 0x0000000083800000|100%| O|  |TAMS 0x0000000083800000, 0x0000000083700000| Untracked 
|  56|0x0000000083800000, 0x0000000083900000, 0x0000000083900000|100%| O|  |TAMS 0x0000000083900000, 0x0000000083800000| Untracked 
|  57|0x0000000083900000, 0x0000000083a00000, 0x0000000083a00000|100%| O|  |TAMS 0x0000000083a00000, 0x0000000083900000| Untracked 
|  58|0x0000000083a00000, 0x0000000083b00000, 0x0000000083b00000|100%| O|  |TAMS 0x0000000083b00000, 0x0000000083a00000| Untracked 
|  59|0x0000000083b00000, 0x0000000083c00000, 0x0000000083c00000|100%|HS|  |TAMS 0x0000000083c00000, 0x0000000083b00000| Complete 
|  60|0x0000000083c00000, 0x0000000083d00000, 0x0000000083d00000|100%|HC|  |TAMS 0x0000000083d00000, 0x0000000083c00000| Complete 
|  61|0x0000000083d00000, 0x0000000083e00000, 0x0000000083e00000|100%|HC|  |TAMS 0x0000000083e00000, 0x0000000083d00000| Complete 
|  62|0x0000000083e00000, 0x0000000083f00000, 0x0000000083f00000|100%|HS|  |TAMS 0x0000000083f00000, 0x0000000083e00000| Complete 
|  63|0x0000000083f00000, 0x0000000084000000, 0x0000000084000000|100%|HC|  |TAMS 0x0000000084000000, 0x0000000083f00000| Complete 
|  64|0x0000000084000000, 0x0000000084100000, 0x0000000084100000|100%|HC|  |TAMS 0x0000000084100000, 0x0000000084000000| Complete 
|  65|0x0000000084100000, 0x0000000084200000, 0x0000000084200000|100%| O|  |TAMS 0x0000000084200000, 0x0000000084100000| Untracked 
|  66|0x0000000084200000, 0x0000000084300000, 0x0000000084300000|100%| O|  |TAMS 0x0000000084300000, 0x0000000084200000| Untracked 
|  67|0x0000000084300000, 0x0000000084400000, 0x0000000084400000|100%| O|  |TAMS 0x0000000084400000, 0x0000000084300000| Untracked 
|  68|0x0000000084400000, 0x0000000084500000, 0x0000000084500000|100%| O|  |TAMS 0x0000000084500000, 0x0000000084400000| Untracked 
|  69|0x0000000084500000, 0x00000000845ffff8, 0x0000000084600000| 99%| O|  |TAMS 0x00000000845ffff8, 0x0000000084500000| Untracked 
|  70|0x0000000084600000, 0x0000000084700000, 0x0000000084700000|100%| O|  |TAMS 0x0000000084600a00, 0x0000000084600000| Untracked 
|  71|0x0000000084700000, 0x0000000084800000, 0x0000000084800000|100%|HS|  |TAMS 0x0000000084800000, 0x0000000084700000| Complete 
|  72|0x0000000084800000, 0x0000000084900000, 0x0000000084900000|100%|HS|  |TAMS 0x0000000084900000, 0x0000000084800000| Complete 
|  73|0x0000000084900000, 0x0000000084a00000, 0x0000000084a00000|100%|HS|  |TAMS 0x0000000084a00000, 0x0000000084900000| Complete 
|  74|0x0000000084a00000, 0x0000000084b00000, 0x0000000084b00000|100%|HC|  |TAMS 0x0000000084b00000, 0x0000000084a00000| Complete 
|  75|0x0000000084b00000, 0x0000000084c00000, 0x0000000084c00000|100%|HS|  |TAMS 0x0000000084c00000, 0x0000000084b00000| Complete 
|  76|0x0000000084c00000, 0x0000000084d00000, 0x0000000084d00000|100%|HS|  |TAMS 0x0000000084c00000, 0x0000000084c00000| Complete 
|  77|0x0000000084d00000, 0x0000000084e00000, 0x0000000084e00000|100%|HC|  |TAMS 0x0000000084d00000, 0x0000000084d00000| Complete 
|  78|0x0000000084e00000, 0x0000000084f00000, 0x0000000084f00000|100%|HC|  |TAMS 0x0000000084e00000, 0x0000000084e00000| Complete 
|  79|0x0000000084f00000, 0x0000000085000000, 0x0000000085000000|100%|HC|  |TAMS 0x0000000084f00000, 0x0000000084f00000| Complete 
|  80|0x0000000085000000, 0x0000000085000000, 0x0000000085100000|  0%| F|  |TAMS 0x0000000085000000, 0x0000000085000000| Untracked 
|  81|0x0000000085100000, 0x0000000085200000, 0x0000000085200000|100%| O|  |TAMS 0x0000000085100000, 0x0000000085100000| Untracked 
|  82|0x0000000085200000, 0x0000000085300000, 0x0000000085300000|100%| O|  |TAMS 0x0000000085200000, 0x0000000085200000| Untracked 
|  83|0x0000000085300000, 0x0000000085400000, 0x0000000085400000|100%| O|  |TAMS 0x0000000085300000, 0x0000000085300000| Untracked 
|  84|0x0000000085400000, 0x0000000085500000, 0x0000000085500000|100%| O|  |TAMS 0x0000000085400000, 0x0000000085400000| Untracked 
|  85|0x0000000085500000, 0x0000000085600000, 0x0000000085600000|100%| O|  |TAMS 0x0000000085500000, 0x0000000085500000| Untracked 
|  86|0x0000000085600000, 0x0000000085664a00, 0x0000000085700000| 39%| O|  |TAMS 0x0000000085600000, 0x0000000085600000| Untracked 
|  87|0x0000000085700000, 0x0000000085700000, 0x0000000085800000|  0%| F|  |TAMS 0x0000000085700000, 0x0000000085700000| Untracked 
|  88|0x0000000085800000, 0x0000000085800000, 0x0000000085900000|  0%| F|  |TAMS 0x0000000085800000, 0x0000000085800000| Untracked 
|  89|0x0000000085900000, 0x0000000085900000, 0x0000000085a00000|  0%| F|  |TAMS 0x0000000085900000, 0x0000000085900000| Untracked 
|  90|0x0000000085a00000, 0x0000000085a00000, 0x0000000085b00000|  0%| F|  |TAMS 0x0000000085a00000, 0x0000000085a00000| Untracked 
|  91|0x0000000085b00000, 0x0000000085b00000, 0x0000000085c00000|  0%| F|  |TAMS 0x0000000085b00000, 0x0000000085b00000| Untracked 
|  92|0x0000000085c00000, 0x0000000085c00000, 0x0000000085d00000|  0%| F|  |TAMS 0x0000000085c00000, 0x0000000085c00000| Untracked 
|  93|0x0000000085d00000, 0x0000000085d00000, 0x0000000085e00000|  0%| F|  |TAMS 0x0000000085d00000, 0x0000000085d00000| Untracked 
|  94|0x0000000085e00000, 0x0000000085e00000, 0x0000000085f00000|  0%| F|  |TAMS 0x0000000085e00000, 0x0000000085e00000| Untracked 
|  95|0x0000000085f00000, 0x0000000085f00000, 0x0000000086000000|  0%| F|  |TAMS 0x0000000085f00000, 0x0000000085f00000| Untracked 
|  96|0x0000000086000000, 0x0000000086000000, 0x0000000086100000|  0%| F|  |TAMS 0x0000000086000000, 0x0000000086000000| Untracked 
|  97|0x0000000086100000, 0x0000000086100000, 0x0000000086200000|  0%| F|  |TAMS 0x0000000086100000, 0x0000000086100000| Untracked 
|  98|0x0000000086200000, 0x0000000086200000, 0x0000000086300000|  0%| F|  |TAMS 0x0000000086200000, 0x0000000086200000| Untracked 
|  99|0x0000000086300000, 0x0000000086300000, 0x0000000086400000|  0%| F|  |TAMS 0x0000000086300000, 0x0000000086300000| Untracked 
| 100|0x0000000086400000, 0x0000000086400000, 0x0000000086500000|  0%| F|  |TAMS 0x0000000086400000, 0x0000000086400000| Untracked 
| 101|0x0000000086500000, 0x0000000086500000, 0x0000000086600000|  0%| F|  |TAMS 0x0000000086500000, 0x0000000086500000| Untracked 
| 102|0x0000000086600000, 0x0000000086600000, 0x0000000086700000|  0%| F|  |TAMS 0x0000000086600000, 0x0000000086600000| Untracked 
| 103|0x0000000086700000, 0x0000000086700000, 0x0000000086800000|  0%| F|  |TAMS 0x0000000086700000, 0x0000000086700000| Untracked 
| 104|0x0000000086800000, 0x0000000086800000, 0x0000000086900000|  0%| F|  |TAMS 0x0000000086800000, 0x0000000086800000| Untracked 
| 105|0x0000000086900000, 0x0000000086900000, 0x0000000086a00000|  0%| F|  |TAMS 0x0000000086900000, 0x0000000086900000| Untracked 
| 106|0x0000000086a00000, 0x0000000086a00000, 0x0000000086b00000|  0%| F|  |TAMS 0x0000000086a00000, 0x0000000086a00000| Untracked 
| 107|0x0000000086b00000, 0x0000000086b00000, 0x0000000086c00000|  0%| F|  |TAMS 0x0000000086b00000, 0x0000000086b00000| Untracked 
| 108|0x0000000086c00000, 0x0000000086c00000, 0x0000000086d00000|  0%| F|  |TAMS 0x0000000086c00000, 0x0000000086c00000| Untracked 
| 109|0x0000000086d00000, 0x0000000086d00000, 0x0000000086e00000|  0%| F|  |TAMS 0x0000000086d00000, 0x0000000086d00000| Untracked 
| 110|0x0000000086e00000, 0x0000000086e00000, 0x0000000086f00000|  0%| F|  |TAMS 0x0000000086e00000, 0x0000000086e00000| Untracked 
| 111|0x0000000086f00000, 0x0000000086f00000, 0x0000000087000000|  0%| F|  |TAMS 0x0000000086f00000, 0x0000000086f00000| Untracked 
| 112|0x0000000087000000, 0x0000000087000000, 0x0000000087100000|  0%| F|  |TAMS 0x0000000087000000, 0x0000000087000000| Untracked 
| 113|0x0000000087100000, 0x0000000087100000, 0x0000000087200000|  0%| F|  |TAMS 0x0000000087100000, 0x0000000087100000| Untracked 
| 114|0x0000000087200000, 0x0000000087200000, 0x0000000087300000|  0%| F|  |TAMS 0x0000000087200000, 0x0000000087200000| Untracked 
| 115|0x0000000087300000, 0x0000000087300000, 0x0000000087400000|  0%| F|  |TAMS 0x0000000087300000, 0x0000000087300000| Untracked 
| 116|0x0000000087400000, 0x0000000087500000, 0x0000000087500000|100%| S|CS|TAMS 0x0000000087400000, 0x0000000087400000| Complete 
| 117|0x0000000087500000, 0x0000000087600000, 0x0000000087600000|100%| S|CS|TAMS 0x0000000087500000, 0x0000000087500000| Complete 
| 118|0x0000000087600000, 0x0000000087700000, 0x0000000087700000|100%| S|CS|TAMS 0x0000000087600000, 0x0000000087600000| Complete 
| 119|0x0000000087700000, 0x0000000087800000, 0x0000000087800000|100%| S|CS|TAMS 0x0000000087700000, 0x0000000087700000| Complete 
| 120|0x0000000087800000, 0x0000000087800000, 0x0000000087900000|  0%| F|  |TAMS 0x0000000087800000, 0x0000000087800000| Untracked 
| 121|0x0000000087900000, 0x0000000087900000, 0x0000000087a00000|  0%| F|  |TAMS 0x0000000087900000, 0x0000000087900000| Untracked 
| 122|0x0000000087a00000, 0x0000000087a00000, 0x0000000087b00000|  0%| F|  |TAMS 0x0000000087a00000, 0x0000000087a00000| Untracked 
| 123|0x0000000087b00000, 0x0000000087b00000, 0x0000000087c00000|  0%| F|  |TAMS 0x0000000087b00000, 0x0000000087b00000| Untracked 
| 124|0x0000000087c00000, 0x0000000087c00000, 0x0000000087d00000|  0%| F|  |TAMS 0x0000000087c00000, 0x0000000087c00000| Untracked 
| 125|0x0000000087d00000, 0x0000000087d00000, 0x0000000087e00000|  0%| F|  |TAMS 0x0000000087d00000, 0x0000000087d00000| Untracked 
| 126|0x0000000087e00000, 0x0000000087e00000, 0x0000000087f00000|  0%| F|  |TAMS 0x0000000087e00000, 0x0000000087e00000| Untracked 
| 127|0x0000000087f00000, 0x0000000087f00000, 0x0000000088000000|  0%| F|  |TAMS 0x0000000087f00000, 0x0000000087f00000| Untracked 
| 128|0x0000000088000000, 0x0000000088000000, 0x0000000088100000|  0%| F|  |TAMS 0x0000000088000000, 0x0000000088000000| Untracked 
| 129|0x0000000088100000, 0x0000000088100000, 0x0000000088200000|  0%| F|  |TAMS 0x0000000088100000, 0x0000000088100000| Untracked 
| 130|0x0000000088200000, 0x000000008826cc38, 0x0000000088300000| 42%| E|  |TAMS 0x0000000088200000, 0x0000000088200000| Complete 
| 131|0x0000000088300000, 0x0000000088400000, 0x0000000088400000|100%| E|CS|TAMS 0x0000000088300000, 0x0000000088300000| Complete 
| 132|0x0000000088400000, 0x0000000088500000, 0x0000000088500000|100%| E|CS|TAMS 0x0000000088400000, 0x0000000088400000| Complete 
| 133|0x0000000088500000, 0x0000000088600000, 0x0000000088600000|100%| E|CS|TAMS 0x0000000088500000, 0x0000000088500000| Complete 
| 134|0x0000000088600000, 0x0000000088700000, 0x0000000088700000|100%| E|CS|TAMS 0x0000000088600000, 0x0000000088600000| Complete 
| 135|0x0000000088700000, 0x0000000088800000, 0x0000000088800000|100%| E|CS|TAMS 0x0000000088700000, 0x0000000088700000| Complete 
| 136|0x0000000088800000, 0x0000000088900000, 0x0000000088900000|100%| E|CS|TAMS 0x0000000088800000, 0x0000000088800000| Complete 
| 137|0x0000000088900000, 0x0000000088a00000, 0x0000000088a00000|100%| E|CS|TAMS 0x0000000088900000, 0x0000000088900000| Complete 
| 138|0x0000000088a00000, 0x0000000088b00000, 0x0000000088b00000|100%| E|CS|TAMS 0x0000000088a00000, 0x0000000088a00000| Complete 
| 139|0x0000000088b00000, 0x0000000088c00000, 0x0000000088c00000|100%| E|CS|TAMS 0x0000000088b00000, 0x0000000088b00000| Complete 
| 140|0x0000000088c00000, 0x0000000088d00000, 0x0000000088d00000|100%| E|CS|TAMS 0x0000000088c00000, 0x0000000088c00000| Complete 
| 141|0x0000000088d00000, 0x0000000088e00000, 0x0000000088e00000|100%| E|CS|TAMS 0x0000000088d00000, 0x0000000088d00000| Complete 
| 142|0x0000000088e00000, 0x0000000088f00000, 0x0000000088f00000|100%| E|CS|TAMS 0x0000000088e00000, 0x0000000088e00000| Complete 
| 202|0x000000008ca00000, 0x000000008cb00000, 0x000000008cb00000|100%| E|CS|TAMS 0x000000008ca00000, 0x000000008ca00000| Complete 
| 203|0x000000008cb00000, 0x000000008cc00000, 0x000000008cc00000|100%| E|CS|TAMS 0x000000008cb00000, 0x000000008cb00000| Complete 
| 204|0x000000008cc00000, 0x000000008cd00000, 0x000000008cd00000|100%| E|CS|TAMS 0x000000008cc00000, 0x000000008cc00000| Complete 
| 205|0x000000008cd00000, 0x000000008ce00000, 0x000000008ce00000|100%| E|CS|TAMS 0x000000008cd00000, 0x000000008cd00000| Complete 
| 206|0x000000008ce00000, 0x000000008cf00000, 0x000000008cf00000|100%| E|CS|TAMS 0x000000008ce00000, 0x000000008ce00000| Complete 
| 207|0x000000008cf00000, 0x000000008d000000, 0x000000008d000000|100%| E|CS|TAMS 0x000000008cf00000, 0x000000008cf00000| Complete 
| 208|0x000000008d000000, 0x000000008d100000, 0x000000008d100000|100%| E|CS|TAMS 0x000000008d000000, 0x000000008d000000| Complete 
| 209|0x000000008d100000, 0x000000008d200000, 0x000000008d200000|100%| E|CS|TAMS 0x000000008d100000, 0x000000008d100000| Complete 
| 251|0x000000008fb00000, 0x000000008fc00000, 0x000000008fc00000|100%| E|CS|TAMS 0x000000008fb00000, 0x000000008fb00000| Complete 

Card table byte_map: [0x00000231e38b0000,0x00000231e3cb0000] _byte_map_base: 0x00000231e34b0000

Marking Bits (Prev, Next): (CMBitMap*) 0x00000231cedfc120, (CMBitMap*) 0x00000231cedfc160
 Prev Bits: [0x00000231e40b0000, 0x00000231e60b0000)
 Next Bits: [0x00000231e60b0000, 0x00000231e80b0000)

Polling page: 0x00000231cec60000

Metaspace:

Usage:
  Non-class:     53.42 MB used.
      Class:      8.20 MB used.
       Both:     61.62 MB used.

Virtual space:
  Non-class space:       56.00 MB reserved,      53.81 MB ( 96%) committed,  7 nodes.
      Class space:        1.00 GB reserved,       8.44 MB ( <1%) committed,  1 nodes.
             Both:        1.05 GB reserved,      62.25 MB (  6%) committed. 

Chunk freelists:
   Non-Class:  1.78 MB
       Class:  3.44 MB
        Both:  5.22 MB

MaxMetaspaceSize: unlimited
CompressedClassSpaceSize: 1.00 GB
Initial GC threshold: 21.00 MB
Current GC threshold: 93.44 MB
CDS: off
MetaspaceReclaimPolicy: balanced
 - commit_granule_bytes: 65536.
 - commit_granule_words: 8192.
 - virtual_space_node_default_size: 1048576.
 - enlarge_chunks_in_place: 1.
 - new_chunks_are_fully_committed: 0.
 - uncommit_free_chunks: 1.
 - use_allocation_guard: 0.
 - handle_deallocations: 1.


Internal statistics:

num_allocs_failed_limit: 6.
num_arena_births: 708.
num_arena_deaths: 0.
num_vsnodes_births: 8.
num_vsnodes_deaths: 0.
num_space_committed: 996.
num_space_uncommitted: 0.
num_chunks_returned_to_freelist: 6.
num_chunks_taken_from_freelist: 2877.
num_chunk_merges: 6.
num_chunk_splits: 1914.
num_chunks_enlarged: 1285.
num_purges: 0.
num_inconsistent_stats: 0.

CodeHeap 'non-profiled nmethods': size=120000Kb used=3262Kb max_used=3692Kb free=116737Kb
 bounds [0x00000231db500000, 0x00000231db8a0000, 0x00000231e2a30000]
CodeHeap 'profiled nmethods': size=120000Kb used=10776Kb max_used=11645Kb free=109223Kb
 bounds [0x00000231d3a30000, 0x00000231d4590000, 0x00000231daf60000]
CodeHeap 'non-nmethods': size=5760Kb used=2351Kb max_used=2384Kb free=3409Kb
 bounds [0x00000231daf60000, 0x00000231db1d0000, 0x00000231db500000]
 total_blobs=6577 nmethods=5717 adapters=772
 compilation: enabled
              stopped_count=0, restarted_count=0
 full_count=0

Compilation events (20 events):
Event: 4.901 Thread 0x00000231eb4e3160 6503       3       com.google.protobuf.UnknownFieldSet$Builder::<init> (16 bytes)
Event: 4.901 Thread 0x00000231eb4e3160 nmethod 6503 0x00000231d3fd9890 code [0x00000231d3fd9a40, 0x00000231d3fd9d78]
Event: 4.901 Thread 0x00000231eb4e3160 6504       3       com.google.protobuf.CodedInputStream$ArrayDecoder::readMessage (74 bytes)
Event: 4.903 Thread 0x00000231eb4e3160 nmethod 6504 0x00000231d3c65310 code [0x00000231d3c65540, 0x00000231d3c65ce8]
Event: 4.903 Thread 0x00000231eb4e3160 6505       3       com.google.protobuf.CodedInputStream::checkRecursionLimit (16 bytes)
Event: 4.903 Thread 0x00000231eb4e3160 nmethod 6505 0x00000231d3ea1510 code [0x00000231d3ea16c0, 0x00000231d3ea1828]
Event: 4.903 Thread 0x00000231eb4e3160 6506       3       com.google.protobuf.UnknownFieldSet$Builder::build (97 bytes)
Event: 4.903 Thread 0x00000231eb4e3160 nmethod 6506 0x00000231d40bc390 code [0x00000231d40bc620, 0x00000231d40bd2f8]
Event: 4.903 Thread 0x00000231eb4e3160 6507       3       com.google.protobuf.GeneratedMessageV3::makeExtensionsImmutable (1 bytes)
Event: 4.904 Thread 0x00000231eb4e3160 nmethod 6507 0x00000231d4330a90 code [0x00000231d4330c20, 0x00000231d4330d38]
Event: 4.904 Thread 0x00000231eb4e3160 6493       1       java.util.Collections$EmptyMap::isEmpty (2 bytes)
Event: 4.904 Thread 0x00000231eb4e3160 nmethod 6493 0x00000231db530890 code [0x00000231db530a20, 0x00000231db530af8]
Event: 4.905 Thread 0x00000231eb4e3160 6508       3       com.google.protobuf.DescriptorProtos$EnumDescriptorProto::getValueCount (10 bytes)
Event: 4.905 Thread 0x00000231eb4e3160 nmethod 6508 0x00000231d3c64e90 code [0x00000231d3c65040, 0x00000231d3c65208]
Event: 4.905 Thread 0x00000231eb4e3160 6511       3       com.google.protobuf.DescriptorProtos$EnumValueDescriptorProto::hasOptions (15 bytes)
Event: 4.905 Thread 0x00000231eb4e3160 nmethod 6511 0x00000231d4365890 code [0x00000231d4365a20, 0x00000231d4365b98]
Event: 4.905 Thread 0x00000231eb4e3160 6509       3       com.google.protobuf.DescriptorProtos$EnumDescriptorProto::getValue (14 bytes)
Event: 4.905 Thread 0x00000231eb4e3160 nmethod 6509 0x00000231d40bbe10 code [0x00000231d40bbfc0, 0x00000231d40bc268]
Event: 4.905 Thread 0x00000231eb4e3160 6510       3       com.google.protobuf.DescriptorProtos$EnumValueDescriptorProto::isInitialized (49 bytes)
Event: 4.906 Thread 0x00000231eb4e3160 nmethod 6510 0x00000231d3b41e90 code [0x00000231d3b42080, 0x00000231d3b42528]

GC Heap History (20 events):
Event: 3.239 GC heap before
{Heap before GC invocations=15 (full 0):
 garbage-first heap   total 104448K, used 84529K [0x0000000080000000, 0x0000000100000000)
  region size 1024K, 27 young (27648K), 3 survivors (3072K)
 Metaspace       used 46134K, committed 46464K, reserved 1089536K
  class space    used 6122K, committed 6272K, reserved 1048576K
}
Event: 3.242 GC heap after
{Heap after GC invocations=16 (full 0):
 garbage-first heap   total 104448K, used 58156K [0x0000000080000000, 0x0000000100000000)
  region size 1024K, 2 young (2048K), 2 survivors (2048K)
 Metaspace       used 46134K, committed 46464K, reserved 1089536K
  class space    used 6122K, committed 6272K, reserved 1048576K
}
Event: 3.314 GC heap before
{Heap before GC invocations=16 (full 0):
 garbage-first heap   total 104448K, used 64300K [0x0000000080000000, 0x0000000100000000)
  region size 1024K, 9 young (9216K), 2 survivors (2048K)
 Metaspace       used 46612K, committed 47040K, reserved 1097728K
  class space    used 6197K, committed 6400K, reserved 1048576K
}
Event: 3.317 GC heap after
{Heap after GC invocations=17 (full 0):
 garbage-first heap   total 104448K, used 59474K [0x0000000080000000, 0x0000000100000000)
  region size 1024K, 4 young (4096K), 4 survivors (4096K)
 Metaspace       used 46612K, committed 47040K, reserved 1097728K
  class space    used 6197K, committed 6400K, reserved 1048576K
}
Event: 3.438 GC heap before
{Heap before GC invocations=18 (full 0):
 garbage-first heap   total 114688K, used 74790K [0x0000000080000000, 0x0000000100000000)
  region size 1024K, 15 young (15360K), 4 survivors (4096K)
 Metaspace       used 47334K, committed 47744K, reserved 1097728K
  class space    used 6279K, committed 6464K, reserved 1048576K
}
Event: 3.442 GC heap after
{Heap after GC invocations=19 (full 0):
 garbage-first heap   total 114688K, used 68135K [0x0000000080000000, 0x0000000100000000)
  region size 1024K, 4 young (4096K), 4 survivors (4096K)
 Metaspace       used 47334K, committed 47744K, reserved 1097728K
  class space    used 6279K, committed 6464K, reserved 1048576K
}
Event: 3.652 GC heap before
{Heap before GC invocations=20 (full 0):
 garbage-first heap   total 117760K, used 88615K [0x0000000080000000, 0x0000000100000000)
  region size 1024K, 23 young (23552K), 4 survivors (4096K)
 Metaspace       used 49639K, committed 50176K, reserved 1097728K
  class space    used 6511K, committed 6720K, reserved 1048576K
}
Event: 3.655 GC heap after
{Heap after GC invocations=21 (full 0):
 garbage-first heap   total 117760K, used 69217K [0x0000000080000000, 0x0000000100000000)
  region size 1024K, 2 young (2048K), 2 survivors (2048K)
 Metaspace       used 49639K, committed 50176K, reserved 1097728K
  class space    used 6511K, committed 6720K, reserved 1048576K
}
Event: 3.845 GC heap before
{Heap before GC invocations=21 (full 0):
 garbage-first heap   total 117760K, used 90721K [0x0000000080000000, 0x0000000100000000)
  region size 1024K, 24 young (24576K), 2 survivors (2048K)
 Metaspace       used 51692K, committed 52288K, reserved 1097728K
  class space    used 6880K, committed 7168K, reserved 1048576K
}
Event: 3.847 GC heap after
{Heap after GC invocations=22 (full 0):
 garbage-first heap   total 117760K, used 70600K [0x0000000080000000, 0x0000000100000000)
  region size 1024K, 2 young (2048K), 2 survivors (2048K)
 Metaspace       used 51692K, committed 52288K, reserved 1097728K
  class space    used 6880K, committed 7168K, reserved 1048576K
}
Event: 4.082 GC heap before
{Heap before GC invocations=23 (full 0):
 garbage-first heap   total 124928K, used 92104K [0x0000000080000000, 0x0000000100000000)
  region size 1024K, 24 young (24576K), 2 survivors (2048K)
 Metaspace       used 54249K, committed 54848K, reserved 1097728K
  class space    used 7308K, committed 7616K, reserved 1048576K
}
Event: 4.084 GC heap after
{Heap after GC invocations=24 (full 0):
 garbage-first heap   total 155648K, used 72042K [0x0000000080000000, 0x0000000100000000)
  region size 1024K, 3 young (3072K), 3 survivors (3072K)
 Metaspace       used 54249K, committed 54848K, reserved 1097728K
  class space    used 7308K, committed 7616K, reserved 1048576K
}
Event: 4.431 GC heap before
{Heap before GC invocations=24 (full 0):
 garbage-first heap   total 155648K, used 116074K [0x0000000080000000, 0x0000000100000000)
  region size 1024K, 47 young (48128K), 3 survivors (3072K)
 Metaspace       used 56397K, committed 57024K, reserved 1105920K
  class space    used 7589K, committed 7872K, reserved 1048576K
}
Event: 4.434 GC heap after
{Heap after GC invocations=25 (full 0):
 garbage-first heap   total 155648K, used 75261K [0x0000000080000000, 0x0000000100000000)
  region size 1024K, 6 young (6144K), 6 survivors (6144K)
 Metaspace       used 56397K, committed 57024K, reserved 1105920K
  class space    used 7589K, committed 7872K, reserved 1048576K
}
Event: 4.446 GC heap before
{Heap before GC invocations=25 (full 0):
 garbage-first heap   total 155648K, used 76285K [0x0000000080000000, 0x0000000100000000)
  region size 1024K, 8 young (8192K), 6 survivors (6144K)
 Metaspace       used 56413K, committed 57088K, reserved 1105920K
  class space    used 7590K, committed 7872K, reserved 1048576K
}
Event: 4.449 GC heap after
{Heap after GC invocations=26 (full 0):
 garbage-first heap   total 155648K, used 75628K [0x0000000080000000, 0x0000000100000000)
  region size 1024K, 4 young (4096K), 4 survivors (4096K)
 Metaspace       used 56413K, committed 57088K, reserved 1105920K
  class space    used 7590K, committed 7872K, reserved 1048576K
}
Event: 4.486 GC heap before
{Heap before GC invocations=27 (full 0):
 garbage-first heap   total 155648K, used 84844K [0x0000000080000000, 0x0000000100000000)
  region size 1024K, 9 young (9216K), 4 survivors (4096K)
 Metaspace       used 56493K, committed 57088K, reserved 1105920K
  class space    used 7599K, committed 7872K, reserved 1048576K
}
Event: 4.489 GC heap after
{Heap after GC invocations=28 (full 0):
 garbage-first heap   total 155648K, used 83711K [0x0000000080000000, 0x0000000100000000)
  region size 1024K, 7 young (7168K), 7 survivors (7168K)
 Metaspace       used 56493K, committed 57088K, reserved 1105920K
  class space    used 7599K, committed 7872K, reserved 1048576K
}
Event: 4.662 GC heap before
{Heap before GC invocations=29 (full 0):
 garbage-first heap   total 155648K, used 113407K [0x0000000080000000, 0x0000000100000000)
  region size 1024K, 32 young (32768K), 7 survivors (7168K)
 Metaspace       used 59325K, committed 59968K, reserved 1105920K
  class space    used 8000K, committed 8320K, reserved 1048576K
}
Event: 4.665 GC heap after
{Heap after GC invocations=30 (full 0):
 garbage-first heap   total 155648K, used 91538K [0x0000000080000000, 0x0000000100000000)
  region size 1024K, 4 young (4096K), 4 survivors (4096K)
 Metaspace       used 59325K, committed 59968K, reserved 1105920K
  class space    used 8000K, committed 8320K, reserved 1048576K
}

Dll operation events (2 events):
Event: 0.006 Loaded shared library C:\Program Files\Android\Android Studio\jbr\bin\java.dll
Event: 0.241 Loaded shared library C:\Program Files\Android\Android Studio\jbr\bin\verify.dll

Deoptimization events (20 events):
Event: 4.718 Thread 0x00000231ecb1ff30 Uncommon trap: trap_request=0xffffffde fr.pc=0x00000231db77a600 relative=0x0000000000000380
Event: 4.718 Thread 0x00000231ecb1ff30 Uncommon trap: reason=class_check action=maybe_recompile pc=0x00000231db77a600 method=java.util.stream.AbstractPipeline.copyIntoWithCancel(Ljava/util/stream/Sink;Ljava/util/Spliterator;)Z @ 32 c2
Event: 4.718 Thread 0x00000231ecb1ff30 DEOPT PACKING pc=0x00000231db77a600 sp=0x000000709d7f6170
Event: 4.718 Thread 0x00000231ecb1ff30 DEOPT UNPACKING pc=0x00000231dafba1a3 sp=0x000000709d7f6030 mode 2
Event: 4.792 Thread 0x00000231ecb1ff30 Uncommon trap: trap_request=0xffffffc6 fr.pc=0x00000231db77a63c relative=0x00000000000003bc
Event: 4.792 Thread 0x00000231ecb1ff30 Uncommon trap: reason=bimorphic_or_optimized_type_check action=maybe_recompile pc=0x00000231db77a63c method=java.util.stream.ReferencePipeline.forEachWithCancel(Ljava/util/Spliterator;Ljava/util/stream/Sink;)Z @ 1 c2
Event: 4.792 Thread 0x00000231ecb1ff30 DEOPT PACKING pc=0x00000231db77a63c sp=0x000000709d7f5b80
Event: 4.792 Thread 0x00000231ecb1ff30 DEOPT UNPACKING pc=0x00000231dafba1a3 sp=0x000000709d7f59d8 mode 2
Event: 4.794 Thread 0x00000231ee37d910 Uncommon trap: trap_request=0xffffffc6 fr.pc=0x00000231db77a63c relative=0x00000000000003bc
Event: 4.794 Thread 0x00000231ee37d910 Uncommon trap: reason=bimorphic_or_optimized_type_check action=maybe_recompile pc=0x00000231db77a63c method=java.util.stream.ReferencePipeline.forEachWithCancel(Ljava/util/Spliterator;Ljava/util/stream/Sink;)Z @ 1 c2
Event: 4.794 Thread 0x00000231ee37d910 DEOPT PACKING pc=0x00000231db77a63c sp=0x000000709d1fedf0
Event: 4.794 Thread 0x00000231ee37d910 DEOPT UNPACKING pc=0x00000231dafba1a3 sp=0x000000709d1fec48 mode 2
Event: 4.830 Thread 0x00000231ecb1ff30 Uncommon trap: trap_request=0xffffffc6 fr.pc=0x00000231db6bd098 relative=0x0000000000000058
Event: 4.830 Thread 0x00000231ecb1ff30 Uncommon trap: reason=bimorphic_or_optimized_type_check action=maybe_recompile pc=0x00000231db6bd098 method=java.util.AbstractQueue.add(Ljava/lang/Object;)Z @ 2 c2
Event: 4.830 Thread 0x00000231ecb1ff30 DEOPT PACKING pc=0x00000231db6bd098 sp=0x000000709d7f6ce0
Event: 4.830 Thread 0x00000231ecb1ff30 DEOPT UNPACKING pc=0x00000231dafba1a3 sp=0x000000709d7f6ca8 mode 2
Event: 4.830 Thread 0x00000231ecb1ff30 Uncommon trap: trap_request=0xffffffc6 fr.pc=0x00000231db6bd098 relative=0x0000000000000058
Event: 4.830 Thread 0x00000231ecb1ff30 Uncommon trap: reason=bimorphic_or_optimized_type_check action=maybe_recompile pc=0x00000231db6bd098 method=java.util.AbstractQueue.add(Ljava/lang/Object;)Z @ 2 c2
Event: 4.830 Thread 0x00000231ecb1ff30 DEOPT PACKING pc=0x00000231db6bd098 sp=0x000000709d7f6ce0
Event: 4.830 Thread 0x00000231ecb1ff30 DEOPT UNPACKING pc=0x00000231dafba1a3 sp=0x000000709d7f6ca8 mode 2

Classes unloaded (0 events):
No events

Classes redefined (0 events):
No events

Internal exceptions (20 events):
Event: 3.834 Thread 0x00000231ecb1ff30 Exception <a 'java/lang/ClassNotFoundException'{0x0000000085ee3fb8}: org/jetbrains/plugins/gradle/model/web/WebConfigurationBeanInfo> (0x0000000085ee3fb8) 
thrown [s\src\hotspot\share\classfile\systemDictionary.cpp, line 256]
Event: 3.834 Thread 0x00000231ecb1ff30 Exception <a 'java/lang/ClassNotFoundException'{0x0000000085eec340}: org/jetbrains/plugins/gradle/model/web/WebConfigurationCustomizer> (0x0000000085eec340) 
thrown [s\src\hotspot\share\classfile\systemDictionary.cpp, line 256]
Event: 3.835 Thread 0x00000231ecb1ff30 Exception <a 'java/lang/ClassNotFoundException'{0x0000000085d0ad78}: org/jetbrains/plugins/gradle/model/scala/ScalaModelBeanInfo> (0x0000000085d0ad78) 
thrown [s\src\hotspot\share\classfile\systemDictionary.cpp, line 256]
Event: 3.835 Thread 0x00000231ecb1ff30 Exception <a 'java/lang/ClassNotFoundException'{0x0000000085d13080}: org/jetbrains/plugins/gradle/model/scala/ScalaModelCustomizer> (0x0000000085d13080) 
thrown [s\src\hotspot\share\classfile\systemDictionary.cpp, line 256]
Event: 3.837 Thread 0x00000231ecb1ff30 Exception <a 'java/lang/ClassNotFoundException'{0x0000000085d451c8}: org/jetbrains/plugins/gradle/model/DependencyAccessorsModelBeanInfo> (0x0000000085d451c8) 
thrown [s\src\hotspot\share\classfile\systemDictionary.cpp, line 256]
Event: 3.837 Thread 0x00000231ecb1ff30 Exception <a 'java/lang/ClassNotFoundException'{0x0000000085d4d578}: org/jetbrains/plugins/gradle/model/DependencyAccessorsModelCustomizer> (0x0000000085d4d578) 
thrown [s\src\hotspot\share\classfile\systemDictionary.cpp, line 256]
Event: 3.903 Thread 0x00000231ecb1ff30 Exception <a 'java/lang/ClassNotFoundException'{0x000000008cc86538}: org/gradle/api/internal/project/DefaultProject_DecoratedBeanInfo> (0x000000008cc86538) 
thrown [s\src\hotspot\share\classfile\systemDictionary.cpp, line 256]
Event: 3.903 Thread 0x00000231ecb1ff30 Exception <a 'java/lang/ClassNotFoundException'{0x000000008cc93090}: org/gradle/api/internal/project/DefaultProjectBeanInfo> (0x000000008cc93090) 
thrown [s\src\hotspot\share\classfile\systemDictionary.cpp, line 256]
Event: 3.904 Thread 0x00000231ecb1ff30 Exception <a 'java/lang/ClassNotFoundException'{0x000000008cc9fbf0}: org/gradle/api/internal/project/DefaultProjectCustomizer> (0x000000008cc9fbf0) 
thrown [s\src\hotspot\share\classfile\systemDictionary.cpp, line 256]
Event: 3.906 Thread 0x00000231ecb1ff30 Exception <a 'java/lang/ClassNotFoundException'{0x000000008cb49928}: org/gradle/api/internal/project/DefaultProject_DecoratedCustomizer> (0x000000008cb49928) 
thrown [s\src\hotspot\share\classfile\systemDictionary.cpp, line 256]
Event: 4.149 Thread 0x00000231ecb1ff30 Exception <a 'java/lang/NoSuchMethodError'{0x000000008cbfed70}: 'java.lang.Object java.lang.invoke.DirectMethodHandle$Holder.newInvokeSpecial(java.lang.Object, java.lang.Object, java.lang.Object, java.lang.Object, java.lang.Object, int)'> (0x000000008cbfed70) 
thrown [s\src\hotspot\share\interpreter\linkResolver.cpp, line 771]
Event: 4.149 Thread 0x00000231ecb1ff30 Exception <a 'java/lang/NoSuchMethodError'{0x000000008ca04868}: 'java.lang.Object java.lang.invoke.DirectMethodHandle$Holder.invokeSpecial(java.lang.Object, java.lang.Object, java.lang.Object, java.lang.Object, java.lang.Object, java.lang.Object, int)'> (0x000000008ca04868) 
thrown [s\src\hotspot\share\interpreter\linkResolver.cpp, line 771]
Event: 4.155 Thread 0x00000231ecb1ff30 Exception <a 'java/lang/NoSuchMethodError'{0x000000008caa4530}: 'void java.lang.invoke.DirectMethodHandle$Holder.invokeStatic(java.lang.Object, java.lang.Object, java.lang.Object, int, java.lang.Object)'> (0x000000008caa4530) 
thrown [s\src\hotspot\share\interpreter\linkResolver.cpp, line 771]
Event: 4.313 Thread 0x00000231ecb1ff30 Implicit null exception at 0x00000231db85d3ef to 0x00000231db85d630
Event: 4.444 Thread 0x00000231ecb1ff30 Implicit null exception at 0x00000231db84f612 to 0x00000231db84fc7c
Event: 4.444 Thread 0x00000231ecb1ff30 Implicit null exception at 0x00000231db850514 to 0x00000231db850be4
Event: 4.582 Thread 0x00000231ecb1ff30 Exception <a 'java/lang/NoSuchMethodError'{0x0000000088102ad0}: 'java.lang.Object java.lang.invoke.DirectMethodHandle$Holder.newInvokeSpecial(java.lang.Object, java.lang.Object, java.lang.Object, java.lang.Object, int)'> (0x0000000088102ad0) 
thrown [s\src\hotspot\share\interpreter\linkResolver.cpp, line 771]
Event: 4.582 Thread 0x00000231ecb1ff30 Exception <a 'java/lang/NoSuchMethodError'{0x0000000088107f18}: 'java.lang.Object java.lang.invoke.DirectMethodHandle$Holder.invokeSpecial(java.lang.Object, java.lang.Object, java.lang.Object, java.lang.Object, java.lang.Object, int)'> (0x0000000088107f18) 
thrown [s\src\hotspot\share\interpreter\linkResolver.cpp, line 771]
Event: 4.582 Thread 0x00000231ecb1ff30 Exception <a 'java/lang/NoSuchMethodError'{0x000000008810cc98}: 'java.lang.Object java.lang.invoke.Invokers$Holder.linkToTargetMethod(java.lang.Object, java.lang.Object, java.lang.Object, int, java.lang.Object)'> (0x000000008810cc98) 
thrown [s\src\hotspot\share\interpreter\linkResolver.cpp, line 771]
Event: 4.698 Thread 0x00000231ecb1ff30 Exception <a 'java/lang/NoSuchMethodError'{0x000000008d0fc490}: 'int java.lang.invoke.DirectMethodHandle$Holder.invokeInterface(java.lang.Object, java.lang.Object, java.lang.Object, java.lang.Object)'> (0x000000008d0fc490) 
thrown [s\src\hotspot\share\interpreter\linkResolver.cpp, line 771]

VM Operations (20 events):
Event: 4.431 Executing VM operation: G1CollectForAllocation
Event: 4.434 Executing VM operation: G1CollectForAllocation done
Event: 4.446 Executing VM operation: G1TryInitiateConcMark
Event: 4.449 Executing VM operation: G1TryInitiateConcMark done
Event: 4.472 Executing VM operation: G1Concurrent
Event: 4.473 Executing VM operation: G1Concurrent done
Event: 4.484 Executing VM operation: G1Concurrent
Event: 4.484 Executing VM operation: G1Concurrent done
Event: 4.486 Executing VM operation: G1TryInitiateConcMark
Event: 4.489 Executing VM operation: G1TryInitiateConcMark done
Event: 4.512 Executing VM operation: G1Concurrent
Event: 4.513 Executing VM operation: G1Concurrent done
Event: 4.525 Executing VM operation: G1Concurrent
Event: 4.525 Executing VM operation: G1Concurrent done
Event: 4.661 Executing VM operation: G1CollectForAllocation
Event: 4.665 Executing VM operation: G1CollectForAllocation done
Event: 4.694 Executing VM operation: HandshakeAllThreads
Event: 4.694 Executing VM operation: HandshakeAllThreads done
Event: 4.698 Executing VM operation: HandshakeAllThreads
Event: 4.698 Executing VM operation: HandshakeAllThreads done

Events (20 events):
Event: 4.810 loading class java/time/format/DateTimeFormatterBuilder$StringLiteralPrinterParser
Event: 4.810 loading class java/time/format/DateTimeFormatterBuilder$StringLiteralPrinterParser done
Event: 4.811 loading class java/time/format/DateTimeFormatterBuilder$InstantPrinterParser
Event: 4.811 loading class java/time/format/DateTimeFormatterBuilder$InstantPrinterParser done
Event: 4.811 loading class java/time/format/DateTimeTextProvider$LocaleStore
Event: 4.811 loading class java/time/format/DateTimeTextProvider$LocaleStore done
Event: 4.811 loading class java/time/format/DateTimeTextProvider
Event: 4.811 loading class java/time/format/DateTimeTextProvider done
Event: 4.811 loading class java/time/format/DateTimeTextProvider$1
Event: 4.811 loading class java/time/format/DateTimeTextProvider$1 done
Event: 4.811 loading class java/time/format/DateTimeFormatterBuilder$1
Event: 4.811 loading class java/time/format/DateTimeFormatterBuilder$1 done
Event: 4.811 loading class java/time/format/DateTimeFormatterBuilder$TextPrinterParser
Event: 4.811 loading class java/time/format/DateTimeFormatterBuilder$TextPrinterParser done
Event: 4.812 loading class java/util/concurrent/Executors$DefaultThreadFactory
Event: 4.812 loading class java/util/concurrent/Executors$DefaultThreadFactory done
Event: 4.912 loading class java/util/IdentityHashMap$KeyIterator
Event: 4.912 loading class java/util/IdentityHashMap$IdentityHashMapIterator
Event: 4.913 loading class java/util/IdentityHashMap$IdentityHashMapIterator done
Event: 4.913 loading class java/util/IdentityHashMap$KeyIterator done


Dynamic libraries:
0x00007ff77ac40000 - 0x00007ff77ac4a000 	C:\Program Files\Android\Android Studio\jbr\bin\java.exe
0x00007ff84fa90000 - 0x00007ff84fc88000 	C:\Windows\SYSTEM32\ntdll.dll
0x00007ff84e290000 - 0x00007ff84e34f000 	C:\Windows\System32\KERNEL32.DLL
0x00007ff84d640000 - 0x00007ff84d912000 	C:\Windows\System32\KERNELBASE.dll
0x00007ff84d140000 - 0x00007ff84d240000 	C:\Windows\System32\ucrtbase.dll
0x00007ff831ac0000 - 0x00007ff831adb000 	C:\Program Files\Android\Android Studio\jbr\bin\VCRUNTIME140.dll
0x00007ff80cfe0000 - 0x00007ff80cff7000 	C:\Program Files\Android\Android Studio\jbr\bin\jli.dll
0x00007ff84e040000 - 0x00007ff84e1dd000 	C:\Windows\System32\USER32.dll
0x00007ff84d610000 - 0x00007ff84d632000 	C:\Windows\System32\win32u.dll
0x00007ff84e350000 - 0x00007ff84e37b000 	C:\Windows\System32\GDI32.dll
0x00007ff84cfc0000 - 0x00007ff84d0cf000 	C:\Windows\System32\gdi32full.dll
0x00007ff84d3b0000 - 0x00007ff84d44d000 	C:\Windows\System32\msvcp_win.dll
0x00007ff832a60000 - 0x00007ff832cfa000 	C:\Windows\WinSxS\amd64_microsoft.windows.common-controls_6595b64144ccf1df_6.0.19041.1110_none_60b5254171f9507e\COMCTL32.dll
0x00007ff84d920000 - 0x00007ff84d9be000 	C:\Windows\System32\msvcrt.dll
0x00007ff84f340000 - 0x00007ff84f372000 	C:\Windows\System32\IMM32.DLL
0x00007ff840c30000 - 0x00007ff840c3c000 	C:\Program Files\Android\Android Studio\jbr\bin\vcruntime140_1.dll
0x00007ff831600000 - 0x00007ff83168d000 	C:\Program Files\Android\Android Studio\jbr\bin\msvcp140.dll
0x00007fffc9cb0000 - 0x00007fffca91e000 	C:\Program Files\Android\Android Studio\jbr\bin\server\jvm.dll
0x00007ff84f260000 - 0x00007ff84f30e000 	C:\Windows\System32\ADVAPI32.dll
0x00007ff84ead0000 - 0x00007ff84eb6c000 	C:\Windows\System32\sechost.dll
0x00007ff84efb0000 - 0x00007ff84f0d5000 	C:\Windows\System32\RPCRT4.dll
0x00007ff82f3f0000 - 0x00007ff82f3f9000 	C:\Windows\SYSTEM32\WSOCK32.dll
0x00007ff83fdb0000 - 0x00007ff83fdba000 	C:\Windows\SYSTEM32\VERSION.dll
0x00007ff84dfd0000 - 0x00007ff84e03b000 	C:\Windows\System32\WS2_32.dll
0x00007ff83d6a0000 - 0x00007ff83d6c7000 	C:\Windows\SYSTEM32\WINMM.dll
0x00007ff84d5f0000 - 0x00007ff84d602000 	C:\Windows\System32\kernel.appcore.dll
0x00007ff83b8c0000 - 0x00007ff83b8ca000 	C:\Program Files\Android\Android Studio\jbr\bin\jimage.dll
0x00007ff84b300000 - 0x00007ff84b4e4000 	C:\Windows\SYSTEM32\DBGHELP.DLL
0x00007ff83b880000 - 0x00007ff83b8ac000 	C:\Windows\SYSTEM32\dbgcore.DLL
0x00007ff84d560000 - 0x00007ff84d5e2000 	C:\Windows\System32\bcryptPrimitives.dll
0x00007ff839de0000 - 0x00007ff839e05000 	C:\Program Files\Android\Android Studio\jbr\bin\java.dll
0x00007ff831c80000 - 0x00007ff831c98000 	C:\Program Files\Android\Android Studio\jbr\bin\zip.dll
0x00007ff84e380000 - 0x00007ff84eac3000 	C:\Windows\System32\SHELL32.dll
0x00007ff84aa90000 - 0x00007ff84b222000 	C:\Windows\SYSTEM32\windows.storage.dll
0x00007ff84d9d0000 - 0x00007ff84dd24000 	C:\Windows\System32\combase.dll
0x00007ff84c880000 - 0x00007ff84c8b0000 	C:\Windows\SYSTEM32\Wldp.dll
0x00007ff84e1e0000 - 0x00007ff84e28d000 	C:\Windows\System32\SHCORE.dll
0x00007ff84eb70000 - 0x00007ff84ebc5000 	C:\Windows\System32\shlwapi.dll
0x00007ff84cd60000 - 0x00007ff84cd7f000 	C:\Windows\SYSTEM32\profapi.dll
0x00007ff831c60000 - 0x00007ff831c79000 	C:\Program Files\Android\Android Studio\jbr\bin\net.dll
0x00007ff8433d0000 - 0x00007ff8434dc000 	C:\Windows\SYSTEM32\WINHTTP.dll
0x00007ff84c5e0000 - 0x00007ff84c64a000 	C:\Windows\system32\mswsock.dll
0x00007ff81bfd0000 - 0x00007ff81bfe6000 	C:\Program Files\Android\Android Studio\jbr\bin\nio.dll
0x00007ff839dd0000 - 0x00007ff839de0000 	C:\Program Files\Android\Android Studio\jbr\bin\verify.dll
0x00007fffe67d0000 - 0x00007fffe67f7000 	F:\MyApplication2\.gradle\native\68d5fa5c4cc2d200863cafc0d521ce42e7d3e7ee720ec0a83991735586a16f82\windows-amd64\native-platform.dll
0x00007fffceec0000 - 0x00007fffcf004000 	F:\MyApplication2\.gradle\native\e376f236ea51e6404a007f0833ffe2c6e607c4080706a723a18a27aeea778392\windows-amd64\native-platform-file-events.dll
0x00007ff82cd40000 - 0x00007ff82cd49000 	C:\Program Files\Android\Android Studio\jbr\bin\management.dll
0x00007ff81bf80000 - 0x00007ff81bf8b000 	C:\Program Files\Android\Android Studio\jbr\bin\management_ext.dll
0x00007ff84f330000 - 0x00007ff84f338000 	C:\Windows\System32\PSAPI.DLL
0x00007ff84c7e0000 - 0x00007ff84c7f8000 	C:\Windows\SYSTEM32\CRYPTSP.dll
0x00007ff84bee0000 - 0x00007ff84bf14000 	C:\Windows\system32\rsaenh.dll
0x00007ff84d530000 - 0x00007ff84d557000 	C:\Windows\System32\bcrypt.dll
0x00007ff84cd20000 - 0x00007ff84cd4e000 	C:\Windows\SYSTEM32\USERENV.dll
0x00007ff84c7d0000 - 0x00007ff84c7dc000 	C:\Windows\SYSTEM32\CRYPTBASE.dll
0x00007ff84c2d0000 - 0x00007ff84c30b000 	C:\Windows\SYSTEM32\IPHLPAPI.DLL
0x00007ff84d9c0000 - 0x00007ff84d9c8000 	C:\Windows\System32\NSI.dll
0x00007ff840e80000 - 0x00007ff840e97000 	C:\Windows\SYSTEM32\dhcpcsvc6.DLL
0x00007ff8404a0000 - 0x00007ff8404bd000 	C:\Windows\SYSTEM32\dhcpcsvc.DLL
0x00007ff84c310000 - 0x00007ff84c3da000 	C:\Windows\SYSTEM32\DNSAPI.dll
0x00007ff822370000 - 0x00007ff822377000 	C:\Windows\system32\wshunix.dll

dbghelp: loaded successfully - version: 4.0.5 - missing functions: none
symbol engine: initialized successfully - sym options: 0x614 - pdb path: .;C:\Program Files\Android\Android Studio\jbr\bin;C:\Windows\SYSTEM32;C:\Windows\WinSxS\amd64_microsoft.windows.common-controls_6595b64144ccf1df_6.0.19041.1110_none_60b5254171f9507e;C:\Program Files\Android\Android Studio\jbr\bin\server;F:\MyApplication2\.gradle\native\68d5fa5c4cc2d200863cafc0d521ce42e7d3e7ee720ec0a83991735586a16f82\windows-amd64;F:\MyApplication2\.gradle\native\e376f236ea51e6404a007f0833ffe2c6e607c4080706a723a18a27aeea778392\windows-amd64

VM Arguments:
jvm_args: --add-opens=java.base/java.util=ALL-UNNAMED --add-opens=java.base/java.lang=ALL-UNNAMED --add-opens=java.base/java.lang.invoke=ALL-UNNAMED --add-opens=java.prefs/java.util.prefs=ALL-UNNAMED --add-opens=java.base/java.nio.charset=ALL-UNNAMED --add-opens=java.base/java.net=ALL-UNNAMED --add-opens=java.base/java.util.concurrent.atomic=ALL-UNNAMED -Xmx2048m -Dfile.encoding=UTF-8 -Duser.country=CN -Duser.language=zh -Duser.variant 
java_command: org.gradle.launcher.daemon.bootstrap.GradleDaemon 8.0
java_class_path (initial): F:\MyApplication2\.gradle\wrapper\dists\gradle-8.0-bin\ca5e32bp14vu59qr306oxotwh\gradle-8.0\lib\gradle-launcher-8.0.jar
Launcher Type: SUN_STANDARD

[Global flags]
     intx CICompilerCount                          = 4                                         {product} {ergonomic}
     uint ConcGCThreads                            = 2                                         {product} {ergonomic}
     uint G1ConcRefinementThreads                  = 8                                         {product} {ergonomic}
   size_t G1HeapRegionSize                         = 1048576                                   {product} {ergonomic}
    uintx GCDrainStackTargetSize                   = 64                                        {product} {ergonomic}
   size_t InitialHeapSize                          = 264241152                                 {product} {ergonomic}
   size_t MarkStackSize                            = 4194304                                   {product} {ergonomic}
   size_t MaxHeapSize                              = 2147483648                                {product} {command line}
   size_t MaxNewSize                               = 1287651328                                {product} {ergonomic}
   size_t MinHeapDeltaBytes                        = 1048576                                   {product} {ergonomic}
   size_t MinHeapSize                              = 8388608                                   {product} {ergonomic}
    uintx NonNMethodCodeHeapSize                   = 5839372                                {pd product} {ergonomic}
    uintx NonProfiledCodeHeapSize                  = 122909434                              {pd product} {ergonomic}
    uintx ProfiledCodeHeapSize                     = 122909434                              {pd product} {ergonomic}
    uintx ReservedCodeCacheSize                    = 251658240                              {pd product} {ergonomic}
     bool SegmentedCodeCache                       = true                                      {product} {ergonomic}
   size_t SoftMaxHeapSize                          = 2147483648                             {manageable} {ergonomic}
     bool UseCompressedClassPointers               = true                           {product lp64_product} {ergonomic}
     bool UseCompressedOops                        = true                           {product lp64_product} {ergonomic}
     bool UseG1GC                                  = true                                      {product} {ergonomic}
     bool UseLargePagesIndividualAllocation        = false                                  {pd product} {ergonomic}

Logging:
Log output configuration:
 #0: stdout all=warning uptime,level,tags
 #1: stderr all=off uptime,level,tags

Environment Variables:
JAVA_HOME=C:\Program Files\Java\jdk-17.0.1
CLASSPATH=C:\Program Files\Java\jdk-17.0.1\lib\dt.jar;C:\Program Files\Java\jdk-17.0.1\lib\tools.jar;
PATH=C:\Program Files\Java\jdk-17.0.1\bin;C:\Program Files\Java\jdk-17.0.1\jre\bin;;C:\Program Files\Common Files\Oracle\Java\javapath;D:\\Scripts\;D:\\;C:\Program Files\Microsoft MPI\Bin\;C:\Program Files (x86)\NVIDIA Corporation\PhysX\Common;C:\Windows\system32;C:\Windows;C:\Windows\System32\Wbem;C:\Windows\System32\WindowsPowerShell\v1.0\;C:\Windows\System32\OpenSSH\;C:\Program Files\NVIDIA Corporation\NVIDIA NvDLISR;C:\Program Files\dotnet\;D:\bin;C:\Strawberry\c\bin;C:\Strawberry\perl\site\bin;C:\Strawberry\perl\bin;D:\\Microsoft VS Code\;C:\Program Files\MySQL\MySQL Server 8.0\bin;D:\\160\Tools\Binn\;C:\Program Files\Microsoft SQL Server\160\Tools\Binn\;C:\Program Files\Microsoft SQL Server\Client SDK\ODBC\170\Tools\Binn\;C:\Program Files\Microsoft SQL Server\160\DTS\Binn\;D:\\160\DTS\Binn\;C:\Program Files\Azure Data Studio\bin;C:\Users\25599\matlab2016\runtime\win64;C:\Users\25599\matlab2016\bin;C:\Users\25599\matlab2016\polyspace\bin;C:\Program Files\MySQL\MySQL Shell 8.0\bin\;C:\Users\25599\AppData\Local\Microsoft\WindowsApps;%IntelliJ IDEA Community Edition%;D:\\Microsoft VS Code\bin;C:\Users\25599\AppData\Roaming\npm;%IntelliJ IDEA%;C:\Program Files\Azure Data Studio\bin;C:\ProgramData\25599\GitHubDesktop\bin;C:\intelFPGA\18.1\modelsim_ase\win32aloem;D:\inmodlesim\win64
USERNAME=25599
OS=Windows_NT
PROCESSOR_IDENTIFIER=Intel64 Family 6 Model 140 Stepping 1, GenuineIntel
TMP=C:\Users\25599\AppData\Local\Temp
TEMP=C:\Users\25599\AppData\Local\Temp


JNI global refs:
JNI global refs: 29, weak refs: 1

JNI global refs memory usage: 843, weak refs: 841


---------------  S Y S T E M  ---------------

OS:
 Windows 10 , 64 bit Build 19041 (10.0.19041.2251)
OS uptime: 0 days 0:41 hours
Hyper-V role detected

CPU: total 8 (initial active 8) (4 cores per cpu, 2 threads per core) family 6 model 140 stepping 1 microcode 0xac, cx8, cmov, fxsr, ht, mmx, 3dnowpref, sse, sse2, sse3, ssse3, sse4.1, sse4.2, popcnt, lzcnt, tsc, tscinvbit, avx, avx2, aes, erms, clmul, bmi1, bmi2, adx, avx512f, avx512dq, avx512cd, avx512bw, avx512vl, sha, fma, vzeroupper, avx512_vpopcntdq, avx512_vpclmulqdq, avx512_vaes, avx512_vnni, clflush, clflushopt, clwb, avx512_vbmi2, avx512_vbmi, hv

Memory: 4k page, system-wide physical 16106M (2460M free)
TotalPageFile size 16106M (AvailPageFile size 6M)
current process WorkingSet (physical memory assigned to process): 372M, peak: 372M
current process commit charge ("private bytes"): 410M, peak: 412M

vm_info: OpenJDK 64-Bit Server VM (17.0.6+0-b2043.56-10027231) for windows-amd64 JRE (17.0.6+0-b2043.56-10027231), built on Apr 28 2023 00:43:19 by "androidbuild" with MS VC++ 16.10 / 16.11 (VS2019)

END.
