#
# There is insufficient memory for the Java Runtime Environment to continue.
# Native memory allocation (mmap) failed to map 19922944 bytes for G1 virtual space
# Possible reasons:
#   The system is out of physical RAM or swap space
#   The process is running with CompressedOops enabled, and the Java Heap may be blocking the growth of the native heap
# Possible solutions:
#   Reduce memory load on the system
#   Increase physical memory or swap space
#   Check if swap backing store is full
#   Decrease Java heap size (-Xmx/-Xms)
#   Decrease number of Java threads
#   Decrease Java thread stack sizes (-Xss)
#   Set larger code cache with -XX:ReservedCodeCacheSize=
#   JVM is running with Unscaled Compressed Oops mode in which the Java heap is
#     placed in the first 4GB address space. The Java Heap base address is the
#     maximum limit for the native heap growth. Please use -XX:HeapBaseMinAddress
#     to set the Java Heap base and to place the Java Heap above 4GB virtual address.
# This output file may be truncated or incomplete.
#
#  Out of Memory Error (os_windows.cpp:3769), pid=21388, tid=8492
#
# JRE version: OpenJDK Runtime Environment (17.0.6) (build 17.0.6+0-b2043.56-10027231)
# Java VM: OpenJDK 64-Bit Server VM (17.0.6+0-b2043.56-10027231, mixed mode, tiered, compressed oops, compressed class ptrs, g1 gc, windows-amd64)
# No core dump will be written. Minidumps are not enabled by default on client versions of Windows
#

---------------  S U M M A R Y ------------

Command Line: --add-opens=java.base/java.util=ALL-UNNAMED --add-opens=java.base/java.lang=ALL-UNNAMED --add-opens=java.base/java.lang.invoke=ALL-UNNAMED --add-opens=java.prefs/java.util.prefs=ALL-UNNAMED --add-opens=java.base/java.nio.charset=ALL-UNNAMED --add-opens=java.base/java.net=ALL-UNNAMED --add-opens=java.base/java.util.concurrent.atomic=ALL-UNNAMED -Xmx2048m -Dfile.encoding=UTF-8 -Duser.country=CN -Duser.language=zh -Duser.variant org.gradle.launcher.daemon.bootstrap.GradleDaemon 8.0

Host: 11th Gen Intel(R) Core(TM) i7-1165G7 @ 2.80GHz, 8 cores, 15G,  Windows 10 , 64 bit Build 19041 (10.0.19041.2251)
Time: Tue Jan 16 16:02:21 2024  Windows 10 , 64 bit Build 19041 (10.0.19041.2251) elapsed time: 8.796965 seconds (0d 0h 0m 8s)

---------------  T H R E A D  ---------------

Current thread (0x000001c5f58090c0):  VMThread "VM Thread" [stack: 0x0000006940200000,0x0000006940300000] [id=8492]

Stack: [0x0000006940200000,0x0000006940300000]
Native frames: (J=compiled Java code, j=interpreted, Vv=VM code, C=native code)
V  [jvm.dll+0x683c9a]
V  [jvm.dll+0x8427a4]
V  [jvm.dll+0x843f9e]
V  [jvm.dll+0x844603]
V  [jvm.dll+0x249b75]
V  [jvm.dll+0x680b69]
V  [jvm.dll+0x67505a]
V  [jvm.dll+0x309acb]
V  [jvm.dll+0x310f86]
V  [jvm.dll+0x3608ee]
V  [jvm.dll+0x360b1f]
V  [jvm.dll+0x2dfbf8]
V  [jvm.dll+0x2e2ce6]
V  [jvm.dll+0x2ed478]
V  [jvm.dll+0x322150]
V  [jvm.dll+0x848ccb]
V  [jvm.dll+0x849a04]
V  [jvm.dll+0x849f1d]
V  [jvm.dll+0x84a2f4]
V  [jvm.dll+0x84a3c0]
V  [jvm.dll+0x7f274a]
V  [jvm.dll+0x682ad5]
C  [ucrtbase.dll+0x21bb2]
C  [KERNEL32.DLL+0x174b4]
C  [ntdll.dll+0x526a1]

VM_Operation (0x000000693feff750): G1Concurrent, mode: safepoint, requested by thread 0x000001c5d91abc90


---------------  P R O C E S S  ---------------

Threads class SMR info:
_java_thread_list=0x000001c5f9919d20, length=126, elements={
0x000001c5d913cb50, 0x000001c5f580cf90, 0x000001c5f580db40, 0x000001c5f5875dc0,
0x000001c5f5876970, 0x000001c5f5877320, 0x000001c5f5877cd0, 0x000001c5f589a480,
0x000001c5f589af90, 0x000001c5f58a0960, 0x000001c5f5a2f640, 0x000001c5f5a2dbb0,
0x000001c5f700b1a0, 0x000001c5f8bb2ff0, 0x000001c5f890d9a0, 0x000001c5f84ab8a0,
0x000001c5f7307840, 0x000001c5f7171ac0, 0x000001c5f805ed60, 0x000001c5f7307d10,
0x000001c5f84a5a80, 0x000001c5f84a3da0, 0x000001c5f84a4c10, 0x000001c5f84a4740,
0x000001c5f84a6420, 0x000001c5f84a4270, 0x000001c5f84a50e0, 0x000001c5f84a55b0,
0x000001c5f84a5f50, 0x000001c5f84a68f0, 0x000001c5f84a6dc0, 0x000001c5f84a7290,
0x000001c5f84a38d0, 0x000001c5fb7a9610, 0x000001c5fb7a2760, 0x000001c5fb7a65f0,
0x000001c5fb7a8c70, 0x000001c5fb7a1dc0, 0x000001c5fb7a2290, 0x000001c5fb7a7460,
0x000001c5fb7a5c50, 0x000001c5fb7a7e00, 0x000001c5fb7a7930, 0x000001c5fb7a82d0,
0x000001c5fb7a35d0, 0x000001c5fb7a4910, 0x000001c5fb7a3aa0, 0x000001c5fb7a3f70,
0x000001c5fb7a4de0, 0x000001c5fb7a52b0, 0x000001c5fbddda40, 0x000001c5fbddaef0,
0x000001c5fbdda080, 0x000001c5fbdd8d40, 0x000001c5fbdd96e0, 0x000001c5fbddbd60,
0x000001c5fbddaa20, 0x000001c5fbdddf10, 0x000001c5fbdd9210, 0x000001c5fbdd9bb0,
0x000001c5fbdda550, 0x000001c5fbdd83a0, 0x000001c5fbdde3e0, 0x000001c5fbddb3c0,
0x000001c5fbddc700, 0x000001c5fbddcbd0, 0x000001c5fbddb890, 0x000001c5fbdde8b0,
0x000001c5fbdd7a00, 0x000001c5fbddc230, 0x000001c5fbdd7060, 0x000001c5fbdd8870,
0x000001c5fbdd7530, 0x000001c5fbddd0a0, 0x000001c5fbddd570, 0x000001c5fbdd7ed0,
0x000001c5fcc54c90, 0x000001c5fcc55b00, 0x000001c5fcc59990, 0x000001c5fcc58650,
0x000001c5fcc5a330, 0x000001c5fcc58180, 0x000001c5fcc59e60, 0x000001c5fcc53480,
0x000001c5fcc53e20, 0x000001c5fcc58b20, 0x000001c5fcc58ff0, 0x000001c5fcc55fd0,
0x000001c5fcc5a800, 0x000001c5fcc594c0, 0x000001c5fcc56970, 0x000001c5fcc53950,
0x000001c5fcc52fb0, 0x000001c5fcc542f0, 0x000001c5fcc55160, 0x000001c5fcc564a0,
0x000001c5fcc547c0, 0x000001c5fcc56e40, 0x000001c5fcc57310, 0x000001c5fcc55630,
0x000001c5fcc577e0, 0x000001c5fcc57cb0, 0x000001c5fee52b80, 0x000001c5fee4e820,
0x000001c5fee4e350, 0x000001c5fee4fb60, 0x000001c5fee4d9b0, 0x000001c5fee4bcd0,
0x000001c5fee50030, 0x000001c5fee4ecf0, 0x000001c5fee509d0, 0x000001c5fee53050,
0x000001c5fee4f1c0, 0x000001c5fee4c1a0, 0x000001c5fee50500, 0x000001c5fee50ea0,
0x000001c5fee4de80, 0x000001c5fee4f690, 0x000001c5fee53520, 0x000001c5fee51370,
0x000001c5fee4c670, 0x000001c5fee521e0, 0x000001c5fee51840, 0x000001c5fee51d10,
0x000001c5fee4cb40, 0x000001c5fc9f2510
}

Java Threads: ( => current thread )
  0x000001c5d913cb50 JavaThread "main" [_thread_blocked, id=8540, stack(0x000000693fc00000,0x000000693fd00000)]
  0x000001c5f580cf90 JavaThread "Reference Handler" daemon [_thread_blocked, id=21252, stack(0x0000006940300000,0x0000006940400000)]
  0x000001c5f580db40 JavaThread "Finalizer" daemon [_thread_blocked, id=11796, stack(0x0000006940400000,0x0000006940500000)]
  0x000001c5f5875dc0 JavaThread "Signal Dispatcher" daemon [_thread_blocked, id=4440, stack(0x0000006940500000,0x0000006940600000)]
  0x000001c5f5876970 JavaThread "Attach Listener" daemon [_thread_blocked, id=13932, stack(0x0000006940600000,0x0000006940700000)]
  0x000001c5f5877320 JavaThread "Service Thread" daemon [_thread_blocked, id=19280, stack(0x0000006940700000,0x0000006940800000)]
  0x000001c5f5877cd0 JavaThread "Monitor Deflation Thread" daemon [_thread_blocked, id=2620, stack(0x0000006940800000,0x0000006940900000)]
  0x000001c5f589a480 JavaThread "C2 CompilerThread0" daemon [_thread_blocked, id=14040, stack(0x0000006940900000,0x0000006940a00000)]
  0x000001c5f589af90 JavaThread "C1 CompilerThread0" daemon [_thread_blocked, id=11596, stack(0x0000006940a00000,0x0000006940b00000)]
  0x000001c5f58a0960 JavaThread "Sweeper thread" daemon [_thread_blocked, id=13984, stack(0x0000006940b00000,0x0000006940c00000)]
  0x000001c5f5a2f640 JavaThread "Common-Cleaner" daemon [_thread_blocked, id=22984, stack(0x0000006940c00000,0x0000006940d00000)]
  0x000001c5f5a2dbb0 JavaThread "Notification Thread" daemon [_thread_blocked, id=10108, stack(0x0000006940d00000,0x0000006940e00000)]
  0x000001c5f700b1a0 JavaThread "Daemon health stats" [_thread_blocked, id=23496, stack(0x0000006941600000,0x0000006941700000)]
  0x000001c5f8bb2ff0 JavaThread "Incoming local TCP Connector on port 49735" [_thread_in_native, id=1744, stack(0x0000006941500000,0x0000006941600000)]
  0x000001c5f890d9a0 JavaThread "Daemon periodic checks" [_thread_blocked, id=21532, stack(0x0000006941700000,0x0000006941800000)]
  0x000001c5f84ab8a0 JavaThread "Daemon" [_thread_blocked, id=23392, stack(0x0000006941800000,0x0000006941900000)]
  0x000001c5f7307840 JavaThread "Handler for socket connection from /127.0.0.1:49735 to /127.0.0.1:49736" [_thread_in_native, id=22296, stack(0x0000006941900000,0x0000006941a00000)]
  0x000001c5f7171ac0 JavaThread "Cancel handler" [_thread_blocked, id=8216, stack(0x0000006941a00000,0x0000006941b00000)]
  0x000001c5f805ed60 JavaThread "Daemon worker" [_thread_blocked, id=16528, stack(0x0000006941b00000,0x0000006941c00000)]
  0x000001c5f7307d10 JavaThread "Asynchronous log dispatcher for DefaultDaemonConnection: socket connection from /127.0.0.1:49735 to /127.0.0.1:49736" [_thread_blocked, id=23600, stack(0x0000006941c00000,0x0000006941d00000)]
  0x000001c5f84a5a80 JavaThread "Stdin handler" [_thread_blocked, id=21776, stack(0x0000006941d00000,0x0000006941e00000)]
  0x000001c5f84a3da0 JavaThread "Daemon client event forwarder" [_thread_blocked, id=18584, stack(0x0000006941e00000,0x0000006941f00000)]
  0x000001c5f84a4c10 JavaThread "Cache worker for journal cache (F:\MyApplication2\.gradle\caches\journal-1)" [_thread_blocked, id=9732, stack(0x0000006942200000,0x0000006942300000)]
  0x000001c5f84a4740 JavaThread "File lock request listener" [_thread_in_native, id=9408, stack(0x0000006942300000,0x0000006942400000)]
  0x000001c5f84a6420 JavaThread "Cache worker for file hash cache (F:\MyApplication2\.gradle\caches\8.0\fileHashes)" [_thread_blocked, id=8760, stack(0x0000006942400000,0x0000006942500000)]
  0x000001c5f84a4270 JavaThread "File watcher server" daemon [_thread_in_native, id=19216, stack(0x0000006942600000,0x0000006942700000)]
  0x000001c5f84a50e0 JavaThread "File watcher consumer" daemon [_thread_blocked, id=3860, stack(0x0000006942700000,0x0000006942800000)]
  0x000001c5f84a55b0 JavaThread "jar transforms" [_thread_blocked, id=8432, stack(0x0000006942800000,0x0000006942900000)]
  0x000001c5f84a5f50 JavaThread "jar transforms Thread 2" [_thread_blocked, id=15844, stack(0x0000006942900000,0x0000006942a00000)]
  0x000001c5f84a68f0 JavaThread "jar transforms Thread 3" [_thread_blocked, id=16804, stack(0x0000006942a00000,0x0000006942b00000)]
  0x000001c5f84a6dc0 JavaThread "jar transforms Thread 4" [_thread_blocked, id=15812, stack(0x0000006942b00000,0x0000006942c00000)]
  0x000001c5f84a7290 JavaThread "jar transforms Thread 5" [_thread_blocked, id=9788, stack(0x0000006942c00000,0x0000006942d00000)]
  0x000001c5f84a38d0 JavaThread "jar transforms Thread 6" [_thread_blocked, id=16588, stack(0x0000006942d00000,0x0000006942e00000)]
  0x000001c5fb7a9610 JavaThread "jar transforms Thread 7" [_thread_blocked, id=16800, stack(0x0000006942e00000,0x0000006942f00000)]
  0x000001c5fb7a2760 JavaThread "jar transforms Thread 8" [_thread_blocked, id=18508, stack(0x0000006942f00000,0x0000006943000000)]
  0x000001c5fb7a65f0 JavaThread "Cache worker for checksums cache (F:\myapp\.gradle\8.0\checksums)" [_thread_blocked, id=21240, stack(0x0000006943000000,0x0000006943100000)]
  0x000001c5fb7a8c70 JavaThread "Cache worker for cache directory md-rule (F:\MyApplication2\.gradle\caches\8.0\md-rule)" [_thread_blocked, id=12460, stack(0x0000006943100000,0x0000006943200000)]
  0x000001c5fb7a1dc0 JavaThread "Cache worker for file content cache (F:\MyApplication2\.gradle\caches\8.0\fileContent)" [_thread_blocked, id=12972, stack(0x0000006943200000,0x0000006943300000)]
  0x000001c5fb7a2290 JavaThread "Cache worker for file hash cache (F:\myapp\.gradle\8.0\fileHashes)" [_thread_blocked, id=13464, stack(0x0000006943300000,0x0000006943400000)]
  0x000001c5fb7a7460 JavaThread "Cache worker for cache directory md-supplier (F:\MyApplication2\.gradle\caches\8.0\md-supplier)" [_thread_blocked, id=10104, stack(0x0000006943400000,0x0000006943500000)]
  0x000001c5fb7a5c50 JavaThread "Cache worker for execution history cache (F:\MyApplication2\.gradle\caches\8.0\executionHistory)" [_thread_blocked, id=18248, stack(0x0000006943500000,0x0000006943600000)]
  0x000001c5fb7a7e00 JavaThread "Cache worker for kotlin-dsl (F:\MyApplication2\.gradle\caches\8.0\kotlin-dsl)" [_thread_blocked, id=4824, stack(0x0000006943600000,0x0000006943700000)]
  0x000001c5fb7a7930 JavaThread "Cache worker for dependencies-accessors (F:\myapp\.gradle\8.0\dependencies-accessors)" [_thread_blocked, id=17560, stack(0x0000006943700000,0x0000006943800000)]
  0x000001c5fb7a82d0 JavaThread "Cache worker for Build Output Cleanup Cache (F:\myapp\.gradle\buildOutputCleanup)" [_thread_blocked, id=9248, stack(0x0000006943800000,0x0000006943900000)]
  0x000001c5fb7a35d0 JavaThread "Unconstrained build operations" [_thread_blocked, id=22240, stack(0x0000006943900000,0x0000006943a00000)]
  0x000001c5fb7a4910 JavaThread "Unconstrained build operations Thread 2" [_thread_blocked, id=18016, stack(0x0000006943a00000,0x0000006943b00000)]
  0x000001c5fb7a3aa0 JavaThread "Unconstrained build operations Thread 3" [_thread_blocked, id=11952, stack(0x0000006943b00000,0x0000006943c00000)]
  0x000001c5fb7a3f70 JavaThread "Unconstrained build operations Thread 4" [_thread_blocked, id=23936, stack(0x0000006943c00000,0x0000006943d00000)]
  0x000001c5fb7a4de0 JavaThread "Unconstrained build operations Thread 5" [_thread_blocked, id=5620, stack(0x0000006943d00000,0x0000006943e00000)]
  0x000001c5fb7a52b0 JavaThread "Unconstrained build operations Thread 6" [_thread_blocked, id=7728, stack(0x0000006943e00000,0x0000006943f00000)]
  0x000001c5fbddda40 JavaThread "Unconstrained build operations Thread 7" [_thread_blocked, id=6880, stack(0x0000006943f00000,0x0000006944000000)]
  0x000001c5fbddaef0 JavaThread "Unconstrained build operations Thread 8" [_thread_blocked, id=908, stack(0x0000006944000000,0x0000006944100000)]
  0x000001c5fbdda080 JavaThread "Unconstrained build operations Thread 9" [_thread_blocked, id=19800, stack(0x0000006944100000,0x0000006944200000)]
  0x000001c5fbdd8d40 JavaThread "Unconstrained build operations Thread 10" [_thread_blocked, id=23748, stack(0x0000006944200000,0x0000006944300000)]
  0x000001c5fbdd96e0 JavaThread "Unconstrained build operations Thread 11" [_thread_blocked, id=23416, stack(0x0000006944300000,0x0000006944400000)]
  0x000001c5fbddbd60 JavaThread "Unconstrained build operations Thread 12" [_thread_blocked, id=20024, stack(0x0000006944400000,0x0000006944500000)]
  0x000001c5fbddaa20 JavaThread "Unconstrained build operations Thread 13" [_thread_blocked, id=24292, stack(0x0000006944500000,0x0000006944600000)]
  0x000001c5fbdddf10 JavaThread "Unconstrained build operations Thread 14" [_thread_blocked, id=14956, stack(0x0000006944600000,0x0000006944700000)]
  0x000001c5fbdd9210 JavaThread "Unconstrained build operations Thread 15" [_thread_blocked, id=18668, stack(0x0000006944700000,0x0000006944800000)]
  0x000001c5fbdd9bb0 JavaThread "Unconstrained build operations Thread 16" [_thread_blocked, id=6016, stack(0x0000006944800000,0x0000006944900000)]
  0x000001c5fbdda550 JavaThread "Unconstrained build operations Thread 17" [_thread_blocked, id=11600, stack(0x0000006944900000,0x0000006944a00000)]
  0x000001c5fbdd83a0 JavaThread "Unconstrained build operations Thread 18" [_thread_blocked, id=18344, stack(0x0000006944a00000,0x0000006944b00000)]
  0x000001c5fbdde3e0 JavaThread "Unconstrained build operations Thread 19" [_thread_blocked, id=17472, stack(0x0000006944b00000,0x0000006944c00000)]
  0x000001c5fbddb3c0 JavaThread "Unconstrained build operations Thread 20" [_thread_blocked, id=22964, stack(0x0000006944c00000,0x0000006944d00000)]
  0x000001c5fbddc700 JavaThread "Unconstrained build operations Thread 21" [_thread_blocked, id=13900, stack(0x0000006944d00000,0x0000006944e00000)]
  0x000001c5fbddcbd0 JavaThread "Unconstrained build operations Thread 22" [_thread_blocked, id=23324, stack(0x0000006944e00000,0x0000006944f00000)]
  0x000001c5fbddb890 JavaThread "Unconstrained build operations Thread 23" [_thread_blocked, id=17872, stack(0x0000006944f00000,0x0000006945000000)]
  0x000001c5fbdde8b0 JavaThread "Unconstrained build operations Thread 24" [_thread_blocked, id=7548, stack(0x0000006945000000,0x0000006945100000)]
  0x000001c5fbdd7a00 JavaThread "Unconstrained build operations Thread 25" [_thread_blocked, id=3868, stack(0x0000006945100000,0x0000006945200000)]
  0x000001c5fbddc230 JavaThread "Unconstrained build operations Thread 26" [_thread_blocked, id=21488, stack(0x0000006945200000,0x0000006945300000)]
  0x000001c5fbdd7060 JavaThread "Unconstrained build operations Thread 27" [_thread_blocked, id=8032, stack(0x0000006945300000,0x0000006945400000)]
  0x000001c5fbdd8870 JavaThread "Unconstrained build operations Thread 28" [_thread_blocked, id=18808, stack(0x0000006945400000,0x0000006945500000)]
  0x000001c5fbdd7530 JavaThread "Unconstrained build operations Thread 29" [_thread_blocked, id=13600, stack(0x0000006945500000,0x0000006945600000)]
  0x000001c5fbddd0a0 JavaThread "Unconstrained build operations Thread 30" [_thread_blocked, id=24076, stack(0x0000006945600000,0x0000006945700000)]
  0x000001c5fbddd570 JavaThread "Unconstrained build operations Thread 31" [_thread_blocked, id=5392, stack(0x0000006945700000,0x0000006945800000)]
  0x000001c5fbdd7ed0 JavaThread "Unconstrained build operations Thread 32" [_thread_blocked, id=21748, stack(0x0000006945800000,0x0000006945900000)]
  0x000001c5fcc54c90 JavaThread "Unconstrained build operations Thread 33" [_thread_blocked, id=22080, stack(0x0000006945900000,0x0000006945a00000)]
  0x000001c5fcc55b00 JavaThread "Unconstrained build operations Thread 34" [_thread_blocked, id=17972, stack(0x0000006945a00000,0x0000006945b00000)]
  0x000001c5fcc59990 JavaThread "Unconstrained build operations Thread 35" [_thread_blocked, id=1648, stack(0x0000006945b00000,0x0000006945c00000)]
  0x000001c5fcc58650 JavaThread "Unconstrained build operations Thread 36" [_thread_blocked, id=24180, stack(0x0000006945c00000,0x0000006945d00000)]
  0x000001c5fcc5a330 JavaThread "Unconstrained build operations Thread 37" [_thread_blocked, id=18612, stack(0x0000006945d00000,0x0000006945e00000)]
  0x000001c5fcc58180 JavaThread "Unconstrained build operations Thread 38" [_thread_blocked, id=24476, stack(0x0000006945e00000,0x0000006945f00000)]
  0x000001c5fcc59e60 JavaThread "Unconstrained build operations Thread 39" [_thread_blocked, id=10300, stack(0x0000006945f00000,0x0000006946000000)]
  0x000001c5fcc53480 JavaThread "Unconstrained build operations Thread 40" [_thread_blocked, id=15716, stack(0x0000006946000000,0x0000006946100000)]
  0x000001c5fcc53e20 JavaThread "Unconstrained build operations Thread 41" [_thread_blocked, id=1336, stack(0x0000006946100000,0x0000006946200000)]
  0x000001c5fcc58b20 JavaThread "Unconstrained build operations Thread 42" [_thread_blocked, id=13724, stack(0x0000006946200000,0x0000006946300000)]
  0x000001c5fcc58ff0 JavaThread "Unconstrained build operations Thread 43" [_thread_blocked, id=11620, stack(0x0000006946300000,0x0000006946400000)]
  0x000001c5fcc55fd0 JavaThread "Unconstrained build operations Thread 44" [_thread_blocked, id=17132, stack(0x0000006946400000,0x0000006946500000)]
  0x000001c5fcc5a800 JavaThread "Unconstrained build operations Thread 45" [_thread_blocked, id=12012, stack(0x0000006946500000,0x0000006946600000)]
  0x000001c5fcc594c0 JavaThread "Unconstrained build operations Thread 46" [_thread_blocked, id=16376, stack(0x0000006946600000,0x0000006946700000)]
  0x000001c5fcc56970 JavaThread "Unconstrained build operations Thread 47" [_thread_blocked, id=23004, stack(0x0000006946700000,0x0000006946800000)]
  0x000001c5fcc53950 JavaThread "Unconstrained build operations Thread 48" [_thread_blocked, id=15860, stack(0x0000006946800000,0x0000006946900000)]
  0x000001c5fcc52fb0 JavaThread "Unconstrained build operations Thread 49" [_thread_blocked, id=9132, stack(0x0000006946900000,0x0000006946a00000)]
  0x000001c5fcc542f0 JavaThread "Unconstrained build operations Thread 50" [_thread_blocked, id=20656, stack(0x0000006946a00000,0x0000006946b00000)]
  0x000001c5fcc55160 JavaThread "Unconstrained build operations Thread 51" [_thread_blocked, id=15744, stack(0x0000006946b00000,0x0000006946c00000)]
  0x000001c5fcc564a0 JavaThread "Unconstrained build operations Thread 52" [_thread_blocked, id=23432, stack(0x0000006946c00000,0x0000006946d00000)]
  0x000001c5fcc547c0 JavaThread "Unconstrained build operations Thread 53" [_thread_blocked, id=11872, stack(0x0000006946d00000,0x0000006946e00000)]
  0x000001c5fcc56e40 JavaThread "Unconstrained build operations Thread 54" [_thread_blocked, id=22784, stack(0x0000006946e00000,0x0000006946f00000)]
  0x000001c5fcc57310 JavaThread "Unconstrained build operations Thread 55" [_thread_blocked, id=17512, stack(0x0000006946f00000,0x0000006947000000)]
  0x000001c5fcc55630 JavaThread "Unconstrained build operations Thread 56" [_thread_blocked, id=17836, stack(0x0000006947000000,0x0000006947100000)]
  0x000001c5fcc577e0 JavaThread "Unconstrained build operations Thread 57" [_thread_blocked, id=23436, stack(0x0000006947100000,0x0000006947200000)]
  0x000001c5fcc57cb0 JavaThread "Unconstrained build operations Thread 58" [_thread_blocked, id=11192, stack(0x0000006947200000,0x0000006947300000)]
  0x000001c5fee52b80 JavaThread "Unconstrained build operations Thread 59" [_thread_blocked, id=436, stack(0x0000006947300000,0x0000006947400000)]
  0x000001c5fee4e820 JavaThread "Unconstrained build operations Thread 60" [_thread_blocked, id=3740, stack(0x0000006947400000,0x0000006947500000)]
  0x000001c5fee4e350 JavaThread "Unconstrained build operations Thread 61" [_thread_blocked, id=24528, stack(0x0000006947500000,0x0000006947600000)]
  0x000001c5fee4fb60 JavaThread "Unconstrained build operations Thread 62" [_thread_blocked, id=17976, stack(0x0000006947600000,0x0000006947700000)]
  0x000001c5fee4d9b0 JavaThread "Unconstrained build operations Thread 63" [_thread_blocked, id=17908, stack(0x0000006947700000,0x0000006947800000)]
  0x000001c5fee4bcd0 JavaThread "Unconstrained build operations Thread 64" [_thread_blocked, id=15412, stack(0x0000006947800000,0x0000006947900000)]
  0x000001c5fee50030 JavaThread "Unconstrained build operations Thread 65" [_thread_blocked, id=4808, stack(0x0000006947900000,0x0000006947a00000)]
  0x000001c5fee4ecf0 JavaThread "Unconstrained build operations Thread 66" [_thread_blocked, id=22968, stack(0x0000006947a00000,0x0000006947b00000)]
  0x000001c5fee509d0 JavaThread "Unconstrained build operations Thread 67" [_thread_blocked, id=10608, stack(0x0000006947b00000,0x0000006947c00000)]
  0x000001c5fee53050 JavaThread "Unconstrained build operations Thread 68" [_thread_blocked, id=3676, stack(0x0000006947c00000,0x0000006947d00000)]
  0x000001c5fee4f1c0 JavaThread "Unconstrained build operations Thread 69" [_thread_blocked, id=21112, stack(0x0000006947d00000,0x0000006947e00000)]
  0x000001c5fee4c1a0 JavaThread "Unconstrained build operations Thread 70" [_thread_blocked, id=23512, stack(0x0000006947e00000,0x0000006947f00000)]
  0x000001c5fee50500 JavaThread "Unconstrained build operations Thread 71" [_thread_blocked, id=20980, stack(0x0000006947f00000,0x0000006948000000)]
  0x000001c5fee50ea0 JavaThread "Unconstrained build operations Thread 72" [_thread_blocked, id=8784, stack(0x0000006948000000,0x0000006948100000)]
  0x000001c5fee4de80 JavaThread "Unconstrained build operations Thread 73" [_thread_blocked, id=2416, stack(0x0000006948100000,0x0000006948200000)]
  0x000001c5fee4f690 JavaThread "Unconstrained build operations Thread 74" [_thread_blocked, id=18532, stack(0x0000006948200000,0x0000006948300000)]
  0x000001c5fee53520 JavaThread "Unconstrained build operations Thread 75" [_thread_blocked, id=12700, stack(0x0000006948300000,0x0000006948400000)]
  0x000001c5fee51370 JavaThread "Unconstrained build operations Thread 76" [_thread_blocked, id=19896, stack(0x0000006948400000,0x0000006948500000)]
  0x000001c5fee4c670 JavaThread "Unconstrained build operations Thread 77" [_thread_blocked, id=6992, stack(0x0000006948500000,0x0000006948600000)]
  0x000001c5fee521e0 JavaThread "Unconstrained build operations Thread 78" [_thread_blocked, id=14940, stack(0x0000006948600000,0x0000006948700000)]
  0x000001c5fee51840 JavaThread "Unconstrained build operations Thread 79" [_thread_blocked, id=23440, stack(0x0000006948700000,0x0000006948800000)]
  0x000001c5fee51d10 JavaThread "Unconstrained build operations Thread 80" [_thread_blocked, id=22580, stack(0x0000006948800000,0x0000006948900000)]
  0x000001c5fee4cb40 JavaThread "Memory manager" [_thread_blocked, id=20040, stack(0x0000006948900000,0x0000006948a00000)]
  0x000001c5fc9f2510 JavaThread "C2 CompilerThread1" daemon [_thread_blocked, id=10564, stack(0x0000006940f00000,0x0000006941000000)]

Other Threads:
=>0x000001c5f58090c0 VMThread "VM Thread" [stack: 0x0000006940200000,0x0000006940300000] [id=8492]
  0x000001c5f5a2fb10 WatcherThread [stack: 0x0000006940e00000,0x0000006940f00000] [id=4244]
  0x000001c5d919ad50 GCTaskThread "GC Thread#0" [stack: 0x000000693fd00000,0x000000693fe00000] [id=18296]
  0x000001c5f6866350 GCTaskThread "GC Thread#1" [stack: 0x0000006941000000,0x0000006941100000] [id=5132]
  0x000001c5f66cc840 GCTaskThread "GC Thread#2" [stack: 0x0000006941100000,0x0000006941200000] [id=916]
  0x000001c5f66f4460 GCTaskThread "GC Thread#3" [stack: 0x0000006941200000,0x0000006941300000] [id=13132]
  0x000001c5f67ac070 GCTaskThread "GC Thread#4" [stack: 0x0000006941300000,0x0000006941400000] [id=268]
  0x000001c5f64b2120 GCTaskThread "GC Thread#5" [stack: 0x0000006941400000,0x0000006941500000] [id=18036]
  0x000001c5f6aea880 GCTaskThread "GC Thread#6" [stack: 0x0000006941f00000,0x0000006942000000] [id=23596]
  0x000001c5f8f70160 GCTaskThread "GC Thread#7" [stack: 0x0000006942000000,0x0000006942100000] [id=18376]
  0x000001c5d91abc90 ConcurrentGCThread "G1 Main Marker" [stack: 0x000000693fe00000,0x000000693ff00000] [id=7340]
  0x000001c5d91ad6b0 ConcurrentGCThread "G1 Conc#0" [stack: 0x000000693ff00000,0x0000006940000000] [id=19180]
  0x000001c5f8fe07d0 ConcurrentGCThread "G1 Conc#1" [stack: 0x0000006942100000,0x0000006942200000] [id=9892]
  0x000001c5d920e260 ConcurrentGCThread "G1 Refine#0" [stack: 0x0000006940000000,0x0000006940100000] [id=8236]
  0x000001c5fcdc2900 ConcurrentGCThread "G1 Refine#1" [stack: 0x0000006948a00000,0x0000006948b00000] [id=16412]
  0x000001c5fcdc4b80 ConcurrentGCThread "G1 Refine#2" [stack: 0x0000006948b00000,0x0000006948c00000] [id=17844]
  0x000001c5fcdc4e60 ConcurrentGCThread "G1 Refine#3" [stack: 0x0000006948c00000,0x0000006948d00000] [id=10152]
  0x000001c5fcdc48a0 ConcurrentGCThread "G1 Refine#4" [stack: 0x0000006948d00000,0x0000006948e00000] [id=23664]
  0x000001c5fcdc3d20 ConcurrentGCThread "G1 Refine#5" [stack: 0x0000006948e00000,0x0000006948f00000] [id=1872]
  0x000001c5d920ec80 ConcurrentGCThread "G1 Service" [stack: 0x0000006940100000,0x0000006940200000] [id=21848]

Threads with active compile tasks:
C1 CompilerThread0     8837 8733       3       kotlin.text.StringsKt__StringsJVMKt::endsWith (44 bytes)
C2 CompilerThread1     8837 8736       4       org.jetbrains.kotlin.protobuf.Utf8::partialIsValidUtf8 (33 bytes)

VM state: at safepoint (normal execution)

VM Mutex/Monitor currently owned by a thread:  ([mutex/lock_event])
[0x000001c5d9138b00] Threads_lock - owner thread: 0x000001c5f58090c0
[0x000001c5d91388c0] Heap_lock - owner thread: 0x000001c5d91abc90

Heap address: 0x0000000080000000, size: 2048 MB, Compressed Oops mode: 32-bit

CDS archive(s) not mapped
Compressed class space mapped at: 0x0000000100000000-0x0000000140000000, reserved size: 1073741824
Narrow klass base: 0x0000000000000000, Narrow klass shift: 3, Narrow klass range: 0x140000000

GC Precious Log:
 CPUs: 8 total, 8 available
 Memory: 16106M
 Large Page Support: Disabled
 NUMA Support: Disabled
 Compressed Oops: Enabled (32-bit)
 Heap Region Size: 1M
 Heap Min Capacity: 8M
 Heap Initial Capacity: 252M
 Heap Max Capacity: 2G
 Pre-touch: Disabled
 Parallel Workers: 8
 Concurrent Workers: 2
 Concurrent Refinement Workers: 8
 Periodic GC: Disabled

Heap:
 garbage-first heap   total 231424K, used 147222K [0x0000000080000000, 0x0000000100000000)
  region size 1024K, 9 young (9216K), 6 survivors (6144K)
 Metaspace       used 96951K, committed 97664K, reserved 1138688K
  class space    used 13194K, committed 13504K, reserved 1048576K

Heap Regions: E=young(eden), S=young(survivor), O=old, HS=humongous(starts), HC=humongous(continues), CS=collection set, F=free, OA=open archive, CA=closed archive, TAMS=top-at-mark-start (previous, next)
|   0|0x0000000080000000, 0x0000000080100000, 0x0000000080100000|100%|HS|  |TAMS 0x0000000080100000, 0x0000000080000000| Complete 
|   1|0x0000000080100000, 0x0000000080200000, 0x0000000080200000|100%|HC|  |TAMS 0x0000000080200000, 0x0000000080100000| Complete 
|   2|0x0000000080200000, 0x0000000080300000, 0x0000000080300000|100%|HC|  |TAMS 0x0000000080300000, 0x0000000080200000| Complete 
|   3|0x0000000080300000, 0x0000000080400000, 0x0000000080400000|100%|HC|  |TAMS 0x0000000080400000, 0x0000000080300000| Complete 
|   4|0x0000000080400000, 0x0000000080500000, 0x0000000080500000|100%| O|  |TAMS 0x0000000080500000, 0x0000000080400000| Untracked 
|   5|0x0000000080500000, 0x0000000080600000, 0x0000000080600000|100%| O|  |TAMS 0x0000000080600000, 0x0000000080500000| Untracked 
|   6|0x0000000080600000, 0x0000000080700000, 0x0000000080700000|100%| O|  |TAMS 0x0000000080700000, 0x0000000080600000| Untracked 
|   7|0x0000000080700000, 0x0000000080800000, 0x0000000080800000|100%| O|  |TAMS 0x0000000080800000, 0x0000000080700000| Untracked 
|   8|0x0000000080800000, 0x0000000080900000, 0x0000000080900000|100%| O|  |TAMS 0x0000000080900000, 0x0000000080800000| Untracked 
|   9|0x0000000080900000, 0x0000000080a00000, 0x0000000080a00000|100%| O|  |TAMS 0x0000000080a00000, 0x0000000080900000| Updating 
|  10|0x0000000080a00000, 0x0000000080b00000, 0x0000000080b00000|100%| O|  |TAMS 0x0000000080b00000, 0x0000000080a00000| Untracked 
|  11|0x0000000080b00000, 0x0000000080c00000, 0x0000000080c00000|100%| O|  |TAMS 0x0000000080c00000, 0x0000000080b00000| Untracked 
|  12|0x0000000080c00000, 0x0000000080d00000, 0x0000000080d00000|100%| O|  |TAMS 0x0000000080d00000, 0x0000000080c00000| Untracked 
|  13|0x0000000080d00000, 0x0000000080e00000, 0x0000000080e00000|100%| O|  |TAMS 0x0000000080e00000, 0x0000000080d00000| Untracked 
|  14|0x0000000080e00000, 0x0000000080f00000, 0x0000000080f00000|100%| O|  |TAMS 0x0000000080f00000, 0x0000000080e00000| Untracked 
|  15|0x0000000080f00000, 0x0000000081000000, 0x0000000081000000|100%| O|  |TAMS 0x0000000081000000, 0x0000000080f00000| Untracked 
|  16|0x0000000081000000, 0x0000000081100000, 0x0000000081100000|100%| O|  |TAMS 0x0000000081100000, 0x0000000081000000| Untracked 
|  17|0x0000000081100000, 0x0000000081200000, 0x0000000081200000|100%| O|  |TAMS 0x0000000081200000, 0x0000000081100000| Untracked 
|  18|0x0000000081200000, 0x0000000081300000, 0x0000000081300000|100%| O|  |TAMS 0x0000000081300000, 0x0000000081200000| Untracked 
|  19|0x0000000081300000, 0x0000000081400000, 0x0000000081400000|100%|HS|  |TAMS 0x0000000081400000, 0x0000000081300000| Complete 
|  20|0x0000000081400000, 0x0000000081500000, 0x0000000081500000|100%|HC|  |TAMS 0x0000000081500000, 0x0000000081400000| Complete 
|  21|0x0000000081500000, 0x0000000081600000, 0x0000000081600000|100%|HS|  |TAMS 0x0000000081600000, 0x0000000081500000| Complete 
|  22|0x0000000081600000, 0x0000000081700000, 0x0000000081700000|100%|HC|  |TAMS 0x0000000081700000, 0x0000000081600000| Complete 
|  23|0x0000000081700000, 0x0000000081800000, 0x0000000081800000|100%|HC|  |TAMS 0x0000000081800000, 0x0000000081700000| Complete 
|  24|0x0000000081800000, 0x0000000081900000, 0x0000000081900000|100%| O|  |TAMS 0x0000000081900000, 0x0000000081800000| Untracked 
|  25|0x0000000081900000, 0x0000000081a00000, 0x0000000081a00000|100%| O|  |TAMS 0x0000000081a00000, 0x0000000081900000| Untracked 
|  26|0x0000000081a00000, 0x0000000081b00000, 0x0000000081b00000|100%| O|  |TAMS 0x0000000081b00000, 0x0000000081a00000| Untracked 
|  27|0x0000000081b00000, 0x0000000081c00000, 0x0000000081c00000|100%|HS|  |TAMS 0x0000000081c00000, 0x0000000081b00000| Complete 
|  28|0x0000000081c00000, 0x0000000081d00000, 0x0000000081d00000|100%|HC|  |TAMS 0x0000000081d00000, 0x0000000081c00000| Complete 
|  29|0x0000000081d00000, 0x0000000081e00000, 0x0000000081e00000|100%|HC|  |TAMS 0x0000000081e00000, 0x0000000081d00000| Complete 
|  30|0x0000000081e00000, 0x0000000081f00000, 0x0000000081f00000|100%| O|  |TAMS 0x0000000081f00000, 0x0000000081e00000| Updating 
|  31|0x0000000081f00000, 0x0000000082000000, 0x0000000082000000|100%| O|  |TAMS 0x0000000082000000, 0x0000000081f00000| Updating 
|  32|0x0000000082000000, 0x0000000082100000, 0x0000000082100000|100%| O|  |TAMS 0x0000000082100000, 0x0000000082000000| Updating 
|  33|0x0000000082100000, 0x0000000082200000, 0x0000000082200000|100%|HS|  |TAMS 0x0000000082200000, 0x0000000082100000| Complete 
|  34|0x0000000082200000, 0x0000000082300000, 0x0000000082300000|100%|HC|  |TAMS 0x0000000082300000, 0x0000000082200000| Complete 
|  35|0x0000000082300000, 0x0000000082400000, 0x0000000082400000|100%| O|  |TAMS 0x0000000082400000, 0x0000000082300000| Updating 
|  36|0x0000000082400000, 0x0000000082500000, 0x0000000082500000|100%| O|  |TAMS 0x0000000082500000, 0x0000000082400000| Untracked 
|  37|0x0000000082500000, 0x0000000082600000, 0x0000000082600000|100%| O|  |TAMS 0x0000000082600000, 0x0000000082500000| Untracked 
|  38|0x0000000082600000, 0x0000000082700000, 0x0000000082700000|100%| O|  |TAMS 0x0000000082700000, 0x0000000082600000| Untracked 
|  39|0x0000000082700000, 0x0000000082800000, 0x0000000082800000|100%| O|  |TAMS 0x0000000082800000, 0x0000000082700000| Updating 
|  40|0x0000000082800000, 0x0000000082900000, 0x0000000082900000|100%| O|  |TAMS 0x0000000082900000, 0x0000000082800000| Updating 
|  41|0x0000000082900000, 0x0000000082a00000, 0x0000000082a00000|100%| O|  |TAMS 0x0000000082a00000, 0x0000000082900000| Untracked 
|  42|0x0000000082a00000, 0x0000000082b00000, 0x0000000082b00000|100%| O|  |TAMS 0x0000000082b00000, 0x0000000082a00000| Untracked 
|  43|0x0000000082b00000, 0x0000000082c00000, 0x0000000082c00000|100%| O|  |TAMS 0x0000000082c00000, 0x0000000082b00000| Untracked 
|  44|0x0000000082c00000, 0x0000000082d00000, 0x0000000082d00000|100%| O|  |TAMS 0x0000000082d00000, 0x0000000082c00000| Untracked 
|  45|0x0000000082d00000, 0x0000000082e00000, 0x0000000082e00000|100%| O|  |TAMS 0x0000000082e00000, 0x0000000082d00000| Untracked 
|  46|0x0000000082e00000, 0x0000000082f00000, 0x0000000082f00000|100%|HS|  |TAMS 0x0000000082f00000, 0x0000000082e00000| Complete 
|  47|0x0000000082f00000, 0x0000000083000000, 0x0000000083000000|100%|HC|  |TAMS 0x0000000083000000, 0x0000000082f00000| Complete 
|  48|0x0000000083000000, 0x0000000083100000, 0x0000000083100000|100%|HC|  |TAMS 0x0000000083100000, 0x0000000083000000| Complete 
|  49|0x0000000083100000, 0x0000000083200000, 0x0000000083200000|100%|HC|  |TAMS 0x0000000083200000, 0x0000000083100000| Complete 
|  50|0x0000000083200000, 0x0000000083300000, 0x0000000083300000|100%|HC|  |TAMS 0x0000000083300000, 0x0000000083200000| Complete 
|  51|0x0000000083300000, 0x0000000083400000, 0x0000000083400000|100%|HC|  |TAMS 0x0000000083400000, 0x0000000083300000| Complete 
|  52|0x0000000083400000, 0x0000000083500000, 0x0000000083500000|100%|HC|  |TAMS 0x0000000083500000, 0x0000000083400000| Complete 
|  53|0x0000000083500000, 0x0000000083600000, 0x0000000083600000|100%|HC|  |TAMS 0x0000000083600000, 0x0000000083500000| Complete 
|  54|0x0000000083600000, 0x0000000083700000, 0x0000000083700000|100%|HC|  |TAMS 0x0000000083700000, 0x0000000083600000| Complete 
|  55|0x0000000083700000, 0x0000000083800000, 0x0000000083800000|100%|HC|  |TAMS 0x0000000083800000, 0x0000000083700000| Complete 
|  56|0x0000000083800000, 0x0000000083900000, 0x0000000083900000|100%|HC|  |TAMS 0x0000000083900000, 0x0000000083800000| Complete 
|  57|0x0000000083900000, 0x0000000083a00000, 0x0000000083a00000|100%|HC|  |TAMS 0x0000000083a00000, 0x0000000083900000| Complete 
|  58|0x0000000083a00000, 0x0000000083b00000, 0x0000000083b00000|100%| O|  |TAMS 0x0000000083b00000, 0x0000000083a00000| Updating 
|  59|0x0000000083b00000, 0x0000000083c00000, 0x0000000083c00000|100%|HS|  |TAMS 0x0000000083c00000, 0x0000000083b00000| Complete 
|  60|0x0000000083c00000, 0x0000000083d00000, 0x0000000083d00000|100%|HC|  |TAMS 0x0000000083d00000, 0x0000000083c00000| Complete 
|  61|0x0000000083d00000, 0x0000000083e00000, 0x0000000083e00000|100%|HC|  |TAMS 0x0000000083e00000, 0x0000000083d00000| Complete 
|  62|0x0000000083e00000, 0x0000000083f00000, 0x0000000083f00000|100%|HS|  |TAMS 0x0000000083f00000, 0x0000000083e00000| Complete 
|  63|0x0000000083f00000, 0x0000000084000000, 0x0000000084000000|100%|HC|  |TAMS 0x0000000084000000, 0x0000000083f00000| Complete 
|  64|0x0000000084000000, 0x0000000084100000, 0x0000000084100000|100%|HC|  |TAMS 0x0000000084100000, 0x0000000084000000| Complete 
|  65|0x0000000084100000, 0x0000000084200000, 0x0000000084200000|100%| O|  |TAMS 0x0000000084200000, 0x0000000084100000| Untracked 
|  66|0x0000000084200000, 0x0000000084300000, 0x0000000084300000|100%| O|  |TAMS 0x0000000084300000, 0x0000000084200000| Untracked 
|  67|0x0000000084300000, 0x0000000084400000, 0x0000000084400000|100%| O|  |TAMS 0x0000000084400000, 0x0000000084300000| Updating 
|  68|0x0000000084400000, 0x0000000084500000, 0x0000000084500000|100%| O|  |TAMS 0x0000000084500000, 0x0000000084400000| Updating 
|  69|0x0000000084500000, 0x0000000084600000, 0x0000000084600000|100%| O|  |TAMS 0x0000000084600000, 0x0000000084500000| Untracked 
|  70|0x0000000084600000, 0x0000000084700000, 0x0000000084700000|100%|HS|  |TAMS 0x0000000084700000, 0x0000000084600000| Complete 
|  71|0x0000000084700000, 0x0000000084800000, 0x0000000084800000|100%|HS|  |TAMS 0x0000000084800000, 0x0000000084700000| Complete 
|  72|0x0000000084800000, 0x0000000084900000, 0x0000000084900000|100%|HS|  |TAMS 0x0000000084900000, 0x0000000084800000| Complete 
|  73|0x0000000084900000, 0x0000000084a00000, 0x0000000084a00000|100%|HC|  |TAMS 0x0000000084a00000, 0x0000000084900000| Complete 
|  74|0x0000000084a00000, 0x0000000084b00000, 0x0000000084b00000|100%|HS|  |TAMS 0x0000000084b00000, 0x0000000084a00000| Complete 
|  75|0x0000000084b00000, 0x0000000084c00000, 0x0000000084c00000|100%|HS|  |TAMS 0x0000000084c00000, 0x0000000084b00000| Complete 
|  76|0x0000000084c00000, 0x0000000084d00000, 0x0000000084d00000|100%|HC|  |TAMS 0x0000000084d00000, 0x0000000084c00000| Complete 
|  77|0x0000000084d00000, 0x0000000084e00000, 0x0000000084e00000|100%|HC|  |TAMS 0x0000000084e00000, 0x0000000084d00000| Complete 
|  78|0x0000000084e00000, 0x0000000084f00000, 0x0000000084f00000|100%|HC|  |TAMS 0x0000000084f00000, 0x0000000084e00000| Complete 
|  79|0x0000000084f00000, 0x0000000085000000, 0x0000000085000000|100%| O|  |TAMS 0x0000000085000000, 0x0000000084f00000| Updating 
|  80|0x0000000085000000, 0x0000000085000000, 0x0000000085100000|  0%| F|  |TAMS 0x0000000085000000, 0x0000000085000000| Untracked 
|  81|0x0000000085100000, 0x0000000085200000, 0x0000000085200000|100%| O|  |TAMS 0x0000000085200000, 0x0000000085100000| Untracked 
|  82|0x0000000085200000, 0x0000000085300000, 0x0000000085300000|100%| O|  |TAMS 0x0000000085300000, 0x0000000085200000| Untracked 
|  83|0x0000000085300000, 0x0000000085400000, 0x0000000085400000|100%| O|  |TAMS 0x0000000085400000, 0x0000000085300000| Updating 
|  84|0x0000000085400000, 0x0000000085500000, 0x0000000085500000|100%| O|  |TAMS 0x0000000085500000, 0x0000000085400000| Untracked 
|  85|0x0000000085500000, 0x0000000085600000, 0x0000000085600000|100%| O|  |TAMS 0x0000000085600000, 0x0000000085500000| Updating 
|  86|0x0000000085600000, 0x0000000085700000, 0x0000000085700000|100%| O|  |TAMS 0x0000000085700000, 0x0000000085600000| Untracked 
|  87|0x0000000085700000, 0x0000000085800000, 0x0000000085800000|100%| O|  |TAMS 0x0000000085800000, 0x0000000085700000| Untracked 
|  88|0x0000000085800000, 0x0000000085900000, 0x0000000085900000|100%| O|  |TAMS 0x0000000085900000, 0x0000000085800000| Untracked 
|  89|0x0000000085900000, 0x0000000085a00000, 0x0000000085a00000|100%| O|  |TAMS 0x0000000085a00000, 0x0000000085900000| Untracked 
|  90|0x0000000085a00000, 0x0000000085b00000, 0x0000000085b00000|100%| O|  |TAMS 0x0000000085b00000, 0x0000000085a00000| Untracked 
|  91|0x0000000085b00000, 0x0000000085c00000, 0x0000000085c00000|100%| O|  |TAMS 0x0000000085c00000, 0x0000000085b00000| Untracked 
|  92|0x0000000085c00000, 0x0000000085d00000, 0x0000000085d00000|100%| O|  |TAMS 0x0000000085d00000, 0x0000000085c00000| Untracked 
|  93|0x0000000085d00000, 0x0000000085e00000, 0x0000000085e00000|100%| O|  |TAMS 0x0000000085e00000, 0x0000000085d00000| Untracked 
|  94|0x0000000085e00000, 0x0000000085f00000, 0x0000000085f00000|100%| O|  |TAMS 0x0000000085f00000, 0x0000000085e00000| Untracked 
|  95|0x0000000085f00000, 0x0000000086000000, 0x0000000086000000|100%|HS|  |TAMS 0x0000000086000000, 0x0000000085f00000| Complete 
|  96|0x0000000086000000, 0x0000000086100000, 0x0000000086100000|100%|HC|  |TAMS 0x0000000086100000, 0x0000000086000000| Complete 
|  97|0x0000000086100000, 0x0000000086200000, 0x0000000086200000|100%|HC|  |TAMS 0x0000000086200000, 0x0000000086100000| Complete 
|  98|0x0000000086200000, 0x0000000086300000, 0x0000000086300000|100%|HC|  |TAMS 0x0000000086300000, 0x0000000086200000| Complete 
|  99|0x0000000086300000, 0x0000000086400000, 0x0000000086400000|100%| O|  |TAMS 0x0000000086400000, 0x0000000086300000| Untracked 
| 100|0x0000000086400000, 0x0000000086500000, 0x0000000086500000|100%| O|  |TAMS 0x0000000086500000, 0x0000000086400000| Untracked 
| 101|0x0000000086500000, 0x0000000086600000, 0x0000000086600000|100%| O|  |TAMS 0x0000000086600000, 0x0000000086500000| Untracked 
| 102|0x0000000086600000, 0x0000000086700000, 0x0000000086700000|100%| O|  |TAMS 0x0000000086700000, 0x0000000086600000| Untracked 
| 103|0x0000000086700000, 0x0000000086800000, 0x0000000086800000|100%| O|  |TAMS 0x0000000086800000, 0x0000000086700000| Untracked 
| 104|0x0000000086800000, 0x0000000086900000, 0x0000000086900000|100%| O|  |TAMS 0x0000000086900000, 0x0000000086800000| Untracked 
| 105|0x0000000086900000, 0x0000000086a00000, 0x0000000086a00000|100%| O|  |TAMS 0x0000000086a00000, 0x0000000086900000| Untracked 
| 106|0x0000000086a00000, 0x0000000086b00000, 0x0000000086b00000|100%| O|  |TAMS 0x0000000086b00000, 0x0000000086a00000| Untracked 
| 107|0x0000000086b00000, 0x0000000086c00000, 0x0000000086c00000|100%| O|  |TAMS 0x0000000086c00000, 0x0000000086b00000| Untracked 
| 108|0x0000000086c00000, 0x0000000086d00000, 0x0000000086d00000|100%| O|  |TAMS 0x0000000086d00000, 0x0000000086c00000| Untracked 
| 109|0x0000000086d00000, 0x0000000086e00000, 0x0000000086e00000|100%| O|  |TAMS 0x0000000086e00000, 0x0000000086d00000| Untracked 
| 110|0x0000000086e00000, 0x0000000086f00000, 0x0000000086f00000|100%| O|  |TAMS 0x0000000086f00000, 0x0000000086e00000| Untracked 
| 111|0x0000000086f00000, 0x0000000087000000, 0x0000000087000000|100%| O|  |TAMS 0x0000000087000000, 0x0000000086f00000| Untracked 
| 112|0x0000000087000000, 0x0000000087100000, 0x0000000087100000|100%| O|  |TAMS 0x0000000087100000, 0x0000000087000000| Untracked 
| 113|0x0000000087100000, 0x0000000087200000, 0x0000000087200000|100%| O|  |TAMS 0x0000000087200000, 0x0000000087100000| Untracked 
| 114|0x0000000087200000, 0x0000000087300000, 0x0000000087300000|100%| O|  |TAMS 0x0000000087300000, 0x0000000087200000| Untracked 
| 115|0x0000000087300000, 0x0000000087400000, 0x0000000087400000|100%| O|  |TAMS 0x0000000087400000, 0x0000000087300000| Untracked 
| 116|0x0000000087400000, 0x0000000087500000, 0x0000000087500000|100%| O|  |TAMS 0x0000000087500000, 0x0000000087400000| Untracked 
| 117|0x0000000087500000, 0x0000000087600000, 0x0000000087600000|100%| O|  |TAMS 0x0000000087600000, 0x0000000087500000| Untracked 
| 118|0x0000000087600000, 0x0000000087700000, 0x0000000087700000|100%| O|  |TAMS 0x0000000087700000, 0x0000000087600000| Untracked 
| 119|0x0000000087700000, 0x0000000087800000, 0x0000000087800000|100%| O|  |TAMS 0x0000000087800000, 0x0000000087700000| Untracked 
| 120|0x0000000087800000, 0x0000000087900000, 0x0000000087900000|100%| O|  |TAMS 0x0000000087900000, 0x0000000087800000| Untracked 
| 121|0x0000000087900000, 0x0000000087a00000, 0x0000000087a00000|100%| O|  |TAMS 0x0000000087a00000, 0x0000000087900000| Untracked 
| 122|0x0000000087a00000, 0x0000000087b00000, 0x0000000087b00000|100%| O|  |TAMS 0x0000000087b00000, 0x0000000087a00000| Untracked 
| 123|0x0000000087b00000, 0x0000000087c00000, 0x0000000087c00000|100%| O|  |TAMS 0x0000000087c00000, 0x0000000087b00000| Untracked 
| 124|0x0000000087c00000, 0x0000000087d00000, 0x0000000087d00000|100%| O|  |TAMS 0x0000000087d00000, 0x0000000087c00000| Untracked 
| 125|0x0000000087d00000, 0x0000000087e00000, 0x0000000087e00000|100%| O|  |TAMS 0x0000000087e00000, 0x0000000087d00000| Untracked 
| 126|0x0000000087e00000, 0x0000000087f00000, 0x0000000087f00000|100%| O|  |TAMS 0x0000000087f00000, 0x0000000087e00000| Updating 
| 127|0x0000000087f00000, 0x0000000088000000, 0x0000000088000000|100%| O|  |TAMS 0x0000000088000000, 0x0000000087f00000| Untracked 
| 128|0x0000000088000000, 0x0000000088100000, 0x0000000088100000|100%| O|  |TAMS 0x0000000088100000, 0x0000000088000000| Untracked 
| 129|0x0000000088100000, 0x0000000088200000, 0x0000000088200000|100%| O|  |TAMS 0x0000000088200000, 0x0000000088100000| Untracked 
| 130|0x0000000088200000, 0x0000000088300000, 0x0000000088300000|100%| O|  |TAMS 0x0000000088300000, 0x0000000088200000| Untracked 
| 131|0x0000000088300000, 0x0000000088400000, 0x0000000088400000|100%| O|  |TAMS 0x0000000088400000, 0x0000000088300000| Updating 
| 132|0x0000000088400000, 0x0000000088492400, 0x0000000088500000| 57%| O|  |TAMS 0x0000000088492400, 0x0000000088400000| Updating 
| 133|0x0000000088500000, 0x0000000088600000, 0x0000000088600000|100%|HS|  |TAMS 0x0000000088500000, 0x0000000088500000| Complete 
| 134|0x0000000088600000, 0x0000000088700000, 0x0000000088700000|100%|HC|  |TAMS 0x0000000088600000, 0x0000000088600000| Complete 
| 135|0x0000000088700000, 0x0000000088800000, 0x0000000088800000|100%|HC|  |TAMS 0x0000000088700000, 0x0000000088700000| Complete 
| 136|0x0000000088800000, 0x0000000088900000, 0x0000000088900000|100%|HC|  |TAMS 0x0000000088800000, 0x0000000088800000| Complete 
| 137|0x0000000088900000, 0x0000000088a00000, 0x0000000088a00000|100%|HC|  |TAMS 0x0000000088900000, 0x0000000088900000| Complete 
| 138|0x0000000088a00000, 0x0000000088b00000, 0x0000000088b00000|100%|HC|  |TAMS 0x0000000088a00000, 0x0000000088a00000| Complete 
| 139|0x0000000088b00000, 0x0000000088b00000, 0x0000000088c00000|  0%| F|  |TAMS 0x0000000088b00000, 0x0000000088b00000| Untracked 
| 140|0x0000000088c00000, 0x0000000088c00000, 0x0000000088d00000|  0%| F|  |TAMS 0x0000000088c00000, 0x0000000088c00000| Untracked 
| 141|0x0000000088d00000, 0x0000000088d00000, 0x0000000088e00000|  0%| F|  |TAMS 0x0000000088d00000, 0x0000000088d00000| Untracked 
| 142|0x0000000088e00000, 0x0000000088e00000, 0x0000000088f00000|  0%| F|  |TAMS 0x0000000088e00000, 0x0000000088e00000| Untracked 
| 143|0x0000000088f00000, 0x0000000088f00000, 0x0000000089000000|  0%| F|  |TAMS 0x0000000088f00000, 0x0000000088f00000| Untracked 
| 144|0x0000000089000000, 0x0000000089000000, 0x0000000089100000|  0%| F|  |TAMS 0x0000000089000000, 0x0000000089000000| Untracked 
| 145|0x0000000089100000, 0x0000000089100000, 0x0000000089200000|  0%| F|  |TAMS 0x0000000089100000, 0x0000000089100000| Untracked 
| 146|0x0000000089200000, 0x0000000089200000, 0x0000000089300000|  0%| F|  |TAMS 0x0000000089200000, 0x0000000089200000| Untracked 
| 147|0x0000000089300000, 0x0000000089300000, 0x0000000089400000|  0%| F|  |TAMS 0x0000000089300000, 0x0000000089300000| Untracked 
| 148|0x0000000089400000, 0x0000000089400000, 0x0000000089500000|  0%| F|  |TAMS 0x0000000089400000, 0x0000000089400000| Untracked 
| 149|0x0000000089500000, 0x0000000089500000, 0x0000000089600000|  0%| F|  |TAMS 0x0000000089500000, 0x0000000089500000| Untracked 
| 150|0x0000000089600000, 0x0000000089600000, 0x0000000089700000|  0%| F|  |TAMS 0x0000000089600000, 0x0000000089600000| Untracked 
| 151|0x0000000089700000, 0x0000000089700000, 0x0000000089800000|  0%| F|  |TAMS 0x0000000089700000, 0x0000000089700000| Untracked 
| 152|0x0000000089800000, 0x0000000089800000, 0x0000000089900000|  0%| F|  |TAMS 0x0000000089800000, 0x0000000089800000| Untracked 
| 153|0x0000000089900000, 0x0000000089900000, 0x0000000089a00000|  0%| F|  |TAMS 0x0000000089900000, 0x0000000089900000| Untracked 
| 154|0x0000000089a00000, 0x0000000089a00000, 0x0000000089b00000|  0%| F|  |TAMS 0x0000000089a00000, 0x0000000089a00000| Untracked 
| 155|0x0000000089b00000, 0x0000000089b00000, 0x0000000089c00000|  0%| F|  |TAMS 0x0000000089b00000, 0x0000000089b00000| Untracked 
| 156|0x0000000089c00000, 0x0000000089c00000, 0x0000000089d00000|  0%| F|  |TAMS 0x0000000089c00000, 0x0000000089c00000| Untracked 
| 157|0x0000000089d00000, 0x0000000089d00000, 0x0000000089e00000|  0%| F|  |TAMS 0x0000000089d00000, 0x0000000089d00000| Untracked 
| 158|0x0000000089e00000, 0x0000000089e00000, 0x0000000089f00000|  0%| F|  |TAMS 0x0000000089e00000, 0x0000000089e00000| Untracked 
| 159|0x0000000089f00000, 0x0000000089f00000, 0x000000008a000000|  0%| F|  |TAMS 0x0000000089f00000, 0x0000000089f00000| Untracked 
| 160|0x000000008a000000, 0x000000008a000000, 0x000000008a100000|  0%| F|  |TAMS 0x000000008a000000, 0x000000008a000000| Untracked 
| 161|0x000000008a100000, 0x000000008a100000, 0x000000008a200000|  0%| F|  |TAMS 0x000000008a100000, 0x000000008a100000| Untracked 
| 162|0x000000008a200000, 0x000000008a200000, 0x000000008a300000|  0%| F|  |TAMS 0x000000008a200000, 0x000000008a200000| Untracked 
| 163|0x000000008a300000, 0x000000008a300000, 0x000000008a400000|  0%| F|  |TAMS 0x000000008a300000, 0x000000008a300000| Untracked 
| 164|0x000000008a400000, 0x000000008a400000, 0x000000008a500000|  0%| F|  |TAMS 0x000000008a400000, 0x000000008a400000| Untracked 
| 165|0x000000008a500000, 0x000000008a500000, 0x000000008a600000|  0%| F|  |TAMS 0x000000008a500000, 0x000000008a500000| Untracked 
| 166|0x000000008a600000, 0x000000008a600000, 0x000000008a700000|  0%| F|  |TAMS 0x000000008a600000, 0x000000008a600000| Untracked 
| 167|0x000000008a700000, 0x000000008a700000, 0x000000008a800000|  0%| F|  |TAMS 0x000000008a700000, 0x000000008a700000| Untracked 
| 168|0x000000008a800000, 0x000000008a800000, 0x000000008a900000|  0%| F|  |TAMS 0x000000008a800000, 0x000000008a800000| Untracked 
| 169|0x000000008a900000, 0x000000008a900000, 0x000000008aa00000|  0%| F|  |TAMS 0x000000008a900000, 0x000000008a900000| Untracked 
| 170|0x000000008aa00000, 0x000000008aa00000, 0x000000008ab00000|  0%| F|  |TAMS 0x000000008aa00000, 0x000000008aa00000| Untracked 
| 171|0x000000008ab00000, 0x000000008ab00000, 0x000000008ac00000|  0%| F|  |TAMS 0x000000008ab00000, 0x000000008ab00000| Untracked 
| 172|0x000000008ac00000, 0x000000008ac00000, 0x000000008ad00000|  0%| F|  |TAMS 0x000000008ac00000, 0x000000008ac00000| Untracked 
| 173|0x000000008ad00000, 0x000000008ad335a0, 0x000000008ae00000| 20%| S|CS|TAMS 0x000000008ad00000, 0x000000008ad00000| Complete 
| 174|0x000000008ae00000, 0x000000008af00000, 0x000000008af00000|100%| S|CS|TAMS 0x000000008ae00000, 0x000000008ae00000| Complete 
| 175|0x000000008af00000, 0x000000008b000000, 0x000000008b000000|100%| S|CS|TAMS 0x000000008af00000, 0x000000008af00000| Complete 
| 176|0x000000008b000000, 0x000000008b100000, 0x000000008b100000|100%| S|CS|TAMS 0x000000008b000000, 0x000000008b000000| Complete 
| 177|0x000000008b100000, 0x000000008b200000, 0x000000008b200000|100%| S|CS|TAMS 0x000000008b100000, 0x000000008b100000| Complete 
| 178|0x000000008b200000, 0x000000008b300000, 0x000000008b300000|100%| S|CS|TAMS 0x000000008b200000, 0x000000008b200000| Complete 
| 179|0x000000008b300000, 0x000000008b300000, 0x000000008b400000|  0%| F|  |TAMS 0x000000008b300000, 0x000000008b300000| Untracked 
| 180|0x000000008b400000, 0x000000008b400000, 0x000000008b500000|  0%| F|  |TAMS 0x000000008b400000, 0x000000008b400000| Untracked 
| 181|0x000000008b500000, 0x000000008b500000, 0x000000008b600000|  0%| F|  |TAMS 0x000000008b500000, 0x000000008b500000| Untracked 
| 182|0x000000008b600000, 0x000000008b600000, 0x000000008b700000|  0%| F|  |TAMS 0x000000008b600000, 0x000000008b600000| Untracked 
| 183|0x000000008b700000, 0x000000008b700000, 0x000000008b800000|  0%| F|  |TAMS 0x000000008b700000, 0x000000008b700000| Untracked 
| 184|0x000000008b800000, 0x000000008b800000, 0x000000008b900000|  0%| F|  |TAMS 0x000000008b800000, 0x000000008b800000| Untracked 
| 185|0x000000008b900000, 0x000000008b900000, 0x000000008ba00000|  0%| F|  |TAMS 0x000000008b900000, 0x000000008b900000| Untracked 
| 186|0x000000008ba00000, 0x000000008ba00000, 0x000000008bb00000|  0%| F|  |TAMS 0x000000008ba00000, 0x000000008ba00000| Untracked 
| 187|0x000000008bb00000, 0x000000008bb00000, 0x000000008bc00000|  0%| F|  |TAMS 0x000000008bb00000, 0x000000008bb00000| Untracked 
| 188|0x000000008bc00000, 0x000000008bc00000, 0x000000008bd00000|  0%| F|  |TAMS 0x000000008bc00000, 0x000000008bc00000| Untracked 
| 189|0x000000008bd00000, 0x000000008bd00000, 0x000000008be00000|  0%| F|  |TAMS 0x000000008bd00000, 0x000000008bd00000| Untracked 
| 190|0x000000008be00000, 0x000000008be00000, 0x000000008bf00000|  0%| F|  |TAMS 0x000000008be00000, 0x000000008be00000| Untracked 
| 191|0x000000008bf00000, 0x000000008bf00000, 0x000000008c000000|  0%| F|  |TAMS 0x000000008bf00000, 0x000000008bf00000| Untracked 
| 192|0x000000008c000000, 0x000000008c000000, 0x000000008c100000|  0%| F|  |TAMS 0x000000008c000000, 0x000000008c000000| Untracked 
| 193|0x000000008c100000, 0x000000008c100000, 0x000000008c200000|  0%| F|  |TAMS 0x000000008c100000, 0x000000008c100000| Untracked 
| 194|0x000000008c200000, 0x000000008c200000, 0x000000008c300000|  0%| F|  |TAMS 0x000000008c200000, 0x000000008c200000| Untracked 
| 195|0x000000008c300000, 0x000000008c300000, 0x000000008c400000|  0%| F|  |TAMS 0x000000008c300000, 0x000000008c300000| Untracked 
| 196|0x000000008c400000, 0x000000008c400000, 0x000000008c500000|  0%| F|  |TAMS 0x000000008c400000, 0x000000008c400000| Untracked 
| 197|0x000000008c500000, 0x000000008c500000, 0x000000008c600000|  0%| F|  |TAMS 0x000000008c500000, 0x000000008c500000| Untracked 
| 198|0x000000008c600000, 0x000000008c600000, 0x000000008c700000|  0%| F|  |TAMS 0x000000008c600000, 0x000000008c600000| Untracked 
| 199|0x000000008c700000, 0x000000008c700000, 0x000000008c800000|  0%| F|  |TAMS 0x000000008c700000, 0x000000008c700000| Untracked 
| 200|0x000000008c800000, 0x000000008c800000, 0x000000008c900000|  0%| F|  |TAMS 0x000000008c800000, 0x000000008c800000| Untracked 
| 201|0x000000008c900000, 0x000000008c900000, 0x000000008ca00000|  0%| F|  |TAMS 0x000000008c900000, 0x000000008c900000| Untracked 
| 202|0x000000008ca00000, 0x000000008ca00000, 0x000000008cb00000|  0%| F|  |TAMS 0x000000008ca00000, 0x000000008ca00000| Untracked 
| 203|0x000000008cb00000, 0x000000008cb00000, 0x000000008cc00000|  0%| F|  |TAMS 0x000000008cb00000, 0x000000008cb00000| Untracked 
| 204|0x000000008cc00000, 0x000000008cc00000, 0x000000008cd00000|  0%| F|  |TAMS 0x000000008cc00000, 0x000000008cc00000| Untracked 
| 205|0x000000008cd00000, 0x000000008cd00000, 0x000000008ce00000|  0%| F|  |TAMS 0x000000008cd00000, 0x000000008cd00000| Untracked 
| 206|0x000000008ce00000, 0x000000008ce00000, 0x000000008cf00000|  0%| F|  |TAMS 0x000000008ce00000, 0x000000008ce00000| Untracked 
| 207|0x000000008cf00000, 0x000000008cf00000, 0x000000008d000000|  0%| F|  |TAMS 0x000000008cf00000, 0x000000008cf00000| Untracked 
| 208|0x000000008d000000, 0x000000008d000000, 0x000000008d100000|  0%| F|  |TAMS 0x000000008d000000, 0x000000008d000000| Untracked 
| 209|0x000000008d100000, 0x000000008d100000, 0x000000008d200000|  0%| F|  |TAMS 0x000000008d100000, 0x000000008d100000| Untracked 
| 210|0x000000008d200000, 0x000000008d200000, 0x000000008d300000|  0%| F|  |TAMS 0x000000008d200000, 0x000000008d200000| Untracked 
| 211|0x000000008d300000, 0x000000008d300000, 0x000000008d400000|  0%| F|  |TAMS 0x000000008d300000, 0x000000008d300000| Untracked 
| 212|0x000000008d400000, 0x000000008d400000, 0x000000008d500000|  0%| F|  |TAMS 0x000000008d400000, 0x000000008d400000| Untracked 
| 213|0x000000008d500000, 0x000000008d500000, 0x000000008d600000|  0%| F|  |TAMS 0x000000008d500000, 0x000000008d500000| Untracked 
| 214|0x000000008d600000, 0x000000008d600000, 0x000000008d700000|  0%| F|  |TAMS 0x000000008d600000, 0x000000008d600000| Untracked 
| 215|0x000000008d700000, 0x000000008d700000, 0x000000008d800000|  0%| F|  |TAMS 0x000000008d700000, 0x000000008d700000| Untracked 
| 216|0x000000008d800000, 0x000000008d800000, 0x000000008d900000|  0%| F|  |TAMS 0x000000008d800000, 0x000000008d800000| Untracked 
| 217|0x000000008d900000, 0x000000008d900000, 0x000000008da00000|  0%| F|  |TAMS 0x000000008d900000, 0x000000008d900000| Untracked 
| 218|0x000000008da00000, 0x000000008da00000, 0x000000008db00000|  0%| F|  |TAMS 0x000000008da00000, 0x000000008da00000| Untracked 
| 219|0x000000008db00000, 0x000000008db00000, 0x000000008dc00000|  0%| F|  |TAMS 0x000000008db00000, 0x000000008db00000| Untracked 
| 220|0x000000008dc00000, 0x000000008dc00000, 0x000000008dd00000|  0%| F|  |TAMS 0x000000008dc00000, 0x000000008dc00000| Untracked 
| 221|0x000000008dd00000, 0x000000008dd00000, 0x000000008de00000|  0%| F|  |TAMS 0x000000008dd00000, 0x000000008dd00000| Untracked 
| 222|0x000000008de00000, 0x000000008de00000, 0x000000008df00000|  0%| F|  |TAMS 0x000000008de00000, 0x000000008de00000| Untracked 
| 223|0x000000008df00000, 0x000000008df80800, 0x000000008e000000| 50%| E|  |TAMS 0x000000008df00000, 0x000000008df00000| Complete 
| 224|0x000000008e000000, 0x000000008e100000, 0x000000008e100000|100%| E|CS|TAMS 0x000000008e000000, 0x000000008e000000| Complete 
| 251|0x000000008fb00000, 0x000000008fc00000, 0x000000008fc00000|100%| E|  |TAMS 0x000000008fb00000, 0x000000008fb00000| Complete 

Card table byte_map: [0x000001c5edc80000,0x000001c5ee080000] _byte_map_base: 0x000001c5ed880000

Marking Bits (Prev, Next): (CMBitMap*) 0x000001c5d919b360, (CMBitMap*) 0x000001c5d919b3a0
 Prev Bits: [0x000001c5ee480000, 0x000001c5f0480000)
 Next Bits: [0x000001c5f0480000, 0x000001c5f2480000)

Polling page: 0x000001c5d9210000

Metaspace:

Usage:
  Non-class:     81.79 MB used.
      Class:     12.89 MB used.
       Both:     94.68 MB used.

Virtual space:
  Non-class space:       88.00 MB reserved,      82.19 MB ( 93%) committed,  11 nodes.
      Class space:        1.00 GB reserved,      13.19 MB (  1%) committed,  1 nodes.
             Both:        1.09 GB reserved,      95.38 MB (  9%) committed. 

Chunk freelists:
   Non-Class:  1.02 MB
       Class:  2.69 MB
        Both:  3.70 MB

MaxMetaspaceSize: unlimited
CompressedClassSpaceSize: 1.00 GB
Initial GC threshold: 21.00 MB
Current GC threshold: 151.81 MB
CDS: off
MetaspaceReclaimPolicy: balanced
 - commit_granule_bytes: 65536.
 - commit_granule_words: 8192.
 - virtual_space_node_default_size: 1048576.
 - enlarge_chunks_in_place: 1.
 - new_chunks_are_fully_committed: 0.
 - uncommit_free_chunks: 1.
 - use_allocation_guard: 0.
 - handle_deallocations: 1.


Internal statistics:

num_allocs_failed_limit: 5.
num_arena_births: 922.
num_arena_deaths: 0.
num_vsnodes_births: 12.
num_vsnodes_deaths: 0.
num_space_committed: 1525.
num_space_uncommitted: 0.
num_chunks_returned_to_freelist: 5.
num_chunks_taken_from_freelist: 4271.
num_chunk_merges: 5.
num_chunk_splits: 3003.
num_chunks_enlarged: 2206.
num_purges: 0.
num_inconsistent_stats: 0.

CodeHeap 'non-profiled nmethods': size=120000Kb used=5149Kb max_used=5149Kb free=114850Kb
 bounds [0x000001c5e58f0000, 0x000001c5e5e00000, 0x000001c5ece20000]
CodeHeap 'profiled nmethods': size=120000Kb used=15071Kb max_used=15071Kb free=104928Kb
 bounds [0x000001c5dde20000, 0x000001c5dece0000, 0x000001c5e5350000]
CodeHeap 'non-nmethods': size=5760Kb used=2415Kb max_used=2460Kb free=3344Kb
 bounds [0x000001c5e5350000, 0x000001c5e55c0000, 0x000001c5e58f0000]
 total_blobs=8852 nmethods=7911 adapters=853
 compilation: enabled
              stopped_count=0, restarted_count=0
 full_count=0

Compilation events (20 events):
Event: 8.784 Thread 0x000001c5f589af90 8724       3       java.lang.AbstractStringBuilder::charAt (36 bytes)
Event: 8.785 Thread 0x000001c5f589af90 nmethod 8724 0x000001c5decd2690 code [0x000001c5decd2880, 0x000001c5decd2cb8]
Event: 8.785 Thread 0x000001c5f589a480 8725       4       org.jetbrains.kotlin.protobuf.CodedInputStream::checkLastTagWas (13 bytes)
Event: 8.785 Thread 0x000001c5f589a480 nmethod 8725 0x000001c5e5df6c10 code [0x000001c5e5df6d80, 0x000001c5e5df6e18]
Event: 8.785 Thread 0x000001c5f589af90 8726       3       java.lang.StringBuilder::charAt (6 bytes)
Event: 8.786 Thread 0x000001c5f589af90 nmethod 8726 0x000001c5decd2e90 code [0x000001c5decd3020, 0x000001c5decd3168]
Event: 8.786 Thread 0x000001c5f589af90 8727       3       org.jetbrains.kotlin.metadata.jvm.deserialization.ModuleMappingKt::access$internalNameOf (6 bytes)
Event: 8.786 Thread 0x000001c5f589af90 nmethod 8727 0x000001c5decd3210 code [0x000001c5decd33a0, 0x000001c5decd34a8]
Event: 8.786 Thread 0x000001c5f589af90 8728       3       org.jetbrains.kotlin.metadata.jvm.deserialization.ModuleMappingKt::internalNameOf (58 bytes)
Event: 8.786 Thread 0x000001c5f589af90 nmethod 8728 0x000001c5decd3590 code [0x000001c5decd3800, 0x000001c5decd4088]
Event: 8.787 Thread 0x000001c5f589af90 8729       1       org.jetbrains.kotlin.metadata.jvm.JvmModuleProtoBuf$Module::getJvmPackageNameList (5 bytes)
Event: 8.787 Thread 0x000001c5f589af90 nmethod 8729 0x000001c5e5df6f10 code [0x000001c5e5df70a0, 0x000001c5e5df7178]
Event: 8.787 Thread 0x000001c5f589af90 8730       1       org.jetbrains.kotlin.metadata.jvm.JvmModuleProtoBuf$PackageParts::getClassWithJvmPackageNameMultifileFacadeShortNameIdList (5 bytes)
Event: 8.787 Thread 0x000001c5f589af90 nmethod 8730 0x000001c5e5df7210 code [0x000001c5e5df73a0, 0x000001c5e5df7478]
Event: 8.788 Thread 0x000001c5f589af90 8731       3       kotlin.collections.ArraysKt___ArraysKt::getOrNull (29 bytes)
Event: 8.788 Thread 0x000001c5f589af90 nmethod 8731 0x000001c5decd4390 code [0x000001c5decd4660, 0x000001c5decd53f8]
Event: 8.788 Thread 0x000001c5f589af90 8732       3       kotlin.collections.ArraysKt___ArraysKt::getLastIndex (11 bytes)
Event: 8.788 Thread 0x000001c5fc9f2510 8736       4       org.jetbrains.kotlin.protobuf.Utf8::partialIsValidUtf8 (33 bytes)
Event: 8.789 Thread 0x000001c5f589af90 nmethod 8732 0x000001c5decd5910 code [0x000001c5decd5b20, 0x000001c5decd6098]
Event: 8.789 Thread 0x000001c5f589af90 8733       3       kotlin.text.StringsKt__StringsJVMKt::endsWith (44 bytes)

GC Heap History (20 events):
Event: 4.663 GC heap before
{Heap before GC invocations=27 (full 0):
 garbage-first heap   total 133120K, used 91872K [0x0000000080000000, 0x0000000100000000)
  region size 1024K, 6 young (6144K), 4 survivors (4096K)
 Metaspace       used 56794K, committed 57408K, reserved 1105920K
  class space    used 7653K, committed 7936K, reserved 1048576K
}
Event: 4.665 GC heap after
{Heap after GC invocations=28 (full 0):
 garbage-first heap   total 133120K, used 90199K [0x0000000080000000, 0x0000000100000000)
  region size 1024K, 1 young (1024K), 1 survivors (1024K)
 Metaspace       used 56794K, committed 57408K, reserved 1105920K
  class space    used 7653K, committed 7936K, reserved 1048576K
}
Event: 4.799 GC heap before
{Heap before GC invocations=28 (full 0):
 garbage-first heap   total 133120K, used 106583K [0x0000000080000000, 0x0000000100000000)
  region size 1024K, 18 young (18432K), 1 survivors (1024K)
 Metaspace       used 58873K, committed 59584K, reserved 1105920K
  class space    used 7937K, committed 8256K, reserved 1048576K
}
Event: 4.801 GC heap after
{Heap after GC invocations=29 (full 0):
 garbage-first heap   total 231424K, used 91691K [0x0000000080000000, 0x0000000100000000)
  region size 1024K, 3 young (3072K), 3 survivors (3072K)
 Metaspace       used 58873K, committed 59584K, reserved 1105920K
  class space    used 7937K, committed 8256K, reserved 1048576K
}
Event: 5.558 GC heap before
{Heap before GC invocations=30 (full 0):
 garbage-first heap   total 231424K, used 160299K [0x0000000080000000, 0x0000000100000000)
  region size 1024K, 64 young (65536K), 3 survivors (3072K)
 Metaspace       used 67854K, committed 68544K, reserved 1114112K
  class space    used 9027K, committed 9344K, reserved 1048576K
}
Event: 5.563 GC heap after
{Heap after GC invocations=31 (full 0):
 garbage-first heap   total 231424K, used 97015K [0x0000000080000000, 0x0000000100000000)
  region size 1024K, 8 young (8192K), 8 survivors (8192K)
 Metaspace       used 67854K, committed 68544K, reserved 1114112K
  class space    used 9027K, committed 9344K, reserved 1048576K
}
Event: 5.589 GC heap before
{Heap before GC invocations=31 (full 0):
 garbage-first heap   total 231424K, used 100087K [0x0000000080000000, 0x0000000100000000)
  region size 1024K, 11 young (11264K), 8 survivors (8192K)
 Metaspace       used 68164K, committed 68864K, reserved 1114112K
  class space    used 9097K, committed 9408K, reserved 1048576K
}
Event: 5.593 GC heap after
{Heap after GC invocations=32 (full 0):
 garbage-first heap   total 231424K, used 96576K [0x0000000080000000, 0x0000000100000000)
  region size 1024K, 1 young (1024K), 1 survivors (1024K)
 Metaspace       used 68164K, committed 68864K, reserved 1114112K
  class space    used 9097K, committed 9408K, reserved 1048576K
}
Event: 6.500 GC heap before
{Heap before GC invocations=32 (full 0):
 garbage-first heap   total 231424K, used 176448K [0x0000000080000000, 0x0000000100000000)
  region size 1024K, 79 young (80896K), 1 survivors (1024K)
 Metaspace       used 77087K, committed 77760K, reserved 1122304K
  class space    used 10258K, committed 10560K, reserved 1048576K
}
Event: 6.506 GC heap after
{Heap after GC invocations=33 (full 0):
 garbage-first heap   total 231424K, used 100755K [0x0000000080000000, 0x0000000100000000)
  region size 1024K, 5 young (5120K), 5 survivors (5120K)
 Metaspace       used 77087K, committed 77760K, reserved 1122304K
  class space    used 10258K, committed 10560K, reserved 1048576K
}
Event: 7.203 GC heap before
{Heap before GC invocations=33 (full 0):
 garbage-first heap   total 231424K, used 180627K [0x0000000080000000, 0x0000000100000000)
  region size 1024K, 80 young (81920K), 5 survivors (5120K)
 Metaspace       used 85563K, committed 86272K, reserved 1130496K
  class space    used 11304K, committed 11648K, reserved 1048576K
}
Event: 7.210 GC heap after
{Heap after GC invocations=34 (full 0):
 garbage-first heap   total 231424K, used 110190K [0x0000000080000000, 0x0000000100000000)
  region size 1024K, 10 young (10240K), 10 survivors (10240K)
 Metaspace       used 85563K, committed 86272K, reserved 1130496K
  class space    used 11304K, committed 11648K, reserved 1048576K
}
Event: 7.525 GC heap before
{Heap before GC invocations=34 (full 0):
 garbage-first heap   total 231424K, used 145006K [0x0000000080000000, 0x0000000100000000)
  region size 1024K, 45 young (46080K), 10 survivors (10240K)
 Metaspace       used 92445K, committed 93120K, reserved 1130496K
  class space    used 12673K, committed 12992K, reserved 1048576K
}
Event: 7.531 GC heap after
{Heap after GC invocations=35 (full 0):
 garbage-first heap   total 231424K, used 112121K [0x0000000080000000, 0x0000000100000000)
  region size 1024K, 3 young (3072K), 3 survivors (3072K)
 Metaspace       used 92445K, committed 93120K, reserved 1130496K
  class space    used 12673K, committed 12992K, reserved 1048576K
}
Event: 7.965 GC heap before
{Heap before GC invocations=36 (full 0):
 garbage-first heap   total 231424K, used 191993K [0x0000000080000000, 0x0000000100000000)
  region size 1024K, 75 young (76800K), 3 survivors (3072K)
 Metaspace       used 92622K, committed 93376K, reserved 1130496K
  class space    used 12682K, committed 12992K, reserved 1048576K
}
Event: 7.984 GC heap after
{Heap after GC invocations=37 (full 0):
 garbage-first heap   total 231424K, used 134144K [0x0000000080000000, 0x0000000100000000)
  region size 1024K, 10 young (10240K), 10 survivors (10240K)
 Metaspace       used 92622K, committed 93376K, reserved 1130496K
  class space    used 12682K, committed 12992K, reserved 1048576K
}
Event: 7.993 GC heap before
{Heap before GC invocations=37 (full 0):
 garbage-first heap   total 231424K, used 135168K [0x0000000080000000, 0x0000000100000000)
  region size 1024K, 11 young (11264K), 10 survivors (10240K)
 Metaspace       used 92623K, committed 93376K, reserved 1130496K
  class space    used 12682K, committed 12992K, reserved 1048576K
}
Event: 8.000 GC heap after
{Heap after GC invocations=38 (full 0):
 garbage-first heap   total 231424K, used 136119K [0x0000000080000000, 0x0000000100000000)
  region size 1024K, 2 young (2048K), 2 survivors (2048K)
 Metaspace       used 92623K, committed 93376K, reserved 1130496K
  class space    used 12682K, committed 12992K, reserved 1048576K
}
Event: 8.687 GC heap before
{Heap before GC invocations=38 (full 0):
 garbage-first heap   total 231424K, used 182199K [0x0000000080000000, 0x0000000100000000)
  region size 1024K, 47 young (48128K), 2 survivors (2048K)
 Metaspace       used 96785K, committed 97536K, reserved 1138688K
  class space    used 13182K, committed 13504K, reserved 1048576K
}
Event: 8.693 GC heap after
{Heap after GC invocations=39 (full 0):
 garbage-first heap   total 231424K, used 140054K [0x0000000080000000, 0x0000000100000000)
  region size 1024K, 6 young (6144K), 6 survivors (6144K)
 Metaspace       used 96785K, committed 97536K, reserved 1138688K
  class space    used 13182K, committed 13504K, reserved 1048576K
}

Dll operation events (2 events):
Event: 0.006 Loaded shared library C:\Program Files\Android\Android Studio\jbr\bin\java.dll
Event: 0.203 Loaded shared library C:\Program Files\Android\Android Studio\jbr\bin\verify.dll

Deoptimization events (20 events):
Event: 8.674 Thread 0x000001c5f805ed60 Uncommon trap: trap_request=0xffffff45 fr.pc=0x000001c5e5deca14 relative=0x00000000000001f4
Event: 8.674 Thread 0x000001c5f805ed60 Uncommon trap: reason=unstable_if action=reinterpret pc=0x000001c5e5deca14 method=org.jetbrains.kotlin.protobuf.CodedInputStream.readRawVarint32()I @ 69 c2
Event: 8.674 Thread 0x000001c5f805ed60 DEOPT PACKING pc=0x000001c5e5deca14 sp=0x0000006941bf47c0
Event: 8.674 Thread 0x000001c5f805ed60 DEOPT UNPACKING pc=0x000001c5e53aa1a3 sp=0x0000006941bf46f0 mode 2
Event: 8.729 Thread 0x000001c5f805ed60 Uncommon trap: trap_request=0xffffffde fr.pc=0x000001c5e5deb188 relative=0x00000000000004a8
Event: 8.729 Thread 0x000001c5f805ed60 Uncommon trap: reason=class_check action=maybe_recompile pc=0x000001c5e5deb188 method=org.jetbrains.kotlin.protobuf.CodedInputStream.tryRefillBuffer(I)Z @ 177 c2
Event: 8.729 Thread 0x000001c5f805ed60 DEOPT PACKING pc=0x000001c5e5deb188 sp=0x0000006941bf4c20
Event: 8.729 Thread 0x000001c5f805ed60 DEOPT UNPACKING pc=0x000001c5e53aa1a3 sp=0x0000006941bf4b08 mode 2
Event: 8.732 Thread 0x000001c5f805ed60 Uncommon trap: trap_request=0xffffffde fr.pc=0x000001c5e5deb188 relative=0x00000000000004a8
Event: 8.732 Thread 0x000001c5f805ed60 Uncommon trap: reason=class_check action=maybe_recompile pc=0x000001c5e5deb188 method=org.jetbrains.kotlin.protobuf.CodedInputStream.tryRefillBuffer(I)Z @ 177 c2
Event: 8.732 Thread 0x000001c5f805ed60 DEOPT PACKING pc=0x000001c5e5deb188 sp=0x0000006941bf4c20
Event: 8.732 Thread 0x000001c5f805ed60 DEOPT UNPACKING pc=0x000001c5e53aa1a3 sp=0x0000006941bf4b08 mode 2
Event: 8.746 Thread 0x000001c5f805ed60 Uncommon trap: trap_request=0xffffffde fr.pc=0x000001c5e5deb188 relative=0x00000000000004a8
Event: 8.746 Thread 0x000001c5f805ed60 Uncommon trap: reason=class_check action=maybe_recompile pc=0x000001c5e5deb188 method=org.jetbrains.kotlin.protobuf.CodedInputStream.tryRefillBuffer(I)Z @ 177 c2
Event: 8.746 Thread 0x000001c5f805ed60 DEOPT PACKING pc=0x000001c5e5deb188 sp=0x0000006941bf4c20
Event: 8.746 Thread 0x000001c5f805ed60 DEOPT UNPACKING pc=0x000001c5e53aa1a3 sp=0x0000006941bf4b08 mode 2
Event: 8.746 Thread 0x000001c5f805ed60 Uncommon trap: trap_request=0xffffffde fr.pc=0x000001c5e5deb188 relative=0x00000000000004a8
Event: 8.746 Thread 0x000001c5f805ed60 Uncommon trap: reason=class_check action=maybe_recompile pc=0x000001c5e5deb188 method=org.jetbrains.kotlin.protobuf.CodedInputStream.tryRefillBuffer(I)Z @ 177 c2
Event: 8.746 Thread 0x000001c5f805ed60 DEOPT PACKING pc=0x000001c5e5deb188 sp=0x0000006941bf4c20
Event: 8.746 Thread 0x000001c5f805ed60 DEOPT UNPACKING pc=0x000001c5e53aa1a3 sp=0x0000006941bf4b08 mode 2

Classes unloaded (0 events):
No events

Classes redefined (0 events):
No events

Internal exceptions (20 events):
Event: 6.316 Thread 0x000001c5f805ed60 Exception <a 'java/lang/ClassNotFoundException'{0x000000008a31fc70}: org/jetbrains/kotlin/gradle/targets/js/npm/DefaultPeerNpmDependencyExtension$delegate$1BeanInfo> (0x000000008a31fc70) 
thrown [s\src\hotspot\share\classfile\systemDictionary.cpp, line 256]
Event: 6.316 Thread 0x000001c5f805ed60 Exception <a 'java/lang/ClassNotFoundException'{0x000000008a32b4c0}: org/jetbrains/kotlin/gradle/targets/js/npm/DefaultPeerNpmDependencyExtension$delegate$1Customizer> (0x000000008a32b4c0) 
thrown [s\src\hotspot\share\classfile\systemDictionary.cpp, line 256]
Event: 6.815 Thread 0x000001c5f805ed60 Exception <a 'java/lang/NoSuchMethodError'{0x000000008c0ceed8}: 'void java.lang.invoke.DirectMethodHandle$Holder.invokeVirtual(java.lang.Object, java.lang.Object)'> (0x000000008c0ceed8) 
thrown [s\src\hotspot\share\interpreter\linkResolver.cpp, line 771]
Event: 6.890 Thread 0x000001c5f805ed60 Exception <a 'java/lang/NoSuchMethodError'{0x000000008b91bf08}: 'int java.lang.invoke.DelegatingMethodHandle$Holder.reinvoke_L(java.lang.Object, java.lang.Object, java.lang.Object, long, int, int)'> (0x000000008b91bf08) 
thrown [s\src\hotspot\share\interpreter\linkResolver.cpp, line 771]
Event: 6.891 Thread 0x000001c5f805ed60 Exception <a 'java/lang/NoSuchMethodError'{0x000000008b92bcb0}: 'int java.lang.invoke.DelegatingMethodHandle$Holder.reinvoke_L(java.lang.Object, java.lang.Object, java.lang.Object, long, long, long)'> (0x000000008b92bcb0) 
thrown [s\src\hotspot\share\interpreter\linkResolver.cpp, line 771]
Event: 6.892 Thread 0x000001c5f805ed60 Exception <a 'java/lang/NoSuchMethodError'{0x000000008b93bd60}: 'int java.lang.invoke.DelegatingMethodHandle$Holder.reinvoke_L(java.lang.Object, java.lang.Object, java.lang.Object, long, java.lang.Object, java.lang.Object)'> (0x000000008b93bd60) 
thrown [s\src\hotspot\share\interpreter\linkResolver.cpp, line 771]
Event: 6.892 Thread 0x000001c5f805ed60 Exception <a 'java/lang/NoSuchMethodError'{0x000000008b94bc58}: 'void java.lang.invoke.DelegatingMethodHandle$Holder.reinvoke_L(java.lang.Object, java.lang.Object, java.lang.Object, long, java.lang.Object)'> (0x000000008b94bc58) 
thrown [s\src\hotspot\share\interpreter\linkResolver.cpp, line 771]
Event: 6.893 Thread 0x000001c5f805ed60 Exception <a 'java/lang/NoSuchMethodError'{0x000000008b954548}: 'java.lang.Object java.lang.invoke.DirectMethodHandle$Holder.invokeSpecial(java.lang.Object, java.lang.Object, java.lang.Object, java.lang.Object, long)'> (0x000000008b954548) 
thrown [s\src\hotspot\share\interpreter\linkResolver.cpp, line 771]
Event: 6.894 Thread 0x000001c5f805ed60 Exception <a 'java/lang/NoSuchMethodError'{0x000000008b979398}: 'long java.lang.invoke.Invokers$Holder.invoke_MT(java.lang.Object, java.lang.Object, java.lang.Object, java.lang.Object)'> (0x000000008b979398) 
thrown [s\src\hotspot\share\interpreter\linkResolver.cpp, line 771]
Event: 6.895 Thread 0x000001c5f805ed60 Exception <a 'java/lang/NoSuchMethodError'{0x000000008b9826a0}: 'int java.lang.invoke.Invokers$Holder.invoke_MT(java.lang.Object, java.lang.Object, java.lang.Object, java.lang.Object)'> (0x000000008b9826a0) 
thrown [s\src\hotspot\share\interpreter\linkResolver.cpp, line 771]
Event: 6.895 Thread 0x000001c5f805ed60 Exception <a 'java/lang/NoSuchMethodError'{0x000000008b9935e8}: 'int java.lang.invoke.DelegatingMethodHandle$Holder.reinvoke_L(java.lang.Object, java.lang.Object, java.lang.Object, long, int)'> (0x000000008b9935e8) 
thrown [s\src\hotspot\share\interpreter\linkResolver.cpp, line 771]
Event: 6.897 Thread 0x000001c5f805ed60 Exception <a 'java/lang/NoSuchMethodError'{0x000000008b9a6b80}: 'java.lang.Object java.lang.invoke.Invokers$Holder.invokeExact_MT(java.lang.Object, java.lang.Object, long, java.lang.Object)'> (0x000000008b9a6b80) 
thrown [s\src\hotspot\share\interpreter\linkResolver.cpp, line 771]
Event: 6.976 Thread 0x000001c5f805ed60 Exception <a 'java/lang/NoSuchMethodError'{0x000000008b1b18f0}: 'java.lang.Object java.lang.invoke.DirectMethodHandle$Holder.invokeStaticInit(java.lang.Object, int)'> (0x000000008b1b18f0) 
thrown [s\src\hotspot\share\interpreter\linkResolver.cpp, line 771]
Event: 6.999 Thread 0x000001c5f805ed60 Exception <a 'java/lang/NoSuchMethodError'{0x000000008ae91970}: 'long java.lang.invoke.DirectMethodHandle$Holder.invokeStatic(java.lang.Object)'> (0x000000008ae91970) 
thrown [s\src\hotspot\share\interpreter\linkResolver.cpp, line 771]
Event: 6.999 Thread 0x000001c5f805ed60 Exception <a 'java/lang/NoSuchMethodError'{0x000000008ae96510}: 'long java.lang.invoke.DirectMethodHandle$Holder.invokeStaticInit(java.lang.Object)'> (0x000000008ae96510) 
thrown [s\src\hotspot\share\interpreter\linkResolver.cpp, line 771]
Event: 7.506 Thread 0x000001c5f805ed60 Exception <a 'java/lang/NoSuchMethodError'{0x000000008c02f1f0}: 'java.lang.Object java.lang.invoke.Invokers$Holder.invoke_MT(java.lang.Object, java.lang.Object, java.lang.Object)'> (0x000000008c02f1f0) 
thrown [s\src\hotspot\share\interpreter\linkResolver.cpp, line 771]
Event: 7.721 Thread 0x000001c5f805ed60 Implicit null exception at 0x000001c5e5d9c250 to 0x000001c5e5d9e220
Event: 7.721 Thread 0x000001c5f805ed60 Implicit null exception at 0x000001c5e5d99216 to 0x000001c5e5d99d90
Event: 7.745 Thread 0x000001c5f805ed60 Implicit null exception at 0x000001c5e5d95853 to 0x000001c5e5d96e04
Event: 7.768 Thread 0x000001c5f805ed60 Implicit null exception at 0x000001c5e5d8a180 to 0x000001c5e5d8a239

VM Operations (20 events):
Event: 7.150 Executing VM operation: HandshakeAllThreads done
Event: 7.203 Executing VM operation: G1CollectForAllocation
Event: 7.210 Executing VM operation: G1CollectForAllocation done
Event: 7.399 Executing VM operation: HandshakeAllThreads
Event: 7.399 Executing VM operation: HandshakeAllThreads done
Event: 7.524 Executing VM operation: HandshakeAllThreads
Event: 7.524 Executing VM operation: HandshakeAllThreads done
Event: 7.525 Executing VM operation: G1TryInitiateConcMark
Event: 7.531 Executing VM operation: G1TryInitiateConcMark done
Event: 7.582 Executing VM operation: G1Concurrent
Event: 7.589 Executing VM operation: G1Concurrent done
Event: 7.615 Executing VM operation: G1Concurrent
Event: 7.617 Executing VM operation: G1Concurrent done
Event: 7.965 Executing VM operation: G1CollectForAllocation
Event: 7.984 Executing VM operation: G1CollectForAllocation done
Event: 7.993 Executing VM operation: G1CollectForAllocation
Event: 8.000 Executing VM operation: G1CollectForAllocation done
Event: 8.687 Executing VM operation: G1CollectForAllocation
Event: 8.698 Executing VM operation: G1CollectForAllocation done
Event: 8.790 Executing VM operation: G1Concurrent

Events (20 events):
Event: 7.506 loading class jdk/internal/access/foreign/UnmapperProxy done
Event: 7.506 loading class sun/nio/ch/FileChannelImpl$Unmapper done
Event: 7.506 loading class sun/nio/ch/FileChannelImpl$DefaultUnmapper done
Event: 7.507 loading class sun/nio/ch/Util$4
Event: 7.507 loading class sun/nio/ch/Util$4 done
Event: 7.508 loading class java/io/UTFDataFormatException
Event: 7.508 loading class java/io/UTFDataFormatException done
Event: 7.523 loading class java/nio/file/attribute/DosFileAttributeView
Event: 7.523 loading class java/nio/file/attribute/DosFileAttributeView done
Event: 7.523 loading class sun/nio/fs/WindowsFileAttributeViews$Dos
Event: 7.523 loading class sun/nio/fs/WindowsFileAttributeViews$Dos done
Event: 7.546 Thread 0x000001c5fc9f3e60 Thread added: 0x000001c5fc9f3e60
Event: 7.573 Thread 0x000001c5fc9f2a20 Thread added: 0x000001c5fc9f2a20
Event: 8.138 loading class java/nio/channels/Channels$ReadableByteChannelImpl
Event: 8.138 loading class java/nio/channels/Channels$ReadableByteChannelImpl done
Event: 8.139 loading class java/nio/channels/NonWritableChannelException
Event: 8.139 loading class java/nio/channels/NonWritableChannelException done
Event: 8.498 Thread 0x000001c5fc9f2a20 Thread exited: 0x000001c5fc9f2a20
Event: 8.500 Thread 0x000001c5fc9f3e60 Thread exited: 0x000001c5fc9f3e60
Event: 8.668 Thread 0x000001c5fc9f2510 Thread added: 0x000001c5fc9f2510


Dynamic libraries:
0x00007ff605f90000 - 0x00007ff605f9a000 	C:\Program Files\Android\Android Studio\jbr\bin\java.exe
0x00007ffe36670000 - 0x00007ffe36868000 	C:\Windows\SYSTEM32\ntdll.dll
0x00007ffe348b0000 - 0x00007ffe3496f000 	C:\Windows\System32\KERNEL32.DLL
0x00007ffe33a50000 - 0x00007ffe33d22000 	C:\Windows\System32\KERNELBASE.dll
0x00007ffe33dd0000 - 0x00007ffe33ed0000 	C:\Windows\System32\ucrtbase.dll
0x00007ffe18d10000 - 0x00007ffe18d2b000 	C:\Program Files\Android\Android Studio\jbr\bin\VCRUNTIME140.dll
0x00007ffe27da0000 - 0x00007ffe27db7000 	C:\Program Files\Android\Android Studio\jbr\bin\jli.dll
0x00007ffe35670000 - 0x00007ffe3580d000 	C:\Windows\System32\USER32.dll
0x00007ffe34290000 - 0x00007ffe342b2000 	C:\Windows\System32\win32u.dll
0x00007ffe34f40000 - 0x00007ffe34f6b000 	C:\Windows\System32\GDI32.dll
0x00007ffe343d0000 - 0x00007ffe344df000 	C:\Windows\System32\gdi32full.dll
0x00007ffe33d30000 - 0x00007ffe33dcd000 	C:\Windows\System32\msvcp_win.dll
0x00007ffe19340000 - 0x00007ffe195da000 	C:\Windows\WinSxS\amd64_microsoft.windows.common-controls_6595b64144ccf1df_6.0.19041.1110_none_60b5254171f9507e\COMCTL32.dll
0x00007ffe35d20000 - 0x00007ffe35dbe000 	C:\Windows\System32\msvcrt.dll
0x00007ffe35bd0000 - 0x00007ffe35c02000 	C:\Windows\System32\IMM32.DLL
0x00007ffe2b330000 - 0x00007ffe2b33c000 	C:\Program Files\Android\Android Studio\jbr\bin\vcruntime140_1.dll
0x00007ffde6380000 - 0x00007ffde640d000 	C:\Program Files\Android\Android Studio\jbr\bin\msvcp140.dll
0x00007ffdddb70000 - 0x00007ffdde7de000 	C:\Program Files\Android\Android Studio\jbr\bin\server\jvm.dll
0x00007ffe34ce0000 - 0x00007ffe34d8e000 	C:\Windows\System32\ADVAPI32.dll
0x00007ffe345a0000 - 0x00007ffe3463c000 	C:\Windows\System32\sechost.dll
0x00007ffe34a40000 - 0x00007ffe34b65000 	C:\Windows\System32\RPCRT4.dll
0x00007ffe163a0000 - 0x00007ffe163a9000 	C:\Windows\SYSTEM32\WSOCK32.dll
0x00007ffe35590000 - 0x00007ffe355fb000 	C:\Windows\System32\WS2_32.dll
0x00007ffe23e20000 - 0x00007ffe23e47000 	C:\Windows\SYSTEM32\WINMM.dll
0x00007ffe27190000 - 0x00007ffe2719a000 	C:\Windows\SYSTEM32\VERSION.dll
0x00007ffe344e0000 - 0x00007ffe344f2000 	C:\Windows\System32\kernel.appcore.dll
0x00007ffe2b770000 - 0x00007ffe2b77a000 	C:\Program Files\Android\Android Studio\jbr\bin\jimage.dll
0x00007ffe31ef0000 - 0x00007ffe320d4000 	C:\Windows\SYSTEM32\DBGHELP.DLL
0x00007ffe205a0000 - 0x00007ffe205cc000 	C:\Windows\SYSTEM32\dbgcore.DLL
0x00007ffe34340000 - 0x00007ffe343c2000 	C:\Windows\System32\bcryptPrimitives.dll
0x00007ffe2b350000 - 0x00007ffe2b375000 	C:\Program Files\Android\Android Studio\jbr\bin\java.dll
0x00007ffe2b310000 - 0x00007ffe2b328000 	C:\Program Files\Android\Android Studio\jbr\bin\zip.dll
0x00007ffe35dc0000 - 0x00007ffe36503000 	C:\Windows\System32\SHELL32.dll
0x00007ffe2d180000 - 0x00007ffe2d912000 	C:\Windows\SYSTEM32\windows.storage.dll
0x00007ffe35870000 - 0x00007ffe35bc4000 	C:\Windows\System32\combase.dll
0x00007ffe33460000 - 0x00007ffe33490000 	C:\Windows\SYSTEM32\Wldp.dll
0x00007ffe35c10000 - 0x00007ffe35cbd000 	C:\Windows\System32\SHCORE.dll
0x00007ffe34850000 - 0x00007ffe348a5000 	C:\Windows\System32\shlwapi.dll
0x00007ffe33940000 - 0x00007ffe3395f000 	C:\Windows\SYSTEM32\profapi.dll
0x00007ffe2a010000 - 0x00007ffe2a029000 	C:\Program Files\Android\Android Studio\jbr\bin\net.dll
0x00007ffe29f00000 - 0x00007ffe2a00c000 	C:\Windows\SYSTEM32\WINHTTP.dll
0x00007ffe331c0000 - 0x00007ffe3322a000 	C:\Windows\system32\mswsock.dll
0x00007ffe293d0000 - 0x00007ffe293e6000 	C:\Program Files\Android\Android Studio\jbr\bin\nio.dll
0x00007ffe29440000 - 0x00007ffe29450000 	C:\Program Files\Android\Android Studio\jbr\bin\verify.dll
0x00007ffe18cc0000 - 0x00007ffe18ce7000 	F:\MyApplication2\.gradle\native\68d5fa5c4cc2d200863cafc0d521ce42e7d3e7ee720ec0a83991735586a16f82\windows-amd64\native-platform.dll
0x00007ffde6230000 - 0x00007ffde6374000 	F:\MyApplication2\.gradle\native\e376f236ea51e6404a007f0833ffe2c6e607c4080706a723a18a27aeea778392\windows-amd64\native-platform-file-events.dll
0x00007ffe293c0000 - 0x00007ffe293c9000 	C:\Program Files\Android\Android Studio\jbr\bin\management.dll
0x00007ffe28d40000 - 0x00007ffe28d4b000 	C:\Program Files\Android\Android Studio\jbr\bin\management_ext.dll
0x00007ffe35600000 - 0x00007ffe35608000 	C:\Windows\System32\PSAPI.DLL
0x00007ffe333b0000 - 0x00007ffe333c8000 	C:\Windows\SYSTEM32\CRYPTSP.dll
0x00007ffe32ac0000 - 0x00007ffe32af4000 	C:\Windows\system32\rsaenh.dll
0x00007ffe34310000 - 0x00007ffe34337000 	C:\Windows\System32\bcrypt.dll
0x00007ffe33900000 - 0x00007ffe3392e000 	C:\Windows\SYSTEM32\USERENV.dll
0x00007ffe333d0000 - 0x00007ffe333dc000 	C:\Windows\SYSTEM32\CRYPTBASE.dll
0x00007ffe32eb0000 - 0x00007ffe32eeb000 	C:\Windows\SYSTEM32\IPHLPAPI.DLL
0x00007ffe35110000 - 0x00007ffe35118000 	C:\Windows\System32\NSI.dll
0x00007ffe27660000 - 0x00007ffe27677000 	C:\Windows\SYSTEM32\dhcpcsvc6.DLL
0x00007ffe271a0000 - 0x00007ffe271bd000 	C:\Windows\SYSTEM32\dhcpcsvc.DLL
0x00007ffe32f00000 - 0x00007ffe32fca000 	C:\Windows\SYSTEM32\DNSAPI.dll
0x00007ffdae180000 - 0x00007ffdae187000 	C:\Windows\system32\wshunix.dll

dbghelp: loaded successfully - version: 4.0.5 - missing functions: none
symbol engine: initialized successfully - sym options: 0x614 - pdb path: .;C:\Program Files\Android\Android Studio\jbr\bin;C:\Windows\SYSTEM32;C:\Windows\WinSxS\amd64_microsoft.windows.common-controls_6595b64144ccf1df_6.0.19041.1110_none_60b5254171f9507e;C:\Program Files\Android\Android Studio\jbr\bin\server;F:\MyApplication2\.gradle\native\68d5fa5c4cc2d200863cafc0d521ce42e7d3e7ee720ec0a83991735586a16f82\windows-amd64;F:\MyApplication2\.gradle\native\e376f236ea51e6404a007f0833ffe2c6e607c4080706a723a18a27aeea778392\windows-amd64

VM Arguments:
jvm_args: --add-opens=java.base/java.util=ALL-UNNAMED --add-opens=java.base/java.lang=ALL-UNNAMED --add-opens=java.base/java.lang.invoke=ALL-UNNAMED --add-opens=java.prefs/java.util.prefs=ALL-UNNAMED --add-opens=java.base/java.nio.charset=ALL-UNNAMED --add-opens=java.base/java.net=ALL-UNNAMED --add-opens=java.base/java.util.concurrent.atomic=ALL-UNNAMED -Xmx2048m -Dfile.encoding=UTF-8 -Duser.country=CN -Duser.language=zh -Duser.variant 
java_command: org.gradle.launcher.daemon.bootstrap.GradleDaemon 8.0
java_class_path (initial): F:\MyApplication2\.gradle\wrapper\dists\gradle-8.0-bin\ca5e32bp14vu59qr306oxotwh\gradle-8.0\lib\gradle-launcher-8.0.jar
Launcher Type: SUN_STANDARD

[Global flags]
     intx CICompilerCount                          = 4                                         {product} {ergonomic}
     uint ConcGCThreads                            = 2                                         {product} {ergonomic}
     uint G1ConcRefinementThreads                  = 8                                         {product} {ergonomic}
   size_t G1HeapRegionSize                         = 1048576                                   {product} {ergonomic}
    uintx GCDrainStackTargetSize                   = 64                                        {product} {ergonomic}
   size_t InitialHeapSize                          = 264241152                                 {product} {ergonomic}
   size_t MarkStackSize                            = 4194304                                   {product} {ergonomic}
   size_t MaxHeapSize                              = 2147483648                                {product} {command line}
   size_t MaxNewSize                               = 1287651328                                {product} {ergonomic}
   size_t MinHeapDeltaBytes                        = 1048576                                   {product} {ergonomic}
   size_t MinHeapSize                              = 8388608                                   {product} {ergonomic}
    uintx NonNMethodCodeHeapSize                   = 5839372                                {pd product} {ergonomic}
    uintx NonProfiledCodeHeapSize                  = 122909434                              {pd product} {ergonomic}
    uintx ProfiledCodeHeapSize                     = 122909434                              {pd product} {ergonomic}
    uintx ReservedCodeCacheSize                    = 251658240                              {pd product} {ergonomic}
     bool SegmentedCodeCache                       = true                                      {product} {ergonomic}
   size_t SoftMaxHeapSize                          = 2147483648                             {manageable} {ergonomic}
     bool UseCompressedClassPointers               = true                           {product lp64_product} {ergonomic}
     bool UseCompressedOops                        = true                           {product lp64_product} {ergonomic}
     bool UseG1GC                                  = true                                      {product} {ergonomic}
     bool UseLargePagesIndividualAllocation        = false                                  {pd product} {ergonomic}

Logging:
Log output configuration:
 #0: stdout all=warning uptime,level,tags
 #1: stderr all=off uptime,level,tags

Environment Variables:
JAVA_HOME=C:\Program Files\Java\jdk-17.0.1
CLASSPATH=C:\Program Files\Java\jdk-17.0.1\lib\dt.jar;C:\Program Files\Java\jdk-17.0.1\lib\tools.jar;
PATH=C:\Program Files\Java\jdk-17.0.1\bin;C:\Program Files\Java\jdk-17.0.1\jre\bin;;C:\Program Files\Common Files\Oracle\Java\javapath;D:\\Scripts\;D:\\;C:\Program Files\Microsoft MPI\Bin\;C:\Program Files (x86)\NVIDIA Corporation\PhysX\Common;C:\Windows\system32;C:\Windows;C:\Windows\System32\Wbem;C:\Windows\System32\WindowsPowerShell\v1.0\;C:\Windows\System32\OpenSSH\;C:\Program Files\NVIDIA Corporation\NVIDIA NvDLISR;C:\Program Files\dotnet\;D:\bin;C:\Strawberry\c\bin;C:\Strawberry\perl\site\bin;C:\Strawberry\perl\bin;D:\\Microsoft VS Code\;C:\Program Files\MySQL\MySQL Server 8.0\bin;D:\\160\Tools\Binn\;C:\Program Files\Microsoft SQL Server\160\Tools\Binn\;C:\Program Files\Microsoft SQL Server\Client SDK\ODBC\170\Tools\Binn\;C:\Program Files\Microsoft SQL Server\160\DTS\Binn\;D:\\160\DTS\Binn\;C:\Program Files\Azure Data Studio\bin;C:\Users\25599\matlab2016\runtime\win64;C:\Users\25599\matlab2016\bin;C:\Users\25599\matlab2016\polyspace\bin;C:\Program Files\MySQL\MySQL Shell 8.0\bin\;C:\Users\25599\AppData\Local\Microsoft\WindowsApps;%IntelliJ IDEA Community Edition%;D:\\Microsoft VS Code\bin;C:\Users\25599\AppData\Roaming\npm;%IntelliJ IDEA%;C:\Program Files\Azure Data Studio\bin;C:\ProgramData\25599\GitHubDesktop\bin;C:\intelFPGA\18.1\modelsim_ase\win32aloem;D:\inmodlesim\win64
USERNAME=25599
OS=Windows_NT
PROCESSOR_IDENTIFIER=Intel64 Family 6 Model 140 Stepping 1, GenuineIntel
TMP=C:\Users\25599\AppData\Local\Temp
TEMP=C:\Users\25599\AppData\Local\Temp


JNI global refs:
JNI global refs: 27, weak refs: 4

JNI global refs memory usage: 843, weak refs: 841


---------------  S Y S T E M  ---------------

OS:
 Windows 10 , 64 bit Build 19041 (10.0.19041.2251)
OS uptime: 0 days 1:46 hours
Hyper-V role detected

CPU: total 8 (initial active 8) (4 cores per cpu, 2 threads per core) family 6 model 140 stepping 1 microcode 0xac, cx8, cmov, fxsr, ht, mmx, 3dnowpref, sse, sse2, sse3, ssse3, sse4.1, sse4.2, popcnt, lzcnt, tsc, tscinvbit, avx, avx2, aes, erms, clmul, bmi1, bmi2, adx, avx512f, avx512dq, avx512cd, avx512bw, avx512vl, sha, fma, vzeroupper, avx512_vpopcntdq, avx512_vpclmulqdq, avx512_vaes, avx512_vnni, clflush, clflushopt, clwb, avx512_vbmi2, avx512_vbmi, hv

Memory: 4k page, system-wide physical 16106M (3101M free)
TotalPageFile size 16106M (AvailPageFile size 5M)
current process WorkingSet (physical memory assigned to process): 489M, peak: 489M
current process commit charge ("private bytes"): 526M, peak: 545M

vm_info: OpenJDK 64-Bit Server VM (17.0.6+0-b2043.56-10027231) for windows-amd64 JRE (17.0.6+0-b2043.56-10027231), built on Apr 28 2023 00:43:19 by "androidbuild" with MS VC++ 16.10 / 16.11 (VS2019)

END.
