#
# There is insufficient memory for the Java Runtime Environment to continue.
# Native memory allocation (mmap) failed to map 246415360 bytes for G1 virtual space
# Possible reasons:
#   The system is out of physical RAM or swap space
#   The process is running with CompressedOops enabled, and the Java Heap may be blocking the growth of the native heap
# Possible solutions:
#   Reduce memory load on the system
#   Increase physical memory or swap space
#   Check if swap backing store is full
#   Decrease Java heap size (-Xmx/-Xms)
#   Decrease number of Java threads
#   Decrease Java thread stack sizes (-Xss)
#   Set larger code cache with -XX:ReservedCodeCacheSize=
#   JVM is running with Unscaled Compressed Oops mode in which the Java heap is
#     placed in the first 4GB address space. The Java Heap base address is the
#     maximum limit for the native heap growth. Please use -XX:HeapBaseMinAddress
#     to set the Java Heap base and to place the Java Heap above 4GB virtual address.
# This output file may be truncated or incomplete.
#
#  Out of Memory Error (os_windows.cpp:3769), pid=5176, tid=6508
#
# JRE version: OpenJDK Runtime Environment (17.0.6) (build 17.0.6+0-b2043.56-10027231)
# Java VM: OpenJDK 64-Bit Server VM (17.0.6+0-b2043.56-10027231, mixed mode, tiered, compressed oops, compressed class ptrs, g1 gc, windows-amd64)
# No core dump will be written. Minidumps are not enabled by default on client versions of Windows
#

---------------  S U M M A R Y ------------

Command Line: --add-opens=java.base/java.util=ALL-UNNAMED --add-opens=java.base/java.lang=ALL-UNNAMED --add-opens=java.base/java.lang.invoke=ALL-UNNAMED --add-opens=java.prefs/java.util.prefs=ALL-UNNAMED --add-opens=java.base/java.nio.charset=ALL-UNNAMED --add-opens=java.base/java.net=ALL-UNNAMED --add-opens=java.base/java.util.concurrent.atomic=ALL-UNNAMED -Xmx2048m -Dfile.encoding=UTF-8 -Duser.country=CN -Duser.language=zh -Duser.variant org.gradle.launcher.daemon.bootstrap.GradleDaemon 8.0

Host: 11th Gen Intel(R) Core(TM) i7-1165G7 @ 2.80GHz, 8 cores, 15G,  Windows 10 , 64 bit Build 19041 (10.0.19041.2251)
Time: Wed Jan 17 06:19:18 2024  Windows 10 , 64 bit Build 19041 (10.0.19041.2251) elapsed time: 7.550563 seconds (0d 0h 0m 7s)

---------------  T H R E A D  ---------------

Current thread (0x000001cc1782c470):  VMThread "VM Thread" [stack: 0x0000003f15900000,0x0000003f15a00000] [id=6508]

Stack: [0x0000003f15900000,0x0000003f15a00000]
Native frames: (J=compiled Java code, j=interpreted, Vv=VM code, C=native code)
V  [jvm.dll+0x683c9a]
V  [jvm.dll+0x8427a4]
V  [jvm.dll+0x843f9e]
V  [jvm.dll+0x844603]
V  [jvm.dll+0x249b75]
V  [jvm.dll+0x680b69]
V  [jvm.dll+0x67505a]
V  [jvm.dll+0x309acb]
V  [jvm.dll+0x310f86]
V  [jvm.dll+0x3608ee]
V  [jvm.dll+0x360b1f]
V  [jvm.dll+0x2dfbf8]
V  [jvm.dll+0x2ddec4]
V  [jvm.dll+0x2dd4cc]
V  [jvm.dll+0x321f3b]
V  [jvm.dll+0x848ccb]
V  [jvm.dll+0x849a04]
V  [jvm.dll+0x849f1d]
V  [jvm.dll+0x84a2f4]
V  [jvm.dll+0x84a3c0]
V  [jvm.dll+0x7f274a]
V  [jvm.dll+0x682ad5]
C  [ucrtbase.dll+0x21bb2]
C  [KERNEL32.DLL+0x174b4]
C  [ntdll.dll+0x526a1]

VM_Operation (0x0000003f17bfe3c0): G1CollectForAllocation, mode: safepoint, requested by thread 0x000001cc19396950


---------------  P R O C E S S  ---------------

Threads class SMR info:
_java_thread_list=0x000001cc215b4d10, length=138, elements={
0x000001cc7cd3dcf0, 0x000001cc1784f620, 0x000001cc178500e0, 0x000001cc1787c8e0,
0x000001cc1787d1a0, 0x000001cc1787e070, 0x000001cc178a3600, 0x000001cc178a42a0,
0x000001cc178a53f0, 0x000001cc178aa1c0, 0x000001cc17a26b40, 0x000001cc17a27010,
0x000001cc17b700d0, 0x000001cc1a487ac0, 0x000001cc17b71be0, 0x000001cc186da590,
0x000001cc18bece80, 0x000001cc1901c450, 0x000001cc19c1ecf0, 0x000001cc1922c6a0,
0x000001cc1922cf80, 0x000001cc19393930, 0x000001cc19395ae0, 0x000001cc19395140,
0x000001cc19395610, 0x000001cc19396950, 0x000001cc191d70a0, 0x000001cc19394c70,
0x000001cc19393e00, 0x000001cc193942d0, 0x000001cc19396e20, 0x000001cc193972f0,
0x000001cc193947a0, 0x000001cc19395fb0, 0x000001cc19396480, 0x000001cc1b909260,
0x000001cc1b9083f0, 0x000001cc1b9088c0, 0x000001cc1b90e900, 0x000001cc1b90f2a0,
0x000001cc1b909c00, 0x000001cc1b90cc20, 0x000001cc1b90aa70, 0x000001cc1b907f20,
0x000001cc1b90bdb0, 0x000001cc1b90af40, 0x000001cc1b90a0d0, 0x000001cc1b909730,
0x000001cc1b90a5a0, 0x000001cc1b90df60, 0x000001cc1b90b8e0, 0x000001cc1b90c750,
0x000001cc1b90d0f0, 0x000001cc1b90d5c0, 0x000001cc1b90da90, 0x000001cc1ea84fa0,
0x000001cc1ea7ef60, 0x000001cc1ea7f430, 0x000001cc1ea83c60, 0x000001cc1ea84130,
0x000001cc1ea82df0, 0x000001cc1ea81110, 0x000001cc1ea80c40, 0x000001cc1ea84600,
0x000001cc1ea81f80, 0x000001cc1ea7fdd0, 0x000001cc1ea7e0f0, 0x000001cc1ea85470,
0x000001cc1ea83790, 0x000001cc1ea7ea90, 0x000001cc1ea85940, 0x000001cc1ea81ab0,
0x000001cc1ea84ad0, 0x000001cc1ea7e5c0, 0x000001cc1ea832c0, 0x000001cc1ea7f900,
0x000001cc1ea802a0, 0x000001cc1ea80770, 0x000001cc1ea815e0, 0x000001cc1ea82450,
0x000001cc1ea82920, 0x000001cc1ea0f050, 0x000001cc1ea0c9d0, 0x000001cc1ea0dd10,
0x000001cc1ea0f520, 0x000001cc1ea0cea0, 0x000001cc1ea0eb80, 0x000001cc1ea0f9f0,
0x000001cc1ea0e6b0, 0x000001cc1ea0c500, 0x000001cc1ea0c030, 0x000001cc1ea0d840,
0x000001cc1ea0d370, 0x000001cc1ea0e1e0, 0x000001cc1eb29330, 0x000001cc1eb29cd0,
0x000001cc1eb2d1c0, 0x000001cc1eb2a670, 0x000001cc1eb2ccf0, 0x000001cc1eb2d690,
0x000001cc1eb2e030, 0x000001cc1eb2e500, 0x000001cc1eb2ab40, 0x000001cc1eb27650,
0x000001cc1eb2be80, 0x000001cc1eb2c350, 0x000001cc1eb26cb0, 0x000001cc1eb2b010,
0x000001cc1eb27180, 0x000001cc1eb29800, 0x000001cc1eb284c0, 0x000001cc1eb2db60,
0x000001cc1eb2b4e0, 0x000001cc1eb27ff0, 0x000001cc1eb27b20, 0x000001cc1eb2b9b0,
0x000001cc1eb28990, 0x000001cc1eb28e60, 0x000001cc1eb2a1a0, 0x000001cc1eb2c820,
0x000001cc1beeb190, 0x000001cc1beed340, 0x000001cc1bef0830, 0x000001cc1bef0d00,
0x000001cc1beeb660, 0x000001cc1beef020, 0x000001cc1beed810, 0x000001cc1beeacc0,
0x000001cc1bef16a0, 0x000001cc1beec000, 0x000001cc1bef0360, 0x000001cc1beec4d0,
0x000001cc1beec9a0, 0x000001cc1beece70, 0x000001cc1beedce0, 0x000001cc1beee1b0,
0x000001cc1beee680, 0x000001cc1beeeb50
}

Java Threads: ( => current thread )
  0x000001cc7cd3dcf0 JavaThread "main" [_thread_blocked, id=13440, stack(0x0000003f15300000,0x0000003f15400000)]
  0x000001cc1784f620 JavaThread "Reference Handler" daemon [_thread_blocked, id=10384, stack(0x0000003f15a00000,0x0000003f15b00000)]
  0x000001cc178500e0 JavaThread "Finalizer" daemon [_thread_blocked, id=14148, stack(0x0000003f15b00000,0x0000003f15c00000)]
  0x000001cc1787c8e0 JavaThread "Signal Dispatcher" daemon [_thread_blocked, id=2732, stack(0x0000003f15c00000,0x0000003f15d00000)]
  0x000001cc1787d1a0 JavaThread "Attach Listener" daemon [_thread_blocked, id=11552, stack(0x0000003f15d00000,0x0000003f15e00000)]
  0x000001cc1787e070 JavaThread "Service Thread" daemon [_thread_blocked, id=4268, stack(0x0000003f15e00000,0x0000003f15f00000)]
  0x000001cc178a3600 JavaThread "Monitor Deflation Thread" daemon [_thread_blocked, id=15912, stack(0x0000003f15f00000,0x0000003f16000000)]
  0x000001cc178a42a0 JavaThread "C2 CompilerThread0" daemon [_thread_blocked, id=16296, stack(0x0000003f16000000,0x0000003f16100000)]
  0x000001cc178a53f0 JavaThread "C1 CompilerThread0" daemon [_thread_blocked, id=22064, stack(0x0000003f16100000,0x0000003f16200000)]
  0x000001cc178aa1c0 JavaThread "Sweeper thread" daemon [_thread_blocked, id=16420, stack(0x0000003f16200000,0x0000003f16300000)]
  0x000001cc17a26b40 JavaThread "Common-Cleaner" daemon [_thread_blocked, id=12040, stack(0x0000003f16300000,0x0000003f16400000)]
  0x000001cc17a27010 JavaThread "Notification Thread" daemon [_thread_blocked, id=19816, stack(0x0000003f16400000,0x0000003f16500000)]
  0x000001cc17b700d0 JavaThread "C2 CompilerThread1" daemon [_thread_blocked, id=12888, stack(0x0000003f16600000,0x0000003f16700000)]
  0x000001cc1a487ac0 JavaThread "Daemon health stats" [_thread_blocked, id=16256, stack(0x0000003f16d00000,0x0000003f16e00000)]
  0x000001cc17b71be0 JavaThread "Incoming local TCP Connector on port 60374" [_thread_in_native, id=18012, stack(0x0000003f16c00000,0x0000003f16d00000)]
  0x000001cc186da590 JavaThread "Daemon periodic checks" [_thread_blocked, id=12652, stack(0x0000003f16e00000,0x0000003f16f00000)]
  0x000001cc18bece80 JavaThread "Daemon" [_thread_blocked, id=18280, stack(0x0000003f16f00000,0x0000003f17000000)]
  0x000001cc1901c450 JavaThread "Handler for socket connection from /127.0.0.1:60374 to /127.0.0.1:60375" [_thread_in_native, id=2836, stack(0x0000003f17000000,0x0000003f17100000)]
  0x000001cc19c1ecf0 JavaThread "Cancel handler" [_thread_blocked, id=19624, stack(0x0000003f17100000,0x0000003f17200000)]
  0x000001cc1922c6a0 JavaThread "Daemon worker" [_thread_blocked, id=17052, stack(0x0000003f17200000,0x0000003f17300000)]
  0x000001cc1922cf80 JavaThread "Asynchronous log dispatcher for DefaultDaemonConnection: socket connection from /127.0.0.1:60374 to /127.0.0.1:60375" [_thread_blocked, id=14428, stack(0x0000003f17300000,0x0000003f17400000)]
  0x000001cc19393930 JavaThread "Stdin handler" [_thread_blocked, id=21928, stack(0x0000003f17400000,0x0000003f17500000)]
  0x000001cc19395ae0 JavaThread "Daemon client event forwarder" [_thread_blocked, id=18120, stack(0x0000003f17500000,0x0000003f17600000)]
  0x000001cc19395140 JavaThread "Cache worker for journal cache (F:\MyApplication2\.gradle\caches\journal-1)" [_thread_blocked, id=18948, stack(0x0000003f17900000,0x0000003f17a00000)]
  0x000001cc19395610 JavaThread "File lock request listener" [_thread_in_native, id=10736, stack(0x0000003f17a00000,0x0000003f17b00000)]
  0x000001cc19396950 JavaThread "Cache worker for file hash cache (F:\MyApplication2\.gradle\caches\8.0\fileHashes)" [_thread_blocked, id=21664, stack(0x0000003f17b00000,0x0000003f17c00000)]
  0x000001cc191d70a0 JavaThread "C2 CompilerThread2" daemon [_thread_blocked, id=18720, stack(0x0000003f17c00000,0x0000003f17d00000)]
  0x000001cc19394c70 JavaThread "File watcher server" daemon [_thread_in_native, id=21132, stack(0x0000003f17d00000,0x0000003f17e00000)]
  0x000001cc19393e00 JavaThread "File watcher consumer" daemon [_thread_blocked, id=3420, stack(0x0000003f17e00000,0x0000003f17f00000)]
  0x000001cc193942d0 JavaThread "jar transforms" [_thread_blocked, id=8272, stack(0x0000003f17f00000,0x0000003f18000000)]
  0x000001cc19396e20 JavaThread "jar transforms Thread 2" [_thread_blocked, id=13924, stack(0x0000003f18000000,0x0000003f18100000)]
  0x000001cc193972f0 JavaThread "jar transforms Thread 3" [_thread_blocked, id=22432, stack(0x0000003f18100000,0x0000003f18200000)]
  0x000001cc193947a0 JavaThread "jar transforms Thread 4" [_thread_blocked, id=9188, stack(0x0000003f18200000,0x0000003f18300000)]
  0x000001cc19395fb0 JavaThread "jar transforms Thread 5" [_thread_blocked, id=18176, stack(0x0000003f18300000,0x0000003f18400000)]
  0x000001cc19396480 JavaThread "jar transforms Thread 6" [_thread_blocked, id=1084, stack(0x0000003f18400000,0x0000003f18500000)]
  0x000001cc1b909260 JavaThread "jar transforms Thread 7" [_thread_blocked, id=22704, stack(0x0000003f18500000,0x0000003f18600000)]
  0x000001cc1b9083f0 JavaThread "jar transforms Thread 8" [_thread_blocked, id=15056, stack(0x0000003f18600000,0x0000003f18700000)]
  0x000001cc1b9088c0 JavaThread "Cache worker for checksums cache (F:\myapp\.gradle\8.0\checksums)" [_thread_blocked, id=12928, stack(0x0000003f18700000,0x0000003f18800000)]
  0x000001cc1b90e900 JavaThread "Cache worker for cache directory md-rule (F:\MyApplication2\.gradle\caches\8.0\md-rule)" [_thread_blocked, id=10364, stack(0x0000003f18800000,0x0000003f18900000)]
  0x000001cc1b90f2a0 JavaThread "Cache worker for file content cache (F:\MyApplication2\.gradle\caches\8.0\fileContent)" [_thread_blocked, id=2744, stack(0x0000003f18900000,0x0000003f18a00000)]
  0x000001cc1b909c00 JavaThread "Cache worker for file hash cache (F:\myapp\.gradle\8.0\fileHashes)" [_thread_blocked, id=3104, stack(0x0000003f18a00000,0x0000003f18b00000)]
  0x000001cc1b90cc20 JavaThread "Cache worker for cache directory md-supplier (F:\MyApplication2\.gradle\caches\8.0\md-supplier)" [_thread_blocked, id=13448, stack(0x0000003f18b00000,0x0000003f18c00000)]
  0x000001cc1b90aa70 JavaThread "Cache worker for execution history cache (F:\MyApplication2\.gradle\caches\8.0\executionHistory)" [_thread_blocked, id=9072, stack(0x0000003f18c00000,0x0000003f18d00000)]
  0x000001cc1b907f20 JavaThread "Cache worker for kotlin-dsl (F:\MyApplication2\.gradle\caches\8.0\kotlin-dsl)" [_thread_blocked, id=8432, stack(0x0000003f18e00000,0x0000003f18f00000)]
  0x000001cc1b90bdb0 JavaThread "Cache worker for dependencies-accessors (F:\myapp\.gradle\8.0\dependencies-accessors)" [_thread_blocked, id=9316, stack(0x0000003f18f00000,0x0000003f19000000)]
  0x000001cc1b90af40 JavaThread "Cache worker for Build Output Cleanup Cache (F:\myapp\.gradle\buildOutputCleanup)" [_thread_blocked, id=4044, stack(0x0000003f19000000,0x0000003f19100000)]
  0x000001cc1b90a0d0 JavaThread "Unconstrained build operations" [_thread_blocked, id=11948, stack(0x0000003f19100000,0x0000003f19200000)]
  0x000001cc1b909730 JavaThread "Unconstrained build operations Thread 2" [_thread_blocked, id=148, stack(0x0000003f19200000,0x0000003f19300000)]
  0x000001cc1b90a5a0 JavaThread "Unconstrained build operations Thread 3" [_thread_blocked, id=7512, stack(0x0000003f19300000,0x0000003f19400000)]
  0x000001cc1b90df60 JavaThread "Unconstrained build operations Thread 4" [_thread_blocked, id=2968, stack(0x0000003f19400000,0x0000003f19500000)]
  0x000001cc1b90b8e0 JavaThread "Unconstrained build operations Thread 5" [_thread_blocked, id=6420, stack(0x0000003f19500000,0x0000003f19600000)]
  0x000001cc1b90c750 JavaThread "Unconstrained build operations Thread 6" [_thread_blocked, id=13624, stack(0x0000003f19600000,0x0000003f19700000)]
  0x000001cc1b90d0f0 JavaThread "Unconstrained build operations Thread 7" [_thread_blocked, id=872, stack(0x0000003f19700000,0x0000003f19800000)]
  0x000001cc1b90d5c0 JavaThread "Unconstrained build operations Thread 8" [_thread_blocked, id=14552, stack(0x0000003f19800000,0x0000003f19900000)]
  0x000001cc1b90da90 JavaThread "Unconstrained build operations Thread 9" [_thread_blocked, id=18524, stack(0x0000003f19900000,0x0000003f19a00000)]
  0x000001cc1ea84fa0 JavaThread "Unconstrained build operations Thread 10" [_thread_blocked, id=21144, stack(0x0000003f19a00000,0x0000003f19b00000)]
  0x000001cc1ea7ef60 JavaThread "Unconstrained build operations Thread 11" [_thread_blocked, id=17944, stack(0x0000003f19b00000,0x0000003f19c00000)]
  0x000001cc1ea7f430 JavaThread "Unconstrained build operations Thread 12" [_thread_blocked, id=10680, stack(0x0000003f19c00000,0x0000003f19d00000)]
  0x000001cc1ea83c60 JavaThread "Unconstrained build operations Thread 13" [_thread_blocked, id=15180, stack(0x0000003f19d00000,0x0000003f19e00000)]
  0x000001cc1ea84130 JavaThread "Unconstrained build operations Thread 14" [_thread_blocked, id=22084, stack(0x0000003f19e00000,0x0000003f19f00000)]
  0x000001cc1ea82df0 JavaThread "Unconstrained build operations Thread 15" [_thread_blocked, id=1580, stack(0x0000003f19f00000,0x0000003f1a000000)]
  0x000001cc1ea81110 JavaThread "Unconstrained build operations Thread 16" [_thread_blocked, id=20000, stack(0x0000003f1a000000,0x0000003f1a100000)]
  0x000001cc1ea80c40 JavaThread "Unconstrained build operations Thread 17" [_thread_blocked, id=19160, stack(0x0000003f1a100000,0x0000003f1a200000)]
  0x000001cc1ea84600 JavaThread "Unconstrained build operations Thread 18" [_thread_blocked, id=13560, stack(0x0000003f1a200000,0x0000003f1a300000)]
  0x000001cc1ea81f80 JavaThread "Unconstrained build operations Thread 19" [_thread_blocked, id=3784, stack(0x0000003f1a300000,0x0000003f1a400000)]
  0x000001cc1ea7fdd0 JavaThread "Unconstrained build operations Thread 20" [_thread_blocked, id=23004, stack(0x0000003f1a400000,0x0000003f1a500000)]
  0x000001cc1ea7e0f0 JavaThread "Unconstrained build operations Thread 21" [_thread_blocked, id=17792, stack(0x0000003f1a500000,0x0000003f1a600000)]
  0x000001cc1ea85470 JavaThread "Unconstrained build operations Thread 22" [_thread_blocked, id=1760, stack(0x0000003f1a600000,0x0000003f1a700000)]
  0x000001cc1ea83790 JavaThread "Unconstrained build operations Thread 23" [_thread_blocked, id=15068, stack(0x0000003f1a700000,0x0000003f1a800000)]
  0x000001cc1ea7ea90 JavaThread "Unconstrained build operations Thread 24" [_thread_blocked, id=13676, stack(0x0000003f1a800000,0x0000003f1a900000)]
  0x000001cc1ea85940 JavaThread "Unconstrained build operations Thread 25" [_thread_blocked, id=7064, stack(0x0000003f1a900000,0x0000003f1aa00000)]
  0x000001cc1ea81ab0 JavaThread "Unconstrained build operations Thread 26" [_thread_blocked, id=22584, stack(0x0000003f1aa00000,0x0000003f1ab00000)]
  0x000001cc1ea84ad0 JavaThread "Unconstrained build operations Thread 27" [_thread_blocked, id=18196, stack(0x0000003f1ab00000,0x0000003f1ac00000)]
  0x000001cc1ea7e5c0 JavaThread "Unconstrained build operations Thread 28" [_thread_blocked, id=17148, stack(0x0000003f1ac00000,0x0000003f1ad00000)]
  0x000001cc1ea832c0 JavaThread "Unconstrained build operations Thread 29" [_thread_blocked, id=18936, stack(0x0000003f1ad00000,0x0000003f1ae00000)]
  0x000001cc1ea7f900 JavaThread "Unconstrained build operations Thread 30" [_thread_blocked, id=16376, stack(0x0000003f1ae00000,0x0000003f1af00000)]
  0x000001cc1ea802a0 JavaThread "Unconstrained build operations Thread 31" [_thread_blocked, id=18972, stack(0x0000003f1af00000,0x0000003f1b000000)]
  0x000001cc1ea80770 JavaThread "Unconstrained build operations Thread 32" [_thread_blocked, id=23152, stack(0x0000003f1b000000,0x0000003f1b100000)]
  0x000001cc1ea815e0 JavaThread "Unconstrained build operations Thread 33" [_thread_blocked, id=18804, stack(0x0000003f1b100000,0x0000003f1b200000)]
  0x000001cc1ea82450 JavaThread "Unconstrained build operations Thread 34" [_thread_blocked, id=22036, stack(0x0000003f1b200000,0x0000003f1b300000)]
  0x000001cc1ea82920 JavaThread "Unconstrained build operations Thread 35" [_thread_blocked, id=14716, stack(0x0000003f1b300000,0x0000003f1b400000)]
  0x000001cc1ea0f050 JavaThread "Unconstrained build operations Thread 36" [_thread_blocked, id=21356, stack(0x0000003f1b400000,0x0000003f1b500000)]
  0x000001cc1ea0c9d0 JavaThread "Unconstrained build operations Thread 37" [_thread_blocked, id=1352, stack(0x0000003f1b500000,0x0000003f1b600000)]
  0x000001cc1ea0dd10 JavaThread "Unconstrained build operations Thread 38" [_thread_blocked, id=11512, stack(0x0000003f1b600000,0x0000003f1b700000)]
  0x000001cc1ea0f520 JavaThread "Unconstrained build operations Thread 39" [_thread_blocked, id=13628, stack(0x0000003f1b700000,0x0000003f1b800000)]
  0x000001cc1ea0cea0 JavaThread "Unconstrained build operations Thread 40" [_thread_blocked, id=21528, stack(0x0000003f1b800000,0x0000003f1b900000)]
  0x000001cc1ea0eb80 JavaThread "Unconstrained build operations Thread 41" [_thread_blocked, id=18356, stack(0x0000003f1b900000,0x0000003f1ba00000)]
  0x000001cc1ea0f9f0 JavaThread "Unconstrained build operations Thread 42" [_thread_blocked, id=13080, stack(0x0000003f1ba00000,0x0000003f1bb00000)]
  0x000001cc1ea0e6b0 JavaThread "Unconstrained build operations Thread 43" [_thread_blocked, id=21360, stack(0x0000003f1bb00000,0x0000003f1bc00000)]
  0x000001cc1ea0c500 JavaThread "Unconstrained build operations Thread 44" [_thread_blocked, id=2168, stack(0x0000003f1bc00000,0x0000003f1bd00000)]
  0x000001cc1ea0c030 JavaThread "Unconstrained build operations Thread 45" [_thread_blocked, id=23196, stack(0x0000003f1bd00000,0x0000003f1be00000)]
  0x000001cc1ea0d840 JavaThread "Unconstrained build operations Thread 46" [_thread_blocked, id=1696, stack(0x0000003f1be00000,0x0000003f1bf00000)]
  0x000001cc1ea0d370 JavaThread "Unconstrained build operations Thread 47" [_thread_blocked, id=18860, stack(0x0000003f1bf00000,0x0000003f1c000000)]
  0x000001cc1ea0e1e0 JavaThread "Unconstrained build operations Thread 48" [_thread_blocked, id=15192, stack(0x0000003f1c000000,0x0000003f1c100000)]
  0x000001cc1eb29330 JavaThread "Unconstrained build operations Thread 49" [_thread_blocked, id=16480, stack(0x0000003f1c100000,0x0000003f1c200000)]
  0x000001cc1eb29cd0 JavaThread "Unconstrained build operations Thread 50" [_thread_blocked, id=18352, stack(0x0000003f1c200000,0x0000003f1c300000)]
  0x000001cc1eb2d1c0 JavaThread "Unconstrained build operations Thread 51" [_thread_blocked, id=17000, stack(0x0000003f1c300000,0x0000003f1c400000)]
  0x000001cc1eb2a670 JavaThread "Unconstrained build operations Thread 52" [_thread_blocked, id=20244, stack(0x0000003f1c400000,0x0000003f1c500000)]
  0x000001cc1eb2ccf0 JavaThread "Unconstrained build operations Thread 53" [_thread_blocked, id=17472, stack(0x0000003f1c500000,0x0000003f1c600000)]
  0x000001cc1eb2d690 JavaThread "Unconstrained build operations Thread 54" [_thread_blocked, id=14944, stack(0x0000003f1c600000,0x0000003f1c700000)]
  0x000001cc1eb2e030 JavaThread "Unconstrained build operations Thread 55" [_thread_blocked, id=18632, stack(0x0000003f1c700000,0x0000003f1c800000)]
  0x000001cc1eb2e500 JavaThread "Unconstrained build operations Thread 56" [_thread_blocked, id=22588, stack(0x0000003f1c800000,0x0000003f1c900000)]
  0x000001cc1eb2ab40 JavaThread "Unconstrained build operations Thread 57" [_thread_blocked, id=16052, stack(0x0000003f1c900000,0x0000003f1ca00000)]
  0x000001cc1eb27650 JavaThread "Unconstrained build operations Thread 58" [_thread_blocked, id=19256, stack(0x0000003f1ca00000,0x0000003f1cb00000)]
  0x000001cc1eb2be80 JavaThread "Unconstrained build operations Thread 59" [_thread_blocked, id=15568, stack(0x0000003f1cb00000,0x0000003f1cc00000)]
  0x000001cc1eb2c350 JavaThread "Unconstrained build operations Thread 60" [_thread_blocked, id=13728, stack(0x0000003f1cc00000,0x0000003f1cd00000)]
  0x000001cc1eb26cb0 JavaThread "Unconstrained build operations Thread 61" [_thread_blocked, id=15640, stack(0x0000003f1cd00000,0x0000003f1ce00000)]
  0x000001cc1eb2b010 JavaThread "Unconstrained build operations Thread 62" [_thread_blocked, id=11472, stack(0x0000003f1ce00000,0x0000003f1cf00000)]
  0x000001cc1eb27180 JavaThread "Unconstrained build operations Thread 63" [_thread_blocked, id=19220, stack(0x0000003f1cf00000,0x0000003f1d000000)]
  0x000001cc1eb29800 JavaThread "Unconstrained build operations Thread 64" [_thread_blocked, id=9028, stack(0x0000003f1d000000,0x0000003f1d100000)]
  0x000001cc1eb284c0 JavaThread "Unconstrained build operations Thread 65" [_thread_blocked, id=21348, stack(0x0000003f1d100000,0x0000003f1d200000)]
  0x000001cc1eb2db60 JavaThread "Unconstrained build operations Thread 66" [_thread_blocked, id=8468, stack(0x0000003f1d200000,0x0000003f1d300000)]
  0x000001cc1eb2b4e0 JavaThread "Unconstrained build operations Thread 67" [_thread_blocked, id=18584, stack(0x0000003f1d300000,0x0000003f1d400000)]
  0x000001cc1eb27ff0 JavaThread "Unconstrained build operations Thread 68" [_thread_blocked, id=4520, stack(0x0000003f1d400000,0x0000003f1d500000)]
  0x000001cc1eb27b20 JavaThread "Unconstrained build operations Thread 69" [_thread_blocked, id=17796, stack(0x0000003f1d500000,0x0000003f1d600000)]
  0x000001cc1eb2b9b0 JavaThread "Unconstrained build operations Thread 70" [_thread_blocked, id=14656, stack(0x0000003f1d600000,0x0000003f1d700000)]
  0x000001cc1eb28990 JavaThread "Unconstrained build operations Thread 71" [_thread_blocked, id=16352, stack(0x0000003f1d700000,0x0000003f1d800000)]
  0x000001cc1eb28e60 JavaThread "Unconstrained build operations Thread 72" [_thread_blocked, id=15516, stack(0x0000003f1d800000,0x0000003f1d900000)]
  0x000001cc1eb2a1a0 JavaThread "Unconstrained build operations Thread 73" [_thread_blocked, id=13636, stack(0x0000003f1d900000,0x0000003f1da00000)]
  0x000001cc1eb2c820 JavaThread "Unconstrained build operations Thread 74" [_thread_blocked, id=14768, stack(0x0000003f1da00000,0x0000003f1db00000)]
  0x000001cc1beeb190 JavaThread "Unconstrained build operations Thread 75" [_thread_blocked, id=4220, stack(0x0000003f1db00000,0x0000003f1dc00000)]
  0x000001cc1beed340 JavaThread "Unconstrained build operations Thread 76" [_thread_blocked, id=3340, stack(0x0000003f1dc00000,0x0000003f1dd00000)]
  0x000001cc1bef0830 JavaThread "Unconstrained build operations Thread 77" [_thread_blocked, id=3996, stack(0x0000003f1dd00000,0x0000003f1de00000)]
  0x000001cc1bef0d00 JavaThread "Unconstrained build operations Thread 78" [_thread_blocked, id=11216, stack(0x0000003f1de00000,0x0000003f1df00000)]
  0x000001cc1beeb660 JavaThread "Unconstrained build operations Thread 79" [_thread_blocked, id=18696, stack(0x0000003f1df00000,0x0000003f1e000000)]
  0x000001cc1beef020 JavaThread "Unconstrained build operations Thread 80" [_thread_blocked, id=19192, stack(0x0000003f1e000000,0x0000003f1e100000)]
  0x000001cc1beed810 JavaThread "Memory manager" [_thread_blocked, id=13980, stack(0x0000003f1e100000,0x0000003f1e200000)]
  0x000001cc1beeacc0 JavaThread "pool-3-thread-1" [_thread_blocked, id=22180, stack(0x0000003f1e200000,0x0000003f1e300000)]
  0x000001cc1bef16a0 JavaThread "included builds" [_thread_blocked, id=5576, stack(0x0000003f1e300000,0x0000003f1e400000)]
  0x000001cc1beec000 JavaThread "Execution worker" [_thread_blocked, id=11768, stack(0x0000003f1e400000,0x0000003f1e500000)]
  0x000001cc1bef0360 JavaThread "Execution worker Thread 2" [_thread_blocked, id=19692, stack(0x0000003f1e500000,0x0000003f1e600000)]
  0x000001cc1beec4d0 JavaThread "Execution worker Thread 3" [_thread_blocked, id=13124, stack(0x0000003f1e600000,0x0000003f1e700000)]
  0x000001cc1beec9a0 JavaThread "Execution worker Thread 4" [_thread_blocked, id=7096, stack(0x0000003f1e700000,0x0000003f1e800000)]
  0x000001cc1beece70 JavaThread "Execution worker Thread 5" [_thread_blocked, id=2136, stack(0x0000003f1e800000,0x0000003f1e900000)]
  0x000001cc1beedce0 JavaThread "Execution worker Thread 6" [_thread_blocked, id=9936, stack(0x0000003f1e900000,0x0000003f1ea00000)]
  0x000001cc1beee1b0 JavaThread "Execution worker Thread 7" [_thread_blocked, id=6440, stack(0x0000003f1ea00000,0x0000003f1eb00000)]
  0x000001cc1beee680 JavaThread "Cache worker for execution history cache (F:\myapp\.gradle\8.0\executionHistory)" [_thread_blocked, id=21904, stack(0x0000003f1eb00000,0x0000003f1ec00000)]
  0x000001cc1beeeb50 JavaThread "idea-tooling-model-converter" [_thread_blocked, id=21184, stack(0x0000003f1ec00000,0x0000003f1ed00000)]

Other Threads:
=>0x000001cc1782c470 VMThread "VM Thread" [stack: 0x0000003f15900000,0x0000003f15a00000] [id=6508]
  0x000001cc7cdba750 WatcherThread [stack: 0x0000003f16500000,0x0000003f16600000] [id=15124]
  0x000001cc7cd9c750 GCTaskThread "GC Thread#0" [stack: 0x0000003f15400000,0x0000003f15500000] [id=21780]
  0x000001cc17f5a6c0 GCTaskThread "GC Thread#1" [stack: 0x0000003f16700000,0x0000003f16800000] [id=14936]
  0x000001cc18376690 GCTaskThread "GC Thread#2" [stack: 0x0000003f16800000,0x0000003f16900000] [id=17072]
  0x000001cc18376940 GCTaskThread "GC Thread#3" [stack: 0x0000003f16900000,0x0000003f16a00000] [id=18116]
  0x000001cc17ff96e0 GCTaskThread "GC Thread#4" [stack: 0x0000003f16a00000,0x0000003f16b00000] [id=22648]
  0x000001cc1841e050 GCTaskThread "GC Thread#5" [stack: 0x0000003f16b00000,0x0000003f16c00000] [id=15020]
  0x000001cc19399900 GCTaskThread "GC Thread#6" [stack: 0x0000003f17600000,0x0000003f17700000] [id=5692]
  0x000001cc189a9f20 GCTaskThread "GC Thread#7" [stack: 0x0000003f17700000,0x0000003f17800000] [id=16144]
  0x000001cc7cdad5a0 ConcurrentGCThread "G1 Main Marker" [stack: 0x0000003f15500000,0x0000003f15600000] [id=5892]
  0x000001cc7cdaeed0 ConcurrentGCThread "G1 Conc#0" [stack: 0x0000003f15600000,0x0000003f15700000] [id=13296]
  0x000001cc1a8f1f70 ConcurrentGCThread "G1 Conc#1" [stack: 0x0000003f17800000,0x0000003f17900000] [id=22772]
  0x000001cc7ce0e6e0 ConcurrentGCThread "G1 Refine#0" [stack: 0x0000003f15700000,0x0000003f15800000] [id=22140]
  0x000001cc1a76c540 ConcurrentGCThread "G1 Refine#1" [stack: 0x0000003f18d00000,0x0000003f18e00000] [id=9988]
  0x000001cc16adfef0 ConcurrentGCThread "G1 Service" [stack: 0x0000003f15800000,0x0000003f15900000] [id=8204]

Threads with active compile tasks:
C2 CompilerThread0     7570 9863   !   4       java.nio.file.FileTreeWalker::next (144 bytes)
C2 CompilerThread1     7570 9869       4       sun.nio.fs.WindowsPath::getFileName (87 bytes)
C2 CompilerThread2     7570 9876       4       java.nio.ByteBuffer::<init> (47 bytes)

VM state: at safepoint (normal execution)

VM Mutex/Monitor currently owned by a thread:  ([mutex/lock_event])
[0x000001cc7cd39ab0] Threads_lock - owner thread: 0x000001cc1782c470
[0x000001cc7cd3ad40] Heap_lock - owner thread: 0x000001cc19396950

Heap address: 0x0000000080000000, size: 2048 MB, Compressed Oops mode: 32-bit

CDS archive(s) not mapped
Compressed class space mapped at: 0x0000000100000000-0x0000000140000000, reserved size: 1073741824
Narrow klass base: 0x0000000000000000, Narrow klass shift: 3, Narrow klass range: 0x140000000

GC Precious Log:
 CPUs: 8 total, 8 available
 Memory: 16106M
 Large Page Support: Disabled
 NUMA Support: Disabled
 Compressed Oops: Enabled (32-bit)
 Heap Region Size: 1M
 Heap Min Capacity: 8M
 Heap Initial Capacity: 252M
 Heap Max Capacity: 2G
 Pre-touch: Disabled
 Parallel Workers: 8
 Concurrent Workers: 2
 Concurrent Refinement Workers: 8
 Periodic GC: Disabled

Heap:
 garbage-first heap   total 258048K, used 169211K [0x0000000080000000, 0x0000000100000000)
  region size 1024K, 4 young (4096K), 4 survivors (4096K)
 Metaspace       used 94715K, committed 95424K, reserved 1138688K
  class space    used 12784K, committed 13120K, reserved 1048576K

Heap Regions: E=young(eden), S=young(survivor), O=old, HS=humongous(starts), HC=humongous(continues), CS=collection set, F=free, OA=open archive, CA=closed archive, TAMS=top-at-mark-start (previous, next)
|   0|0x0000000080000000, 0x0000000080100000, 0x0000000080100000|100%|HS|  |TAMS 0x0000000080100000, 0x0000000080000000| Complete 
|   1|0x0000000080100000, 0x0000000080200000, 0x0000000080200000|100%|HC|  |TAMS 0x0000000080200000, 0x0000000080100000| Complete 
|   2|0x0000000080200000, 0x0000000080300000, 0x0000000080300000|100%|HC|  |TAMS 0x0000000080300000, 0x0000000080200000| Complete 
|   3|0x0000000080300000, 0x0000000080400000, 0x0000000080400000|100%|HC|  |TAMS 0x0000000080400000, 0x0000000080300000| Complete 
|   4|0x0000000080400000, 0x0000000080500000, 0x0000000080500000|100%| O|  |TAMS 0x0000000080500000, 0x0000000080400000| Untracked 
|   5|0x0000000080500000, 0x0000000080600000, 0x0000000080600000|100%| O|  |TAMS 0x0000000080600000, 0x0000000080500000| Untracked 
|   6|0x0000000080600000, 0x0000000080700000, 0x0000000080700000|100%| O|  |TAMS 0x0000000080700000, 0x0000000080600000| Untracked 
|   7|0x0000000080700000, 0x0000000080800000, 0x0000000080800000|100%| O|  |TAMS 0x0000000080800000, 0x0000000080700000| Untracked 
|   8|0x0000000080800000, 0x0000000080900000, 0x0000000080900000|100%| O|  |TAMS 0x0000000080900000, 0x0000000080800000| Untracked 
|   9|0x0000000080900000, 0x0000000080a00000, 0x0000000080a00000|100%| O|  |TAMS 0x0000000080a00000, 0x0000000080900000| Untracked 
|  10|0x0000000080a00000, 0x0000000080b00000, 0x0000000080b00000|100%| O|  |TAMS 0x0000000080b00000, 0x0000000080a00000| Untracked 
|  11|0x0000000080b00000, 0x0000000080c00000, 0x0000000080c00000|100%| O|  |TAMS 0x0000000080c00000, 0x0000000080b00000| Untracked 
|  12|0x0000000080c00000, 0x0000000080d00000, 0x0000000080d00000|100%| O|  |TAMS 0x0000000080d00000, 0x0000000080c00000| Untracked 
|  13|0x0000000080d00000, 0x0000000080e00000, 0x0000000080e00000|100%| O|  |TAMS 0x0000000080e00000, 0x0000000080d00000| Untracked 
|  14|0x0000000080e00000, 0x0000000080f00000, 0x0000000080f00000|100%| O|  |TAMS 0x0000000080f00000, 0x0000000080e00000| Untracked 
|  15|0x0000000080f00000, 0x0000000081000000, 0x0000000081000000|100%| O|  |TAMS 0x0000000081000000, 0x0000000080f00000| Untracked 
|  16|0x0000000081000000, 0x0000000081100000, 0x0000000081100000|100%| O|  |TAMS 0x0000000081100000, 0x0000000081000000| Untracked 
|  17|0x0000000081100000, 0x0000000081200000, 0x0000000081200000|100%| O|  |TAMS 0x0000000081200000, 0x0000000081100000| Untracked 
|  18|0x0000000081200000, 0x0000000081300000, 0x0000000081300000|100%| O|  |TAMS 0x0000000081300000, 0x0000000081200000| Untracked 
|  19|0x0000000081300000, 0x0000000081400000, 0x0000000081400000|100%| O|  |TAMS 0x0000000081400000, 0x0000000081300000| Untracked 
|  20|0x0000000081400000, 0x0000000081500000, 0x0000000081500000|100%| O|  |TAMS 0x0000000081500000, 0x0000000081400000| Untracked 
|  21|0x0000000081500000, 0x0000000081600000, 0x0000000081600000|100%| O|  |TAMS 0x0000000081600000, 0x0000000081500000| Untracked 
|  22|0x0000000081600000, 0x0000000081700000, 0x0000000081700000|100%|HS|  |TAMS 0x0000000081700000, 0x0000000081600000| Complete 
|  23|0x0000000081700000, 0x0000000081800000, 0x0000000081800000|100%|HC|  |TAMS 0x0000000081800000, 0x0000000081700000| Complete 
|  24|0x0000000081800000, 0x0000000081900000, 0x0000000081900000|100%|HS|  |TAMS 0x0000000081900000, 0x0000000081800000| Complete 
|  25|0x0000000081900000, 0x0000000081a00000, 0x0000000081a00000|100%|HC|  |TAMS 0x0000000081a00000, 0x0000000081900000| Complete 
|  26|0x0000000081a00000, 0x0000000081b00000, 0x0000000081b00000|100%|HC|  |TAMS 0x0000000081b00000, 0x0000000081a00000| Complete 
|  27|0x0000000081b00000, 0x0000000081c00000, 0x0000000081c00000|100%|HS|  |TAMS 0x0000000081c00000, 0x0000000081b00000| Complete 
|  28|0x0000000081c00000, 0x0000000081d00000, 0x0000000081d00000|100%|HC|  |TAMS 0x0000000081d00000, 0x0000000081c00000| Complete 
|  29|0x0000000081d00000, 0x0000000081e00000, 0x0000000081e00000|100%|HC|  |TAMS 0x0000000081e00000, 0x0000000081d00000| Complete 
|  30|0x0000000081e00000, 0x0000000081f00000, 0x0000000081f00000|100%| O|  |TAMS 0x0000000081e00000, 0x0000000081e00000| Untracked 
|  31|0x0000000081f00000, 0x0000000082000000, 0x0000000082000000|100%|HS|  |TAMS 0x0000000082000000, 0x0000000081f00000| Complete 
|  32|0x0000000082000000, 0x0000000082100000, 0x0000000082100000|100%|HC|  |TAMS 0x0000000082100000, 0x0000000082000000| Complete 
|  33|0x0000000082100000, 0x0000000082200000, 0x0000000082200000|100%|HC|  |TAMS 0x0000000082200000, 0x0000000082100000| Complete 
|  34|0x0000000082200000, 0x0000000082300000, 0x0000000082300000|100%|HC|  |TAMS 0x0000000082300000, 0x0000000082200000| Complete 
|  35|0x0000000082300000, 0x0000000082400000, 0x0000000082400000|100%|HC|  |TAMS 0x0000000082400000, 0x0000000082300000| Complete 
|  36|0x0000000082400000, 0x0000000082500000, 0x0000000082500000|100%|HC|  |TAMS 0x0000000082500000, 0x0000000082400000| Complete 
|  37|0x0000000082500000, 0x0000000082600000, 0x0000000082600000|100%|HC|  |TAMS 0x0000000082600000, 0x0000000082500000| Complete 
|  38|0x0000000082600000, 0x0000000082700000, 0x0000000082700000|100%|HC|  |TAMS 0x0000000082700000, 0x0000000082600000| Complete 
|  39|0x0000000082700000, 0x0000000082800000, 0x0000000082800000|100%|HC|  |TAMS 0x0000000082800000, 0x0000000082700000| Complete 
|  40|0x0000000082800000, 0x0000000082900000, 0x0000000082900000|100%|HC|  |TAMS 0x0000000082900000, 0x0000000082800000| Complete 
|  41|0x0000000082900000, 0x0000000082a00000, 0x0000000082a00000|100%|HC|  |TAMS 0x0000000082a00000, 0x0000000082900000| Complete 
|  42|0x0000000082a00000, 0x0000000082b00000, 0x0000000082b00000|100%|HC|  |TAMS 0x0000000082b00000, 0x0000000082a00000| Complete 
|  43|0x0000000082b00000, 0x0000000082c00000, 0x0000000082c00000|100%| O|  |TAMS 0x0000000082c00000, 0x0000000082b00000| Untracked 
|  44|0x0000000082c00000, 0x0000000082d00000, 0x0000000082d00000|100%|HS|  |TAMS 0x0000000082d00000, 0x0000000082c00000| Complete 
|  45|0x0000000082d00000, 0x0000000082e00000, 0x0000000082e00000|100%|HC|  |TAMS 0x0000000082e00000, 0x0000000082d00000| Complete 
|  46|0x0000000082e00000, 0x0000000082f00000, 0x0000000082f00000|100%| O|  |TAMS 0x0000000082f00000, 0x0000000082e00000| Untracked 
|  47|0x0000000082f00000, 0x0000000083000000, 0x0000000083000000|100%| O|  |TAMS 0x0000000083000000, 0x0000000082f00000| Untracked 
|  48|0x0000000083000000, 0x0000000083100000, 0x0000000083100000|100%| O|  |TAMS 0x0000000083100000, 0x0000000083000000| Untracked 
|  49|0x0000000083100000, 0x0000000083200000, 0x0000000083200000|100%| O|  |TAMS 0x0000000083200000, 0x0000000083100000| Untracked 
|  50|0x0000000083200000, 0x0000000083300000, 0x0000000083300000|100%| O|  |TAMS 0x0000000083300000, 0x0000000083200000| Untracked 
|  51|0x0000000083300000, 0x0000000083400000, 0x0000000083400000|100%| O|  |TAMS 0x0000000083400000, 0x0000000083300000| Untracked 
|  52|0x0000000083400000, 0x0000000083500000, 0x0000000083500000|100%| O|  |TAMS 0x0000000083500000, 0x0000000083400000| Untracked 
|  53|0x0000000083500000, 0x0000000083600000, 0x0000000083600000|100%| O|  |TAMS 0x0000000083600000, 0x0000000083500000| Untracked 
|  54|0x0000000083600000, 0x0000000083700000, 0x0000000083700000|100%| O|  |TAMS 0x0000000083700000, 0x0000000083600000| Untracked 
|  55|0x0000000083700000, 0x0000000083800000, 0x0000000083800000|100%|HS|  |TAMS 0x0000000083800000, 0x0000000083700000| Complete 
|  56|0x0000000083800000, 0x0000000083900000, 0x0000000083900000|100%|HC|  |TAMS 0x0000000083900000, 0x0000000083800000| Complete 
|  57|0x0000000083900000, 0x0000000083a00000, 0x0000000083a00000|100%|HC|  |TAMS 0x0000000083a00000, 0x0000000083900000| Complete 
|  58|0x0000000083a00000, 0x0000000083b00000, 0x0000000083b00000|100%|HS|  |TAMS 0x0000000083b00000, 0x0000000083a00000| Complete 
|  59|0x0000000083b00000, 0x0000000083c00000, 0x0000000083c00000|100%|HC|  |TAMS 0x0000000083c00000, 0x0000000083b00000| Complete 
|  60|0x0000000083c00000, 0x0000000083d00000, 0x0000000083d00000|100%|HC|  |TAMS 0x0000000083d00000, 0x0000000083c00000| Complete 
|  61|0x0000000083d00000, 0x0000000083e00000, 0x0000000083e00000|100%| O|  |TAMS 0x0000000083e00000, 0x0000000083d00000| Untracked 
|  62|0x0000000083e00000, 0x0000000083f00000, 0x0000000083f00000|100%| O|  |TAMS 0x0000000083f00000, 0x0000000083e00000| Untracked 
|  63|0x0000000083f00000, 0x0000000084000000, 0x0000000084000000|100%| O|  |TAMS 0x0000000084000000, 0x0000000083f00000| Untracked 
|  64|0x0000000084000000, 0x0000000084100000, 0x0000000084100000|100%| O|  |TAMS 0x0000000084100000, 0x0000000084000000| Untracked 
|  65|0x0000000084100000, 0x0000000084200000, 0x0000000084200000|100%| O|  |TAMS 0x0000000084200000, 0x0000000084100000| Untracked 
|  66|0x0000000084200000, 0x0000000084300000, 0x0000000084300000|100%| O|  |TAMS 0x0000000084300000, 0x0000000084200000| Untracked 
|  67|0x0000000084300000, 0x0000000084400000, 0x0000000084400000|100%| O|  |TAMS 0x0000000084400000, 0x0000000084300000| Untracked 
|  68|0x0000000084400000, 0x0000000084500000, 0x0000000084500000|100%| O|  |TAMS 0x0000000084500000, 0x0000000084400000| Untracked 
|  69|0x0000000084500000, 0x0000000084600000, 0x0000000084600000|100%| O|  |TAMS 0x0000000084600000, 0x0000000084500000| Untracked 
|  70|0x0000000084600000, 0x0000000084700000, 0x0000000084700000|100%| O|  |TAMS 0x0000000084700000, 0x0000000084600000| Untracked 
|  71|0x0000000084700000, 0x0000000084800000, 0x0000000084800000|100%| O|  |TAMS 0x0000000084800000, 0x0000000084700000| Untracked 
|  72|0x0000000084800000, 0x0000000084900000, 0x0000000084900000|100%|HS|  |TAMS 0x0000000084900000, 0x0000000084800000| Complete 
|  73|0x0000000084900000, 0x0000000084a00000, 0x0000000084a00000|100%|HS|  |TAMS 0x0000000084a00000, 0x0000000084900000| Complete 
|  74|0x0000000084a00000, 0x0000000084b00000, 0x0000000084b00000|100%|HS|  |TAMS 0x0000000084b00000, 0x0000000084a00000| Complete 
|  75|0x0000000084b00000, 0x0000000084c00000, 0x0000000084c00000|100%|HC|  |TAMS 0x0000000084c00000, 0x0000000084b00000| Complete 
|  76|0x0000000084c00000, 0x0000000084d00000, 0x0000000084d00000|100%|HS|  |TAMS 0x0000000084d00000, 0x0000000084c00000| Complete 
|  77|0x0000000084d00000, 0x0000000084e00000, 0x0000000084e00000|100%|HS|  |TAMS 0x0000000084e00000, 0x0000000084d00000| Complete 
|  78|0x0000000084e00000, 0x0000000084f00000, 0x0000000084f00000|100%|HC|  |TAMS 0x0000000084f00000, 0x0000000084e00000| Complete 
|  79|0x0000000084f00000, 0x0000000085000000, 0x0000000085000000|100%|HC|  |TAMS 0x0000000085000000, 0x0000000084f00000| Complete 
|  80|0x0000000085000000, 0x0000000085100000, 0x0000000085100000|100%|HC|  |TAMS 0x0000000085100000, 0x0000000085000000| Complete 
|  81|0x0000000085100000, 0x0000000085200000, 0x0000000085200000|100%| O|  |TAMS 0x0000000085200000, 0x0000000085100000| Untracked 
|  82|0x0000000085200000, 0x0000000085300000, 0x0000000085300000|100%| O|  |TAMS 0x0000000085300000, 0x0000000085200000| Untracked 
|  83|0x0000000085300000, 0x0000000085400000, 0x0000000085400000|100%| O|  |TAMS 0x0000000085400000, 0x0000000085300000| Untracked 
|  84|0x0000000085400000, 0x0000000085500000, 0x0000000085500000|100%| O|  |TAMS 0x0000000085500000, 0x0000000085400000| Untracked 
|  85|0x0000000085500000, 0x0000000085600000, 0x0000000085600000|100%| O|  |TAMS 0x0000000085600000, 0x0000000085500000| Untracked 
|  86|0x0000000085600000, 0x0000000085700000, 0x0000000085700000|100%| O|  |TAMS 0x0000000085700000, 0x0000000085600000| Untracked 
|  87|0x0000000085700000, 0x0000000085800000, 0x0000000085800000|100%| O|  |TAMS 0x0000000085700000, 0x0000000085700000| Untracked 
|  88|0x0000000085800000, 0x0000000085900000, 0x0000000085900000|100%| O|  |TAMS 0x0000000085900000, 0x0000000085800000| Untracked 
|  89|0x0000000085900000, 0x0000000085a00000, 0x0000000085a00000|100%| O|  |TAMS 0x0000000085a00000, 0x0000000085900000| Untracked 
|  90|0x0000000085a00000, 0x0000000085b00000, 0x0000000085b00000|100%| O|  |TAMS 0x0000000085b00000, 0x0000000085a00000| Untracked 
|  91|0x0000000085b00000, 0x0000000085c00000, 0x0000000085c00000|100%| O|  |TAMS 0x0000000085c00000, 0x0000000085b00000| Untracked 
|  92|0x0000000085c00000, 0x0000000085d00000, 0x0000000085d00000|100%| O|  |TAMS 0x0000000085d00000, 0x0000000085c00000| Untracked 
|  93|0x0000000085d00000, 0x0000000085e00000, 0x0000000085e00000|100%| O|  |TAMS 0x0000000085e00000, 0x0000000085d00000| Untracked 
|  94|0x0000000085e00000, 0x0000000085f00000, 0x0000000085f00000|100%| O|  |TAMS 0x0000000085f00000, 0x0000000085e00000| Untracked 
|  95|0x0000000085f00000, 0x0000000086000000, 0x0000000086000000|100%| O|  |TAMS 0x0000000085f67e00, 0x0000000085f00000| Untracked 
|  96|0x0000000086000000, 0x0000000086100000, 0x0000000086100000|100%| O|  |TAMS 0x0000000086000000, 0x0000000086000000| Untracked 
|  97|0x0000000086100000, 0x0000000086200000, 0x0000000086200000|100%| O|  |TAMS 0x0000000086100000, 0x0000000086100000| Untracked 
|  98|0x0000000086200000, 0x0000000086300000, 0x0000000086300000|100%| O|  |TAMS 0x0000000086200000, 0x0000000086200000| Untracked 
|  99|0x0000000086300000, 0x0000000086400000, 0x0000000086400000|100%| O|  |TAMS 0x0000000086300000, 0x0000000086300000| Untracked 
| 100|0x0000000086400000, 0x0000000086500000, 0x0000000086500000|100%| O|  |TAMS 0x0000000086400000, 0x0000000086400000| Untracked 
| 101|0x0000000086500000, 0x0000000086600000, 0x0000000086600000|100%|HS|  |TAMS 0x0000000086500000, 0x0000000086500000| Complete 
| 102|0x0000000086600000, 0x0000000086700000, 0x0000000086700000|100%|HC|  |TAMS 0x0000000086600000, 0x0000000086600000| Complete 
| 103|0x0000000086700000, 0x0000000086800000, 0x0000000086800000|100%|HS|  |TAMS 0x0000000086700000, 0x0000000086700000| Complete 
| 104|0x0000000086800000, 0x0000000086900000, 0x0000000086900000|100%|HC|  |TAMS 0x0000000086800000, 0x0000000086800000| Complete 
| 105|0x0000000086900000, 0x0000000086a00000, 0x0000000086a00000|100%|HC|  |TAMS 0x0000000086900000, 0x0000000086900000| Complete 
| 106|0x0000000086a00000, 0x0000000086b00000, 0x0000000086b00000|100%|HS|  |TAMS 0x0000000086a00000, 0x0000000086a00000| Complete 
| 107|0x0000000086b00000, 0x0000000086c00000, 0x0000000086c00000|100%|HC|  |TAMS 0x0000000086b00000, 0x0000000086b00000| Complete 
| 108|0x0000000086c00000, 0x0000000086d00000, 0x0000000086d00000|100%|HC|  |TAMS 0x0000000086c00000, 0x0000000086c00000| Complete 
| 109|0x0000000086d00000, 0x0000000086e00000, 0x0000000086e00000|100%|HS|  |TAMS 0x0000000086d00000, 0x0000000086d00000| Complete 
| 110|0x0000000086e00000, 0x0000000086f00000, 0x0000000086f00000|100%|HC|  |TAMS 0x0000000086e00000, 0x0000000086e00000| Complete 
| 111|0x0000000086f00000, 0x0000000087000000, 0x0000000087000000|100%|HC|  |TAMS 0x0000000086f00000, 0x0000000086f00000| Complete 
| 112|0x0000000087000000, 0x0000000087100000, 0x0000000087100000|100%|HC|  |TAMS 0x0000000087000000, 0x0000000087000000| Complete 
| 113|0x0000000087100000, 0x0000000087200000, 0x0000000087200000|100%|HC|  |TAMS 0x0000000087100000, 0x0000000087100000| Complete 
| 114|0x0000000087200000, 0x0000000087300000, 0x0000000087300000|100%|HC|  |TAMS 0x0000000087200000, 0x0000000087200000| Complete 
| 115|0x0000000087300000, 0x0000000087400000, 0x0000000087400000|100%|HC|  |TAMS 0x0000000087300000, 0x0000000087300000| Complete 
| 116|0x0000000087400000, 0x0000000087500000, 0x0000000087500000|100%|HC|  |TAMS 0x0000000087400000, 0x0000000087400000| Complete 
| 117|0x0000000087500000, 0x0000000087600000, 0x0000000087600000|100%|HC|  |TAMS 0x0000000087500000, 0x0000000087500000| Complete 
| 118|0x0000000087600000, 0x0000000087700000, 0x0000000087700000|100%|HC|  |TAMS 0x0000000087600000, 0x0000000087600000| Complete 
| 119|0x0000000087700000, 0x0000000087800000, 0x0000000087800000|100%|HC|  |TAMS 0x0000000087700000, 0x0000000087700000| Complete 
| 120|0x0000000087800000, 0x0000000087900000, 0x0000000087900000|100%|HC|  |TAMS 0x0000000087800000, 0x0000000087800000| Complete 
| 121|0x0000000087900000, 0x0000000087a00000, 0x0000000087a00000|100%|HS|  |TAMS 0x0000000087900000, 0x0000000087900000| Complete 
| 122|0x0000000087a00000, 0x0000000087b00000, 0x0000000087b00000|100%|HC|  |TAMS 0x0000000087a00000, 0x0000000087a00000| Complete 
| 123|0x0000000087b00000, 0x0000000087c00000, 0x0000000087c00000|100%|HS|  |TAMS 0x0000000087b00000, 0x0000000087b00000| Complete 
| 124|0x0000000087c00000, 0x0000000087d00000, 0x0000000087d00000|100%|HC|  |TAMS 0x0000000087c00000, 0x0000000087c00000| Complete 
| 125|0x0000000087d00000, 0x0000000087e00000, 0x0000000087e00000|100%|HS|  |TAMS 0x0000000087d00000, 0x0000000087d00000| Complete 
| 126|0x0000000087e00000, 0x0000000087f00000, 0x0000000087f00000|100%|HC|  |TAMS 0x0000000087e00000, 0x0000000087e00000| Complete 
| 127|0x0000000087f00000, 0x0000000088000000, 0x0000000088000000|100%| O|  |TAMS 0x0000000087f00000, 0x0000000087f00000| Untracked 
| 128|0x0000000088000000, 0x0000000088100000, 0x0000000088100000|100%| O|  |TAMS 0x0000000088000000, 0x0000000088000000| Untracked 
| 129|0x0000000088100000, 0x0000000088200000, 0x0000000088200000|100%| O|  |TAMS 0x0000000088100000, 0x0000000088100000| Untracked 
| 130|0x0000000088200000, 0x0000000088300000, 0x0000000088300000|100%| O|  |TAMS 0x0000000088200000, 0x0000000088200000| Untracked 
| 131|0x0000000088300000, 0x0000000088400000, 0x0000000088400000|100%| O|  |TAMS 0x0000000088300000, 0x0000000088300000| Untracked 
| 132|0x0000000088400000, 0x0000000088500000, 0x0000000088500000|100%| O|  |TAMS 0x0000000088400000, 0x0000000088400000| Untracked 
| 133|0x0000000088500000, 0x0000000088600000, 0x0000000088600000|100%| O|  |TAMS 0x0000000088500000, 0x0000000088500000| Untracked 
| 134|0x0000000088600000, 0x0000000088700000, 0x0000000088700000|100%| O|  |TAMS 0x0000000088600000, 0x0000000088600000| Untracked 
| 135|0x0000000088700000, 0x0000000088800000, 0x0000000088800000|100%| O|  |TAMS 0x0000000088700000, 0x0000000088700000| Untracked 
| 136|0x0000000088800000, 0x0000000088900000, 0x0000000088900000|100%| O|  |TAMS 0x0000000088800000, 0x0000000088800000| Untracked 
| 137|0x0000000088900000, 0x0000000088a00000, 0x0000000088a00000|100%| O|  |TAMS 0x0000000088900000, 0x0000000088900000| Untracked 
| 138|0x0000000088a00000, 0x0000000088b00000, 0x0000000088b00000|100%| O|  |TAMS 0x0000000088a00000, 0x0000000088a00000| Untracked 
| 139|0x0000000088b00000, 0x0000000088c00000, 0x0000000088c00000|100%| O|  |TAMS 0x0000000088b00000, 0x0000000088b00000| Untracked 
| 140|0x0000000088c00000, 0x0000000088d00000, 0x0000000088d00000|100%| O|  |TAMS 0x0000000088c00000, 0x0000000088c00000| Untracked 
| 141|0x0000000088d00000, 0x0000000088e00000, 0x0000000088e00000|100%| O|  |TAMS 0x0000000088d00000, 0x0000000088d00000| Untracked 
| 142|0x0000000088e00000, 0x0000000088f00000, 0x0000000088f00000|100%| O|  |TAMS 0x0000000088e00000, 0x0000000088e00000| Untracked 
| 143|0x0000000088f00000, 0x0000000089000000, 0x0000000089000000|100%| O|  |TAMS 0x0000000088f00000, 0x0000000088f00000| Untracked 
| 144|0x0000000089000000, 0x0000000089100000, 0x0000000089100000|100%| O|  |TAMS 0x0000000089000000, 0x0000000089000000| Untracked 
| 145|0x0000000089100000, 0x0000000089200000, 0x0000000089200000|100%| O|  |TAMS 0x0000000089100000, 0x0000000089100000| Untracked 
| 146|0x0000000089200000, 0x0000000089300000, 0x0000000089300000|100%| O|  |TAMS 0x0000000089200000, 0x0000000089200000| Untracked 
| 147|0x0000000089300000, 0x0000000089400000, 0x0000000089400000|100%| O|  |TAMS 0x0000000089300000, 0x0000000089300000| Untracked 
| 148|0x0000000089400000, 0x0000000089500000, 0x0000000089500000|100%| O|  |TAMS 0x0000000089400000, 0x0000000089400000| Untracked 
| 149|0x0000000089500000, 0x0000000089600000, 0x0000000089600000|100%| O|  |TAMS 0x0000000089500000, 0x0000000089500000| Untracked 
| 150|0x0000000089600000, 0x0000000089700000, 0x0000000089700000|100%| O|  |TAMS 0x0000000089600000, 0x0000000089600000| Untracked 
| 151|0x0000000089700000, 0x0000000089800000, 0x0000000089800000|100%| O|  |TAMS 0x0000000089700000, 0x0000000089700000| Untracked 
| 152|0x0000000089800000, 0x0000000089900000, 0x0000000089900000|100%| O|  |TAMS 0x0000000089800000, 0x0000000089800000| Untracked 
| 153|0x0000000089900000, 0x0000000089a00000, 0x0000000089a00000|100%| O|  |TAMS 0x0000000089900000, 0x0000000089900000| Untracked 
| 154|0x0000000089a00000, 0x0000000089b00000, 0x0000000089b00000|100%| O|  |TAMS 0x0000000089a00000, 0x0000000089a00000| Untracked 
| 155|0x0000000089b00000, 0x0000000089c00000, 0x0000000089c00000|100%| O|  |TAMS 0x0000000089b00000, 0x0000000089b00000| Untracked 
| 156|0x0000000089c00000, 0x0000000089d00000, 0x0000000089d00000|100%| O|  |TAMS 0x0000000089c00000, 0x0000000089c00000| Untracked 
| 157|0x0000000089d00000, 0x0000000089e00000, 0x0000000089e00000|100%| O|  |TAMS 0x0000000089d00000, 0x0000000089d00000| Untracked 
| 158|0x0000000089e00000, 0x0000000089f00000, 0x0000000089f00000|100%| O|  |TAMS 0x0000000089e00000, 0x0000000089e00000| Untracked 
| 159|0x0000000089f00000, 0x000000008a000000, 0x000000008a000000|100%| O|  |TAMS 0x0000000089f00000, 0x0000000089f00000| Untracked 
| 160|0x000000008a000000, 0x000000008a100000, 0x000000008a100000|100%| O|  |TAMS 0x000000008a000000, 0x000000008a000000| Untracked 
| 161|0x000000008a100000, 0x000000008a170c00, 0x000000008a200000| 44%| O|  |TAMS 0x000000008a100000, 0x000000008a100000| Untracked 
| 162|0x000000008a200000, 0x000000008a200000, 0x000000008a300000|  0%| F|  |TAMS 0x000000008a200000, 0x000000008a200000| Untracked 
| 163|0x000000008a300000, 0x000000008a300000, 0x000000008a400000|  0%| F|  |TAMS 0x000000008a300000, 0x000000008a300000| Untracked 
| 164|0x000000008a400000, 0x000000008a400000, 0x000000008a500000|  0%| F|  |TAMS 0x000000008a400000, 0x000000008a400000| Untracked 
| 165|0x000000008a500000, 0x000000008a500000, 0x000000008a600000|  0%| F|  |TAMS 0x000000008a500000, 0x000000008a500000| Untracked 
| 166|0x000000008a600000, 0x000000008a600000, 0x000000008a700000|  0%| F|  |TAMS 0x000000008a600000, 0x000000008a600000| Untracked 
| 167|0x000000008a700000, 0x000000008a700000, 0x000000008a800000|  0%| F|  |TAMS 0x000000008a700000, 0x000000008a700000| Untracked 
| 168|0x000000008a800000, 0x000000008a800000, 0x000000008a900000|  0%| F|  |TAMS 0x000000008a800000, 0x000000008a800000| Untracked 
| 169|0x000000008a900000, 0x000000008a900000, 0x000000008aa00000|  0%| F|  |TAMS 0x000000008a900000, 0x000000008a900000| Untracked 
| 170|0x000000008aa00000, 0x000000008aa00000, 0x000000008ab00000|  0%| F|  |TAMS 0x000000008aa00000, 0x000000008aa00000| Untracked 
| 171|0x000000008ab00000, 0x000000008ab00000, 0x000000008ac00000|  0%| F|  |TAMS 0x000000008ab00000, 0x000000008ab00000| Untracked 
| 172|0x000000008ac00000, 0x000000008ac00000, 0x000000008ad00000|  0%| F|  |TAMS 0x000000008ac00000, 0x000000008ac00000| Untracked 
| 173|0x000000008ad00000, 0x000000008ad00000, 0x000000008ae00000|  0%| F|  |TAMS 0x000000008ad00000, 0x000000008ad00000| Untracked 
| 174|0x000000008ae00000, 0x000000008ae00000, 0x000000008af00000|  0%| F|  |TAMS 0x000000008ae00000, 0x000000008ae00000| Untracked 
| 175|0x000000008af00000, 0x000000008af00000, 0x000000008b000000|  0%| F|  |TAMS 0x000000008af00000, 0x000000008af00000| Untracked 
| 176|0x000000008b000000, 0x000000008b000000, 0x000000008b100000|  0%| F|  |TAMS 0x000000008b000000, 0x000000008b000000| Untracked 
| 177|0x000000008b100000, 0x000000008b100000, 0x000000008b200000|  0%| F|  |TAMS 0x000000008b100000, 0x000000008b100000| Untracked 
| 178|0x000000008b200000, 0x000000008b200000, 0x000000008b300000|  0%| F|  |TAMS 0x000000008b200000, 0x000000008b200000| Untracked 
| 179|0x000000008b300000, 0x000000008b300000, 0x000000008b400000|  0%| F|  |TAMS 0x000000008b300000, 0x000000008b300000| Untracked 
| 180|0x000000008b400000, 0x000000008b400000, 0x000000008b500000|  0%| F|  |TAMS 0x000000008b400000, 0x000000008b400000| Untracked 
| 181|0x000000008b500000, 0x000000008b500000, 0x000000008b600000|  0%| F|  |TAMS 0x000000008b500000, 0x000000008b500000| Untracked 
| 182|0x000000008b600000, 0x000000008b600000, 0x000000008b700000|  0%| F|  |TAMS 0x000000008b600000, 0x000000008b600000| Untracked 
| 183|0x000000008b700000, 0x000000008b700000, 0x000000008b800000|  0%| F|  |TAMS 0x000000008b700000, 0x000000008b700000| Untracked 
| 184|0x000000008b800000, 0x000000008b800000, 0x000000008b900000|  0%| F|  |TAMS 0x000000008b800000, 0x000000008b800000| Untracked 
| 185|0x000000008b900000, 0x000000008b900000, 0x000000008ba00000|  0%| F|  |TAMS 0x000000008b900000, 0x000000008b900000| Untracked 
| 186|0x000000008ba00000, 0x000000008ba00000, 0x000000008bb00000|  0%| F|  |TAMS 0x000000008ba00000, 0x000000008ba00000| Untracked 
| 187|0x000000008bb00000, 0x000000008bb00000, 0x000000008bc00000|  0%| F|  |TAMS 0x000000008bb00000, 0x000000008bb00000| Untracked 
| 188|0x000000008bc00000, 0x000000008bc00000, 0x000000008bd00000|  0%| F|  |TAMS 0x000000008bc00000, 0x000000008bc00000| Untracked 
| 189|0x000000008bd00000, 0x000000008bd00000, 0x000000008be00000|  0%| F|  |TAMS 0x000000008bd00000, 0x000000008bd00000| Untracked 
| 190|0x000000008be00000, 0x000000008be00000, 0x000000008bf00000|  0%| F|  |TAMS 0x000000008be00000, 0x000000008be00000| Untracked 
| 191|0x000000008bf00000, 0x000000008bf00000, 0x000000008c000000|  0%| F|  |TAMS 0x000000008bf00000, 0x000000008bf00000| Untracked 
| 192|0x000000008c000000, 0x000000008c000000, 0x000000008c100000|  0%| F|  |TAMS 0x000000008c000000, 0x000000008c000000| Untracked 
| 193|0x000000008c100000, 0x000000008c100000, 0x000000008c200000|  0%| F|  |TAMS 0x000000008c100000, 0x000000008c100000| Untracked 
| 194|0x000000008c200000, 0x000000008c200000, 0x000000008c300000|  0%| F|  |TAMS 0x000000008c200000, 0x000000008c200000| Untracked 
| 195|0x000000008c300000, 0x000000008c300000, 0x000000008c400000|  0%| F|  |TAMS 0x000000008c300000, 0x000000008c300000| Untracked 
| 196|0x000000008c400000, 0x000000008c400000, 0x000000008c500000|  0%| F|  |TAMS 0x000000008c400000, 0x000000008c400000| Untracked 
| 197|0x000000008c500000, 0x000000008c5ce3d8, 0x000000008c600000| 80%| S|CS|TAMS 0x000000008c500000, 0x000000008c500000| Complete 
| 198|0x000000008c600000, 0x000000008c700000, 0x000000008c700000|100%| S|CS|TAMS 0x000000008c600000, 0x000000008c600000| Complete 
| 199|0x000000008c700000, 0x000000008c800000, 0x000000008c800000|100%| S|CS|TAMS 0x000000008c700000, 0x000000008c700000| Complete 
| 200|0x000000008c800000, 0x000000008c900000, 0x000000008c900000|100%| S|CS|TAMS 0x000000008c800000, 0x000000008c800000| Complete 
| 201|0x000000008c900000, 0x000000008c900000, 0x000000008ca00000|  0%| F|  |TAMS 0x000000008c900000, 0x000000008c900000| Untracked 
| 202|0x000000008ca00000, 0x000000008ca00000, 0x000000008cb00000|  0%| F|  |TAMS 0x000000008ca00000, 0x000000008ca00000| Untracked 
| 203|0x000000008cb00000, 0x000000008cb00000, 0x000000008cc00000|  0%| F|  |TAMS 0x000000008cb00000, 0x000000008cb00000| Untracked 
| 204|0x000000008cc00000, 0x000000008cc00000, 0x000000008cd00000|  0%| F|  |TAMS 0x000000008cc00000, 0x000000008cc00000| Untracked 
| 205|0x000000008cd00000, 0x000000008cd00000, 0x000000008ce00000|  0%| F|  |TAMS 0x000000008cd00000, 0x000000008cd00000| Untracked 
| 206|0x000000008ce00000, 0x000000008ce00000, 0x000000008cf00000|  0%| F|  |TAMS 0x000000008ce00000, 0x000000008ce00000| Untracked 
| 207|0x000000008cf00000, 0x000000008cf00000, 0x000000008d000000|  0%| F|  |TAMS 0x000000008cf00000, 0x000000008cf00000| Untracked 
| 208|0x000000008d000000, 0x000000008d000000, 0x000000008d100000|  0%| F|  |TAMS 0x000000008d000000, 0x000000008d000000| Untracked 
| 209|0x000000008d100000, 0x000000008d100000, 0x000000008d200000|  0%| F|  |TAMS 0x000000008d100000, 0x000000008d100000| Untracked 
| 210|0x000000008d200000, 0x000000008d200000, 0x000000008d300000|  0%| F|  |TAMS 0x000000008d200000, 0x000000008d200000| Untracked 
| 211|0x000000008d300000, 0x000000008d300000, 0x000000008d400000|  0%| F|  |TAMS 0x000000008d300000, 0x000000008d300000| Untracked 
| 212|0x000000008d400000, 0x000000008d400000, 0x000000008d500000|  0%| F|  |TAMS 0x000000008d400000, 0x000000008d400000| Untracked 
| 213|0x000000008d500000, 0x000000008d500000, 0x000000008d600000|  0%| F|  |TAMS 0x000000008d500000, 0x000000008d500000| Untracked 
| 214|0x000000008d600000, 0x000000008d600000, 0x000000008d700000|  0%| F|  |TAMS 0x000000008d600000, 0x000000008d600000| Untracked 
| 215|0x000000008d700000, 0x000000008d700000, 0x000000008d800000|  0%| F|  |TAMS 0x000000008d700000, 0x000000008d700000| Untracked 
| 216|0x000000008d800000, 0x000000008d800000, 0x000000008d900000|  0%| F|  |TAMS 0x000000008d800000, 0x000000008d800000| Untracked 
| 217|0x000000008d900000, 0x000000008d900000, 0x000000008da00000|  0%| F|  |TAMS 0x000000008d900000, 0x000000008d900000| Untracked 
| 218|0x000000008da00000, 0x000000008da00000, 0x000000008db00000|  0%| F|  |TAMS 0x000000008da00000, 0x000000008da00000| Untracked 
| 219|0x000000008db00000, 0x000000008db00000, 0x000000008dc00000|  0%| F|  |TAMS 0x000000008db00000, 0x000000008db00000| Untracked 
| 220|0x000000008dc00000, 0x000000008dc00000, 0x000000008dd00000|  0%| F|  |TAMS 0x000000008dc00000, 0x000000008dc00000| Untracked 
| 221|0x000000008dd00000, 0x000000008dd00000, 0x000000008de00000|  0%| F|  |TAMS 0x000000008dd00000, 0x000000008dd00000| Untracked 
| 222|0x000000008de00000, 0x000000008de00000, 0x000000008df00000|  0%| F|  |TAMS 0x000000008de00000, 0x000000008de00000| Untracked 
| 223|0x000000008df00000, 0x000000008df00000, 0x000000008e000000|  0%| F|  |TAMS 0x000000008df00000, 0x000000008df00000| Untracked 
| 224|0x000000008e000000, 0x000000008e000000, 0x000000008e100000|  0%| F|  |TAMS 0x000000008e000000, 0x000000008e000000| Untracked 
| 225|0x000000008e100000, 0x000000008e100000, 0x000000008e200000|  0%| F|  |TAMS 0x000000008e100000, 0x000000008e100000| Untracked 
| 226|0x000000008e200000, 0x000000008e200000, 0x000000008e300000|  0%| F|  |TAMS 0x000000008e200000, 0x000000008e200000| Untracked 
| 227|0x000000008e300000, 0x000000008e300000, 0x000000008e400000|  0%| F|  |TAMS 0x000000008e300000, 0x000000008e300000| Untracked 
| 228|0x000000008e400000, 0x000000008e400000, 0x000000008e500000|  0%| F|  |TAMS 0x000000008e400000, 0x000000008e400000| Untracked 
| 229|0x000000008e500000, 0x000000008e500000, 0x000000008e600000|  0%| F|  |TAMS 0x000000008e500000, 0x000000008e500000| Untracked 
| 230|0x000000008e600000, 0x000000008e600000, 0x000000008e700000|  0%| F|  |TAMS 0x000000008e600000, 0x000000008e600000| Untracked 
| 231|0x000000008e700000, 0x000000008e700000, 0x000000008e800000|  0%| F|  |TAMS 0x000000008e700000, 0x000000008e700000| Untracked 
| 232|0x000000008e800000, 0x000000008e800000, 0x000000008e900000|  0%| F|  |TAMS 0x000000008e800000, 0x000000008e800000| Untracked 
| 233|0x000000008e900000, 0x000000008e900000, 0x000000008ea00000|  0%| F|  |TAMS 0x000000008e900000, 0x000000008e900000| Untracked 
| 234|0x000000008ea00000, 0x000000008ea00000, 0x000000008eb00000|  0%| F|  |TAMS 0x000000008ea00000, 0x000000008ea00000| Untracked 
| 235|0x000000008eb00000, 0x000000008eb00000, 0x000000008ec00000|  0%| F|  |TAMS 0x000000008eb00000, 0x000000008eb00000| Untracked 
| 236|0x000000008ec00000, 0x000000008ec00000, 0x000000008ed00000|  0%| F|  |TAMS 0x000000008ec00000, 0x000000008ec00000| Untracked 
| 237|0x000000008ed00000, 0x000000008ed00000, 0x000000008ee00000|  0%| F|  |TAMS 0x000000008ed00000, 0x000000008ed00000| Untracked 
| 238|0x000000008ee00000, 0x000000008ee00000, 0x000000008ef00000|  0%| F|  |TAMS 0x000000008ee00000, 0x000000008ee00000| Untracked 
| 239|0x000000008ef00000, 0x000000008ef00000, 0x000000008f000000|  0%| F|  |TAMS 0x000000008ef00000, 0x000000008ef00000| Untracked 
| 240|0x000000008f000000, 0x000000008f000000, 0x000000008f100000|  0%| F|  |TAMS 0x000000008f000000, 0x000000008f000000| Untracked 
| 241|0x000000008f100000, 0x000000008f100000, 0x000000008f200000|  0%| F|  |TAMS 0x000000008f100000, 0x000000008f100000| Untracked 
| 242|0x000000008f200000, 0x000000008f200000, 0x000000008f300000|  0%| F|  |TAMS 0x000000008f200000, 0x000000008f200000| Untracked 
| 243|0x000000008f300000, 0x000000008f300000, 0x000000008f400000|  0%| F|  |TAMS 0x000000008f300000, 0x000000008f300000| Untracked 
| 244|0x000000008f400000, 0x000000008f400000, 0x000000008f500000|  0%| F|  |TAMS 0x000000008f400000, 0x000000008f400000| Untracked 
| 245|0x000000008f500000, 0x000000008f500000, 0x000000008f600000|  0%| F|  |TAMS 0x000000008f500000, 0x000000008f500000| Untracked 
| 246|0x000000008f600000, 0x000000008f600000, 0x000000008f700000|  0%| F|  |TAMS 0x000000008f600000, 0x000000008f600000| Untracked 
| 247|0x000000008f700000, 0x000000008f700000, 0x000000008f800000|  0%| F|  |TAMS 0x000000008f700000, 0x000000008f700000| Untracked 
| 248|0x000000008f800000, 0x000000008f800000, 0x000000008f900000|  0%| F|  |TAMS 0x000000008f800000, 0x000000008f800000| Untracked 
| 249|0x000000008f900000, 0x000000008f900000, 0x000000008fa00000|  0%| F|  |TAMS 0x000000008f900000, 0x000000008f900000| Untracked 
| 250|0x000000008fa00000, 0x000000008fa00000, 0x000000008fb00000|  0%| F|  |TAMS 0x000000008fa00000, 0x000000008fa00000| Untracked 
| 251|0x000000008fb00000, 0x000000008fb00000, 0x000000008fc00000|  0%| F|  |TAMS 0x000000008fb00000, 0x000000008fb00000| Untracked 

Card table byte_map: [0x000001cc7d540000,0x000001cc7d940000] _byte_map_base: 0x000001cc7d140000

Marking Bits (Prev, Next): (CMBitMap*) 0x000001cc7cd9ccb0, (CMBitMap*) 0x000001cc7cd9cc70
 Prev Bits: [0x000001cc12400000, 0x000001cc14400000)
 Next Bits: [0x000001cc7dd40000, 0x000001cc7fd40000)

Polling page: 0x000001cc7c510000

Metaspace:

Usage:
  Non-class:     80.01 MB used.
      Class:     12.48 MB used.
       Both:     92.50 MB used.

Virtual space:
  Non-class space:       88.00 MB reserved,      80.38 MB ( 91%) committed,  11 nodes.
      Class space:        1.00 GB reserved,      12.81 MB (  1%) committed,  1 nodes.
             Both:        1.09 GB reserved,      93.19 MB (  8%) committed. 

Chunk freelists:
   Non-Class:  3.47 MB
       Class:  3.16 MB
        Both:  6.63 MB

MaxMetaspaceSize: unlimited
CompressedClassSpaceSize: 1.00 GB
Initial GC threshold: 21.00 MB
Current GC threshold: 148.44 MB
CDS: off
MetaspaceReclaimPolicy: balanced
 - commit_granule_bytes: 65536.
 - commit_granule_words: 8192.
 - virtual_space_node_default_size: 1048576.
 - enlarge_chunks_in_place: 1.
 - new_chunks_are_fully_committed: 0.
 - uncommit_free_chunks: 1.
 - use_allocation_guard: 0.
 - handle_deallocations: 1.


Internal statistics:

num_allocs_failed_limit: 3.
num_arena_births: 974.
num_arena_deaths: 0.
num_vsnodes_births: 12.
num_vsnodes_deaths: 0.
num_space_committed: 1490.
num_space_uncommitted: 0.
num_chunks_returned_to_freelist: 3.
num_chunks_taken_from_freelist: 4482.
num_chunk_merges: 3.
num_chunk_splits: 2985.
num_chunks_enlarged: 2025.
num_purges: 0.
num_inconsistent_stats: 0.

CodeHeap 'non-profiled nmethods': size=120000Kb used=5215Kb max_used=5624Kb free=114784Kb
 bounds [0x000001cc0aed0000, 0x000001cc0b450000, 0x000001cc12400000]
CodeHeap 'profiled nmethods': size=120000Kb used=15489Kb max_used=17306Kb free=104510Kb
 bounds [0x000001cc03400000, 0x000001cc044f0000, 0x000001cc0a930000]
CodeHeap 'non-nmethods': size=5760Kb used=2422Kb max_used=2485Kb free=3337Kb
 bounds [0x000001cc0a930000, 0x000001cc0abb0000, 0x000001cc0aed0000]
 total_blobs=9270 nmethods=8335 adapters=845
 compilation: enabled
              stopped_count=0, restarted_count=0
 full_count=0

Compilation events (20 events):
Event: 7.526 Thread 0x000001cc178a53f0 nmethod 9866 0x000001cc038b0e10 code [0x000001cc038b0fe0, 0x000001cc038b1318]
Event: 7.530 Thread 0x000001cc191d70a0 nmethod 9861 0x000001cc0b0af290 code [0x000001cc0b0af500, 0x000001cc0b0b0f00]
Event: 7.532 Thread 0x000001cc17b700d0 9867   !   4       org.gradle.internal.serialize.kryo.KryoBackedDecoder::readLong (15 bytes)
Event: 7.533 Thread 0x000001cc17b700d0 nmethod 9867 0x000001cc0b077590 code [0x000001cc0b077720, 0x000001cc0b077918]
Event: 7.535 Thread 0x000001cc17b700d0 9868       4       java.util.concurrent.TimeUnit::toNanos (45 bytes)
Event: 7.536 Thread 0x000001cc17b700d0 nmethod 9868 0x000001cc0b3a6410 code [0x000001cc0b3a6580, 0x000001cc0b3a6658]
Event: 7.538 Thread 0x000001cc17b700d0 9869       4       sun.nio.fs.WindowsPath::getFileName (87 bytes)
Event: 7.540 Thread 0x000001cc178a53f0 9871       3       com.google.common.cache.LocalCache$Segment::removeEntry (139 bytes)
Event: 7.540 Thread 0x000001cc191d70a0 9875       4       java.io.BufferedInputStream::fill (203 bytes)
Event: 7.541 Thread 0x000001cc178a53f0 nmethod 9871 0x000001cc03c4e490 code [0x000001cc03c4e900, 0x000001cc03c50b58]
Event: 7.541 Thread 0x000001cc178a53f0 9873       3       com.google.common.cache.LocalCache$Segment::enqueueNotification (67 bytes)
Event: 7.542 Thread 0x000001cc191d70a0 nmethod 9875 0x000001cc0b076e10 code [0x000001cc0b076fa0, 0x000001cc0b077108]
Event: 7.542 Thread 0x000001cc191d70a0 9876       4       java.nio.ByteBuffer::<init> (47 bytes)
Event: 7.542 Thread 0x000001cc178a53f0 nmethod 9873 0x000001cc03a0ff10 code [0x000001cc03a100e0, 0x000001cc03a10538]
Event: 7.542 Thread 0x000001cc178a53f0 9870       3       com.google.common.collect.AbstractSequentialIterator::hasNext (13 bytes)
Event: 7.542 Thread 0x000001cc178a53f0 nmethod 9870 0x000001cc035c1610 code [0x000001cc035c17a0, 0x000001cc035c1918]
Event: 7.542 Thread 0x000001cc178a53f0 9872       3       com.google.common.cache.LocalCache$Segment::removeValueFromChain (67 bytes)
Event: 7.542 Thread 0x000001cc178a53f0 nmethod 9872 0x000001cc03882110 code [0x000001cc03882320, 0x000001cc03882928]
Event: 7.542 Thread 0x000001cc178a53f0 9874       3       com.google.common.cache.CacheBuilder$1::recordEviction (1 bytes)
Event: 7.542 Thread 0x000001cc178a53f0 nmethod 9874 0x000001cc03636810 code [0x000001cc036369a0, 0x000001cc03636ab8]

GC Heap History (20 events):
Event: 4.371 GC heap after
{Heap after GC invocations=34 (full 0):
 garbage-first heap   total 153600K, used 90969K [0x0000000080000000, 0x0000000100000000)
  region size 1024K, 1 young (1024K), 1 survivors (1024K)
 Metaspace       used 59202K, committed 59840K, reserved 1105920K
  class space    used 7983K, committed 8256K, reserved 1048576K
}
Event: 4.589 GC heap before
{Heap before GC invocations=34 (full 0):
 garbage-first heap   total 153600K, used 114521K [0x0000000080000000, 0x0000000100000000)
  region size 1024K, 24 young (24576K), 1 survivors (1024K)
 Metaspace       used 63174K, committed 63744K, reserved 1105920K
  class space    used 8400K, committed 8640K, reserved 1048576K
}
Event: 4.591 GC heap after
{Heap after GC invocations=35 (full 0):
 garbage-first heap   total 223232K, used 91822K [0x0000000080000000, 0x0000000100000000)
  region size 1024K, 2 young (2048K), 2 survivors (2048K)
 Metaspace       used 63174K, committed 63744K, reserved 1105920K
  class space    used 8400K, committed 8640K, reserved 1048576K
}
Event: 5.112 GC heap before
{Heap before GC invocations=36 (full 0):
 garbage-first heap   total 223232K, used 153262K [0x0000000080000000, 0x0000000100000000)
  region size 1024K, 56 young (57344K), 2 survivors (2048K)
 Metaspace       used 69736K, committed 70464K, reserved 1114112K
  class space    used 9285K, committed 9600K, reserved 1048576K
}
Event: 5.116 GC heap after
{Heap after GC invocations=37 (full 0):
 garbage-first heap   total 223232K, used 96961K [0x0000000080000000, 0x0000000100000000)
  region size 1024K, 7 young (7168K), 7 survivors (7168K)
 Metaspace       used 69736K, committed 70464K, reserved 1114112K
  class space    used 9285K, committed 9600K, reserved 1048576K
}
Event: 5.142 GC heap before
{Heap before GC invocations=37 (full 0):
 garbage-first heap   total 223232K, used 100033K [0x0000000080000000, 0x0000000100000000)
  region size 1024K, 10 young (10240K), 7 survivors (7168K)
 Metaspace       used 69978K, committed 70656K, reserved 1114112K
  class space    used 9312K, committed 9600K, reserved 1048576K
}
Event: 5.144 GC heap after
{Heap after GC invocations=38 (full 0):
 garbage-first heap   total 223232K, used 97290K [0x0000000080000000, 0x0000000100000000)
  region size 1024K, 1 young (1024K), 1 survivors (1024K)
 Metaspace       used 69978K, committed 70656K, reserved 1114112K
  class space    used 9312K, committed 9600K, reserved 1048576K
}
Event: 5.685 GC heap before
{Heap before GC invocations=38 (full 0):
 garbage-first heap   total 223232K, used 163850K [0x0000000080000000, 0x0000000100000000)
  region size 1024K, 66 young (67584K), 1 survivors (1024K)
 Metaspace       used 77588K, committed 78272K, reserved 1122304K
  class space    used 10318K, committed 10624K, reserved 1048576K
}
Event: 5.690 GC heap after
{Heap after GC invocations=39 (full 0):
 garbage-first heap   total 223232K, used 101021K [0x0000000080000000, 0x0000000100000000)
  region size 1024K, 5 young (5120K), 5 survivors (5120K)
 Metaspace       used 77588K, committed 78272K, reserved 1122304K
  class space    used 10318K, committed 10624K, reserved 1048576K
}
Event: 6.237 GC heap before
{Heap before GC invocations=39 (full 0):
 garbage-first heap   total 223232K, used 167581K [0x0000000080000000, 0x0000000100000000)
  region size 1024K, 70 young (71680K), 5 survivors (5120K)
 Metaspace       used 83316K, committed 83968K, reserved 1122304K
  class space    used 11183K, committed 11456K, reserved 1048576K
}
Event: 6.243 GC heap after
{Heap after GC invocations=40 (full 0):
 garbage-first heap   total 223232K, used 105887K [0x0000000080000000, 0x0000000100000000)
  region size 1024K, 9 young (9216K), 9 survivors (9216K)
 Metaspace       used 83316K, committed 83968K, reserved 1122304K
  class space    used 11183K, committed 11456K, reserved 1048576K
}
Event: 6.761 GC heap before
{Heap before GC invocations=40 (full 0):
 garbage-first heap   total 223232K, used 166303K [0x0000000080000000, 0x0000000100000000)
  region size 1024K, 69 young (70656K), 9 survivors (9216K)
 Metaspace       used 90486K, committed 91200K, reserved 1130496K
  class space    used 12159K, committed 12480K, reserved 1048576K
}
Event: 6.769 GC heap after
{Heap after GC invocations=41 (full 0):
 garbage-first heap   total 223232K, used 112196K [0x0000000080000000, 0x0000000100000000)
  region size 1024K, 10 young (10240K), 10 survivors (10240K)
 Metaspace       used 90486K, committed 91200K, reserved 1130496K
  class space    used 12159K, committed 12480K, reserved 1048576K
}
Event: 7.262 GC heap before
{Heap before GC invocations=42 (full 0):
 garbage-first heap   total 230400K, used 200260K [0x0000000080000000, 0x0000000100000000)
  region size 1024K, 71 young (72704K), 10 survivors (10240K)
 Metaspace       used 94683K, committed 95424K, reserved 1138688K
  class space    used 12783K, committed 13120K, reserved 1048576K
}
Event: 7.270 GC heap after
{Heap after GC invocations=43 (full 0):
 garbage-first heap   total 230400K, used 148298K [0x0000000080000000, 0x0000000100000000)
  region size 1024K, 9 young (9216K), 9 survivors (9216K)
 Metaspace       used 94683K, committed 95424K, reserved 1138688K
  class space    used 12783K, committed 13120K, reserved 1048576K
}
Event: 7.275 GC heap before
{Heap before GC invocations=43 (full 0):
 garbage-first heap   total 230400K, used 150346K [0x0000000080000000, 0x0000000100000000)
  region size 1024K, 11 young (11264K), 9 survivors (9216K)
 Metaspace       used 94686K, committed 95424K, reserved 1138688K
  class space    used 12783K, committed 13120K, reserved 1048576K
}
Event: 7.278 GC heap after
{Heap after GC invocations=44 (full 0):
 garbage-first heap   total 230400K, used 148595K [0x0000000080000000, 0x0000000100000000)
  region size 1024K, 2 young (2048K), 2 survivors (2048K)
 Metaspace       used 94686K, committed 95424K, reserved 1138688K
  class space    used 12783K, committed 13120K, reserved 1048576K
}
Event: 7.377 GC heap before
{Heap before GC invocations=44 (full 0):
 garbage-first heap   total 230400K, used 188531K [0x0000000080000000, 0x0000000100000000)
  region size 1024K, 41 young (41984K), 2 survivors (2048K)
 Metaspace       used 94687K, committed 95424K, reserved 1138688K
  class space    used 12784K, committed 13120K, reserved 1048576K
}
Event: 7.386 GC heap after
{Heap after GC invocations=45 (full 0):
 garbage-first heap   total 230400K, used 164002K [0x0000000080000000, 0x0000000100000000)
  region size 1024K, 6 young (6144K), 6 survivors (6144K)
 Metaspace       used 94687K, committed 95424K, reserved 1138688K
  class space    used 12784K, committed 13120K, reserved 1048576K
}
Event: 7.544 GC heap before
{Heap before GC invocations=45 (full 0):
 garbage-first heap   total 230400K, used 187554K [0x0000000080000000, 0x0000000100000000)
  region size 1024K, 30 young (30720K), 6 survivors (6144K)
 Metaspace       used 94715K, committed 95424K, reserved 1138688K
  class space    used 12784K, committed 13120K, reserved 1048576K
}

Dll operation events (2 events):
Event: 0.007 Loaded shared library C:\Program Files\Android\Android Studio\jbr\bin\java.dll
Event: 0.203 Loaded shared library C:\Program Files\Android\Android Studio\jbr\bin\verify.dll

Deoptimization events (20 events):
Event: 7.258 Thread 0x000001cc1b90aa70 Uncommon trap: trap_request=0xffffff45 fr.pc=0x000001cc0b3b4f9c relative=0x0000000000000c1c
Event: 7.258 Thread 0x000001cc1b90aa70 Uncommon trap: reason=unstable_if action=reinterpret pc=0x000001cc0b3b4f9c method=com.google.common.collect.MapMakerInternalMap$Segment.drainKeyReferenceQueue(Ljava/lang/ref/ReferenceQueue;)V @ 8 c2
Event: 7.258 Thread 0x000001cc1b90aa70 DEOPT PACKING pc=0x000001cc0b3b4f9c sp=0x0000003f18cfe290
Event: 7.258 Thread 0x000001cc1b90aa70 DEOPT UNPACKING pc=0x000001cc0a98a1a3 sp=0x0000003f18cfe190 mode 2
Event: 7.358 Thread 0x000001cc1b90aa70 Uncommon trap: trap_request=0xffffff45 fr.pc=0x000001cc0b02e310 relative=0x0000000000000470
Event: 7.358 Thread 0x000001cc1b90aa70 Uncommon trap: reason=unstable_if action=reinterpret pc=0x000001cc0b02e310 method=com.google.common.collect.MapMakerInternalMap$Segment.getEntry(Ljava/lang/Object;I)Lcom/google/common/collect/MapMakerInternalMap$InternalEntry; @ 63 c2
Event: 7.358 Thread 0x000001cc1b90aa70 DEOPT PACKING pc=0x000001cc0b02e310 sp=0x0000003f18cfe460
Event: 7.358 Thread 0x000001cc1b90aa70 DEOPT UNPACKING pc=0x000001cc0a98a1a3 sp=0x0000003f18cfe278 mode 2
Event: 7.358 Thread 0x000001cc1b90aa70 Uncommon trap: trap_request=0xffffff45 fr.pc=0x000001cc0b3c1450 relative=0x0000000000001110
Event: 7.358 Thread 0x000001cc1b90aa70 Uncommon trap: reason=unstable_if action=reinterpret pc=0x000001cc0b3c1450 method=com.google.common.collect.MapMakerInternalMap$Segment.put(Ljava/lang/Object;ILjava/lang/Object;Z)Ljava/lang/Object; @ 92 c2
Event: 7.358 Thread 0x000001cc1b90aa70 DEOPT PACKING pc=0x000001cc0b3c1450 sp=0x0000003f18cfe2d0
Event: 7.358 Thread 0x000001cc1b90aa70 DEOPT UNPACKING pc=0x000001cc0a98a1a3 sp=0x0000003f18cfe218 mode 2
Event: 7.359 Thread 0x000001cc1b90aa70 Uncommon trap: trap_request=0xffffff45 fr.pc=0x000001cc0b299c20 relative=0x00000000000005a0
Event: 7.359 Thread 0x000001cc1b90aa70 Uncommon trap: reason=unstable_if action=reinterpret pc=0x000001cc0b299c20 method=com.google.common.collect.MapMakerInternalMap$Segment.getEntry(Ljava/lang/Object;I)Lcom/google/common/collect/MapMakerInternalMap$InternalEntry; @ 63 c2
Event: 7.359 Thread 0x000001cc1b90aa70 DEOPT PACKING pc=0x000001cc0b299c20 sp=0x0000003f18cfe420
Event: 7.359 Thread 0x000001cc1b90aa70 DEOPT UNPACKING pc=0x000001cc0a98a1a3 sp=0x0000003f18cfe2e8 mode 2
Event: 7.359 Thread 0x000001cc1b90aa70 Uncommon trap: trap_request=0xffffff45 fr.pc=0x000001cc0b3bea84 relative=0x0000000000000fe4
Event: 7.359 Thread 0x000001cc1b90aa70 Uncommon trap: reason=unstable_if action=reinterpret pc=0x000001cc0b3bea84 method=com.google.common.collect.MapMakerInternalMap$Segment.put(Ljava/lang/Object;ILjava/lang/Object;Z)Ljava/lang/Object; @ 92 c2
Event: 7.359 Thread 0x000001cc1b90aa70 DEOPT PACKING pc=0x000001cc0b3bea84 sp=0x0000003f18cfe2a0
Event: 7.359 Thread 0x000001cc1b90aa70 DEOPT UNPACKING pc=0x000001cc0a98a1a3 sp=0x0000003f18cfe248 mode 2

Classes unloaded (0 events):
No events

Classes redefined (0 events):
No events

Internal exceptions (20 events):
Event: 7.138 Thread 0x000001cc1922c6a0 Exception <a 'java/lang/ClassNotFoundException'{0x000000008b02e520}: org/gradle/internal/extensibility/ExtensionsStorage$ExtensionHolderCustomizer> (0x000000008b02e520) 
thrown [s\src\hotspot\share\classfile\systemDictionary.cpp, line 256]
Event: 7.144 Thread 0x000001cc1922c6a0 Exception <a 'java/lang/ClassNotFoundException'{0x000000008b0e5ff0}: org/gradle/internal/service/scopes/ProjectScopeServicesBeanInfo> (0x000000008b0e5ff0) 
thrown [s\src\hotspot\share\classfile\systemDictionary.cpp, line 256]
Event: 7.144 Thread 0x000001cc1922c6a0 Exception <a 'java/lang/ClassNotFoundException'{0x000000008b0eea08}: org/gradle/internal/service/scopes/ProjectScopeServicesCustomizer> (0x000000008b0eea08) 
thrown [s\src\hotspot\share\classfile\systemDictionary.cpp, line 256]
Event: 7.146 Thread 0x000001cc1922c6a0 Exception <a 'java/lang/ClassNotFoundException'{0x000000008af11198}: org/gradle/api/internal/catalog/DefaultDependenciesAccessorsBeanInfo> (0x000000008af11198) 
thrown [s\src\hotspot\share\classfile\systemDictionary.cpp, line 256]
Event: 7.146 Thread 0x000001cc1922c6a0 Exception <a 'java/lang/ClassNotFoundException'{0x000000008af1c510}: org/gradle/api/internal/catalog/DefaultDependenciesAccessorsCustomizer> (0x000000008af1c510) 
thrown [s\src\hotspot\share\classfile\systemDictionary.cpp, line 256]
Event: 7.148 Thread 0x000001cc1922c6a0 Exception <a 'java/lang/ClassNotFoundException'{0x000000008af3ea40}: org/gradle/internal/classpath/DefaultClassPathBeanInfo> (0x000000008af3ea40) 
thrown [s\src\hotspot\share\classfile\systemDictionary.cpp, line 256]
Event: 7.148 Thread 0x000001cc1922c6a0 Exception <a 'java/lang/ClassNotFoundException'{0x000000008af471a0}: org/gradle/internal/classpath/DefaultClassPathCustomizer> (0x000000008af471a0) 
thrown [s\src\hotspot\share\classfile\systemDictionary.cpp, line 256]
Event: 7.152 Thread 0x000001cc1922c6a0 Exception <a 'java/lang/ClassNotFoundException'{0x000000008ae5e228}: org/gradle/internal/classpath/DefaultClassPath$ImmutableUniqueListBeanInfo> (0x000000008ae5e228) 
thrown [s\src\hotspot\share\classfile\systemDictionary.cpp, line 256]
Event: 7.152 Thread 0x000001cc1922c6a0 Exception <a 'java/lang/ClassNotFoundException'{0x000000008ae62ab8}: java/util/AbstractListBeanInfo> (0x000000008ae62ab8) 
thrown [s\src\hotspot\share\classfile\systemDictionary.cpp, line 256]
Event: 7.152 Thread 0x000001cc1922c6a0 Exception <a 'java/lang/ClassNotFoundException'{0x000000008ae67320}: java/util/AbstractListCustomizer> (0x000000008ae67320) 
thrown [s\src\hotspot\share\classfile\systemDictionary.cpp, line 256]
Event: 7.153 Thread 0x000001cc1922c6a0 Exception <a 'java/lang/ClassNotFoundException'{0x000000008ae7b280}: org/gradle/internal/classpath/DefaultClassPath$ImmutableUniqueListCustomizer> (0x000000008ae7b280) 
thrown [s\src\hotspot\share\classfile\systemDictionary.cpp, line 256]
Event: 7.157 Thread 0x000001cc1922c6a0 Exception <a 'java/lang/ClassNotFoundException'{0x000000008aebeef0}: org/jetbrains/plugins/gradle/model/DefaultDependencyAccessorsModelBeanInfo> (0x000000008aebeef0) 
thrown [s\src\hotspot\share\classfile\systemDictionary.cpp, line 256]
Event: 7.157 Thread 0x000001cc1922c6a0 Exception <a 'java/lang/ClassNotFoundException'{0x000000008aec76a0}: org/jetbrains/plugins/gradle/model/DefaultDependencyAccessorsModelCustomizer> (0x000000008aec76a0) 
thrown [s\src\hotspot\share\classfile\systemDictionary.cpp, line 256]
Event: 7.161 Thread 0x000001cc1beeeb50 Exception <a 'java/lang/NoSuchMethodError'{0x000000008ad0ce80}: static Lorg/jetbrains/plugins/gradle/tooling/internal/VersionCatalogsModelImpl;.<clinit>()V> (0x000000008ad0ce80) 
thrown [s\src\hotspot\share\prims\jni.cpp, line 1108]
Event: 7.170 Thread 0x000001cc1922c6a0 Exception <a 'java/lang/ClassNotFoundException'{0x000000008ab7bee8}: org/gradle/api/internal/tasks/DefaultSourceSetContainer_DecoratedBeanInfo> (0x000000008ab7bee8) 
thrown [s\src\hotspot\share\classfile\systemDictionary.cpp, line 256]
Event: 7.170 Thread 0x000001cc1922c6a0 Exception <a 'java/lang/ClassNotFoundException'{0x000000008ab87470}: org/gradle/api/internal/tasks/DefaultSourceSetContainerBeanInfo> (0x000000008ab87470) 
thrown [s\src\hotspot\share\classfile\systemDictionary.cpp, line 256]
Event: 7.171 Thread 0x000001cc1922c6a0 Exception <a 'java/lang/ClassNotFoundException'{0x000000008ab927a0}: org/gradle/api/internal/tasks/DefaultSourceSetContainerCustomizer> (0x000000008ab927a0) 
thrown [s\src\hotspot\share\classfile\systemDictionary.cpp, line 256]
Event: 7.171 Thread 0x000001cc1922c6a0 Exception <a 'java/lang/ClassNotFoundException'{0x000000008aba93b8}: org/gradle/api/internal/tasks/DefaultSourceSetContainer_DecoratedCustomizer> (0x000000008aba93b8) 
thrown [s\src\hotspot\share\classfile\systemDictionary.cpp, line 256]
Event: 7.248 Thread 0x000001cc1eb2e500 Implicit null exception at 0x000001cc0b400e85 to 0x000001cc0b4015dc
Event: 7.254 Thread 0x000001cc1eb2e500 Exception <a 'java/lang/NoSuchMethodError'{0x000000008a4154f0}: 'java.lang.Object java.lang.invoke.DirectMethodHandle$Holder.invokeSpecialIFC(java.lang.Object, java.lang.Object, java.lang.Object)'> (0x000000008a4154f0) 
thrown [s\src\hotspot\share\interpreter\linkResolver.cpp, line 771]

VM Operations (20 events):
Event: 7.214 Executing VM operation: HandshakeAllThreads done
Event: 7.231 Executing VM operation: HandshakeAllThreads
Event: 7.231 Executing VM operation: HandshakeAllThreads done
Event: 7.233 Executing VM operation: HandshakeAllThreads
Event: 7.233 Executing VM operation: HandshakeAllThreads done
Event: 7.234 Executing VM operation: HandshakeAllThreads
Event: 7.234 Executing VM operation: HandshakeAllThreads done
Event: 7.234 Executing VM operation: HandshakeAllThreads
Event: 7.234 Executing VM operation: HandshakeAllThreads done
Event: 7.236 Executing VM operation: ICBufferFull
Event: 7.236 Executing VM operation: ICBufferFull done
Event: 7.246 Executing VM operation: HandshakeAllThreads
Event: 7.246 Executing VM operation: HandshakeAllThreads done
Event: 7.262 Executing VM operation: G1CollectForAllocation
Event: 7.270 Executing VM operation: G1CollectForAllocation done
Event: 7.275 Executing VM operation: G1CollectForAllocation
Event: 7.279 Executing VM operation: G1CollectForAllocation done
Event: 7.377 Executing VM operation: G1CollectForAllocation
Event: 7.386 Executing VM operation: G1CollectForAllocation done
Event: 7.544 Executing VM operation: G1CollectForAllocation

Events (20 events):
Event: 7.242 Thread 0x000001cc178aa1c0 flushing nmethod 0x000001cc042b9110
Event: 7.242 Thread 0x000001cc178aa1c0 flushing nmethod 0x000001cc042bc790
Event: 7.242 Thread 0x000001cc178aa1c0 flushing nmethod 0x000001cc042be790
Event: 7.242 Thread 0x000001cc178aa1c0 flushing nmethod 0x000001cc042bf910
Event: 7.242 Thread 0x000001cc178aa1c0 flushing nmethod 0x000001cc042c6290
Event: 7.242 Thread 0x000001cc178aa1c0 flushing nmethod 0x000001cc042c6a90
Event: 7.242 Thread 0x000001cc178aa1c0 flushing nmethod 0x000001cc042d5c10
Event: 7.242 Thread 0x000001cc178aa1c0 flushing nmethod 0x000001cc042d8d90
Event: 7.242 Thread 0x000001cc178aa1c0 flushing nmethod 0x000001cc042e8a10
Event: 7.242 Thread 0x000001cc178aa1c0 flushing nmethod 0x000001cc04315810
Event: 7.242 Thread 0x000001cc178aa1c0 flushing nmethod 0x000001cc04317590
Event: 7.242 Thread 0x000001cc178aa1c0 flushing nmethod 0x000001cc0431a510
Event: 7.242 Thread 0x000001cc178aa1c0 flushing nmethod 0x000001cc0431b610
Event: 7.242 Thread 0x000001cc178aa1c0 flushing nmethod 0x000001cc04331b90
Event: 7.243 Thread 0x000001cc178aa1c0 flushing nmethod 0x000001cc0433fe90
Event: 7.243 Thread 0x000001cc178aa1c0 flushing nmethod 0x000001cc04358b90
Event: 7.243 Thread 0x000001cc178aa1c0 flushing nmethod 0x000001cc04360590
Event: 7.243 Thread 0x000001cc178aa1c0 flushing nmethod 0x000001cc04371e90
Event: 7.243 Thread 0x000001cc178aa1c0 flushing nmethod 0x000001cc04377110
Event: 7.243 Thread 0x000001cc178aa1c0 flushing nmethod 0x000001cc04386c90


Dynamic libraries:
0x00007ff77ac40000 - 0x00007ff77ac4a000 	C:\Program Files\Android\Android Studio\jbr\bin\java.exe
0x00007ff84fa90000 - 0x00007ff84fc88000 	C:\Windows\SYSTEM32\ntdll.dll
0x00007ff84e290000 - 0x00007ff84e34f000 	C:\Windows\System32\KERNEL32.DLL
0x00007ff84d640000 - 0x00007ff84d912000 	C:\Windows\System32\KERNELBASE.dll
0x00007ff84d140000 - 0x00007ff84d240000 	C:\Windows\System32\ucrtbase.dll
0x00007ff810d40000 - 0x00007ff810d5b000 	C:\Program Files\Android\Android Studio\jbr\bin\VCRUNTIME140.dll
0x00007ff80cfe0000 - 0x00007ff80cff7000 	C:\Program Files\Android\Android Studio\jbr\bin\jli.dll
0x00007ff84e040000 - 0x00007ff84e1dd000 	C:\Windows\System32\USER32.dll
0x00007ff84d610000 - 0x00007ff84d632000 	C:\Windows\System32\win32u.dll
0x00007ff84e350000 - 0x00007ff84e37b000 	C:\Windows\System32\GDI32.dll
0x00007ff84cfc0000 - 0x00007ff84d0cf000 	C:\Windows\System32\gdi32full.dll
0x00007ff84d3b0000 - 0x00007ff84d44d000 	C:\Windows\System32\msvcp_win.dll
0x00007ff832a60000 - 0x00007ff832cfa000 	C:\Windows\WinSxS\amd64_microsoft.windows.common-controls_6595b64144ccf1df_6.0.19041.1110_none_60b5254171f9507e\COMCTL32.dll
0x00007ff84d920000 - 0x00007ff84d9be000 	C:\Windows\System32\msvcrt.dll
0x00007ff84f340000 - 0x00007ff84f372000 	C:\Windows\System32\IMM32.DLL
0x00007ff831ac0000 - 0x00007ff831acc000 	C:\Program Files\Android\Android Studio\jbr\bin\vcruntime140_1.dll
0x00007fffd2e50000 - 0x00007fffd2edd000 	C:\Program Files\Android\Android Studio\jbr\bin\msvcp140.dll
0x00007fffc9cb0000 - 0x00007fffca91e000 	C:\Program Files\Android\Android Studio\jbr\bin\server\jvm.dll
0x00007ff84f260000 - 0x00007ff84f30e000 	C:\Windows\System32\ADVAPI32.dll
0x00007ff84ead0000 - 0x00007ff84eb6c000 	C:\Windows\System32\sechost.dll
0x00007ff84efb0000 - 0x00007ff84f0d5000 	C:\Windows\System32\RPCRT4.dll
0x00007ff83d6a0000 - 0x00007ff83d6c7000 	C:\Windows\SYSTEM32\WINMM.dll
0x00007ff83fdb0000 - 0x00007ff83fdba000 	C:\Windows\SYSTEM32\VERSION.dll
0x00007ff82f3f0000 - 0x00007ff82f3f9000 	C:\Windows\SYSTEM32\WSOCK32.dll
0x00007ff84dfd0000 - 0x00007ff84e03b000 	C:\Windows\System32\WS2_32.dll
0x00007ff84d5f0000 - 0x00007ff84d602000 	C:\Windows\System32\kernel.appcore.dll
0x00007ff83b8c0000 - 0x00007ff83b8ca000 	C:\Program Files\Android\Android Studio\jbr\bin\jimage.dll
0x00007ff84b300000 - 0x00007ff84b4e4000 	C:\Windows\SYSTEM32\DBGHELP.DLL
0x00007ff83b880000 - 0x00007ff83b8ac000 	C:\Windows\SYSTEM32\dbgcore.DLL
0x00007ff84d560000 - 0x00007ff84d5e2000 	C:\Windows\System32\bcryptPrimitives.dll
0x00007ff839de0000 - 0x00007ff839e05000 	C:\Program Files\Android\Android Studio\jbr\bin\java.dll
0x00007ff831c80000 - 0x00007ff831c98000 	C:\Program Files\Android\Android Studio\jbr\bin\zip.dll
0x00007ff84e380000 - 0x00007ff84eac3000 	C:\Windows\System32\SHELL32.dll
0x00007ff84aa90000 - 0x00007ff84b222000 	C:\Windows\SYSTEM32\windows.storage.dll
0x00007ff84d9d0000 - 0x00007ff84dd24000 	C:\Windows\System32\combase.dll
0x00007ff84c880000 - 0x00007ff84c8b0000 	C:\Windows\SYSTEM32\Wldp.dll
0x00007ff84e1e0000 - 0x00007ff84e28d000 	C:\Windows\System32\SHCORE.dll
0x00007ff84eb70000 - 0x00007ff84ebc5000 	C:\Windows\System32\shlwapi.dll
0x00007ff84cd60000 - 0x00007ff84cd7f000 	C:\Windows\SYSTEM32\profapi.dll
0x00007ff831c60000 - 0x00007ff831c79000 	C:\Program Files\Android\Android Studio\jbr\bin\net.dll
0x00007ff8433d0000 - 0x00007ff8434dc000 	C:\Windows\SYSTEM32\WINHTTP.dll
0x00007ff84c5e0000 - 0x00007ff84c64a000 	C:\Windows\system32\mswsock.dll
0x00007ff81bfd0000 - 0x00007ff81bfe6000 	C:\Program Files\Android\Android Studio\jbr\bin\nio.dll
0x00007ff839dd0000 - 0x00007ff839de0000 	C:\Program Files\Android\Android Studio\jbr\bin\verify.dll
0x00007fffe67d0000 - 0x00007fffe67f7000 	F:\MyApplication2\.gradle\native\68d5fa5c4cc2d200863cafc0d521ce42e7d3e7ee720ec0a83991735586a16f82\windows-amd64\native-platform.dll
0x00007fffd2b90000 - 0x00007fffd2cd4000 	F:\MyApplication2\.gradle\native\e376f236ea51e6404a007f0833ffe2c6e607c4080706a723a18a27aeea778392\windows-amd64\native-platform-file-events.dll
0x00007ff82cd40000 - 0x00007ff82cd49000 	C:\Program Files\Android\Android Studio\jbr\bin\management.dll
0x00007ff81bf80000 - 0x00007ff81bf8b000 	C:\Program Files\Android\Android Studio\jbr\bin\management_ext.dll
0x00007ff84f330000 - 0x00007ff84f338000 	C:\Windows\System32\PSAPI.DLL
0x00007ff84c7e0000 - 0x00007ff84c7f8000 	C:\Windows\SYSTEM32\CRYPTSP.dll
0x00007ff84bee0000 - 0x00007ff84bf14000 	C:\Windows\system32\rsaenh.dll
0x00007ff84d530000 - 0x00007ff84d557000 	C:\Windows\System32\bcrypt.dll
0x00007ff84cd20000 - 0x00007ff84cd4e000 	C:\Windows\SYSTEM32\USERENV.dll
0x00007ff84c7d0000 - 0x00007ff84c7dc000 	C:\Windows\SYSTEM32\CRYPTBASE.dll
0x00007ff84c2d0000 - 0x00007ff84c30b000 	C:\Windows\SYSTEM32\IPHLPAPI.DLL
0x00007ff84d9c0000 - 0x00007ff84d9c8000 	C:\Windows\System32\NSI.dll
0x00007ff840e80000 - 0x00007ff840e97000 	C:\Windows\SYSTEM32\dhcpcsvc6.DLL
0x00007ff8404a0000 - 0x00007ff8404bd000 	C:\Windows\SYSTEM32\dhcpcsvc.DLL
0x00007ff84c310000 - 0x00007ff84c3da000 	C:\Windows\SYSTEM32\DNSAPI.dll
0x00007ff822370000 - 0x00007ff822377000 	C:\Windows\system32\wshunix.dll

dbghelp: loaded successfully - version: 4.0.5 - missing functions: none
symbol engine: initialized successfully - sym options: 0x614 - pdb path: .;C:\Program Files\Android\Android Studio\jbr\bin;C:\Windows\SYSTEM32;C:\Windows\WinSxS\amd64_microsoft.windows.common-controls_6595b64144ccf1df_6.0.19041.1110_none_60b5254171f9507e;C:\Program Files\Android\Android Studio\jbr\bin\server;F:\MyApplication2\.gradle\native\68d5fa5c4cc2d200863cafc0d521ce42e7d3e7ee720ec0a83991735586a16f82\windows-amd64;F:\MyApplication2\.gradle\native\e376f236ea51e6404a007f0833ffe2c6e607c4080706a723a18a27aeea778392\windows-amd64

VM Arguments:
jvm_args: --add-opens=java.base/java.util=ALL-UNNAMED --add-opens=java.base/java.lang=ALL-UNNAMED --add-opens=java.base/java.lang.invoke=ALL-UNNAMED --add-opens=java.prefs/java.util.prefs=ALL-UNNAMED --add-opens=java.base/java.nio.charset=ALL-UNNAMED --add-opens=java.base/java.net=ALL-UNNAMED --add-opens=java.base/java.util.concurrent.atomic=ALL-UNNAMED -Xmx2048m -Dfile.encoding=UTF-8 -Duser.country=CN -Duser.language=zh -Duser.variant 
java_command: org.gradle.launcher.daemon.bootstrap.GradleDaemon 8.0
java_class_path (initial): F:\MyApplication2\.gradle\wrapper\dists\gradle-8.0-bin\ca5e32bp14vu59qr306oxotwh\gradle-8.0\lib\gradle-launcher-8.0.jar
Launcher Type: SUN_STANDARD

[Global flags]
     intx CICompilerCount                          = 4                                         {product} {ergonomic}
     uint ConcGCThreads                            = 2                                         {product} {ergonomic}
     uint G1ConcRefinementThreads                  = 8                                         {product} {ergonomic}
   size_t G1HeapRegionSize                         = 1048576                                   {product} {ergonomic}
    uintx GCDrainStackTargetSize                   = 64                                        {product} {ergonomic}
   size_t InitialHeapSize                          = 264241152                                 {product} {ergonomic}
   size_t MarkStackSize                            = 4194304                                   {product} {ergonomic}
   size_t MaxHeapSize                              = 2147483648                                {product} {command line}
   size_t MaxNewSize                               = 1287651328                                {product} {ergonomic}
   size_t MinHeapDeltaBytes                        = 1048576                                   {product} {ergonomic}
   size_t MinHeapSize                              = 8388608                                   {product} {ergonomic}
    uintx NonNMethodCodeHeapSize                   = 5839372                                {pd product} {ergonomic}
    uintx NonProfiledCodeHeapSize                  = 122909434                              {pd product} {ergonomic}
    uintx ProfiledCodeHeapSize                     = 122909434                              {pd product} {ergonomic}
    uintx ReservedCodeCacheSize                    = 251658240                              {pd product} {ergonomic}
     bool SegmentedCodeCache                       = true                                      {product} {ergonomic}
   size_t SoftMaxHeapSize                          = 2147483648                             {manageable} {ergonomic}
     bool UseCompressedClassPointers               = true                           {product lp64_product} {ergonomic}
     bool UseCompressedOops                        = true                           {product lp64_product} {ergonomic}
     bool UseG1GC                                  = true                                      {product} {ergonomic}
     bool UseLargePagesIndividualAllocation        = false                                  {pd product} {ergonomic}

Logging:
Log output configuration:
 #0: stdout all=warning uptime,level,tags
 #1: stderr all=off uptime,level,tags

Environment Variables:
JAVA_HOME=C:\Program Files\Java\jdk-17.0.1
CLASSPATH=C:\Program Files\Java\jdk-17.0.1\lib\dt.jar;C:\Program Files\Java\jdk-17.0.1\lib\tools.jar;
PATH=C:\Program Files\Java\jdk-17.0.1\bin;C:\Program Files\Java\jdk-17.0.1\jre\bin;;C:\Program Files\Common Files\Oracle\Java\javapath;D:\\Scripts\;D:\\;C:\Program Files\Microsoft MPI\Bin\;C:\Program Files (x86)\NVIDIA Corporation\PhysX\Common;C:\Windows\system32;C:\Windows;C:\Windows\System32\Wbem;C:\Windows\System32\WindowsPowerShell\v1.0\;C:\Windows\System32\OpenSSH\;C:\Program Files\NVIDIA Corporation\NVIDIA NvDLISR;C:\Program Files\dotnet\;D:\bin;C:\Strawberry\c\bin;C:\Strawberry\perl\site\bin;C:\Strawberry\perl\bin;D:\\Microsoft VS Code\;C:\Program Files\MySQL\MySQL Server 8.0\bin;D:\\160\Tools\Binn\;C:\Program Files\Microsoft SQL Server\160\Tools\Binn\;C:\Program Files\Microsoft SQL Server\Client SDK\ODBC\170\Tools\Binn\;C:\Program Files\Microsoft SQL Server\160\DTS\Binn\;D:\\160\DTS\Binn\;C:\Program Files\Azure Data Studio\bin;C:\Users\25599\matlab2016\runtime\win64;C:\Users\25599\matlab2016\bin;C:\Users\25599\matlab2016\polyspace\bin;C:\Program Files\MySQL\MySQL Shell 8.0\bin\;C:\Users\25599\AppData\Local\Microsoft\WindowsApps;%IntelliJ IDEA Community Edition%;D:\\Microsoft VS Code\bin;C:\Users\25599\AppData\Roaming\npm;%IntelliJ IDEA%;C:\Program Files\Azure Data Studio\bin;C:\ProgramData\25599\GitHubDesktop\bin;C:\intelFPGA\18.1\modelsim_ase\win32aloem;D:\inmodlesim\win64
USERNAME=25599
OS=Windows_NT
PROCESSOR_IDENTIFIER=Intel64 Family 6 Model 140 Stepping 1, GenuineIntel
TMP=C:\Users\25599\AppData\Local\Temp
TEMP=C:\Users\25599\AppData\Local\Temp


JNI global refs:
JNI global refs: 26, weak refs: 0

JNI global refs memory usage: 843, weak refs: 841


---------------  S Y S T E M  ---------------

OS:
 Windows 10 , 64 bit Build 19041 (10.0.19041.2251)
OS uptime: 0 days 0:51 hours
Hyper-V role detected

CPU: total 8 (initial active 8) (4 cores per cpu, 2 threads per core) family 6 model 140 stepping 1 microcode 0xac, cx8, cmov, fxsr, ht, mmx, 3dnowpref, sse, sse2, sse3, ssse3, sse4.1, sse4.2, popcnt, lzcnt, tsc, tscinvbit, avx, avx2, aes, erms, clmul, bmi1, bmi2, adx, avx512f, avx512dq, avx512cd, avx512bw, avx512vl, sha, fma, vzeroupper, avx512_vpopcntdq, avx512_vpclmulqdq, avx512_vaes, avx512_vnni, clflush, clflushopt, clwb, avx512_vbmi2, avx512_vbmi, hv

Memory: 4k page, system-wide physical 16106M (2438M free)
TotalPageFile size 16106M (AvailPageFile size 114M)
current process WorkingSet (physical memory assigned to process): 492M, peak: 500M
current process commit charge ("private bytes"): 556M, peak: 791M

vm_info: OpenJDK 64-Bit Server VM (17.0.6+0-b2043.56-10027231) for windows-amd64 JRE (17.0.6+0-b2043.56-10027231), built on Apr 28 2023 00:43:19 by "androidbuild" with MS VC++ 16.10 / 16.11 (VS2019)

END.
